#
# A fatal error has been detected by the Java Runtime Environment:
#
#  SIGSEGV (0xb) at pc=0x00007f879fd54736, pid=3714, tid=140220552279808
#
# JRE version: Java(TM) SE Runtime Environment (7.0_51-b13) (build 1.7.0_51-b13)
# Java VM: Java HotSpot(TM) 64-Bit Server VM (24.51-b03 mixed mode linux-amd64 compressed oops)
# Problematic frame:
# C  [libGL.so.1+0x87736]  glXCreateNewContext+0x4956
#
# Failed to write core dump. Core dumps have been disabled. To enable core dumping, try "ulimit -c unlimited" before starting Java again
#
# If you would like to submit a bug report, please visit:
#   http://bugreport.sun.com/bugreport/crash.jsp
# The crash happened outside the Java Virtual Machine in native code.
# See problematic frame for where to report the bug.
#

---------------  T H R E A D  ---------------

Current thread (0x00007f87b0220800):  JavaThread "AWT-EventQueue-0" [_thread_in_native, id=3744, stack(0x00007f87a4257000,0x00007f87a4358000)]

siginfo:si_signo=SIGSEGV: si_errno=0, si_code=1 (SEGV_MAPERR), si_addr=0x0000000000000068

Registers:
RAX=0x0000000000000000, RBX=0x00007f87b045fff0, RCX=0x00007f87b0000030, RDX=0x0000000000000000
RSP=0x00007f87a4354440, RBP=0x00007f87b0455bf0, RSI=0x00007f87b0455bf8, RDI=0x00007f87b045fff0
R8 =0x0000000000000000, R9 =0x0000000000000000, R10=0x00007f87a4354200, R11=0x00007f87a5cfaa30
R12=0x00007f87b045fff0, R13=0x00000000bdd41788, R14=0x00007f87a4354560, R15=0x00007f87b0220800
RIP=0x00007f879fd54736, EFLAGS=0x0000000000010246, CSGSFS=0x0000000000000033, ERR=0x0000000000000004
  TRAPNO=0x000000000000000e

Top of Stack: (sp=0x00007f87a4354440)
0x00007f87a4354440:   00007f87b045fff0 00007f87b045fff0
0x00007f87a4354450:   00007f87b0455bf0 0000000000000080
0x00007f87a4354460:   00000000bdd41788 00007f87a4354560
0x00007f87a4354470:   00007f87b0220800 00007f87a5cd64f2
0x00007f87a4354480:   00000000bdd41788 00007f87a43544d0
0x00007f87a4354490:   0000000000000000 00007f87a4054232
0x00007f87a43544a0:   00007f87b0220800 00007f87b045fff0
0x00007f87a43544b0:   00007f87a4354548 00007f87b02209e8
0x00007f87a43544c0:   00007f87a4354548 00007f87ad006058
0x00007f87a43544d0:   00007f87a4354538 00007f87ad012738
0x00007f87a43544e0:   0000000000000002 0000000000000003
0x00007f87a43544f0:   0000000000000000 00007f87a43544f8
0x00007f87a4354500:   0000000000000000 00007f87a4354560
0x00007f87a4354510:   00000000bdd41d80 0000000000000000
0x00007f87a4354520:   00000000bdd41788 0000000000000000
0x00007f87a4354530:   00007f87a4354558 00007f87a43545a8
0x00007f87a4354540:   00007f87ad0061d4 00000000ec7cc538
0x00007f87a4354550:   00007f87ad00ecd6 00007f87b045fff0
0x00007f87a4354560:   0000000000000000 00007f87a4354568
0x00007f87a4354570:   00000000bdd1bf13 00007f87a43545d0
0x00007f87a4354580:   00000000bdd39290 0000000000000000
0x00007f87a4354590:   00000000bdd1bf48 00007f87a4354558
0x00007f87a43545a0:   00007f87a43545c8 00007f87a4354628
0x00007f87a43545b0:   00007f87ad0061d4 0000000000000000
0x00007f87a43545c0:   00000000ffffffff 00007f87b045fff0
0x00007f87a43545d0:   00000000ebaa3720 0000000000000009
0x00007f87a43545e0:   00000000ec6b61e8 00007f87a43545d8
0x00007f87a43545f0:   00000000bdd1b04f 00007f87a4354658
0x00007f87a4354600:   00000000bdd39290 0000000000000000
0x00007f87a4354610:   00000000bdd1b238 00007f87a43545c8
0x00007f87a4354620:   00007f87a4354650 00007f87a43546a0
0x00007f87a4354630:   00007f87ad006058 0000000000000000 

Instructions: (pc=0x00007f879fd54736)
0x00007f879fd54716:   66 2e 0f 1f 84 00 00 00 00 00 41 57 41 56 41 55
0x00007f879fd54726:   41 54 49 89 fc 55 53 48 83 ec 08 e8 2a bd ff ff
0x00007f879fd54736:   4c 39 60 68 0f 84 32 02 00 00 4c 8b 2d 29 ec 26
0x00007f879fd54746:   00 41 8b 85 38 08 00 00 ff c0 41 89 85 38 08 00 

Register to memory mapping:

RAX=0x0000000000000000 is an unknown value
RBX=0x00007f87b045fff0 is an unknown value
RCX=0x00007f87b0000030 is an unknown value
RDX=0x0000000000000000 is an unknown value
RSP=0x00007f87a4354440 is pointing into the stack for thread: 0x00007f87b0220800
RBP=0x00007f87b0455bf0 is an unknown value
RSI=0x00007f87b0455bf8 is an unknown value
RDI=0x00007f87b045fff0 is an unknown value
R8 =0x0000000000000000 is an unknown value
R9 =0x0000000000000000 is an unknown value
R10=0x00007f87a4354200 is pointing into the stack for thread: 0x00007f87b0220800
R11=0x00007f87a5cfaa30: XFree+0 in /usr/lib/x86_64-linux-gnu/libX11.so.6 at 0x00007f87a5cbc000
R12=0x00007f87b045fff0 is an unknown value
R13=0x00000000bdd41788 is an oop
{method} 
 - klass: {other class}
R14=0x00007f87a4354560 is pointing into the stack for thread: 0x00007f87b0220800
R15=0x00007f87b0220800 is a thread


Stack: [0x00007f87a4257000,0x00007f87a4358000],  sp=0x00007f87a4354440,  free space=1013k
Native frames: (J=compiled Java code, j=interpreted, Vv=VM code, C=native code)
C  [libGL.so.1+0x87736]  glXCreateNewContext+0x4956

Java frames: (J=compiled Java code, j=interpreted, Vv=VM code)
j  jogamp.nativewindow.x11.X11Lib.XCloseDisplay(J)I+0
j  jogamp.nativewindow.x11.X11Util.XCloseDisplay(J)I+43
j  jogamp.nativewindow.x11.X11Util.closeDisplay(J)V+199
j  com.jogamp.nativewindow.x11.X11GraphicsDevice.close()Z+60
j  jogamp.newt.awt.NewtFactoryAWT.destroyNativeWindow(Lcom/jogamp/nativewindow/awt/JAWTWindow;)V+20
j  com.jogamp.newt.awt.NewtCanvasAWT.destroyImpl(ZZ)V+306
j  com.jogamp.newt.awt.NewtCanvasAWT.removeNotify()V+77
j  java.awt.Container.removeNotify()V+47
j  java.awt.Window.removeNotify()V+32
j  java.awt.Frame.removeNotify()V+51
j  java.awt.Window$1DisposeAction.run()V+146
j  java.awt.Window.doDispose()V+16
j  java.awt.Window.dispose()V+1
j  ogldevtutorials.tutorial04.Tutorial04$1.windowClosing(Ljava/awt/event/WindowEvent;)V+4
j  java.awt.AWTEventMulticaster.windowClosing(Ljava/awt/event/WindowEvent;)V+8
j  java.awt.AWTEventMulticaster.windowClosing(Ljava/awt/event/WindowEvent;)V+8
j  java.awt.Window.processWindowEvent(Ljava/awt/event/WindowEvent;)V+68
j  java.awt.Window.processEvent(Ljava/awt/AWTEvent;)V+69
j  java.awt.Component.dispatchEventImpl(Ljava/awt/AWTEvent;)V+581
j  java.awt.Container.dispatchEventImpl(Ljava/awt/AWTEvent;)V+42
j  java.awt.Window.dispatchEventImpl(Ljava/awt/AWTEvent;)V+19
j  java.awt.Component.dispatchEvent(Ljava/awt/AWTEvent;)V+2
j  java.awt.EventQueue.dispatchEventImpl(Ljava/awt/AWTEvent;Ljava/lang/Object;)V+41
j  java.awt.EventQueue.access$200(Ljava/awt/EventQueue;Ljava/awt/AWTEvent;Ljava/lang/Object;)V+3
j  java.awt.EventQueue$3.run()Ljava/lang/Void;+12
j  java.awt.EventQueue$3.run()Ljava/lang/Object;+1
v  ~StubRoutines::call_stub
j  java.security.AccessController.doPrivileged(Ljava/security/PrivilegedAction;Ljava/security/AccessControlContext;)Ljava/lang/Object;+0
j  java.security.ProtectionDomain$1.doIntersectionPrivilege(Ljava/security/PrivilegedAction;Ljava/security/AccessControlContext;Ljava/security/AccessControlContext;)Ljava/lang/Object;+28
j  java.security.ProtectionDomain$1.doIntersectionPrivilege(Ljava/security/PrivilegedAction;Ljava/security/AccessControlContext;)Ljava/lang/Object;+6
j  java.awt.EventQueue$4.run()Ljava/lang/Void;+11
j  java.awt.EventQueue$4.run()Ljava/lang/Object;+1
v  ~StubRoutines::call_stub
j  java.security.AccessController.doPrivileged(Ljava/security/PrivilegedAction;Ljava/security/AccessControlContext;)Ljava/lang/Object;+0
j  java.security.ProtectionDomain$1.doIntersectionPrivilege(Ljava/security/PrivilegedAction;Ljava/security/AccessControlContext;Ljava/security/AccessControlContext;)Ljava/lang/Object;+28
j  java.awt.EventQueue.dispatchEvent(Ljava/awt/AWTEvent;)V+73
j  java.awt.EventDispatchThread.pumpOneEventForFilters(I)V+245
j  java.awt.EventDispatchThread.pumpEventsForFilter(ILjava/awt/Conditional;Ljava/awt/EventFilter;)V+35
j  java.awt.EventDispatchThread.pumpEventsForHierarchy(ILjava/awt/Conditional;Ljava/awt/Component;)V+11
j  java.awt.EventDispatchThread.pumpEvents(ILjava/awt/Conditional;)V+4
j  java.awt.EventDispatchThread.pumpEvents(Ljava/awt/Conditional;)V+3
j  java.awt.EventDispatchThread.run()V+9
v  ~StubRoutines::call_stub

---------------  P R O C E S S  ---------------

Java Threads: ( => current thread )
  0x00007f87b000a000 JavaThread "DestroyJavaVM" [_thread_blocked, id=3719, stack(0x00007f87b996c000,0x00007f87b9a6d000)]
  0x00007f87b0440800 JavaThread "main-Display-.x11_:0-1-EDT-1" daemon [_thread_blocked, id=3750, stack(0x00007f87a69ea000,0x00007f87a6aeb000)]
  0x00007f87b025b000 JavaThread "main-SharedResourceRunner" daemon [_thread_blocked, id=3745, stack(0x00007f879cf14000,0x00007f879d015000)]
=>0x00007f87b0220800 JavaThread "AWT-EventQueue-0" [_thread_in_native, id=3744, stack(0x00007f87a4257000,0x00007f87a4358000)]
  0x00007f87b0212800 JavaThread "AWT-Shutdown" [_thread_blocked, id=3743, stack(0x00007f87a4358000,0x00007f87a4459000)]
  0x00007f87b020b000 JavaThread "AWT-XAWT" daemon [_thread_in_native, id=3742, stack(0x00007f87a4a62000,0x00007f87a4b63000)]
  0x00007f87b01e9000 JavaThread "Java2D Disposer" daemon [_thread_blocked, id=3741, stack(0x00007f87a4f73000,0x00007f87a5074000)]
  0x00007f87b015e800 JavaThread "process reaper" daemon [_thread_blocked, id=3735, stack(0x00007f87ac057000,0x00007f87ac090000)]
  0x00007f87b0097000 JavaThread "Service Thread" daemon [_thread_blocked, id=3730, stack(0x00007f87a7014000,0x00007f87a7115000)]
  0x00007f87b0095000 JavaThread "C2 CompilerThread1" daemon [_thread_blocked, id=3729, stack(0x00007f87a7115000,0x00007f87a7216000)]
  0x00007f87b0092000 JavaThread "C2 CompilerThread0" daemon [_thread_blocked, id=3728, stack(0x00007f87a7216000,0x00007f87a7317000)]
  0x00007f87b0087800 JavaThread "Signal Dispatcher" daemon [_thread_blocked, id=3727, stack(0x00007f87a7317000,0x00007f87a7418000)]
  0x00007f87b006f800 JavaThread "Finalizer" daemon [_thread_blocked, id=3726, stack(0x00007f87a7afb000,0x00007f87a7bfc000)]
  0x00007f87b006c000 JavaThread "Reference Handler" daemon [_thread_blocked, id=3725, stack(0x00007f87a7bfc000,0x00007f87a7cfd000)]

Other Threads:
  0x00007f87b0069800 VMThread [stack: 0x00007f87a7cfd000,0x00007f87a7dfe000] [id=3724]
  0x00007f87b00a2000 WatcherThread [stack: 0x00007f87a6f13000,0x00007f87a7014000] [id=3731]

VM state:not at safepoint (normal execution)

VM Mutex/Monitor currently owned by a thread: None

Heap
 PSYoungGen      total 18432K, used 7268K [0x00000000eb700000, 0x00000000ecb80000, 0x0000000100000000)
  eden space 15872K, 29% used [0x00000000eb700000,0x00000000ebb9d2e0,0x00000000ec680000)
  from space 2560K, 99% used [0x00000000ec680000,0x00000000ec8fc010,0x00000000ec900000)
  to   space 2560K, 0% used [0x00000000ec900000,0x00000000ec900000,0x00000000ecb80000)
 ParOldGen       total 41984K, used 2143K [0x00000000c2600000, 0x00000000c4f00000, 0x00000000eb700000)
  object space 41984K, 5% used [0x00000000c2600000,0x00000000c2817e30,0x00000000c4f00000)
 PSPermGen       total 21504K, used 14728K [0x00000000bd400000, 0x00000000be900000, 0x00000000c2600000)
  object space 21504K, 68% used [0x00000000bd400000,0x00000000be262378,0x00000000be900000)

Card table byte_map: [0x00007f87b6a54000,0x00007f87b6c6b000] byte_map_base: 0x00007f87b646a000

Polling page: 0x00007f87b9a8c000

Code Cache  [0x00007f87ad000000, 0x00007f87ad270000, 0x00007f87b0000000)
 total_blobs=841 nmethods=43 adapters=752 free_code_cache=48367Kb largest_free_block=49525952

Compilation events (10 events):
Event: 0,750 Thread 0x00007f87b0095000 nmethod 38 0x00007f87ad0b5dd0 code [0x00007f87ad0b5f40, 0x00007f87ad0b6328]
Event: 0,754 Thread 0x00007f87b0092000 nmethod 39 0x00007f87ad0b8bd0 code [0x00007f87ad0b8d60, 0x00007f87ad0b9060]
Event: 0,806 Thread 0x00007f87b0095000   40             java.nio.Buffer::checkIndex (22 bytes)
Event: 0,807 Thread 0x00007f87b0095000 nmethod 40 0x00007f87ad0b7490 code [0x00007f87ad0b75c0, 0x00007f87ad0b7638]
Event: 0,809 Thread 0x00007f87b0092000   41             java.nio.HeapByteBuffer::ix (7 bytes)
Event: 0,809 Thread 0x00007f87b0092000 nmethod 41 0x00007f87ad0b7290 code [0x00007f87ad0b73c0, 0x00007f87ad0b7418]
Event: 0,815 Thread 0x00007f87b0095000   42             sun.misc.MetaIndex::mayContain (51 bytes)
Event: 0,819 Thread 0x00007f87b0095000 nmethod 42 0x00007f87ad0b9ed0 code [0x00007f87ad0ba020, 0x00007f87ad0ba278]
Event: 0,873 Thread 0x00007f87b0092000   43             sun.java2d.loops.GraphicsPrimitive::getUniqueID (5 bytes)
Event: 0,874 Thread 0x00007f87b0092000 nmethod 43 0x00007f87ad0c4690 code [0x00007f87ad0c47c0, 0x00007f87ad0c4818]

GC Heap History (2 events):
Event: 0,737 GC heap before
{Heap before GC invocations=1 (full 0):
 PSYoungGen      total 18432K, used 15872K [0x00000000eb700000, 0x00000000ecb80000, 0x0000000100000000)
  eden space 15872K, 100% used [0x00000000eb700000,0x00000000ec680000,0x00000000ec680000)
  from space 2560K, 0% used [0x00000000ec900000,0x00000000ec900000,0x00000000ecb80000)
  to   space 2560K, 0% used [0x00000000ec680000,0x00000000ec680000,0x00000000ec900000)
 ParOldGen       total 41984K, used 0K [0x00000000c2600000, 0x00000000c4f00000, 0x00000000eb700000)
  object space 41984K, 0% used [0x00000000c2600000,0x00000000c2600000,0x00000000c4f00000)
 PSPermGen       total 21504K, used 11467K [0x00000000bd400000, 0x00000000be900000, 0x00000000c2600000)
  object space 21504K, 53% used [0x00000000bd400000,0x00000000bdf32c50,0x00000000be900000)
Event: 0,743 GC heap after
Heap after GC invocations=1 (full 0):
 PSYoungGen      total 18432K, used 2544K [0x00000000eb700000, 0x00000000ecb80000, 0x0000000100000000)
  eden space 15872K, 0% used [0x00000000eb700000,0x00000000eb700000,0x00000000ec680000)
  from space 2560K, 99% used [0x00000000ec680000,0x00000000ec8fc010,0x00000000ec900000)
  to   space 2560K, 0% used [0x00000000ec900000,0x00000000ec900000,0x00000000ecb80000)
 ParOldGen       total 41984K, used 2143K [0x00000000c2600000, 0x00000000c4f00000, 0x00000000eb700000)
  object space 41984K, 5% used [0x00000000c2600000,0x00000000c2817e30,0x00000000c4f00000)
 PSPermGen       total 21504K, used 11467K [0x00000000bd400000, 0x00000000be900000, 0x00000000c2600000)
  object space 21504K, 53% used [0x00000000bd400000,0x00000000bdf32c50,0x00000000be900000)
}

Deoptimization events (6 events):
Event: 0,215 Thread 0x00007f87b000a000 Uncommon trap: reason=null_check action=make_not_entrant pc=0x00007f87ad06b5f4 method=java.lang.String.equals(Ljava/lang/Object;)Z @ 8
Event: 0,688 Thread 0x00007f87b025b000 Uncommon trap: reason=unreached action=reinterpret pc=0x00007f87ad0a8a58 method=java.lang.Class.searchFields([Ljava/lang/reflect/Field;Ljava/lang/String;)Ljava/lang/reflect/Field; @ 23
Event: 0,759 Thread 0x00007f87b000a000 Uncommon trap: reason=bimorphic action=maybe_recompile pc=0x00007f87ad0b0a1c method=java.util.HashMap.getEntry(Ljava/lang/Object;)Ljava/util/HashMap$Entry; @ 68
Event: 0,760 Thread 0x00007f87b000a000 Uncommon trap: reason=bimorphic action=maybe_recompile pc=0x00007f87ad0b0a1c method=java.util.HashMap.getEntry(Ljava/lang/Object;)Ljava/util/HashMap$Entry; @ 68
Event: 0,760 Thread 0x00007f87b000a000 Uncommon trap: reason=bimorphic action=maybe_recompile pc=0x00007f87ad0b0a1c method=java.util.HashMap.getEntry(Ljava/lang/Object;)Ljava/util/HashMap$Entry; @ 68
Event: 0,760 Thread 0x00007f87b000a000 Uncommon trap: reason=bimorphic action=maybe_recompile pc=0x00007f87ad0b0a1c method=java.util.HashMap.getEntry(Ljava/lang/Object;)Ljava/util/HashMap$Entry; @ 68

Internal exceptions (10 events):
Event: 0,928 Thread 0x00007f87b0440800 Threw 0x00000000ebb6dcc8 at /HUDSON/workspace/7u-2-build-linux-amd64@2/jdk7u51/527/hotspot/src/share/vm/runtime/reflection.cpp:1030
Event: 0,928 Thread 0x00007f87b0440800 Threw 0x00000000ebb6e268 at /HUDSON/workspace/7u-2-build-linux-amd64@2/jdk7u51/527/hotspot/src/share/vm/prims/jvm.cpp:1244
Event: 1,128 Thread 0x00007f87b000a000 Threw 0x00000000ebadbb60 at /HUDSON/workspace/7u-2-build-linux-amd64@2/jdk7u51/527/hotspot/src/share/vm/prims/jvm.cpp:1244
Event: 1,145 Thread 0x00007f87b0220800 Threw 0x00000000ebae8b60 at /HUDSON/workspace/7u-2-build-linux-amd64@2/jdk7u51/527/hotspot/src/share/vm/prims/jvm.cpp:1244
Event: 1,146 Thread 0x00007f87b0220800 Threw 0x00000000ebaeb510 at /HUDSON/workspace/7u-2-build-linux-amd64@2/jdk7u51/527/hotspot/src/share/vm/prims/jvm.cpp:1244
Event: 1,280 Thread 0x00007f87b0220800 Threw 0x00000000ebaf36f8 at /HUDSON/workspace/7u-2-build-linux-amd64@2/jdk7u51/527/hotspot/src/share/vm/prims/jni.cpp:743
Event: 1,282 Thread 0x00007f87b0440800 Threw 0x00000000ebb732f8 at /HUDSON/workspace/7u-2-build-linux-amd64@2/jdk7u51/527/hotspot/src/share/vm/prims/jvm.cpp:1244
Event: 1,313 Thread 0x00007f87b0440800 Threw 0x00000000ebb89ee0 at /HUDSON/workspace/7u-2-build-linux-amd64@2/jdk7u51/527/hotspot/src/share/vm/prims/jvm.cpp:1244
Event: 2,495 Thread 0x00007f87b0440800 Threw 0x00000000ebb8db58 at /HUDSON/workspace/7u-2-build-linux-amd64@2/jdk7u51/527/hotspot/src/share/vm/prims/jvm.cpp:1244
Event: 2,500 Thread 0x00007f87b0220800 Threw 0x00000000ebaf7e78 at /HUDSON/workspace/7u-2-build-linux-amd64@2/jdk7u51/527/hotspot/src/share/vm/prims/jvm.cpp:1244

Events (10 events):
Event: 1,396 loading class 0x00007f877803bc60
Event: 1,397 loading class 0x00007f877803bc60 done
Event: 2,488 loading class 0x00007f8784022f10
Event: 2,488 loading class 0x00007f8784022f10 done
Event: 2,489 loading class 0x00007f87840d48f0
Event: 2,489 loading class 0x00007f87840d48f0 done
Event: 2,495 loading class 0x00007f87b03f1590
Event: 2,495 loading class 0x00007f87b03f1590 done
Event: 2,500 loading class 0x00007f87b0477f50
Event: 2,500 loading class 0x00007f87b0477f50 done


Dynamic libraries:
00400000-00401000 r-xp 00000000 08:06 1989570                            /usr/lib/jvm/java-7-oracle/bin/java
00600000-00601000 rw-p 00000000 08:06 1989570                            /usr/lib/jvm/java-7-oracle/bin/java
02084000-020a5000 rw-p 00000000 00:00 0                                  [heap]
4074d000-407eb000 rw-p 00000000 00:00 0 
414e3000-414e5000 r-xs 00000000 08:06 3805557                            /tmp/gl452JgX (deleted)
4188b000-41929000 rw-p 00000000 00:00 0 
bd400000-be900000 rw-p 00000000 00:00 0 
be900000-c2600000 rw-p 00000000 00:00 0 
c2600000-c4f00000 rw-p 00000000 00:00 0 
c4f00000-eb700000 rw-p 00000000 00:00 0 
eb700000-ecb80000 rw-p 00000000 00:00 0 
ecb80000-100000000 rw-p 00000000 00:00 0 
7f87506a6000-7f87507a6000 rw-s 37e48000 00:05 1917                       /dev/nvidia0
7f87507a6000-7f87507c6000 rw-s d8160000 00:05 1917                       /dev/nvidia0
7f87507c6000-7f8750806000 rw-s 21c5f000 00:05 1917                       /dev/nvidia0
7f8750806000-7f8750826000 rw-s 37cbf000 00:05 1917                       /dev/nvidia0
7f8750826000-7f8750866000 rw-s 21e1f000 00:05 1917                       /dev/nvidia0
7f8750866000-7f8750886000 rw-s 208ff000 00:05 1917                       /dev/nvidia0
7f8750886000-7f8750986000 rw-s 37f8e000 00:05 1917                       /dev/nvidia0
7f8750986000-7f87509a6000 rw-s d8120000 00:05 1917                       /dev/nvidia0
7f87509a6000-7f87509e6000 rw-s 38467000 00:05 1917                       /dev/nvidia0
7f87509e6000-7f8750a26000 rw-s 21eab000 00:05 1917                       /dev/nvidia0
7f8750a26000-7f8750a2f000 r-xp 00000000 08:06 1974181                    /usr/lib/x86_64-linux-gnu/libXrandr.so.2.2.0
7f8750a2f000-7f8750c2e000 ---p 00009000 08:06 1974181                    /usr/lib/x86_64-linux-gnu/libXrandr.so.2.2.0
7f8750c2e000-7f8750c2f000 r--p 00008000 08:06 1974181                    /usr/lib/x86_64-linux-gnu/libXrandr.so.2.2.0
7f8750c2f000-7f8750c30000 rw-p 00009000 08:06 1974181                    /usr/lib/x86_64-linux-gnu/libXrandr.so.2.2.0
7f8750c30000-7f8750c3e000 r-xp 00000000 08:06 1188414                    /tmp/jogamp_0000/file_cache/jln7035574834169919685/jln3167003091352917217/libnewt.so
7f8750c3e000-7f8750e3d000 ---p 0000e000 08:06 1188414                    /tmp/jogamp_0000/file_cache/jln7035574834169919685/jln3167003091352917217/libnewt.so
7f8750e3d000-7f8750e3e000 rw-p 0000d000 08:06 1188414                    /tmp/jogamp_0000/file_cache/jln7035574834169919685/jln3167003091352917217/libnewt.so
7f8750e3e000-7f875103e000 rw-s 37e75000 00:05 1917                       /dev/nvidia0
7f875103e000-7f875123e000 rw-s 37dc2000 00:05 1917                       /dev/nvidia0
7f875123e000-7f875143e000 rw-s 37c2d000 00:05 1917                       /dev/nvidia0
7f875143e000-7f875153e000 rw-s 38685000 00:05 1917                       /dev/nvidia0
7f875153e000-7f8751540000 r-xp 00000000 08:06 1974171                    /usr/lib/x86_64-linux-gnu/libXinerama.so.1.0.0
7f8751540000-7f875173f000 ---p 00002000 08:06 1974171                    /usr/lib/x86_64-linux-gnu/libXinerama.so.1.0.0
7f875173f000-7f8751740000 r--p 00001000 08:06 1974171                    /usr/lib/x86_64-linux-gnu/libXinerama.so.1.0.0
7f8751740000-7f8751741000 rw-p 00002000 08:06 1974171                    /usr/lib/x86_64-linux-gnu/libXinerama.so.1.0.0
7f8751741000-7f8751773000 r-xp 00000000 08:06 1975001                    /usr/lib/x86_64-linux-gnu/libtxc_dxtn_s2tc.so.0.0.0
7f8751773000-7f8751972000 ---p 00032000 08:06 1975001                    /usr/lib/x86_64-linux-gnu/libtxc_dxtn_s2tc.so.0.0.0
7f8751972000-7f8751973000 r--p 00031000 08:06 1975001                    /usr/lib/x86_64-linux-gnu/libtxc_dxtn_s2tc.so.0.0.0
7f8751973000-7f8751974000 rw-p 00032000 08:06 1975001                    /usr/lib/x86_64-linux-gnu/libtxc_dxtn_s2tc.so.0.0.0
7f8751974000-7f8751975000 ---p 00000000 00:00 0 
7f8751975000-7f8752175000 rw-p 00000000 00:00 0                          [stack:3749]
7f8752175000-7f8752176000 ---p 00000000 00:00 0 
7f8752176000-7f8752976000 rw-p 00000000 00:00 0                          [stack:3748]
7f8752976000-7f8752977000 ---p 00000000 00:00 0 
7f8752977000-7f8753177000 rw-p 00000000 00:00 0                          [stack:3747]
7f8753177000-7f8753178000 ---p 00000000 00:00 0 
7f8753178000-7f8753978000 rw-p 00000000 00:00 0                          [stack:3746]
7f8753978000-7f875399f000 r-xp 00000000 08:06 2101149                    /lib/x86_64-linux-gnu/libexpat.so.1.6.0
7f875399f000-7f8753b9f000 ---p 00027000 08:06 2101149                    /lib/x86_64-linux-gnu/libexpat.so.1.6.0
7f8753b9f000-7f8753ba1000 r--p 00027000 08:06 2101149                    /lib/x86_64-linux-gnu/libexpat.so.1.6.0
7f8753ba1000-7f8753ba2000 rw-p 00029000 08:06 2101149                    /lib/x86_64-linux-gnu/libexpat.so.1.6.0
7f8753ba2000-7f8753c0f000 r-xp 00000000 08:06 2492117                    /usr/lib/x86_64-linux-gnu/dri/swrast_dri.so
7f8753c0f000-7f8753e0f000 ---p 0006d000 08:06 2492117                    /usr/lib/x86_64-linux-gnu/dri/swrast_dri.so
7f8753e0f000-7f8753e10000 r--p 0006d000 08:06 2492117                    /usr/lib/x86_64-linux-gnu/dri/swrast_dri.so
7f8753e10000-7f8753e11000 rw-p 0006e000 08:06 2492117                    /usr/lib/x86_64-linux-gnu/dri/swrast_dri.so
7f8753e11000-7f8753e18000 rw-p 00000000 00:00 0 
7f8753e18000-7f8753e2d000 r-xp 00000000 08:06 2098090                    /lib/x86_64-linux-gnu/libgcc_s.so.1
7f8753e2d000-7f875402c000 ---p 00015000 08:06 2098090                    /lib/x86_64-linux-gnu/libgcc_s.so.1
7f875402c000-7f875402d000 r--p 00014000 08:06 2098090                    /lib/x86_64-linux-gnu/libgcc_s.so.1
7f875402d000-7f875402e000 rw-p 00015000 08:06 2098090                    /lib/x86_64-linux-gnu/libgcc_s.so.1
7f875402e000-7f8754114000 r-xp 00000000 08:06 1983501                    /usr/lib/x86_64-linux-gnu/libstdc++.so.6.0.18
7f8754114000-7f8754313000 ---p 000e6000 08:06 1983501                    /usr/lib/x86_64-linux-gnu/libstdc++.so.6.0.18
7f8754313000-7f875431b000 r--p 000e5000 08:06 1983501                    /usr/lib/x86_64-linux-gnu/libstdc++.so.6.0.18
7f875431b000-7f875431d000 rw-p 000ed000 08:06 1983501                    /usr/lib/x86_64-linux-gnu/libstdc++.so.6.0.18
7f875431d000-7f8754332000 rw-p 00000000 00:00 0 
7f8754332000-7f8755875000 r-xp 00000000 08:06 1974024                    /usr/lib/x86_64-linux-gnu/libLLVM-3.3.so.1
7f8755875000-7f8755876000 ---p 01543000 08:06 1974024                    /usr/lib/x86_64-linux-gnu/libLLVM-3.3.so.1
7f8755876000-7f875598b000 r--p 01543000 08:06 1974024                    /usr/lib/x86_64-linux-gnu/libLLVM-3.3.so.1
7f875598b000-7f875598d000 rw-p 01658000 08:06 1974024                    /usr/lib/x86_64-linux-gnu/libLLVM-3.3.so.1
7f875598d000-7f87559a0000 rw-p 00000000 00:00 0 
7f87559a0000-7f87559ab000 r-xp 00000000 08:06 1968290                    /usr/lib/x86_64-linux-gnu/libdrm_radeon.so.1.0.1
7f87559ab000-7f8755bab000 ---p 0000b000 08:06 1968290                    /usr/lib/x86_64-linux-gnu/libdrm_radeon.so.1.0.1
7f8755bab000-7f8755bac000 r--p 0000b000 08:06 1968290                    /usr/lib/x86_64-linux-gnu/libdrm_radeon.so.1.0.1
7f8755bac000-7f8755bad000 rw-p 0000c000 08:06 1968290                    /usr/lib/x86_64-linux-gnu/libdrm_radeon.so.1.0.1
7f8755bad000-7f8755bc2000 r-xp 00000000 08:06 1974373                    /usr/lib/x86_64-linux-gnu/libelf-0.157.so
7f8755bc2000-7f8755dc1000 ---p 00015000 08:06 1974373                    /usr/lib/x86_64-linux-gnu/libelf-0.157.so
7f8755dc1000-7f8755dc2000 r--p 00014000 08:06 1974373                    /usr/lib/x86_64-linux-gnu/libelf-0.157.so
7f8755dc2000-7f8755dc3000 rw-p 00015000 08:06 1974373                    /usr/lib/x86_64-linux-gnu/libelf-0.157.so
7f8755dc3000-7f8755dc8000 r-xp 00000000 08:06 1968294                    /usr/lib/x86_64-linux-gnu/libdrm_nouveau.so.2.0.0
7f8755dc8000-7f8755fc7000 ---p 00005000 08:06 1968294                    /usr/lib/x86_64-linux-gnu/libdrm_nouveau.so.2.0.0
7f8755fc7000-7f8755fc8000 r--p 00004000 08:06 1968294                    /usr/lib/x86_64-linux-gnu/libdrm_nouveau.so.2.0.0
7f8755fc8000-7f8755fc9000 rw-p 00005000 08:06 1968294                    /usr/lib/x86_64-linux-gnu/libdrm_nouveau.so.2.0.0
7f8755fc9000-7f8755fd0000 r-xp 00000000 08:06 2493217                    /usr/lib/x86_64-linux-gnu/mesa-egl/libOpenVG.so.1.0.0
7f8755fd0000-7f87561cf000 ---p 00007000 08:06 2493217                    /usr/lib/x86_64-linux-gnu/mesa-egl/libOpenVG.so.1.0.0
7f87561cf000-7f87561d0000 r--p 00006000 08:06 2493217                    /usr/lib/x86_64-linux-gnu/mesa-egl/libOpenVG.so.1.0.0
7f87561d0000-7f87561d1000 rw-p 00007000 08:06 2493217                    /usr/lib/x86_64-linux-gnu/mesa-egl/libOpenVG.so.1.0.0
7f87561d1000-7f87561d3000 rw-p 00000000 00:00 0 
7f87561d3000-7f8756591000 r-xp 00000000 08:06 1974360                    /usr/lib/x86_64-linux-gnu/libdricore9.2.1.so.1.0.0
7f8756591000-7f8756790000 ---p 003be000 08:06 1974360                    /usr/lib/x86_64-linux-gnu/libdricore9.2.1.so.1.0.0
7f8756790000-7f87567a0000 r--p 003bd000 08:06 1974360                    /usr/lib/x86_64-linux-gnu/libdricore9.2.1.so.1.0.0
7f87567a0000-7f87567a8000 rw-p 003cd000 08:06 1974360                    /usr/lib/x86_64-linux-gnu/libdricore9.2.1.so.1.0.0
7f87567a8000-7f87567c0000 rw-p 00000000 00:00 0 
7f87567c0000-7f87569de000 r-xp 00000000 08:06 1974449                    /usr/lib/x86_64-linux-gnu/libgallium.so.0.0.0
7f87569de000-7f8756bdd000 ---p 0021e000 08:06 1974449                    /usr/lib/x86_64-linux-gnu/libgallium.so.0.0.0
7f8756bdd000-7f8756bee000 r--p 0021d000 08:06 1974449                    /usr/lib/x86_64-linux-gnu/libgallium.so.0.0.0
7f8756bee000-7f8756bf1000 rw-p 0022e000 08:06 1974449                    /usr/lib/x86_64-linux-gnu/libgallium.so.0.0.0
7f8756bf1000-7f8756db9000 rw-p 00000000 00:00 0 
7f8756db9000-7f8757127000 r-xp 00000000 08:06 2492119                    /usr/lib/x86_64-linux-gnu/egl/egl_gallium.so
7f8757127000-7f8757327000 ---p 0036e000 08:06 2492119                    /usr/lib/x86_64-linux-gnu/egl/egl_gallium.so
7f8757327000-7f8757358000 r--p 0036e000 08:06 2492119                    /usr/lib/x86_64-linux-gnu/egl/egl_gallium.so
7f8757358000-7f875735f000 rw-p 0039f000 08:06 2492119                    /usr/lib/x86_64-linux-gnu/egl/egl_gallium.so
7f875735f000-7f8757366000 rw-p 00000000 00:00 0 
7f8757366000-7f8757387000 r-xp 00000000 08:06 1974503                    /usr/lib/x86_64-linux-gnu/libglapi.so.0.0.0
7f8757387000-7f8757587000 ---p 00021000 08:06 1974503                    /usr/lib/x86_64-linux-gnu/libglapi.so.0.0.0
7f8757587000-7f875758a000 r--p 00021000 08:06 1974503                    /usr/lib/x86_64-linux-gnu/libglapi.so.0.0.0
7f875758a000-7f875758b000 rw-p 00024000 08:06 1974503                    /usr/lib/x86_64-linux-gnu/libglapi.so.0.0.0
7f875758b000-7f875758c000 rw-p 00000000 00:00 0 
7f875758c000-7f8757592000 r-xp 00000000 08:06 2491707                    /usr/lib/x86_64-linux-gnu/mesa-egl/libGLESv2.so.2.0.0
7f8757592000-7f8757792000 ---p 00006000 08:06 2491707                    /usr/lib/x86_64-linux-gnu/mesa-egl/libGLESv2.so.2.0.0
7f8757792000-7f8757793000 r--p 00006000 08:06 2491707                    /usr/lib/x86_64-linux-gnu/mesa-egl/libGLESv2.so.2.0.0
7f8757793000-7f8757794000 rw-p 00007000 08:06 2491707                    /usr/lib/x86_64-linux-gnu/mesa-egl/libGLESv2.so.2.0.0
7f8757794000-7f87577da000 r-xp 00000000 08:06 1188411                    /tmp/jogamp_0000/file_cache/jln7035574834169919685/jln3167003091352917217/libjogl_mobile.so
7f87577da000-7f87579da000 ---p 00046000 08:06 1188411                    /tmp/jogamp_0000/file_cache/jln7035574834169919685/jln3167003091352917217/libjogl_mobile.so
7f87579da000-7f87579db000 rw-p 00046000 08:06 1188411                    /tmp/jogamp_0000/file_cache/jln7035574834169919685/jln3167003091352917217/libjogl_mobile.so
7f87579db000-7f87579e2000 r-xp 00000000 08:06 1974396                    /usr/lib/x86_64-linux-gnu/libffi.so.6.0.1
7f87579e2000-7f8757be1000 ---p 00007000 08:06 1974396                    /usr/lib/x86_64-linux-gnu/libffi.so.6.0.1
7f8757be1000-7f8757be2000 r--p 00006000 08:06 1974396                    /usr/lib/x86_64-linux-gnu/libffi.so.6.0.1
7f8757be2000-7f8757be3000 rw-p 00007000 08:06 1974396                    /usr/lib/x86_64-linux-gnu/libffi.so.6.0.1
7f8757be3000-7f8757bee000 r-xp 00000000 08:06 1968288                    /usr/lib/x86_64-linux-gnu/libdrm.so.2.4.0
7f8757bee000-7f8757ded000 ---p 0000b000 08:06 1968288                    /usr/lib/x86_64-linux-gnu/libdrm.so.2.4.0
7f8757ded000-7f8757dee000 r--p 0000a000 08:06 1968288                    /usr/lib/x86_64-linux-gnu/libdrm.so.2.4.0
7f8757dee000-7f8757def000 rw-p 0000b000 08:06 1968288                    /usr/lib/x86_64-linux-gnu/libdrm.so.2.4.0
7f8757def000-7f8757dff000 r-xp 00000000 08:06 2102041                    /lib/x86_64-linux-gnu/libudev.so.1.3.5
7f8757dff000-7f8757ffe000 ---p 00010000 08:06 2102041                    /lib/x86_64-linux-gnu/libudev.so.1.3.5
7f8757ffe000-7f8757fff000 r--p 0000f000 08:06 2102041                    /lib/x86_64-linux-gnu/libudev.so.1.3.5
7f8757fff000-7f8758000000 rw-p 00010000 08:06 2102041                    /lib/x86_64-linux-gnu/libudev.so.1.3.5
7f8758000000-7f875802e000 rw-p 00000000 00:00 0 
7f875802e000-7f875c000000 ---p 00000000 00:00 0 
7f875c000000-7f875c4cf000 rw-p 00000000 00:00 0 
7f875c4cf000-7f8760000000 ---p 00000000 00:00 0 
7f8760000000-7f8760021000 rw-p 00000000 00:00 0 
7f8760021000-7f8764000000 ---p 00000000 00:00 0 
7f8764000000-7f8764021000 rw-p 00000000 00:00 0 
7f8764021000-7f8768000000 ---p 00000000 00:00 0 
7f8768000000-7f87687af000 rw-p 00000000 00:00 0 
7f87687af000-7f876c000000 ---p 00000000 00:00 0 
7f876c000000-7f876c021000 rw-p 00000000 00:00 0 
7f876c021000-7f8770000000 ---p 00000000 00:00 0 
7f8770000000-7f8770021000 rw-p 00000000 00:00 0 
7f8770021000-7f8774000000 ---p 00000000 00:00 0 
7f8774000000-7f8774021000 rw-p 00000000 00:00 0 
7f8774021000-7f8778000000 ---p 00000000 00:00 0 
7f8778000000-7f877810f000 rw-p 00000000 00:00 0 
7f877810f000-7f877c000000 ---p 00000000 00:00 0 
7f877c000000-7f877c021000 rw-p 00000000 00:00 0 
7f877c021000-7f8780000000 ---p 00000000 00:00 0 
7f8780000000-7f8780021000 rw-p 00000000 00:00 0 
7f8780021000-7f8784000000 ---p 00000000 00:00 0 
7f8784000000-7f878426f000 rw-p 00000000 00:00 0 
7f878426f000-7f8788000000 ---p 00000000 00:00 0 
7f8788000000-7f8788021000 rw-p 00000000 00:00 0 
7f8788021000-7f878c000000 ---p 00000000 00:00 0 
7f878c000000-7f878c021000 rw-p 00000000 00:00 0 
7f878c021000-7f8790000000 ---p 00000000 00:00 0 
7f8790000000-7f8790021000 rw-p 00000000 00:00 0 
7f8790021000-7f8794000000 ---p 00000000 00:00 0 
7f8794000000-7f8794021000 rw-p 00000000 00:00 0 
7f8794021000-7f8798000000 ---p 00000000 00:00 0 
7f8798000000-7f8798021000 rw-p 00000000 00:00 0 
7f8798021000-7f879c000000 ---p 00000000 00:00 0 
7f879c018000-7f879c01f000 rw-s 37e41000 00:05 1917                       /dev/nvidia0
7f879c01f000-7f879c03f000 rw-s 38506000 00:05 1917                       /dev/nvidia0
7f879c03f000-7f879c05f000 rw-s 387e3000 00:05 1917                       /dev/nvidia0
7f879c05f000-7f879c07f000 rw-s d80e0000 00:05 1917                       /dev/nvidia0
7f879c07f000-7f879c0bf000 rw-s 7ff8d000 00:05 1917                       /dev/nvidia0
7f879c0bf000-7f879c0c5000 r-xp 00000000 08:06 1974451                    /usr/lib/x86_64-linux-gnu/libgbm.so.1.0.0
7f879c0c5000-7f879c2c4000 ---p 00006000 08:06 1974451                    /usr/lib/x86_64-linux-gnu/libgbm.so.1.0.0
7f879c2c4000-7f879c2c5000 r--p 00005000 08:06 1974451                    /usr/lib/x86_64-linux-gnu/libgbm.so.1.0.0
7f879c2c5000-7f879c2c6000 rw-p 00006000 08:06 1974451                    /usr/lib/x86_64-linux-gnu/libgbm.so.1.0.0
7f879c2c6000-7f879c2d5000 r-xp 00000000 08:06 1975059                    /usr/lib/x86_64-linux-gnu/libwayland-server.so.0.0.0
7f879c2d5000-7f879c4d4000 ---p 0000f000 08:06 1975059                    /usr/lib/x86_64-linux-gnu/libwayland-server.so.0.0.0
7f879c4d4000-7f879c4d6000 r--p 0000e000 08:06 1975059                    /usr/lib/x86_64-linux-gnu/libwayland-server.so.0.0.0
7f879c4d6000-7f879c4d7000 rw-p 00010000 08:06 1975059                    /usr/lib/x86_64-linux-gnu/libwayland-server.so.0.0.0
7f879c4d7000-7f879c4e1000 r-xp 00000000 08:06 1975055                    /usr/lib/x86_64-linux-gnu/libwayland-client.so.0.1.0
7f879c4e1000-7f879c6e0000 ---p 0000a000 08:06 1975055                    /usr/lib/x86_64-linux-gnu/libwayland-client.so.0.1.0
7f879c6e0000-7f879c6e2000 r--p 00009000 08:06 1975055                    /usr/lib/x86_64-linux-gnu/libwayland-client.so.0.1.0
7f879c6e2000-7f879c6e3000 rw-p 0000b000 08:06 1975055                    /usr/lib/x86_64-linux-gnu/libwayland-client.so.0.1.0
7f879c6e3000-7f879c6e8000 r-xp 00000000 08:06 1975098                    /usr/lib/x86_64-linux-gnu/libxcb-xfixes.so.0.0.0
7f879c6e8000-7f879c8e8000 ---p 00005000 08:06 1975098                    /usr/lib/x86_64-linux-gnu/libxcb-xfixes.so.0.0.0
7f879c8e8000-7f879c8e9000 r--p 00005000 08:06 1975098                    /usr/lib/x86_64-linux-gnu/libxcb-xfixes.so.0.0.0
7f879c8e9000-7f879c8ea000 rw-p 00006000 08:06 1975098                    /usr/lib/x86_64-linux-gnu/libxcb-xfixes.so.0.0.0
7f879c8ea000-7f879c8ed000 r-xp 00000000 08:06 1975074                    /usr/lib/x86_64-linux-gnu/libxcb-dri2.so.0.0.0
7f879c8ed000-7f879caed000 ---p 00003000 08:06 1975074                    /usr/lib/x86_64-linux-gnu/libxcb-dri2.so.0.0.0
7f879caed000-7f879caee000 r--p 00003000 08:06 1975074                    /usr/lib/x86_64-linux-gnu/libxcb-dri2.so.0.0.0
7f879caee000-7f879caef000 rw-p 00004000 08:06 1975074                    /usr/lib/x86_64-linux-gnu/libxcb-dri2.so.0.0.0
7f879caef000-7f879caf0000 r-xp 00000000 08:06 1974142                    /usr/lib/x86_64-linux-gnu/libX11-xcb.so.1.0.0
7f879caf0000-7f879ccef000 ---p 00001000 08:06 1974142                    /usr/lib/x86_64-linux-gnu/libX11-xcb.so.1.0.0
7f879ccef000-7f879ccf0000 r--p 00000000 08:06 1974142                    /usr/lib/x86_64-linux-gnu/libX11-xcb.so.1.0.0
7f879ccf0000-7f879ccf1000 rw-p 00001000 08:06 1974142                    /usr/lib/x86_64-linux-gnu/libX11-xcb.so.1.0.0
7f879ccf1000-7f879cd12000 r-xp 00000000 08:06 2493215                    /usr/lib/x86_64-linux-gnu/mesa-egl/libEGL.so.1.0.0
7f879cd12000-7f879cf12000 ---p 00021000 08:06 2493215                    /usr/lib/x86_64-linux-gnu/mesa-egl/libEGL.so.1.0.0
7f879cf12000-7f879cf13000 r--p 00021000 08:06 2493215                    /usr/lib/x86_64-linux-gnu/mesa-egl/libEGL.so.1.0.0
7f879cf13000-7f879cf14000 rw-p 00022000 08:06 2493215                    /usr/lib/x86_64-linux-gnu/mesa-egl/libEGL.so.1.0.0
7f879cf14000-7f879cf17000 ---p 00000000 00:00 0 
7f879cf17000-7f879d015000 rw-p 00000000 00:00 0                          [stack:3745]
7f879d015000-7f879d0bd000 r-xp 00000000 08:06 1188410                    /tmp/jogamp_0000/file_cache/jln7035574834169919685/jln3167003091352917217/libjogl_desktop.so
7f879d0bd000-7f879d2bc000 ---p 000a8000 08:06 1188410                    /tmp/jogamp_0000/file_cache/jln7035574834169919685/jln3167003091352917217/libjogl_desktop.so
7f879d2bc000-7f879d2bd000 rw-p 000a7000 08:06 1188410                    /tmp/jogamp_0000/file_cache/jln7035574834169919685/jln3167003091352917217/libjogl_desktop.so
7f879d2bd000-7f879ee23000 r-xp 00000000 08:06 1968209                    /usr/lib/libnvidia-glcore.so.331.20
7f879ee23000-7f879f023000 ---p 01b66000 08:06 1968209                    /usr/lib/libnvidia-glcore.so.331.20
7f879f023000-7f879faae000 rwxp 01b66000 08:06 1968209                    /usr/lib/libnvidia-glcore.so.331.20
7f879faae000-7f879faca000 rwxp 00000000 00:00 0 
7f879faca000-7f879facd000 r-xp 00000000 08:06 1970226                    /usr/lib/tls/libnvidia-tls.so.331.20
7f879facd000-7f879fccc000 ---p 00003000 08:06 1970226                    /usr/lib/tls/libnvidia-tls.so.331.20
7f879fccc000-7f879fccd000 rw-p 00002000 08:06 1970226                    /usr/lib/tls/libnvidia-tls.so.331.20
7f879fccd000-7f879fdaa000 r-xp 00000000 08:06 1970222                    /usr/lib/libGL.so.331.20
7f879fdaa000-7f879ffa9000 ---p 000dd000 08:06 1970222                    /usr/lib/libGL.so.331.20
7f879ffa9000-7f879ffe9000 rwxp 000dc000 08:06 1970222                    /usr/lib/libGL.so.331.20
7f879ffe9000-7f87a0000000 rwxp 00000000 00:00 0 
7f87a0000000-7f87a0021000 rw-p 00000000 00:00 0 
7f87a0021000-7f87a4000000 ---p 00000000 00:00 0 
7f87a4004000-7f87a4005000 rw-p 00000000 00:00 0 
7f87a4005000-7f87a4006000 rw-s 37e40000 00:05 1917                       /dev/nvidia0
7f87a4006000-7f87a4007000 rw-s dfd61000 00:05 1917                       /dev/nvidia0
7f87a4007000-7f87a4008000 rw-s dfd61000 00:05 1917                       /dev/nvidia0
7f87a4008000-7f87a4009000 rw-s fa641000 00:05 1917                       /dev/nvidia0
7f87a4009000-7f87a4010000 rw-s 37f6a000 00:05 1917                       /dev/nvidia0
7f87a4010000-7f87a4050000 rw-s 20822000 00:05 1917                       /dev/nvidia0
7f87a4050000-7f87a4057000 r-xp 00000000 08:06 1188413                    /tmp/jogamp_0000/file_cache/jln7035574834169919685/jln3167003091352917217/libnativewindow_x11.so
7f87a4057000-7f87a4256000 ---p 00007000 08:06 1188413                    /tmp/jogamp_0000/file_cache/jln7035574834169919685/jln3167003091352917217/libnativewindow_x11.so
7f87a4256000-7f87a4257000 rw-p 00006000 08:06 1188413                    /tmp/jogamp_0000/file_cache/jln7035574834169919685/jln3167003091352917217/libnativewindow_x11.so
7f87a4257000-7f87a425a000 ---p 00000000 00:00 0 
7f87a425a000-7f87a4358000 rw-p 00000000 00:00 0                          [stack:3744]
7f87a4358000-7f87a435b000 ---p 00000000 00:00 0 
7f87a435b000-7f87a4459000 rw-p 00000000 00:00 0                          [stack:3743]
7f87a4459000-7f87a445d000 r-xp 00000000 08:06 1974193                    /usr/lib/x86_64-linux-gnu/libXxf86vm.so.1.0.0
7f87a445d000-7f87a465d000 ---p 00004000 08:06 1974193                    /usr/lib/x86_64-linux-gnu/libXxf86vm.so.1.0.0
7f87a465d000-7f87a465e000 r--p 00004000 08:06 1974193                    /usr/lib/x86_64-linux-gnu/libXxf86vm.so.1.0.0
7f87a465e000-7f87a465f000 rw-p 00005000 08:06 1974193                    /usr/lib/x86_64-linux-gnu/libXxf86vm.so.1.0.0
7f87a465f000-7f87a4661000 r-xp 00000000 08:06 1188412                    /tmp/jogamp_0000/file_cache/jln7035574834169919685/jln3167003091352917217/libnativewindow_awt.so
7f87a4661000-7f87a4860000 ---p 00002000 08:06 1188412                    /tmp/jogamp_0000/file_cache/jln7035574834169919685/jln3167003091352917217/libnativewindow_awt.so
7f87a4860000-7f87a4861000 rw-p 00001000 08:06 1188412                    /tmp/jogamp_0000/file_cache/jln7035574834169919685/jln3167003091352917217/libnativewindow_awt.so
7f87a4861000-7f87a4862000 r-xp 00000000 08:06 1988898                    /usr/lib/jvm/java-7-oracle/jre/lib/amd64/libjawt.so
7f87a4862000-7f87a4a61000 ---p 00001000 08:06 1988898                    /usr/lib/jvm/java-7-oracle/jre/lib/amd64/libjawt.so
7f87a4a61000-7f87a4a62000 rw-p 00000000 08:06 1988898                    /usr/lib/jvm/java-7-oracle/jre/lib/amd64/libjawt.so
7f87a4a62000-7f87a4a65000 ---p 00000000 00:00 0 
7f87a4a65000-7f87a4b63000 rw-p 00000000 00:00 0                          [stack:3742]
7f87a4b63000-7f87a4b68000 r-xp 00000000 08:06 1974163                    /usr/lib/x86_64-linux-gnu/libXfixes.so.3.1.0
7f87a4b68000-7f87a4d67000 ---p 00005000 08:06 1974163                    /usr/lib/x86_64-linux-gnu/libXfixes.so.3.1.0
7f87a4d67000-7f87a4d68000 r--p 00004000 08:06 1974163                    /usr/lib/x86_64-linux-gnu/libXfixes.so.3.1.0
7f87a4d68000-7f87a4d69000 rw-p 00005000 08:06 1974163                    /usr/lib/x86_64-linux-gnu/libXfixes.so.3.1.0
7f87a4d69000-7f87a4d72000 r-xp 00000000 08:06 1974155                    /usr/lib/x86_64-linux-gnu/libXcursor.so.1.0.2
7f87a4d72000-7f87a4f71000 ---p 00009000 08:06 1974155                    /usr/lib/x86_64-linux-gnu/libXcursor.so.1.0.2
7f87a4f71000-7f87a4f72000 r--p 00008000 08:06 1974155                    /usr/lib/x86_64-linux-gnu/libXcursor.so.1.0.2
7f87a4f72000-7f87a4f73000 rw-p 00009000 08:06 1974155                    /usr/lib/x86_64-linux-gnu/libXcursor.so.1.0.2
7f87a4f73000-7f87a4f76000 ---p 00000000 00:00 0 
7f87a4f76000-7f87a5074000 rw-p 00000000 00:00 0                          [stack:3741]
7f87a5074000-7f87a5079000 r-xp 00000000 08:06 1974159                    /usr/lib/x86_64-linux-gnu/libXdmcp.so.6.0.0
7f87a5079000-7f87a5278000 ---p 00005000 08:06 1974159                    /usr/lib/x86_64-linux-gnu/libXdmcp.so.6.0.0
7f87a5278000-7f87a5279000 r--p 00004000 08:06 1974159                    /usr/lib/x86_64-linux-gnu/libXdmcp.so.6.0.0
7f87a5279000-7f87a527a000 rw-p 00005000 08:06 1974159                    /usr/lib/x86_64-linux-gnu/libXdmcp.so.6.0.0
7f87a527a000-7f87a527c000 r-xp 00000000 08:06 1974148                    /usr/lib/x86_64-linux-gnu/libXau.so.6.0.0
7f87a527c000-7f87a547c000 ---p 00002000 08:06 1974148                    /usr/lib/x86_64-linux-gnu/libXau.so.6.0.0
7f87a547c000-7f87a547d000 r--p 00002000 08:06 1974148                    /usr/lib/x86_64-linux-gnu/libXau.so.6.0.0
7f87a547d000-7f87a547e000 rw-p 00003000 08:06 1974148                    /usr/lib/x86_64-linux-gnu/libXau.so.6.0.0
7f87a547e000-7f87a549b000 r-xp 00000000 08:06 1975100                    /usr/lib/x86_64-linux-gnu/libxcb.so.1.1.0
7f87a549b000-7f87a569a000 ---p 0001d000 08:06 1975100                    /usr/lib/x86_64-linux-gnu/libxcb.so.1.1.0
7f87a569a000-7f87a569b000 r--p 0001c000 08:06 1975100                    /usr/lib/x86_64-linux-gnu/libxcb.so.1.1.0
7f87a569b000-7f87a569c000 rw-p 0001d000 08:06 1975100                    /usr/lib/x86_64-linux-gnu/libxcb.so.1.1.0
7f87a569c000-7f87a56ab000 r-xp 00000000 08:06 1974169                    /usr/lib/x86_64-linux-gnu/libXi.so.6.1.0
7f87a56ab000-7f87a58aa000 ---p 0000f000 08:06 1974169                    /usr/lib/x86_64-linux-gnu/libXi.so.6.1.0
7f87a58aa000-7f87a58ab000 r--p 0000e000 08:06 1974169                    /usr/lib/x86_64-linux-gnu/libXi.so.6.1.0
7f87a58ab000-7f87a58ac000 rw-p 0000f000 08:06 1974169                    /usr/lib/x86_64-linux-gnu/libXi.so.6.1.0
7f87a58ac000-7f87a58b1000 r-xp 00000000 08:06 1974187                    /usr/lib/x86_64-linux-gnu/libXtst.so.6.1.0
7f87a58b1000-7f87a5ab0000 ---p 00005000 08:06 1974187                    /usr/lib/x86_64-linux-gnu/libXtst.so.6.1.0
7f87a5ab0000-7f87a5ab1000 r--p 00004000 08:06 1974187                    /usr/lib/x86_64-linux-gnu/libXtst.so.6.1.0
7f87a5ab1000-7f87a5ab2000 rw-p 00005000 08:06 1974187                    /usr/lib/x86_64-linux-gnu/libXtst.so.6.1.0
7f87a5ab2000-7f87a5abb000 r-xp 00000000 08:06 1974183                    /usr/lib/x86_64-linux-gnu/libXrender.so.1.3.0
7f87a5abb000-7f87a5cba000 ---p 00009000 08:06 1974183                    /usr/lib/x86_64-linux-gnu/libXrender.so.1.3.0
7f87a5cba000-7f87a5cbb000 r--p 00008000 08:06 1974183                    /usr/lib/x86_64-linux-gnu/libXrender.so.1.3.0
7f87a5cbb000-7f87a5cbc000 rw-p 00009000 08:06 1974183                    /usr/lib/x86_64-linux-gnu/libXrender.so.1.3.0
7f87a5cbc000-7f87a5dec000 r-xp 00000000 08:06 1974144                    /usr/lib/x86_64-linux-gnu/libX11.so.6.3.0
7f87a5dec000-7f87a5fec000 ---p 00130000 08:06 1974144                    /usr/lib/x86_64-linux-gnu/libX11.so.6.3.0
7f87a5fec000-7f87a5fed000 r--p 00130000 08:06 1974144                    /usr/lib/x86_64-linux-gnu/libX11.so.6.3.0
7f87a5fed000-7f87a5ff1000 rw-p 00131000 08:06 1974144                    /usr/lib/x86_64-linux-gnu/libX11.so.6.3.0
7f87a5ff1000-7f87a6002000 r-xp 00000000 08:06 1974161                    /usr/lib/x86_64-linux-gnu/libXext.so.6.4.0
7f87a6002000-7f87a6201000 ---p 00011000 08:06 1974161                    /usr/lib/x86_64-linux-gnu/libXext.so.6.4.0
7f87a6201000-7f87a6202000 r--p 00010000 08:06 1974161                    /usr/lib/x86_64-linux-gnu/libXext.so.6.4.0
7f87a6202000-7f87a6203000 rw-p 00011000 08:06 1974161                    /usr/lib/x86_64-linux-gnu/libXext.so.6.4.0
7f87a6203000-7f87a6253000 r-xp 00000000 08:06 1988922                    /usr/lib/jvm/java-7-oracle/jre/lib/amd64/xawt/libmawt.so
7f87a6253000-7f87a6453000 ---p 00050000 08:06 1988922                    /usr/lib/jvm/java-7-oracle/jre/lib/amd64/xawt/libmawt.so
7f87a6453000-7f87a6457000 rw-p 00050000 08:06 1988922                    /usr/lib/jvm/java-7-oracle/jre/lib/amd64/xawt/libmawt.so
7f87a6457000-7f87a6458000 rw-p 00000000 00:00 0 
7f87a6458000-7f87a64fa000 r-xp 00000000 08:06 1988855                    /usr/lib/jvm/java-7-oracle/jre/lib/amd64/libawt.so
7f87a64fa000-7f87a66fa000 ---p 000a2000 08:06 1988855                    /usr/lib/jvm/java-7-oracle/jre/lib/amd64/libawt.so
7f87a66fa000-7f87a6706000 rw-p 000a2000 08:06 1988855                    /usr/lib/jvm/java-7-oracle/jre/lib/amd64/libawt.so
7f87a6706000-7f87a672a000 rw-p 00000000 00:00 0 
7f87a672a000-7f87a672b000 rw-s b58c8000 00:05 1917                       /dev/nvidia0
7f87a672b000-7f87a672c000 rw-s 208fe000 00:05 1917                       /dev/nvidia0
7f87a672c000-7f87a6733000 rw-s 387c6000 00:05 1917                       /dev/nvidia0
7f87a6733000-7f87a6753000 rw-s 3875e000 00:05 1917                       /dev/nvidia0
7f87a6753000-7f87a67e7000 rw-s ba38b000 00:05 1917                       /dev/nvidia0
7f87a67e7000-7f87a67e9000 r-xp 00000000 08:06 1188409                    /tmp/jogamp_0000/file_cache/jln7035574834169919685/jln3167003091352917217/libgluegen-rt.so
7f87a67e9000-7f87a69e9000 ---p 00002000 08:06 1188409                    /tmp/jogamp_0000/file_cache/jln7035574834169919685/jln3167003091352917217/libgluegen-rt.so
7f87a69e9000-7f87a69ea000 rw-p 00002000 08:06 1188409                    /tmp/jogamp_0000/file_cache/jln7035574834169919685/jln3167003091352917217/libgluegen-rt.so
7f87a69ea000-7f87a69ed000 ---p 00000000 00:00 0 
7f87a69ed000-7f87a6aeb000 rw-p 00000000 00:00 0                          [stack:3750]
7f87a6aeb000-7f87a6afb000 r-xp 00000000 08:06 1988923                    /usr/lib/jvm/java-7-oracle/jre/lib/amd64/libnio.so
7f87a6afb000-7f87a6cfb000 ---p 00010000 08:06 1988923                    /usr/lib/jvm/java-7-oracle/jre/lib/amd64/libnio.so
7f87a6cfb000-7f87a6cfc000 rw-p 00010000 08:06 1988923                    /usr/lib/jvm/java-7-oracle/jre/lib/amd64/libnio.so
7f87a6cfc000-7f87a6d12000 r-xp 00000000 08:06 1988916                    /usr/lib/jvm/java-7-oracle/jre/lib/amd64/libnet.so
7f87a6d12000-7f87a6f12000 ---p 00016000 08:06 1988916                    /usr/lib/jvm/java-7-oracle/jre/lib/amd64/libnet.so
7f87a6f12000-7f87a6f13000 rw-p 00016000 08:06 1988916                    /usr/lib/jvm/java-7-oracle/jre/lib/amd64/libnet.so
7f87a6f13000-7f87a6f14000 ---p 00000000 00:00 0 
7f87a6f14000-7f87a7014000 rw-p 00000000 00:00 0                          [stack:3731]
7f87a7014000-7f87a7017000 ---p 00000000 00:00 0 
7f87a7017000-7f87a7115000 rw-p 00000000 00:00 0                          [stack:3730]
7f87a7115000-7f87a7118000 ---p 00000000 00:00 0 
7f87a7118000-7f87a7216000 rw-p 00000000 00:00 0                          [stack:3729]
7f87a7216000-7f87a7219000 ---p 00000000 00:00 0 
7f87a7219000-7f87a7317000 rw-p 00000000 00:00 0                          [stack:3728]
7f87a7317000-7f87a731a000 ---p 00000000 00:00 0 
7f87a731a000-7f87a7418000 rw-p 00000000 00:00 0                          [stack:3727]
7f87a7418000-7f87a7afb000 r--p 00000000 08:06 1973080                    /usr/lib/locale/locale-archive
7f87a7afb000-7f87a7afe000 ---p 00000000 00:00 0 
7f87a7afe000-7f87a7bfc000 rw-p 00000000 00:00 0                          [stack:3726]
7f87a7bfc000-7f87a7bff000 ---p 00000000 00:00 0 
7f87a7bff000-7f87a7cfd000 rw-p 00000000 00:00 0                          [stack:3725]
7f87a7cfd000-7f87a7cfe000 ---p 00000000 00:00 0 
7f87a7cfe000-7f87a8000000 rw-p 00000000 00:00 0                          [stack:3724]
7f87a8000000-7f87a8021000 rw-p 00000000 00:00 0 
7f87a8021000-7f87ac000000 ---p 00000000 00:00 0 
7f87ac000000-7f87ac001000 rw-s 180a0000 00:05 1917                       /dev/nvidia0
7f87ac001000-7f87ac002000 rw-s dfd61000 00:05 1917                       /dev/nvidia0
7f87ac002000-7f87ac003000 rw-s dfd61000 00:05 1917                       /dev/nvidia0
7f87ac003000-7f87ac004000 rw-s fa641000 00:05 1917                       /dev/nvidia0
7f87ac004000-7f87ac005000 rw-s b58c8000 00:05 1917                       /dev/nvidia0
7f87ac005000-7f87ac006000 rw-s 38525000 00:05 1917                       /dev/nvidia0
7f87ac006000-7f87ac026000 rw-s 20825000 00:05 1917                       /dev/nvidia0
7f87ac026000-7f87ac057000 rw-p 00000000 00:00 0 
7f87ac057000-7f87ac05a000 ---p 00000000 00:00 0 
7f87ac05a000-7f87ac090000 rw-p 00000000 00:00 0                          [stack:3735]
7f87ac090000-7f87ac0b2000 r--s 002ce000 08:06 4068195                    /home/elect/Downloads/jogamp-all-platforms/jar/jogl-all.jar
7f87ac0b2000-7f87ace43000 rw-p 00000000 00:00 0 
7f87ace43000-7f87ad000000 r--s 039bf000 08:06 1989547                    /usr/lib/jvm/java-7-oracle/jre/lib/rt.jar
7f87ad000000-7f87ad270000 rwxp 00000000 00:00 0 
7f87ad270000-7f87b06cb000 rw-p 00000000 00:00 0 
7f87b06cb000-7f87b4000000 ---p 00000000 00:00 0 
7f87b4000000-7f87b4001000 rw-p 00000000 00:00 0 
7f87b4001000-7f87b4003000 rw-s 00000000 08:06 3805557                    /tmp/gl452JgX (deleted)
7f87b4003000-7f87b64de000 rw-p 00000000 00:00 0 
7f87b64de000-7f87b64df000 ---p 00000000 00:00 0 
7f87b64df000-7f87b65df000 rw-p 00000000 00:00 0                          [stack:3723]
7f87b65df000-7f87b65e0000 ---p 00000000 00:00 0 
7f87b65e0000-7f87b66e0000 rw-p 00000000 00:00 0                          [stack:3722]
7f87b66e0000-7f87b66e1000 ---p 00000000 00:00 0 
7f87b66e1000-7f87b67e1000 rw-p 00000000 00:00 0                          [stack:3721]
7f87b67e1000-7f87b67e2000 ---p 00000000 00:00 0 
7f87b67e2000-7f87b68ed000 rw-p 00000000 00:00 0                          [stack:3720]
7f87b68ed000-7f87b690b000 rw-p 00000000 00:00 0 
7f87b690b000-7f87b6920000 rw-p 00000000 00:00 0 
7f87b6920000-7f87b6a54000 rw-p 00000000 00:00 0 
7f87b6a54000-7f87b6a5f000 rw-p 00000000 00:00 0 
7f87b6a5f000-7f87b6a7d000 rw-p 00000000 00:00 0 
7f87b6a7d000-7f87b6a92000 rw-p 00000000 00:00 0 
7f87b6a92000-7f87b6bc5000 rw-p 00000000 00:00 0 
7f87b6bc5000-7f87b6bd0000 rw-p 00000000 00:00 0 
7f87b6bd0000-7f87b6c6a000 rw-p 00000000 00:00 0 
7f87b6c6a000-7f87b6c6b000 rw-p 00000000 00:00 0 
7f87b6c6b000-7f87b6c85000 r-xp 00000000 08:06 1988866                    /usr/lib/jvm/java-7-oracle/jre/lib/amd64/libzip.so
7f87b6c85000-7f87b6e85000 ---p 0001a000 08:06 1988866                    /usr/lib/jvm/java-7-oracle/jre/lib/amd64/libzip.so
7f87b6e85000-7f87b6e86000 rw-p 0001a000 08:06 1988866                    /usr/lib/jvm/java-7-oracle/jre/lib/amd64/libzip.so
7f87b6e86000-7f87b6e92000 r-xp 00000000 08:06 2101205                    /lib/x86_64-linux-gnu/libnss_files-2.17.so
7f87b6e92000-7f87b7091000 ---p 0000c000 08:06 2101205                    /lib/x86_64-linux-gnu/libnss_files-2.17.so
7f87b7091000-7f87b7092000 r--p 0000b000 08:06 2101205                    /lib/x86_64-linux-gnu/libnss_files-2.17.so
7f87b7092000-7f87b7093000 rw-p 0000c000 08:06 2101205                    /lib/x86_64-linux-gnu/libnss_files-2.17.so
7f87b7093000-7f87b709e000 r-xp 00000000 08:06 2101209                    /lib/x86_64-linux-gnu/libnss_nis-2.17.so
7f87b709e000-7f87b729d000 ---p 0000b000 08:06 2101209                    /lib/x86_64-linux-gnu/libnss_nis-2.17.so
7f87b729d000-7f87b729e000 r--p 0000a000 08:06 2101209                    /lib/x86_64-linux-gnu/libnss_nis-2.17.so
7f87b729e000-7f87b729f000 rw-p 0000b000 08:06 2101209                    /lib/x86_64-linux-gnu/libnss_nis-2.17.so
7f87b729f000-7f87b72b6000 r-xp 00000000 08:06 2101199                    /lib/x86_64-linux-gnu/libnsl-2.17.so
7f87b72b6000-7f87b74b5000 ---p 00017000 08:06 2101199                    /lib/x86_64-linux-gnu/libnsl-2.17.so
7f87b74b5000-7f87b74b6000 r--p 00016000 08:06 2101199                    /lib/x86_64-linux-gnu/libnsl-2.17.so
7f87b74b6000-7f87b74b7000 rw-p 00017000 08:06 2101199                    /lib/x86_64-linux-gnu/libnsl-2.17.so
7f87b74b7000-7f87b74b9000 rw-p 00000000 00:00 0 
7f87b74b9000-7f87b74c1000 r-xp 00000000 08:06 2101201                    /lib/x86_64-linux-gnu/libnss_compat-2.17.so
7f87b74c1000-7f87b76c0000 ---p 00008000 08:06 2101201                    /lib/x86_64-linux-gnu/libnss_compat-2.17.so
7f87b76c0000-7f87b76c1000 r--p 00007000 08:06 2101201                    /lib/x86_64-linux-gnu/libnss_compat-2.17.so
7f87b76c1000-7f87b76c2000 rw-p 00008000 08:06 2101201                    /lib/x86_64-linux-gnu/libnss_compat-2.17.so
7f87b76c2000-7f87b76eb000 r-xp 00000000 08:06 1988920                    /usr/lib/jvm/java-7-oracle/jre/lib/amd64/libjava.so
7f87b76eb000-7f87b78eb000 ---p 00029000 08:06 1988920                    /usr/lib/jvm/java-7-oracle/jre/lib/amd64/libjava.so
7f87b78eb000-7f87b78ed000 rw-p 00029000 08:06 1988920                    /usr/lib/jvm/java-7-oracle/jre/lib/amd64/libjava.so
7f87b78ed000-7f87b78fa000 r-xp 00000000 08:06 1988852                    /usr/lib/jvm/java-7-oracle/jre/lib/amd64/libverify.so
7f87b78fa000-7f87b7af9000 ---p 0000d000 08:06 1988852                    /usr/lib/jvm/java-7-oracle/jre/lib/amd64/libverify.so
7f87b7af9000-7f87b7afb000 rw-p 0000c000 08:06 1988852                    /usr/lib/jvm/java-7-oracle/jre/lib/amd64/libverify.so
7f87b7afb000-7f87b7b02000 r-xp 00000000 08:06 2101252                    /lib/x86_64-linux-gnu/librt-2.17.so
7f87b7b02000-7f87b7d01000 ---p 00007000 08:06 2101252                    /lib/x86_64-linux-gnu/librt-2.17.so
7f87b7d01000-7f87b7d02000 r--p 00006000 08:06 2101252                    /lib/x86_64-linux-gnu/librt-2.17.so
7f87b7d02000-7f87b7d03000 rw-p 00007000 08:06 2101252                    /lib/x86_64-linux-gnu/librt-2.17.so
7f87b7d03000-7f87b7e06000 r-xp 00000000 08:06 2101180                    /lib/x86_64-linux-gnu/libm-2.17.so
7f87b7e06000-7f87b8005000 ---p 00103000 08:06 2101180                    /lib/x86_64-linux-gnu/libm-2.17.so
7f87b8005000-7f87b8006000 r--p 00102000 08:06 2101180                    /lib/x86_64-linux-gnu/libm-2.17.so
7f87b8006000-7f87b8007000 rw-p 00103000 08:06 2101180                    /lib/x86_64-linux-gnu/libm-2.17.so
7f87b8007000-7f87b8b69000 r-xp 00000000 08:06 1988912                    /usr/lib/jvm/java-7-oracle/jre/lib/amd64/server/libjvm.so
7f87b8b69000-7f87b8d69000 ---p 00b62000 08:06 1988912                    /usr/lib/jvm/java-7-oracle/jre/lib/amd64/server/libjvm.so
7f87b8d69000-7f87b8e2c000 rw-p 00b62000 08:06 1988912                    /usr/lib/jvm/java-7-oracle/jre/lib/amd64/server/libjvm.so
7f87b8e2c000-7f87b8e6d000 rw-p 00000000 00:00 0 
7f87b8e6d000-7f87b902a000 r-xp 00000000 08:06 2101129                    /lib/x86_64-linux-gnu/libc-2.17.so
7f87b902a000-7f87b922a000 ---p 001bd000 08:06 2101129                    /lib/x86_64-linux-gnu/libc-2.17.so
7f87b922a000-7f87b922e000 r--p 001bd000 08:06 2101129                    /lib/x86_64-linux-gnu/libc-2.17.so
7f87b922e000-7f87b9230000 rw-p 001c1000 08:06 2101129                    /lib/x86_64-linux-gnu/libc-2.17.so
7f87b9230000-7f87b9235000 rw-p 00000000 00:00 0 
7f87b9235000-7f87b9238000 r-xp 00000000 08:06 2101144                    /lib/x86_64-linux-gnu/libdl-2.17.so
7f87b9238000-7f87b9437000 ---p 00003000 08:06 2101144                    /lib/x86_64-linux-gnu/libdl-2.17.so
7f87b9437000-7f87b9438000 r--p 00002000 08:06 2101144                    /lib/x86_64-linux-gnu/libdl-2.17.so
7f87b9438000-7f87b9439000 rw-p 00003000 08:06 2101144                    /lib/x86_64-linux-gnu/libdl-2.17.so
7f87b9439000-7f87b944f000 r-xp 00000000 08:06 2110336                    /usr/lib/jvm/java-7-oracle/lib/amd64/jli/libjli.so
7f87b944f000-7f87b964f000 ---p 00016000 08:06 2110336                    /usr/lib/jvm/java-7-oracle/lib/amd64/jli/libjli.so
7f87b964f000-7f87b9650000 rw-p 00016000 08:06 2110336                    /usr/lib/jvm/java-7-oracle/lib/amd64/jli/libjli.so
7f87b9650000-7f87b9667000 r-xp 00000000 08:06 2101244                    /lib/x86_64-linux-gnu/libpthread-2.17.so
7f87b9667000-7f87b9867000 ---p 00017000 08:06 2101244                    /lib/x86_64-linux-gnu/libpthread-2.17.so
7f87b9867000-7f87b9868000 r--p 00017000 08:06 2101244                    /lib/x86_64-linux-gnu/libpthread-2.17.so
7f87b9868000-7f87b9869000 rw-p 00018000 08:06 2101244                    /lib/x86_64-linux-gnu/libpthread-2.17.so
7f87b9869000-7f87b986d000 rw-p 00000000 00:00 0 
7f87b986d000-7f87b9890000 r-xp 00000000 08:06 2101105                    /lib/x86_64-linux-gnu/ld-2.17.so
7f87b9890000-7f87b9891000 rw-p 00000000 00:00 0 
7f87b9891000-7f87b9892000 rw-s 387c5000 00:05 1917                       /dev/nvidia0
7f87b9892000-7f87b9896000 rw-s 21c79000 00:05 1917                       /dev/nvidia0
7f87b9896000-7f87b9897000 rw-s dfd61000 00:05 1917                       /dev/nvidia0
7f87b9897000-7f87b98b6000 rw-p 00000000 00:00 0 
7f87b98b6000-7f87b996c000 rw-p 00000000 00:00 0 
7f87b996c000-7f87b996f000 ---p 00000000 00:00 0 
7f87b996f000-7f87b9a71000 rw-p 00000000 00:00 0                          [stack:3719]
7f87b9a71000-7f87b9a72000 rw-s dfd60000 00:05 1917                       /dev/nvidia0
7f87b9a72000-7f87b9a73000 rw-s fa641000 00:05 1917                       /dev/nvidia0
7f87b9a73000-7f87b9a74000 rw-s b58c8000 00:05 1917                       /dev/nvidia0
7f87b9a74000-7f87b9a75000 rw-s 8031a000 00:05 1917                       /dev/nvidia0
7f87b9a75000-7f87b9a76000 rw-s fa060000 00:05 1917                       /dev/nvidia0
7f87b9a76000-7f87b9a77000 rwxp 00000000 00:00 0 
7f87b9a77000-7f87b9a78000 r--s 00031000 08:06 4068185                    /home/elect/Downloads/jogamp-all-platforms/jar/jogl-all-natives-linux-amd64.jar
7f87b9a78000-7f87b9a79000 r--s 00000000 08:06 4068143                    /home/elect/Downloads/jogamp-all-platforms/jar/gluegen-rt-natives-linux-amd64.jar
7f87b9a79000-7f87b9a7a000 r--p 00000000 00:00 0 
7f87b9a7a000-7f87b9a7e000 r--s 0008a000 08:06 1988734                    /usr/lib/jvm/java-7-oracle/jre/lib/jsse.jar
7f87b9a7e000-7f87b9a83000 r--s 0003e000 08:06 4068152                    /home/elect/Downloads/jogamp-all-platforms/jar/gluegen-rt.jar
7f87b9a83000-7f87b9a8b000 rw-s 00000000 08:06 4068126                    /tmp/hsperfdata_elect/3714
7f87b9a8b000-7f87b9a8c000 rw-p 00000000 00:00 0 
7f87b9a8c000-7f87b9a8d000 r--p 00000000 00:00 0 
7f87b9a8d000-7f87b9a8f000 rw-p 00000000 00:00 0 
7f87b9a8f000-7f87b9a90000 r--p 00022000 08:06 2101105                    /lib/x86_64-linux-gnu/ld-2.17.so
7f87b9a90000-7f87b9a92000 rw-p 00023000 08:06 2101105                    /lib/x86_64-linux-gnu/ld-2.17.so
7fff12ceb000-7fff12d0c000 rw-p 00000000 00:00 0                          [stack]
7fff12dfe000-7fff12e00000 r-xp 00000000 00:00 0                          [vdso]
ffffffffff600000-ffffffffff601000 r-xp 00000000 00:00 0                  [vsyscall]

VM Arguments:
jvm_args: -Dfile.encoding=UTF-8 
java_command: ogldevtutorials.tutorial04.Tutorial04
Launcher Type: SUN_STANDARD

Environment Variables:
PATH=/usr/lib/lightdm/lightdm:/usr/local/sbin:/usr/local/bin:/usr/sbin:/usr/bin:/sbin:/bin:/usr/games:/usr/local/games
LD_LIBRARY_PATH=/usr/lib/jvm/java-7-oracle/jre/lib/amd64:/usr/lib/jvm/java-7-oracle/jre/lib/i386:
SHELL=/bin/bash
DISPLAY=:0

Signal Handlers:
SIGSEGV: [libjvm.so+0x993870], sa_mask[0]=0x7ffbfeff, sa_flags=0x10000004
SIGBUS: [libjvm.so+0x993870], sa_mask[0]=0x7ffbfeff, sa_flags=0x10000004
SIGFPE: [libjvm.so+0x8105b0], sa_mask[0]=0x7ffbfeff, sa_flags=0x10000004
SIGPIPE: [libjvm.so+0x8105b0], sa_mask[0]=0x7ffbfeff, sa_flags=0x10000004
SIGXFSZ: [libjvm.so+0x8105b0], sa_mask[0]=0x7ffbfeff, sa_flags=0x10000004
SIGILL: [libjvm.so+0x8105b0], sa_mask[0]=0x7ffbfeff, sa_flags=0x10000004
SIGUSR1: SIG_DFL, sa_mask[0]=0x00000000, sa_flags=0x00000000
SIGUSR2: [libjvm.so+0x811aa0], sa_mask[0]=0x00000004, sa_flags=0x10000004
SIGHUP: [libjvm.so+0x812a10], sa_mask[0]=0x7ffbfeff, sa_flags=0x10000004
SIGINT: SIG_IGN, sa_mask[0]=0x00000000, sa_flags=0x00000000
SIGTERM: [libjvm.so+0x812a10], sa_mask[0]=0x7ffbfeff, sa_flags=0x10000004
SIGQUIT: [libjvm.so+0x812a10], sa_mask[0]=0x7ffbfeff, sa_flags=0x10000004


---------------  S Y S T E M  ---------------

OS:wheezy/sid

uname:Linux 3.11.0-13-generic #20-Ubuntu SMP Wed Oct 23 07:38:26 UTC 2013 x86_64
libc:glibc 2.17 NPTL 2.17 
rlimit: STACK 8192k, CORE 0k, NPROC 31383, NOFILE 4096, AS infinity
load average:0,44 0,93 0,70

/proc/meminfo:
MemTotal:        4037260 kB
MemFree:          311968 kB
Buffers:           76368 kB
Cached:          1678696 kB
SwapCached:            0 kB
Active:          2169160 kB
Inactive:        1323096 kB
Active(anon):    1733908 kB
Inactive(anon):    21564 kB
Active(file):     435252 kB
Inactive(file):  1301532 kB
Unevictable:          32 kB
Mlocked:              32 kB
SwapTotal:        123900 kB
SwapFree:         123900 kB
Dirty:              1720 kB
Writeback:             0 kB
AnonPages:       1737284 kB
Mapped:           241384 kB
Shmem:             18280 kB
Slab:              93836 kB
SReclaimable:      62572 kB
SUnreclaim:        31264 kB
KernelStack:        4240 kB
PageTables:        30648 kB
NFS_Unstable:          0 kB
Bounce:                0 kB
WritebackTmp:          0 kB
CommitLimit:     2142528 kB
Committed_AS:    5085784 kB
VmallocTotal:   34359738367 kB
VmallocUsed:      321836 kB
VmallocChunk:   34359413116 kB
HardwareCorrupted:     0 kB
AnonHugePages:         0 kB
HugePages_Total:       0
HugePages_Free:        0
HugePages_Rsvd:        0
HugePages_Surp:        0
Hugepagesize:       2048 kB
DirectMap4k:      159168 kB
DirectMap2M:     4026368 kB


CPU:total 4 (4 cores per cpu, 1 threads per core) family 6 model 30 stepping 5, cmov, cx8, fxsr, mmx, sse, sse2, sse3, ssse3, sse4.1, sse4.2, popcnt, tsc, tscinvbit

/proc/cpuinfo:
processor	: 0
vendor_id	: GenuineIntel
cpu family	: 6
model		: 30
model name	: Intel(R) Core(TM) i5 CPU         750  @ 2.67GHz
stepping	: 5
microcode	: 0x3
cpu MHz		: 1200.000
cache size	: 8192 KB
physical id	: 0
siblings	: 4
core id		: 0
cpu cores	: 4
apicid		: 0
initial apicid	: 0
fpu		: yes
fpu_exception	: yes
cpuid level	: 11
wp		: yes
flags		: fpu vme de pse tsc msr pae mce cx8 apic sep mtrr pge mca cmov pat pse36 clflush dts acpi mmx fxsr sse sse2 ss ht tm pbe syscall nx rdtscp lm constant_tsc arch_perfmon pebs bts rep_good nopl xtopology nonstop_tsc aperfmperf pni dtes64 monitor ds_cpl vmx smx est tm2 ssse3 cx16 xtpr pdcm sse4_1 sse4_2 popcnt lahf_lm ida dtherm tpr_shadow vnmi flexpriority ept vpid
bogomips	: 5352.23
clflush size	: 64
cache_alignment	: 64
address sizes	: 36 bits physical, 48 bits virtual
power management:

processor	: 1
vendor_id	: GenuineIntel
cpu family	: 6
model		: 30
model name	: Intel(R) Core(TM) i5 CPU         750  @ 2.67GHz
stepping	: 5
microcode	: 0x3
cpu MHz		: 1200.000
cache size	: 8192 KB
physical id	: 0
siblings	: 4
core id		: 1
cpu cores	: 4
apicid		: 2
initial apicid	: 2
fpu		: yes
fpu_exception	: yes
cpuid level	: 11
wp		: yes
flags		: fpu vme de pse tsc msr pae mce cx8 apic sep mtrr pge mca cmov pat pse36 clflush dts acpi mmx fxsr sse sse2 ss ht tm pbe syscall nx rdtscp lm constant_tsc arch_perfmon pebs bts rep_good nopl xtopology nonstop_tsc aperfmperf pni dtes64 monitor ds_cpl vmx smx est tm2 ssse3 cx16 xtpr pdcm sse4_1 sse4_2 popcnt lahf_lm ida dtherm tpr_shadow vnmi flexpriority ept vpid
bogomips	: 5352.23
clflush size	: 64
cache_alignment	: 64
address sizes	: 36 bits physical, 48 bits virtual
power management:

processor	: 2
vendor_id	: GenuineIntel
cpu family	: 6
model		: 30
model name	: Intel(R) Core(TM) i5 CPU         750  @ 2.67GHz
stepping	: 5
microcode	: 0x3
cpu MHz		: 2668.000
cache size	: 8192 KB
physical id	: 0
siblings	: 4
core id		: 2
cpu cores	: 4
apicid		: 4
initial apicid	: 4
fpu		: yes
fpu_exception	: yes
cpuid level	: 11
wp		: yes
flags		: fpu vme de pse tsc msr pae mce cx8 apic sep mtrr pge mca cmov pat pse36 clflush dts acpi mmx fxsr sse sse2 ss ht tm pbe syscall nx rdtscp lm constant_tsc arch_perfmon pebs bts rep_good nopl xtopology nonstop_tsc aperfmperf pni dtes64 monitor ds_cpl vmx smx est tm2 ssse3 cx16 xtpr pdcm sse4_1 sse4_2 popcnt lahf_lm ida dtherm tpr_shadow vnmi flexpriority ept vpid
bogomips	: 5352.23
clflush size	: 64
cache_alignment	: 64
address sizes	: 36 bits physical, 48 bits virtual
power management:

processor	: 3
vendor_id	: GenuineIntel
cpu family	: 6
model		: 30
model name	: Intel(R) Core(TM) i5 CPU         750  @ 2.67GHz
stepping	: 5
microcode	: 0x3
cpu MHz		: 1200.000
cache size	: 8192 KB
physical id	: 0
siblings	: 4
core id		: 3
cpu cores	: 4
apicid		: 6
initial apicid	: 6
fpu		: yes
fpu_exception	: yes
cpuid level	: 11
wp		: yes
flags		: fpu vme de pse tsc msr pae mce cx8 apic sep mtrr pge mca cmov pat pse36 clflush dts acpi mmx fxsr sse sse2 ss ht tm pbe syscall nx rdtscp lm constant_tsc arch_perfmon pebs bts rep_good nopl xtopology nonstop_tsc aperfmperf pni dtes64 monitor ds_cpl vmx smx est tm2 ssse3 cx16 xtpr pdcm sse4_1 sse4_2 popcnt lahf_lm ida dtherm tpr_shadow vnmi flexpriority ept vpid
bogomips	: 5352.23
clflush size	: 64
cache_alignment	: 64
address sizes	: 36 bits physical, 48 bits virtual
power management:



Memory: 4k page, physical 4037260k(311968k free), swap 123900k(123900k free)

vm_info: Java HotSpot(TM) 64-Bit Server VM (24.51-b03) for linux-amd64 JRE (1.7.0_51-b13), built on Dec 18 2013 18:48:01 by "java_re" with gcc 4.3.0 20080428 (Red Hat 4.3.0-8)

time: Sat Feb  8 11:13:56 2014
elapsed time: 2 seconds

