#
# A fatal error has been detected by the Java Runtime Environment:
#
#  SIGSEGV (0xb) at pc=0x00007fd911376736, pid=4158, tid=140570279450368
#
# JRE version: Java(TM) SE Runtime Environment (7.0_51-b13) (build 1.7.0_51-b13)
# Java VM: Java HotSpot(TM) 64-Bit Server VM (24.51-b03 mixed mode linux-amd64 compressed oops)
# Problematic frame:
# C  [libGL.so.1+0x87736]  glXCreateNewContext+0x4956
#
# Failed to write core dump. Core dumps have been disabled. To enable core dumping, try "ulimit -c unlimited" before starting Java again
#
# If you would like to submit a bug report, please visit:
#   http://bugreport.sun.com/bugreport/crash.jsp
# The crash happened outside the Java Virtual Machine in native code.
# See problematic frame for where to report the bug.
#

---------------  T H R E A D  ---------------

Current thread (0x00007fd924254800):  JavaThread "AWT-EventQueue-0" [_thread_in_native, id=4187, stack(0x00007fd911829000,0x00007fd91192a000)]

siginfo:si_signo=SIGSEGV: si_errno=0, si_code=1 (SEGV_MAPERR), si_addr=0x0000000000000068

Registers:
RAX=0x0000000000000000, RBX=0x00007fd9245c1a80, RCX=0x00007fd924000030, RDX=0x0000000000000000
RSP=0x00007fd911926240, RBP=0x00007fd9245b6780, RSI=0x00007fd9245b6788, RDI=0x00007fd9245c1a80
R8 =0x0000000000000000, R9 =0x0000000000000000, R10=0x0000000000000000, R11=0x00007fd92a5eb960
R12=0x00007fd9245c1a80, R13=0x00000000bdd41550, R14=0x00007fd911926360, R15=0x00007fd924254800
RIP=0x00007fd911376736, EFLAGS=0x0000000000010246, CSGSFS=0x0000000000000033, ERR=0x0000000000000004
  TRAPNO=0x000000000000000e

Top of Stack: (sp=0x00007fd911926240)
0x00007fd911926240:   00007fd9245c1a80 00007fd9245c1a80
0x00007fd911926250:   00007fd9245b6780 0000000000000080
0x00007fd911926260:   00000000bdd41550 00007fd911926360
0x00007fd911926270:   00007fd924254800 00007fd9132a84f2
0x00007fd911926280:   00000000bdd41550 00007fd9119262d0
0x00007fd911926290:   0000000000000000 00007fd911626232
0x00007fd9119262a0:   00007fd924254800 00007fd9245c1a80
0x00007fd9119262b0:   00007fd911926348 00007fd9242549e8
0x00007fd9119262c0:   0000000000000000 00007fd9245c1a80
0x00007fd9119262d0:   00007fd911926338 00007fd921012738
0x00007fd9119262e0:   00007fd9119262e0 0000000000000001
0x00007fd9119262f0:   0000000000000000 00007fd9119262f8
0x00007fd911926300:   0000000000000000 00007fd911926360
0x00007fd911926310:   00000000bdd41b48 0000000000000000
0x00007fd911926320:   00000000bdd41550 0000000000000000
0x00007fd911926330:   00007fd911926358 00007fd9119263a8
0x00007fd911926340:   00007fd9210061d4 00000000ec85d9c0
0x00007fd911926350:   00007fd92100ecd6 00007fd9245c1a80
0x00007fd911926360:   0000000000000000 00007fd911926368
0x00007fd911926370:   00000000bdc58a83 00007fd9119263d0
0x00007fd911926380:   00000000bdc85f20 0000000000000000
0x00007fd911926390:   00000000bdc58ab8 00007fd911926358
0x00007fd9119263a0:   00007fd9119263c8 00007fd911926428
0x00007fd9119263b0:   00007fd9210061d4 0000000000000000
0x00007fd9119263c0:   00000000ffffffff 00007fd9245c1a80
0x00007fd9119263d0:   00000000ebaeded8 0000000000000009
0x00007fd9119263e0:   00000000ec70e848 00007fd9119263d8
0x00007fd9119263f0:   00000000bdc57dc7 00007fd911926458
0x00007fd911926400:   00000000bdc85f20 0000000000000000
0x00007fd911926410:   00000000bdc57f38 00007fd9119263c8
0x00007fd911926420:   00007fd911926450 00007fd9119264a0
0x00007fd911926430:   00007fd921006058 0000000000000000 

Instructions: (pc=0x00007fd911376736)
0x00007fd911376716:   66 2e 0f 1f 84 00 00 00 00 00 41 57 41 56 41 55
0x00007fd911376726:   41 54 49 89 fc 55 53 48 83 ec 08 e8 2a bd ff ff
0x00007fd911376736:   4c 39 60 68 0f 84 32 02 00 00 4c 8b 2d 29 ec 26
0x00007fd911376746:   00 41 8b 85 38 08 00 00 ff c0 41 89 85 38 08 00 

Register to memory mapping:

RAX=0x0000000000000000 is an unknown value
RBX=0x00007fd9245c1a80 is an unknown value
RCX=0x00007fd924000030 is an unknown value
RDX=0x0000000000000000 is an unknown value
RSP=0x00007fd911926240 is pointing into the stack for thread: 0x00007fd924254800
RBP=0x00007fd9245b6780 is an unknown value
RSI=0x00007fd9245b6788 is an unknown value
RDI=0x00007fd9245c1a80 is an unknown value
R8 =0x0000000000000000 is an unknown value
R9 =0x0000000000000000 is an unknown value
R10=0x0000000000000000 is an unknown value
R11=0x00007fd92a5eb960: <offset 0x18d960> in /lib/x86_64-linux-gnu/libc.so.6 at 0x00007fd92a45e000
R12=0x00007fd9245c1a80 is an unknown value
R13=0x00000000bdd41550 is an oop
{method} 
 - klass: {other class}
R14=0x00007fd911926360 is pointing into the stack for thread: 0x00007fd924254800
R15=0x00007fd924254800 is a thread


Stack: [0x00007fd911829000,0x00007fd91192a000],  sp=0x00007fd911926240,  free space=1012k
Native frames: (J=compiled Java code, j=interpreted, Vv=VM code, C=native code)
C  [libGL.so.1+0x87736]  glXCreateNewContext+0x4956

Java frames: (J=compiled Java code, j=interpreted, Vv=VM code)
j  jogamp.nativewindow.x11.X11Lib.XCloseDisplay(J)I+0
j  jogamp.nativewindow.x11.X11Util.XCloseDisplay(J)I+43
j  jogamp.nativewindow.x11.X11Util.closeDisplay(J)V+199
j  com.jogamp.nativewindow.x11.X11GraphicsDevice.close()Z+60
j  jogamp.newt.awt.NewtFactoryAWT.destroyNativeWindow(Lcom/jogamp/nativewindow/awt/JAWTWindow;)V+20
j  com.jogamp.newt.awt.NewtCanvasAWT.destroyImpl(ZZ)V+306
j  com.jogamp.newt.awt.NewtCanvasAWT.removeNotify()V+77
j  java.awt.Container.removeNotify()V+47
j  java.awt.Window.removeNotify()V+32
j  java.awt.Frame.removeNotify()V+51
j  java.awt.Window$1DisposeAction.run()V+146
j  java.awt.Window.doDispose()V+16
j  java.awt.Window.dispose()V+1
j  ogldevtutorials.tutorial04.Tutorial04$1.windowClosing(Ljava/awt/event/WindowEvent;)V+14
j  java.awt.AWTEventMulticaster.windowClosing(Ljava/awt/event/WindowEvent;)V+8
j  java.awt.AWTEventMulticaster.windowClosing(Ljava/awt/event/WindowEvent;)V+8
j  java.awt.Window.processWindowEvent(Ljava/awt/event/WindowEvent;)V+68
j  java.awt.Window.processEvent(Ljava/awt/AWTEvent;)V+69
j  java.awt.Component.dispatchEventImpl(Ljava/awt/AWTEvent;)V+581
j  java.awt.Container.dispatchEventImpl(Ljava/awt/AWTEvent;)V+42
j  java.awt.Window.dispatchEventImpl(Ljava/awt/AWTEvent;)V+19
j  java.awt.Component.dispatchEvent(Ljava/awt/AWTEvent;)V+2
j  java.awt.EventQueue.dispatchEventImpl(Ljava/awt/AWTEvent;Ljava/lang/Object;)V+41
j  java.awt.EventQueue.access$200(Ljava/awt/EventQueue;Ljava/awt/AWTEvent;Ljava/lang/Object;)V+3
j  java.awt.EventQueue$3.run()Ljava/lang/Void;+12
j  java.awt.EventQueue$3.run()Ljava/lang/Object;+1
v  ~StubRoutines::call_stub
j  java.security.AccessController.doPrivileged(Ljava/security/PrivilegedAction;Ljava/security/AccessControlContext;)Ljava/lang/Object;+0
j  java.security.ProtectionDomain$1.doIntersectionPrivilege(Ljava/security/PrivilegedAction;Ljava/security/AccessControlContext;Ljava/security/AccessControlContext;)Ljava/lang/Object;+28
j  java.security.ProtectionDomain$1.doIntersectionPrivilege(Ljava/security/PrivilegedAction;Ljava/security/AccessControlContext;)Ljava/lang/Object;+6
j  java.awt.EventQueue$4.run()Ljava/lang/Void;+11
j  java.awt.EventQueue$4.run()Ljava/lang/Object;+1
v  ~StubRoutines::call_stub
j  java.security.AccessController.doPrivileged(Ljava/security/PrivilegedAction;Ljava/security/AccessControlContext;)Ljava/lang/Object;+0
j  java.security.ProtectionDomain$1.doIntersectionPrivilege(Ljava/security/PrivilegedAction;Ljava/security/AccessControlContext;Ljava/security/AccessControlContext;)Ljava/lang/Object;+28
j  java.awt.EventQueue.dispatchEvent(Ljava/awt/AWTEvent;)V+73
j  java.awt.EventDispatchThread.pumpOneEventForFilters(I)V+245
j  java.awt.EventDispatchThread.pumpEventsForFilter(ILjava/awt/Conditional;Ljava/awt/EventFilter;)V+35
j  java.awt.EventDispatchThread.pumpEventsForHierarchy(ILjava/awt/Conditional;Ljava/awt/Component;)V+11
j  java.awt.EventDispatchThread.pumpEvents(ILjava/awt/Conditional;)V+4
j  java.awt.EventDispatchThread.pumpEvents(Ljava/awt/Conditional;)V+3
j  java.awt.EventDispatchThread.run()V+9
v  ~StubRoutines::call_stub

---------------  P R O C E S S  ---------------

Java Threads: ( => current thread )
  0x00007fd8cc010000 JavaThread "main-Display-.x11_:0-1-EDT-2" daemon [_thread_blocked, id=4194, stack(0x00007fd8c1b76000,0x00007fd8c1c77000)]
  0x00007fd92400a000 JavaThread "DestroyJavaVM" [_thread_blocked, id=4162, stack(0x00007fd92af5d000,0x00007fd92b05e000)]
  0x00007fd92428d800 JavaThread "main-SharedResourceRunner" daemon [_thread_blocked, id=4188, stack(0x00007fd910d43000,0x00007fd910e44000)]
=>0x00007fd924254800 JavaThread "AWT-EventQueue-0" [_thread_in_native, id=4187, stack(0x00007fd911829000,0x00007fd91192a000)]
  0x00007fd924244800 JavaThread "AWT-Shutdown" [_thread_blocked, id=4186, stack(0x00007fd91192a000,0x00007fd911a2b000)]
  0x00007fd92423d000 JavaThread "AWT-XAWT" daemon [_thread_in_native, id=4185, stack(0x00007fd912034000,0x00007fd912135000)]
  0x00007fd92421b000 JavaThread "Java2D Disposer" daemon [_thread_blocked, id=4184, stack(0x00007fd912545000,0x00007fd912646000)]
  0x00007fd92418e800 JavaThread "process reaper" daemon [_thread_blocked, id=4178, stack(0x00007fd91852f000,0x00007fd918568000)]
  0x00007fd924097000 JavaThread "Service Thread" daemon [_thread_blocked, id=4173, stack(0x00007fd91868b000,0x00007fd91878c000)]
  0x00007fd924095000 JavaThread "C2 CompilerThread1" daemon [_thread_blocked, id=4172, stack(0x00007fd91878c000,0x00007fd91888d000)]
  0x00007fd924092000 JavaThread "C2 CompilerThread0" daemon [_thread_blocked, id=4171, stack(0x00007fd91888d000,0x00007fd91898e000)]
  0x00007fd924087800 JavaThread "Signal Dispatcher" daemon [_thread_blocked, id=4170, stack(0x00007fd91898e000,0x00007fd918a8f000)]
  0x00007fd92406f800 JavaThread "Finalizer" daemon [_thread_blocked, id=4169, stack(0x00007fd919172000,0x00007fd919273000)]
  0x00007fd92406c000 JavaThread "Reference Handler" daemon [_thread_blocked, id=4168, stack(0x00007fd919273000,0x00007fd919374000)]

Other Threads:
  0x00007fd924069800 VMThread [stack: 0x00007fd919374000,0x00007fd919475000] [id=4167]
  0x00007fd9240a2000 WatcherThread [stack: 0x00007fd91858a000,0x00007fd91868b000] [id=4174]

VM state:not at safepoint (normal execution)

VM Mutex/Monitor currently owned by a thread: None

Heap
 PSYoungGen      total 18432K, used 7734K [0x00000000eb700000, 0x00000000ecb80000, 0x0000000100000000)
  eden space 15872K, 32% used [0x00000000eb700000,0x00000000ebc15438,0x00000000ec680000)
  from space 2560K, 98% used [0x00000000ec680000,0x00000000ec8f8750,0x00000000ec900000)
  to   space 2560K, 0% used [0x00000000ec900000,0x00000000ec900000,0x00000000ecb80000)
 ParOldGen       total 41984K, used 2148K [0x00000000c2600000, 0x00000000c4f00000, 0x00000000eb700000)
  object space 41984K, 5% used [0x00000000c2600000,0x00000000c2819370,0x00000000c4f00000)
 PSPermGen       total 21504K, used 14729K [0x00000000bd400000, 0x00000000be900000, 0x00000000c2600000)
  object space 21504K, 68% used [0x00000000bd400000,0x00000000be2627c8,0x00000000be900000)

Card table byte_map: [0x00007fd928045000,0x00007fd92825c000] byte_map_base: 0x00007fd927a5b000

Polling page: 0x00007fd92b07d000

Code Cache  [0x00007fd921000000, 0x00007fd921270000, 0x00007fd924000000)
 total_blobs=842 nmethods=44 adapters=752 free_code_cache=48368Kb largest_free_block=49514944

Compilation events (10 events):
Event: 0,769 Thread 0x00007fd924092000   39             java.nio.Buffer::checkIndex (22 bytes)
Event: 0,769 Thread 0x00007fd924092000 nmethod 39 0x00007fd9210b4f50 code [0x00007fd9210b5080, 0x00007fd9210b50f8]
Event: 0,772 Thread 0x00007fd924095000   40             java.nio.HeapByteBuffer::ix (7 bytes)
Event: 0,772 Thread 0x00007fd924095000 nmethod 40 0x00007fd9210bb7d0 code [0x00007fd9210bb900, 0x00007fd9210bb958]
Event: 0,776 Thread 0x00007fd924092000   41             sun.misc.MetaIndex::mayContain (51 bytes)
Event: 0,781 Thread 0x00007fd924092000 nmethod 41 0x00007fd9210bcf50 code [0x00007fd9210bd0a0, 0x00007fd9210bd2f8]
Event: 0,826 Thread 0x00007fd924095000   42             sun.java2d.loops.GraphicsPrimitive::getUniqueID (5 bytes)
Event: 0,827 Thread 0x00007fd924095000 nmethod 42 0x00007fd9210c3f90 code [0x00007fd9210c40c0, 0x00007fd9210c4118]
Event: 2,588 Thread 0x00007fd924092000   43             java.lang.Enum::ordinal (5 bytes)
Event: 2,588 Thread 0x00007fd924092000 nmethod 43 0x00007fd9210c7450 code [0x00007fd9210c7580, 0x00007fd9210c75d8]

GC Heap History (2 events):
Event: 0,695 GC heap before
{Heap before GC invocations=1 (full 0):
 PSYoungGen      total 18432K, used 15872K [0x00000000eb700000, 0x00000000ecb80000, 0x0000000100000000)
  eden space 15872K, 100% used [0x00000000eb700000,0x00000000ec680000,0x00000000ec680000)
  from space 2560K, 0% used [0x00000000ec900000,0x00000000ec900000,0x00000000ecb80000)
  to   space 2560K, 0% used [0x00000000ec680000,0x00000000ec680000,0x00000000ec900000)
 ParOldGen       total 41984K, used 0K [0x00000000c2600000, 0x00000000c4f00000, 0x00000000eb700000)
  object space 41984K, 0% used [0x00000000c2600000,0x00000000c2600000,0x00000000c4f00000)
 PSPermGen       total 21504K, used 11466K [0x00000000bd400000, 0x00000000be900000, 0x00000000c2600000)
  object space 21504K, 53% used [0x00000000bd400000,0x00000000bdf32ba0,0x00000000be900000)
Event: 0,701 GC heap after
Heap after GC invocations=1 (full 0):
 PSYoungGen      total 18432K, used 2529K [0x00000000eb700000, 0x00000000ecb80000, 0x0000000100000000)
  eden space 15872K, 0% used [0x00000000eb700000,0x00000000eb700000,0x00000000ec680000)
  from space 2560K, 98% used [0x00000000ec680000,0x00000000ec8f8750,0x00000000ec900000)
  to   space 2560K, 0% used [0x00000000ec900000,0x00000000ec900000,0x00000000ecb80000)
 ParOldGen       total 41984K, used 2148K [0x00000000c2600000, 0x00000000c4f00000, 0x00000000eb700000)
  object space 41984K, 5% used [0x00000000c2600000,0x00000000c2819370,0x00000000c4f00000)
 PSPermGen       total 21504K, used 11466K [0x00000000bd400000, 0x00000000be900000, 0x00000000c2600000)
  object space 21504K, 53% used [0x00000000bd400000,0x00000000bdf32ba0,0x00000000be900000)
}

Deoptimization events (6 events):
Event: 0,194 Thread 0x00007fd92400a000 Uncommon trap: reason=null_check action=make_not_entrant pc=0x00007fd92106b5f4 method=java.lang.String.equals(Ljava/lang/Object;)Z @ 8
Event: 0,632 Thread 0x00007fd92428d800 Uncommon trap: reason=unreached action=reinterpret pc=0x00007fd9210a8a58 method=java.lang.Class.searchFields([Ljava/lang/reflect/Field;Ljava/lang/String;)Ljava/lang/reflect/Field; @ 23
Event: 0,724 Thread 0x00007fd92400a000 Uncommon trap: reason=bimorphic action=maybe_recompile pc=0x00007fd9210b0a20 method=java.util.HashMap.getEntry(Ljava/lang/Object;)Ljava/util/HashMap$Entry; @ 68
Event: 0,724 Thread 0x00007fd92400a000 Uncommon trap: reason=bimorphic action=maybe_recompile pc=0x00007fd9210b0a20 method=java.util.HashMap.getEntry(Ljava/lang/Object;)Ljava/util/HashMap$Entry; @ 68
Event: 0,724 Thread 0x00007fd92400a000 Uncommon trap: reason=bimorphic action=maybe_recompile pc=0x00007fd9210b0a20 method=java.util.HashMap.getEntry(Ljava/lang/Object;)Ljava/util/HashMap$Entry; @ 68
Event: 0,724 Thread 0x00007fd92400a000 Uncommon trap: reason=bimorphic action=maybe_recompile pc=0x00007fd9210b0a20 method=java.util.HashMap.getEntry(Ljava/lang/Object;)Ljava/util/HashMap$Entry; @ 68

Internal exceptions (10 events):
Event: 1,055 Thread 0x00007fd92400a000 Threw 0x00000000ebb27130 at /HUDSON/workspace/7u-2-build-linux-amd64@2/jdk7u51/527/hotspot/src/share/vm/prims/jvm.cpp:1244
Event: 1,059 Thread 0x00007fd924254800 Threw 0x00000000ebb4d098 at /HUDSON/workspace/7u-2-build-linux-amd64@2/jdk7u51/527/hotspot/src/share/vm/prims/jvm.cpp:1244
Event: 1,059 Thread 0x00007fd924254800 Threw 0x00000000ebb4fa48 at /HUDSON/workspace/7u-2-build-linux-amd64@2/jdk7u51/527/hotspot/src/share/vm/prims/jvm.cpp:1244
Event: 1,195 Thread 0x00007fd924254800 Threw 0x00000000ebb58d78 at /HUDSON/workspace/7u-2-build-linux-amd64@2/jdk7u51/527/hotspot/src/share/vm/prims/jni.cpp:743
Event: 1,207 Thread 0x00007fd9245a2800 Threw 0x00000000ebbd7be8 at /HUDSON/workspace/7u-2-build-linux-amd64@2/jdk7u51/527/hotspot/src/share/vm/prims/jvm.cpp:1244
Event: 1,208 Thread 0x00007fd924254800 Threw 0x00000000ebb60520 at /HUDSON/workspace/7u-2-build-linux-amd64@2/jdk7u51/527/hotspot/src/share/vm/prims/jvm.cpp:1244
Event: 2,585 Thread 0x00007fd9245a2800 Threw 0x00000000ebbf0048 at /HUDSON/workspace/7u-2-build-linux-amd64@2/jdk7u51/527/hotspot/src/share/vm/prims/jvm.cpp:1244
Event: 2,590 Thread 0x00007fd8cc010000 Threw 0x00000000ebc017e8 at /HUDSON/workspace/7u-2-build-linux-amd64@2/jdk7u51/527/hotspot/src/share/vm/runtime/reflection.cpp:1030
Event: 2,597 Thread 0x00007fd8cc010000 Threw 0x00000000ebc01cb8 at /HUDSON/workspace/7u-2-build-linux-amd64@2/jdk7u51/527/hotspot/src/share/vm/runtime/reflection.cpp:1030
Event: 2,598 Thread 0x00007fd924254800 Threw 0x00000000ebb63ea8 at /HUDSON/workspace/7u-2-build-linux-amd64@2/jdk7u51/527/hotspot/src/share/vm/prims/jvm.cpp:1244

Events (10 events):
Event: 2,584 loading class 0x00007fd92414ff70
Event: 2,584 loading class 0x00007fd92414ff70 done
Event: 2,586 Thread 0x00007fd9245a2800 Thread exited: 0x00007fd9245a2800
Event: 2,586 loading class 0x00007fd924129210
Event: 2,586 loading class 0x00007fd924129210 done
Event: 2,587 loading class 0x00007fd8f80208a0
Event: 2,587 loading class 0x00007fd8f80208a0 done
Event: 2,588 Thread 0x00007fd8cc010000 Thread added: 0x00007fd8cc010000
Event: 2,598 loading class 0x00007fd9245d9be0
Event: 2,598 loading class 0x00007fd9245d9be0 done


Dynamic libraries:
00400000-00401000 r-xp 00000000 08:06 1989570                            /usr/lib/jvm/java-7-oracle/bin/java
00600000-00601000 rw-p 00000000 08:06 1989570                            /usr/lib/jvm/java-7-oracle/bin/java
013fe000-0141f000 rw-p 00000000 00:00 0                                  [heap]
411f5000-411f7000 r-xs 00000000 08:06 3805554                            /tmp/gl5trg4H (deleted)
41fbe000-4205c000 rw-p 00000000 00:00 0 
bd400000-be900000 rw-p 00000000 00:00 0 
be900000-c2600000 rw-p 00000000 00:00 0 
c2600000-c4f00000 rw-p 00000000 00:00 0 
c4f00000-eb700000 rw-p 00000000 00:00 0 
eb700000-ecb80000 rw-p 00000000 00:00 0 
ecb80000-100000000 rw-p 00000000 00:00 0 
7fd8bc000000-7fd8bc021000 rw-p 00000000 00:00 0 
7fd8bc021000-7fd8c0000000 ---p 00000000 00:00 0 
7fd8c1b76000-7fd8c1b79000 ---p 00000000 00:00 0 
7fd8c1b79000-7fd8c1c77000 rw-p 00000000 00:00 0                          [stack:4194]
7fd8c1c77000-7fd8c1d77000 rw-s 38468000 00:05 1917                       /dev/nvidia0
7fd8c1d77000-7fd8c1d97000 rw-s d8160000 00:05 1917                       /dev/nvidia0
7fd8c1d97000-7fd8c1dd7000 rw-s 1817b000 00:05 1917                       /dev/nvidia0
7fd8c1dd7000-7fd8c1df7000 rw-s 20a1a000 00:05 1917                       /dev/nvidia0
7fd8c1df7000-7fd8c1e37000 rw-s 38678000 00:05 1917                       /dev/nvidia0
7fd8c1e37000-7fd8c1e57000 rw-s 21d17000 00:05 1917                       /dev/nvidia0
7fd8c1e57000-7fd8c1f57000 rw-s 1812e000 00:05 1917                       /dev/nvidia0
7fd8c1f77000-7fd8c1f80000 r-xp 00000000 08:06 1974181                    /usr/lib/x86_64-linux-gnu/libXrandr.so.2.2.0
7fd8c1f80000-7fd8c217f000 ---p 00009000 08:06 1974181                    /usr/lib/x86_64-linux-gnu/libXrandr.so.2.2.0
7fd8c217f000-7fd8c2180000 r--p 00008000 08:06 1974181                    /usr/lib/x86_64-linux-gnu/libXrandr.so.2.2.0
7fd8c2180000-7fd8c2181000 rw-p 00009000 08:06 1974181                    /usr/lib/x86_64-linux-gnu/libXrandr.so.2.2.0
7fd8c2181000-7fd8c218f000 r-xp 00000000 08:06 926483                     /tmp/jogamp_0000/file_cache/jln3466921462507721838/jln2378047914621001703/libnewt.so
7fd8c218f000-7fd8c238e000 ---p 0000e000 08:06 926483                     /tmp/jogamp_0000/file_cache/jln3466921462507721838/jln2378047914621001703/libnewt.so
7fd8c238e000-7fd8c238f000 rw-p 0000d000 08:06 926483                     /tmp/jogamp_0000/file_cache/jln3466921462507721838/jln2378047914621001703/libnewt.so
7fd8c238f000-7fd8c258f000 rw-s 37e8f000 00:05 1917                       /dev/nvidia0
7fd8c258f000-7fd8c278f000 rw-s 20831000 00:05 1917                       /dev/nvidia0
7fd8c278f000-7fd8c298f000 rw-s 21ed0000 00:05 1917                       /dev/nvidia0
7fd8c298f000-7fd8c2991000 r-xp 00000000 08:06 1974171                    /usr/lib/x86_64-linux-gnu/libXinerama.so.1.0.0
7fd8c2991000-7fd8c2b90000 ---p 00002000 08:06 1974171                    /usr/lib/x86_64-linux-gnu/libXinerama.so.1.0.0
7fd8c2b90000-7fd8c2b91000 r--p 00001000 08:06 1974171                    /usr/lib/x86_64-linux-gnu/libXinerama.so.1.0.0
7fd8c2b91000-7fd8c2b92000 rw-p 00002000 08:06 1974171                    /usr/lib/x86_64-linux-gnu/libXinerama.so.1.0.0
7fd8c2b92000-7fd8c2bc4000 r-xp 00000000 08:06 1975001                    /usr/lib/x86_64-linux-gnu/libtxc_dxtn_s2tc.so.0.0.0
7fd8c2bc4000-7fd8c2dc3000 ---p 00032000 08:06 1975001                    /usr/lib/x86_64-linux-gnu/libtxc_dxtn_s2tc.so.0.0.0
7fd8c2dc3000-7fd8c2dc4000 r--p 00031000 08:06 1975001                    /usr/lib/x86_64-linux-gnu/libtxc_dxtn_s2tc.so.0.0.0
7fd8c2dc4000-7fd8c2dc5000 rw-p 00032000 08:06 1975001                    /usr/lib/x86_64-linux-gnu/libtxc_dxtn_s2tc.so.0.0.0
7fd8c2dc5000-7fd8c2dc6000 ---p 00000000 00:00 0 
7fd8c2dc6000-7fd8c35c6000 rw-p 00000000 00:00 0                          [stack:4192]
7fd8c35c6000-7fd8c35c7000 ---p 00000000 00:00 0 
7fd8c35c7000-7fd8c3dc7000 rw-p 00000000 00:00 0                          [stack:4191]
7fd8c3dc7000-7fd8c3dc8000 ---p 00000000 00:00 0 
7fd8c3dc8000-7fd8c45c8000 rw-p 00000000 00:00 0                          [stack:4190]
7fd8c45c8000-7fd8c45c9000 ---p 00000000 00:00 0 
7fd8c45c9000-7fd8c4dc9000 rw-p 00000000 00:00 0                          [stack:4189]
7fd8c4dc9000-7fd8c4df0000 r-xp 00000000 08:06 2101149                    /lib/x86_64-linux-gnu/libexpat.so.1.6.0
7fd8c4df0000-7fd8c4ff0000 ---p 00027000 08:06 2101149                    /lib/x86_64-linux-gnu/libexpat.so.1.6.0
7fd8c4ff0000-7fd8c4ff2000 r--p 00027000 08:06 2101149                    /lib/x86_64-linux-gnu/libexpat.so.1.6.0
7fd8c4ff2000-7fd8c4ff3000 rw-p 00029000 08:06 2101149                    /lib/x86_64-linux-gnu/libexpat.so.1.6.0
7fd8c4ff3000-7fd8c5060000 r-xp 00000000 08:06 2492117                    /usr/lib/x86_64-linux-gnu/dri/swrast_dri.so
7fd8c5060000-7fd8c5260000 ---p 0006d000 08:06 2492117                    /usr/lib/x86_64-linux-gnu/dri/swrast_dri.so
7fd8c5260000-7fd8c5261000 r--p 0006d000 08:06 2492117                    /usr/lib/x86_64-linux-gnu/dri/swrast_dri.so
7fd8c5261000-7fd8c5262000 rw-p 0006e000 08:06 2492117                    /usr/lib/x86_64-linux-gnu/dri/swrast_dri.so
7fd8c5262000-7fd8c5269000 rw-p 00000000 00:00 0 
7fd8c5269000-7fd8c527e000 r-xp 00000000 08:06 2098090                    /lib/x86_64-linux-gnu/libgcc_s.so.1
7fd8c527e000-7fd8c547d000 ---p 00015000 08:06 2098090                    /lib/x86_64-linux-gnu/libgcc_s.so.1
7fd8c547d000-7fd8c547e000 r--p 00014000 08:06 2098090                    /lib/x86_64-linux-gnu/libgcc_s.so.1
7fd8c547e000-7fd8c547f000 rw-p 00015000 08:06 2098090                    /lib/x86_64-linux-gnu/libgcc_s.so.1
7fd8c547f000-7fd8c5565000 r-xp 00000000 08:06 1983501                    /usr/lib/x86_64-linux-gnu/libstdc++.so.6.0.18
7fd8c5565000-7fd8c5764000 ---p 000e6000 08:06 1983501                    /usr/lib/x86_64-linux-gnu/libstdc++.so.6.0.18
7fd8c5764000-7fd8c576c000 r--p 000e5000 08:06 1983501                    /usr/lib/x86_64-linux-gnu/libstdc++.so.6.0.18
7fd8c576c000-7fd8c576e000 rw-p 000ed000 08:06 1983501                    /usr/lib/x86_64-linux-gnu/libstdc++.so.6.0.18
7fd8c576e000-7fd8c5783000 rw-p 00000000 00:00 0 
7fd8c5783000-7fd8c6cc6000 r-xp 00000000 08:06 1974024                    /usr/lib/x86_64-linux-gnu/libLLVM-3.3.so.1
7fd8c6cc6000-7fd8c6cc7000 ---p 01543000 08:06 1974024                    /usr/lib/x86_64-linux-gnu/libLLVM-3.3.so.1
7fd8c6cc7000-7fd8c6ddc000 r--p 01543000 08:06 1974024                    /usr/lib/x86_64-linux-gnu/libLLVM-3.3.so.1
7fd8c6ddc000-7fd8c6dde000 rw-p 01658000 08:06 1974024                    /usr/lib/x86_64-linux-gnu/libLLVM-3.3.so.1
7fd8c6dde000-7fd8c6df1000 rw-p 00000000 00:00 0 
7fd8c6df1000-7fd8c6dfc000 r-xp 00000000 08:06 1968290                    /usr/lib/x86_64-linux-gnu/libdrm_radeon.so.1.0.1
7fd8c6dfc000-7fd8c6ffc000 ---p 0000b000 08:06 1968290                    /usr/lib/x86_64-linux-gnu/libdrm_radeon.so.1.0.1
7fd8c6ffc000-7fd8c6ffd000 r--p 0000b000 08:06 1968290                    /usr/lib/x86_64-linux-gnu/libdrm_radeon.so.1.0.1
7fd8c6ffd000-7fd8c6ffe000 rw-p 0000c000 08:06 1968290                    /usr/lib/x86_64-linux-gnu/libdrm_radeon.so.1.0.1
7fd8c6ffe000-7fd8c7013000 r-xp 00000000 08:06 1974373                    /usr/lib/x86_64-linux-gnu/libelf-0.157.so
7fd8c7013000-7fd8c7212000 ---p 00015000 08:06 1974373                    /usr/lib/x86_64-linux-gnu/libelf-0.157.so
7fd8c7212000-7fd8c7213000 r--p 00014000 08:06 1974373                    /usr/lib/x86_64-linux-gnu/libelf-0.157.so
7fd8c7213000-7fd8c7214000 rw-p 00015000 08:06 1974373                    /usr/lib/x86_64-linux-gnu/libelf-0.157.so
7fd8c7214000-7fd8c7219000 r-xp 00000000 08:06 1968294                    /usr/lib/x86_64-linux-gnu/libdrm_nouveau.so.2.0.0
7fd8c7219000-7fd8c7418000 ---p 00005000 08:06 1968294                    /usr/lib/x86_64-linux-gnu/libdrm_nouveau.so.2.0.0
7fd8c7418000-7fd8c7419000 r--p 00004000 08:06 1968294                    /usr/lib/x86_64-linux-gnu/libdrm_nouveau.so.2.0.0
7fd8c7419000-7fd8c741a000 rw-p 00005000 08:06 1968294                    /usr/lib/x86_64-linux-gnu/libdrm_nouveau.so.2.0.0
7fd8c741a000-7fd8c77d8000 r-xp 00000000 08:06 1974360                    /usr/lib/x86_64-linux-gnu/libdricore9.2.1.so.1.0.0
7fd8c77d8000-7fd8c79d7000 ---p 003be000 08:06 1974360                    /usr/lib/x86_64-linux-gnu/libdricore9.2.1.so.1.0.0
7fd8c79d7000-7fd8c79e7000 r--p 003bd000 08:06 1974360                    /usr/lib/x86_64-linux-gnu/libdricore9.2.1.so.1.0.0
7fd8c79e7000-7fd8c79ef000 rw-p 003cd000 08:06 1974360                    /usr/lib/x86_64-linux-gnu/libdricore9.2.1.so.1.0.0
7fd8c79ef000-7fd8c7a07000 rw-p 00000000 00:00 0 
7fd8c7a07000-7fd8c7c25000 r-xp 00000000 08:06 1974449                    /usr/lib/x86_64-linux-gnu/libgallium.so.0.0.0
7fd8c7c25000-7fd8c7e24000 ---p 0021e000 08:06 1974449                    /usr/lib/x86_64-linux-gnu/libgallium.so.0.0.0
7fd8c7e24000-7fd8c7e35000 r--p 0021d000 08:06 1974449                    /usr/lib/x86_64-linux-gnu/libgallium.so.0.0.0
7fd8c7e35000-7fd8c7e38000 rw-p 0022e000 08:06 1974449                    /usr/lib/x86_64-linux-gnu/libgallium.so.0.0.0
7fd8c7e38000-7fd8c8000000 rw-p 00000000 00:00 0 
7fd8c8000000-7fd8c84cf000 rw-p 00000000 00:00 0 
7fd8c84cf000-7fd8cc000000 ---p 00000000 00:00 0 
7fd8cc000000-7fd8cc02b000 rw-p 00000000 00:00 0 
7fd8cc02b000-7fd8d0000000 ---p 00000000 00:00 0 
7fd8d009b000-7fd8d019b000 rw-s 37d6a000 00:05 1917                       /dev/nvidia0
7fd8d019b000-7fd8d01a2000 r-xp 00000000 08:06 2493217                    /usr/lib/x86_64-linux-gnu/mesa-egl/libOpenVG.so.1.0.0
7fd8d01a2000-7fd8d03a1000 ---p 00007000 08:06 2493217                    /usr/lib/x86_64-linux-gnu/mesa-egl/libOpenVG.so.1.0.0
7fd8d03a1000-7fd8d03a2000 r--p 00006000 08:06 2493217                    /usr/lib/x86_64-linux-gnu/mesa-egl/libOpenVG.so.1.0.0
7fd8d03a2000-7fd8d03a3000 rw-p 00007000 08:06 2493217                    /usr/lib/x86_64-linux-gnu/mesa-egl/libOpenVG.so.1.0.0
7fd8d03a3000-7fd8d03a5000 rw-p 00000000 00:00 0 
7fd8d03a5000-7fd8d0713000 r-xp 00000000 08:06 2492119                    /usr/lib/x86_64-linux-gnu/egl/egl_gallium.so
7fd8d0713000-7fd8d0913000 ---p 0036e000 08:06 2492119                    /usr/lib/x86_64-linux-gnu/egl/egl_gallium.so
7fd8d0913000-7fd8d0944000 r--p 0036e000 08:06 2492119                    /usr/lib/x86_64-linux-gnu/egl/egl_gallium.so
7fd8d0944000-7fd8d094b000 rw-p 0039f000 08:06 2492119                    /usr/lib/x86_64-linux-gnu/egl/egl_gallium.so
7fd8d094b000-7fd8d0952000 rw-p 00000000 00:00 0 
7fd8d0952000-7fd8d0973000 r-xp 00000000 08:06 1974503                    /usr/lib/x86_64-linux-gnu/libglapi.so.0.0.0
7fd8d0973000-7fd8d0b73000 ---p 00021000 08:06 1974503                    /usr/lib/x86_64-linux-gnu/libglapi.so.0.0.0
7fd8d0b73000-7fd8d0b76000 r--p 00021000 08:06 1974503                    /usr/lib/x86_64-linux-gnu/libglapi.so.0.0.0
7fd8d0b76000-7fd8d0b77000 rw-p 00024000 08:06 1974503                    /usr/lib/x86_64-linux-gnu/libglapi.so.0.0.0
7fd8d0b77000-7fd8d0b78000 rw-p 00000000 00:00 0 
7fd8d0b78000-7fd8d0b7e000 r-xp 00000000 08:06 2491707                    /usr/lib/x86_64-linux-gnu/mesa-egl/libGLESv2.so.2.0.0
7fd8d0b7e000-7fd8d0d7e000 ---p 00006000 08:06 2491707                    /usr/lib/x86_64-linux-gnu/mesa-egl/libGLESv2.so.2.0.0
7fd8d0d7e000-7fd8d0d7f000 r--p 00006000 08:06 2491707                    /usr/lib/x86_64-linux-gnu/mesa-egl/libGLESv2.so.2.0.0
7fd8d0d7f000-7fd8d0d80000 rw-p 00007000 08:06 2491707                    /usr/lib/x86_64-linux-gnu/mesa-egl/libGLESv2.so.2.0.0
7fd8d0d80000-7fd8d0dc6000 r-xp 00000000 08:06 926480                     /tmp/jogamp_0000/file_cache/jln3466921462507721838/jln2378047914621001703/libjogl_mobile.so
7fd8d0dc6000-7fd8d0fc6000 ---p 00046000 08:06 926480                     /tmp/jogamp_0000/file_cache/jln3466921462507721838/jln2378047914621001703/libjogl_mobile.so
7fd8d0fc6000-7fd8d0fc7000 rw-p 00046000 08:06 926480                     /tmp/jogamp_0000/file_cache/jln3466921462507721838/jln2378047914621001703/libjogl_mobile.so
7fd8d0fc7000-7fd8d0fce000 r-xp 00000000 08:06 1974396                    /usr/lib/x86_64-linux-gnu/libffi.so.6.0.1
7fd8d0fce000-7fd8d11cd000 ---p 00007000 08:06 1974396                    /usr/lib/x86_64-linux-gnu/libffi.so.6.0.1
7fd8d11cd000-7fd8d11ce000 r--p 00006000 08:06 1974396                    /usr/lib/x86_64-linux-gnu/libffi.so.6.0.1
7fd8d11ce000-7fd8d11cf000 rw-p 00007000 08:06 1974396                    /usr/lib/x86_64-linux-gnu/libffi.so.6.0.1
7fd8d11cf000-7fd8d11da000 r-xp 00000000 08:06 1968288                    /usr/lib/x86_64-linux-gnu/libdrm.so.2.4.0
7fd8d11da000-7fd8d13d9000 ---p 0000b000 08:06 1968288                    /usr/lib/x86_64-linux-gnu/libdrm.so.2.4.0
7fd8d13d9000-7fd8d13da000 r--p 0000a000 08:06 1968288                    /usr/lib/x86_64-linux-gnu/libdrm.so.2.4.0
7fd8d13da000-7fd8d13db000 rw-p 0000b000 08:06 1968288                    /usr/lib/x86_64-linux-gnu/libdrm.so.2.4.0
7fd8d13db000-7fd8d13eb000 r-xp 00000000 08:06 2102041                    /lib/x86_64-linux-gnu/libudev.so.1.3.5
7fd8d13eb000-7fd8d15ea000 ---p 00010000 08:06 2102041                    /lib/x86_64-linux-gnu/libudev.so.1.3.5
7fd8d15ea000-7fd8d15eb000 r--p 0000f000 08:06 2102041                    /lib/x86_64-linux-gnu/libudev.so.1.3.5
7fd8d15eb000-7fd8d15ec000 rw-p 00010000 08:06 2102041                    /lib/x86_64-linux-gnu/libudev.so.1.3.5
7fd8d15ec000-7fd8d15f2000 r-xp 00000000 08:06 1974451                    /usr/lib/x86_64-linux-gnu/libgbm.so.1.0.0
7fd8d15f2000-7fd8d17f1000 ---p 00006000 08:06 1974451                    /usr/lib/x86_64-linux-gnu/libgbm.so.1.0.0
7fd8d17f1000-7fd8d17f2000 r--p 00005000 08:06 1974451                    /usr/lib/x86_64-linux-gnu/libgbm.so.1.0.0
7fd8d17f2000-7fd8d17f3000 rw-p 00006000 08:06 1974451                    /usr/lib/x86_64-linux-gnu/libgbm.so.1.0.0
7fd8d17f3000-7fd8d3359000 r-xp 00000000 08:06 1968209                    /usr/lib/libnvidia-glcore.so.331.20
7fd8d3359000-7fd8d3559000 ---p 01b66000 08:06 1968209                    /usr/lib/libnvidia-glcore.so.331.20
7fd8d3559000-7fd8d3fe4000 rwxp 01b66000 08:06 1968209                    /usr/lib/libnvidia-glcore.so.331.20
7fd8d3fe4000-7fd8d4000000 rwxp 00000000 00:00 0 
7fd8d4000000-7fd8d4021000 rw-p 00000000 00:00 0 
7fd8d4021000-7fd8d8000000 ---p 00000000 00:00 0 
7fd8d8000000-7fd8d8021000 rw-p 00000000 00:00 0 
7fd8d8021000-7fd8dc000000 ---p 00000000 00:00 0 
7fd8dc000000-7fd8dc758000 rw-p 00000000 00:00 0 
7fd8dc758000-7fd8e0000000 ---p 00000000 00:00 0 
7fd8e0000000-7fd8e0021000 rw-p 00000000 00:00 0 
7fd8e0021000-7fd8e4000000 ---p 00000000 00:00 0 
7fd8e4000000-7fd8e4021000 rw-p 00000000 00:00 0 
7fd8e4021000-7fd8e8000000 ---p 00000000 00:00 0 
7fd8e8000000-7fd8e8021000 rw-p 00000000 00:00 0 
7fd8e8021000-7fd8ec000000 ---p 00000000 00:00 0 
7fd8ec000000-7fd8ec1d4000 rw-p 00000000 00:00 0 
7fd8ec1d4000-7fd8f0000000 ---p 00000000 00:00 0 
7fd8f0000000-7fd8f0021000 rw-p 00000000 00:00 0 
7fd8f0021000-7fd8f4000000 ---p 00000000 00:00 0 
7fd8f4000000-7fd8f4021000 rw-p 00000000 00:00 0 
7fd8f4021000-7fd8f8000000 ---p 00000000 00:00 0 
7fd8f8000000-7fd8f8113000 rw-p 00000000 00:00 0 
7fd8f8113000-7fd8fc000000 ---p 00000000 00:00 0 
7fd8fc000000-7fd8fc021000 rw-p 00000000 00:00 0 
7fd8fc021000-7fd900000000 ---p 00000000 00:00 0 
7fd900000000-7fd900021000 rw-p 00000000 00:00 0 
7fd900021000-7fd904000000 ---p 00000000 00:00 0 
7fd904000000-7fd904021000 rw-p 00000000 00:00 0 
7fd904021000-7fd908000000 ---p 00000000 00:00 0 
7fd908000000-7fd908021000 rw-p 00000000 00:00 0 
7fd908021000-7fd90c000000 ---p 00000000 00:00 0 
7fd90c000000-7fd90c021000 rw-p 00000000 00:00 0 
7fd90c021000-7fd910000000 ---p 00000000 00:00 0 
7fd910055000-7fd910075000 rw-s d80e0000 00:05 1917                       /dev/nvidia0
7fd910075000-7fd9100b5000 rw-s 37c3e000 00:05 1917                       /dev/nvidia0
7fd9100b5000-7fd9100f5000 rw-s 37c9b000 00:05 1917                       /dev/nvidia0
7fd9100f5000-7fd910104000 r-xp 00000000 08:06 1975059                    /usr/lib/x86_64-linux-gnu/libwayland-server.so.0.0.0
7fd910104000-7fd910303000 ---p 0000f000 08:06 1975059                    /usr/lib/x86_64-linux-gnu/libwayland-server.so.0.0.0
7fd910303000-7fd910305000 r--p 0000e000 08:06 1975059                    /usr/lib/x86_64-linux-gnu/libwayland-server.so.0.0.0
7fd910305000-7fd910306000 rw-p 00010000 08:06 1975059                    /usr/lib/x86_64-linux-gnu/libwayland-server.so.0.0.0
7fd910306000-7fd910310000 r-xp 00000000 08:06 1975055                    /usr/lib/x86_64-linux-gnu/libwayland-client.so.0.1.0
7fd910310000-7fd91050f000 ---p 0000a000 08:06 1975055                    /usr/lib/x86_64-linux-gnu/libwayland-client.so.0.1.0
7fd91050f000-7fd910511000 r--p 00009000 08:06 1975055                    /usr/lib/x86_64-linux-gnu/libwayland-client.so.0.1.0
7fd910511000-7fd910512000 rw-p 0000b000 08:06 1975055                    /usr/lib/x86_64-linux-gnu/libwayland-client.so.0.1.0
7fd910512000-7fd910517000 r-xp 00000000 08:06 1975098                    /usr/lib/x86_64-linux-gnu/libxcb-xfixes.so.0.0.0
7fd910517000-7fd910717000 ---p 00005000 08:06 1975098                    /usr/lib/x86_64-linux-gnu/libxcb-xfixes.so.0.0.0
7fd910717000-7fd910718000 r--p 00005000 08:06 1975098                    /usr/lib/x86_64-linux-gnu/libxcb-xfixes.so.0.0.0
7fd910718000-7fd910719000 rw-p 00006000 08:06 1975098                    /usr/lib/x86_64-linux-gnu/libxcb-xfixes.so.0.0.0
7fd910719000-7fd91071c000 r-xp 00000000 08:06 1975074                    /usr/lib/x86_64-linux-gnu/libxcb-dri2.so.0.0.0
7fd91071c000-7fd91091c000 ---p 00003000 08:06 1975074                    /usr/lib/x86_64-linux-gnu/libxcb-dri2.so.0.0.0
7fd91091c000-7fd91091d000 r--p 00003000 08:06 1975074                    /usr/lib/x86_64-linux-gnu/libxcb-dri2.so.0.0.0
7fd91091d000-7fd91091e000 rw-p 00004000 08:06 1975074                    /usr/lib/x86_64-linux-gnu/libxcb-dri2.so.0.0.0
7fd91091e000-7fd91091f000 r-xp 00000000 08:06 1974142                    /usr/lib/x86_64-linux-gnu/libX11-xcb.so.1.0.0
7fd91091f000-7fd910b1e000 ---p 00001000 08:06 1974142                    /usr/lib/x86_64-linux-gnu/libX11-xcb.so.1.0.0
7fd910b1e000-7fd910b1f000 r--p 00000000 08:06 1974142                    /usr/lib/x86_64-linux-gnu/libX11-xcb.so.1.0.0
7fd910b1f000-7fd910b20000 rw-p 00001000 08:06 1974142                    /usr/lib/x86_64-linux-gnu/libX11-xcb.so.1.0.0
7fd910b20000-7fd910b41000 r-xp 00000000 08:06 2493215                    /usr/lib/x86_64-linux-gnu/mesa-egl/libEGL.so.1.0.0
7fd910b41000-7fd910d41000 ---p 00021000 08:06 2493215                    /usr/lib/x86_64-linux-gnu/mesa-egl/libEGL.so.1.0.0
7fd910d41000-7fd910d42000 r--p 00021000 08:06 2493215                    /usr/lib/x86_64-linux-gnu/mesa-egl/libEGL.so.1.0.0
7fd910d42000-7fd910d43000 rw-p 00022000 08:06 2493215                    /usr/lib/x86_64-linux-gnu/mesa-egl/libEGL.so.1.0.0
7fd910d43000-7fd910d46000 ---p 00000000 00:00 0 
7fd910d46000-7fd910e44000 rw-p 00000000 00:00 0                          [stack:4188]
7fd910e44000-7fd910eec000 r-xp 00000000 08:06 926479                     /tmp/jogamp_0000/file_cache/jln3466921462507721838/jln2378047914621001703/libjogl_desktop.so
7fd910eec000-7fd9110eb000 ---p 000a8000 08:06 926479                     /tmp/jogamp_0000/file_cache/jln3466921462507721838/jln2378047914621001703/libjogl_desktop.so
7fd9110eb000-7fd9110ec000 rw-p 000a7000 08:06 926479                     /tmp/jogamp_0000/file_cache/jln3466921462507721838/jln2378047914621001703/libjogl_desktop.so
7fd9110ec000-7fd9110ef000 r-xp 00000000 08:06 1970226                    /usr/lib/tls/libnvidia-tls.so.331.20
7fd9110ef000-7fd9112ee000 ---p 00003000 08:06 1970226                    /usr/lib/tls/libnvidia-tls.so.331.20
7fd9112ee000-7fd9112ef000 rw-p 00002000 08:06 1970226                    /usr/lib/tls/libnvidia-tls.so.331.20
7fd9112ef000-7fd9113cc000 r-xp 00000000 08:06 1970222                    /usr/lib/libGL.so.331.20
7fd9113cc000-7fd9115cb000 ---p 000dd000 08:06 1970222                    /usr/lib/libGL.so.331.20
7fd9115cb000-7fd91160b000 rwxp 000dc000 08:06 1970222                    /usr/lib/libGL.so.331.20
7fd91160b000-7fd911622000 rwxp 00000000 00:00 0 
7fd911622000-7fd911629000 r-xp 00000000 08:06 926482                     /tmp/jogamp_0000/file_cache/jln3466921462507721838/jln2378047914621001703/libnativewindow_x11.so
7fd911629000-7fd911828000 ---p 00007000 08:06 926482                     /tmp/jogamp_0000/file_cache/jln3466921462507721838/jln2378047914621001703/libnativewindow_x11.so
7fd911828000-7fd911829000 rw-p 00006000 08:06 926482                     /tmp/jogamp_0000/file_cache/jln3466921462507721838/jln2378047914621001703/libnativewindow_x11.so
7fd911829000-7fd91182c000 ---p 00000000 00:00 0 
7fd91182c000-7fd91192a000 rw-p 00000000 00:00 0                          [stack:4187]
7fd91192a000-7fd91192d000 ---p 00000000 00:00 0 
7fd91192d000-7fd911a2b000 rw-p 00000000 00:00 0                          [stack:4186]
7fd911a2b000-7fd911a2f000 r-xp 00000000 08:06 1974193                    /usr/lib/x86_64-linux-gnu/libXxf86vm.so.1.0.0
7fd911a2f000-7fd911c2f000 ---p 00004000 08:06 1974193                    /usr/lib/x86_64-linux-gnu/libXxf86vm.so.1.0.0
7fd911c2f000-7fd911c30000 r--p 00004000 08:06 1974193                    /usr/lib/x86_64-linux-gnu/libXxf86vm.so.1.0.0
7fd911c30000-7fd911c31000 rw-p 00005000 08:06 1974193                    /usr/lib/x86_64-linux-gnu/libXxf86vm.so.1.0.0
7fd911c31000-7fd911c33000 r-xp 00000000 08:06 926481                     /tmp/jogamp_0000/file_cache/jln3466921462507721838/jln2378047914621001703/libnativewindow_awt.so
7fd911c33000-7fd911e32000 ---p 00002000 08:06 926481                     /tmp/jogamp_0000/file_cache/jln3466921462507721838/jln2378047914621001703/libnativewindow_awt.so
7fd911e32000-7fd911e33000 rw-p 00001000 08:06 926481                     /tmp/jogamp_0000/file_cache/jln3466921462507721838/jln2378047914621001703/libnativewindow_awt.so
7fd911e33000-7fd911e34000 r-xp 00000000 08:06 1988898                    /usr/lib/jvm/java-7-oracle/jre/lib/amd64/libjawt.so
7fd911e34000-7fd912033000 ---p 00001000 08:06 1988898                    /usr/lib/jvm/java-7-oracle/jre/lib/amd64/libjawt.so
7fd912033000-7fd912034000 rw-p 00000000 08:06 1988898                    /usr/lib/jvm/java-7-oracle/jre/lib/amd64/libjawt.so
7fd912034000-7fd912037000 ---p 00000000 00:00 0 
7fd912037000-7fd912135000 rw-p 00000000 00:00 0                          [stack:4185]
7fd912135000-7fd91213a000 r-xp 00000000 08:06 1974163                    /usr/lib/x86_64-linux-gnu/libXfixes.so.3.1.0
7fd91213a000-7fd912339000 ---p 00005000 08:06 1974163                    /usr/lib/x86_64-linux-gnu/libXfixes.so.3.1.0
7fd912339000-7fd91233a000 r--p 00004000 08:06 1974163                    /usr/lib/x86_64-linux-gnu/libXfixes.so.3.1.0
7fd91233a000-7fd91233b000 rw-p 00005000 08:06 1974163                    /usr/lib/x86_64-linux-gnu/libXfixes.so.3.1.0
7fd91233b000-7fd912344000 r-xp 00000000 08:06 1974155                    /usr/lib/x86_64-linux-gnu/libXcursor.so.1.0.2
7fd912344000-7fd912543000 ---p 00009000 08:06 1974155                    /usr/lib/x86_64-linux-gnu/libXcursor.so.1.0.2
7fd912543000-7fd912544000 r--p 00008000 08:06 1974155                    /usr/lib/x86_64-linux-gnu/libXcursor.so.1.0.2
7fd912544000-7fd912545000 rw-p 00009000 08:06 1974155                    /usr/lib/x86_64-linux-gnu/libXcursor.so.1.0.2
7fd912545000-7fd912548000 ---p 00000000 00:00 0 
7fd912548000-7fd912646000 rw-p 00000000 00:00 0                          [stack:4184]
7fd912646000-7fd91264b000 r-xp 00000000 08:06 1974159                    /usr/lib/x86_64-linux-gnu/libXdmcp.so.6.0.0
7fd91264b000-7fd91284a000 ---p 00005000 08:06 1974159                    /usr/lib/x86_64-linux-gnu/libXdmcp.so.6.0.0
7fd91284a000-7fd91284b000 r--p 00004000 08:06 1974159                    /usr/lib/x86_64-linux-gnu/libXdmcp.so.6.0.0
7fd91284b000-7fd91284c000 rw-p 00005000 08:06 1974159                    /usr/lib/x86_64-linux-gnu/libXdmcp.so.6.0.0
7fd91284c000-7fd91284e000 r-xp 00000000 08:06 1974148                    /usr/lib/x86_64-linux-gnu/libXau.so.6.0.0
7fd91284e000-7fd912a4e000 ---p 00002000 08:06 1974148                    /usr/lib/x86_64-linux-gnu/libXau.so.6.0.0
7fd912a4e000-7fd912a4f000 r--p 00002000 08:06 1974148                    /usr/lib/x86_64-linux-gnu/libXau.so.6.0.0
7fd912a4f000-7fd912a50000 rw-p 00003000 08:06 1974148                    /usr/lib/x86_64-linux-gnu/libXau.so.6.0.0
7fd912a50000-7fd912a6d000 r-xp 00000000 08:06 1975100                    /usr/lib/x86_64-linux-gnu/libxcb.so.1.1.0
7fd912a6d000-7fd912c6c000 ---p 0001d000 08:06 1975100                    /usr/lib/x86_64-linux-gnu/libxcb.so.1.1.0
7fd912c6c000-7fd912c6d000 r--p 0001c000 08:06 1975100                    /usr/lib/x86_64-linux-gnu/libxcb.so.1.1.0
7fd912c6d000-7fd912c6e000 rw-p 0001d000 08:06 1975100                    /usr/lib/x86_64-linux-gnu/libxcb.so.1.1.0
7fd912c6e000-7fd912c7d000 r-xp 00000000 08:06 1974169                    /usr/lib/x86_64-linux-gnu/libXi.so.6.1.0
7fd912c7d000-7fd912e7c000 ---p 0000f000 08:06 1974169                    /usr/lib/x86_64-linux-gnu/libXi.so.6.1.0
7fd912e7c000-7fd912e7d000 r--p 0000e000 08:06 1974169                    /usr/lib/x86_64-linux-gnu/libXi.so.6.1.0
7fd912e7d000-7fd912e7e000 rw-p 0000f000 08:06 1974169                    /usr/lib/x86_64-linux-gnu/libXi.so.6.1.0
7fd912e7e000-7fd912e83000 r-xp 00000000 08:06 1974187                    /usr/lib/x86_64-linux-gnu/libXtst.so.6.1.0
7fd912e83000-7fd913082000 ---p 00005000 08:06 1974187                    /usr/lib/x86_64-linux-gnu/libXtst.so.6.1.0
7fd913082000-7fd913083000 r--p 00004000 08:06 1974187                    /usr/lib/x86_64-linux-gnu/libXtst.so.6.1.0
7fd913083000-7fd913084000 rw-p 00005000 08:06 1974187                    /usr/lib/x86_64-linux-gnu/libXtst.so.6.1.0
7fd913084000-7fd91308d000 r-xp 00000000 08:06 1974183                    /usr/lib/x86_64-linux-gnu/libXrender.so.1.3.0
7fd91308d000-7fd91328c000 ---p 00009000 08:06 1974183                    /usr/lib/x86_64-linux-gnu/libXrender.so.1.3.0
7fd91328c000-7fd91328d000 r--p 00008000 08:06 1974183                    /usr/lib/x86_64-linux-gnu/libXrender.so.1.3.0
7fd91328d000-7fd91328e000 rw-p 00009000 08:06 1974183                    /usr/lib/x86_64-linux-gnu/libXrender.so.1.3.0
7fd91328e000-7fd9133be000 r-xp 00000000 08:06 1974144                    /usr/lib/x86_64-linux-gnu/libX11.so.6.3.0
7fd9133be000-7fd9135be000 ---p 00130000 08:06 1974144                    /usr/lib/x86_64-linux-gnu/libX11.so.6.3.0
7fd9135be000-7fd9135bf000 r--p 00130000 08:06 1974144                    /usr/lib/x86_64-linux-gnu/libX11.so.6.3.0
7fd9135bf000-7fd9135c3000 rw-p 00131000 08:06 1974144                    /usr/lib/x86_64-linux-gnu/libX11.so.6.3.0
7fd9135c3000-7fd9135d4000 r-xp 00000000 08:06 1974161                    /usr/lib/x86_64-linux-gnu/libXext.so.6.4.0
7fd9135d4000-7fd9137d3000 ---p 00011000 08:06 1974161                    /usr/lib/x86_64-linux-gnu/libXext.so.6.4.0
7fd9137d3000-7fd9137d4000 r--p 00010000 08:06 1974161                    /usr/lib/x86_64-linux-gnu/libXext.so.6.4.0
7fd9137d4000-7fd9137d5000 rw-p 00011000 08:06 1974161                    /usr/lib/x86_64-linux-gnu/libXext.so.6.4.0
7fd9137d5000-7fd913825000 r-xp 00000000 08:06 1988922                    /usr/lib/jvm/java-7-oracle/jre/lib/amd64/xawt/libmawt.so
7fd913825000-7fd913a25000 ---p 00050000 08:06 1988922                    /usr/lib/jvm/java-7-oracle/jre/lib/amd64/xawt/libmawt.so
7fd913a25000-7fd913a29000 rw-p 00050000 08:06 1988922                    /usr/lib/jvm/java-7-oracle/jre/lib/amd64/xawt/libmawt.so
7fd913a29000-7fd913a2a000 rw-p 00000000 00:00 0 
7fd913a2a000-7fd913acc000 r-xp 00000000 08:06 1988855                    /usr/lib/jvm/java-7-oracle/jre/lib/amd64/libawt.so
7fd913acc000-7fd913ccc000 ---p 000a2000 08:06 1988855                    /usr/lib/jvm/java-7-oracle/jre/lib/amd64/libawt.so
7fd913ccc000-7fd913cd8000 rw-p 000a2000 08:06 1988855                    /usr/lib/jvm/java-7-oracle/jre/lib/amd64/libawt.so
7fd913cd8000-7fd913cfc000 rw-p 00000000 00:00 0 
7fd913cfc000-7fd913cfe000 r-xp 00000000 08:06 926478                     /tmp/jogamp_0000/file_cache/jln3466921462507721838/jln2378047914621001703/libgluegen-rt.so
7fd913cfe000-7fd913efe000 ---p 00002000 08:06 926478                     /tmp/jogamp_0000/file_cache/jln3466921462507721838/jln2378047914621001703/libgluegen-rt.so
7fd913efe000-7fd913eff000 rw-p 00002000 08:06 926478                     /tmp/jogamp_0000/file_cache/jln3466921462507721838/jln2378047914621001703/libgluegen-rt.so
7fd913eff000-7fd913f02000 ---p 00000000 00:00 0 
7fd913f02000-7fd914000000 rw-p 00000000 00:00 0 
7fd914000000-7fd914021000 rw-p 00000000 00:00 0 
7fd914021000-7fd918000000 ---p 00000000 00:00 0 
7fd918002000-7fd918022000 rw-s 37cbb000 00:05 1917                       /dev/nvidia0
7fd918022000-7fd918042000 rw-s 21ebf000 00:05 1917                       /dev/nvidia0
7fd918042000-7fd9180d6000 rw-s ba38b000 00:05 1917                       /dev/nvidia0
7fd9180d6000-7fd9180e6000 r-xp 00000000 08:06 1988923                    /usr/lib/jvm/java-7-oracle/jre/lib/amd64/libnio.so
7fd9180e6000-7fd9182e6000 ---p 00010000 08:06 1988923                    /usr/lib/jvm/java-7-oracle/jre/lib/amd64/libnio.so
7fd9182e6000-7fd9182e7000 rw-p 00010000 08:06 1988923                    /usr/lib/jvm/java-7-oracle/jre/lib/amd64/libnio.so
7fd9182e7000-7fd918318000 rw-p 00000000 00:00 0 
7fd918318000-7fd91832e000 r-xp 00000000 08:06 1988916                    /usr/lib/jvm/java-7-oracle/jre/lib/amd64/libnet.so
7fd91832e000-7fd91852e000 ---p 00016000 08:06 1988916                    /usr/lib/jvm/java-7-oracle/jre/lib/amd64/libnet.so
7fd91852e000-7fd91852f000 rw-p 00016000 08:06 1988916                    /usr/lib/jvm/java-7-oracle/jre/lib/amd64/libnet.so
7fd91852f000-7fd918532000 ---p 00000000 00:00 0 
7fd918532000-7fd918568000 rw-p 00000000 00:00 0                          [stack:4178]
7fd918568000-7fd91858a000 r--s 002ce000 08:06 4068195                    /home/elect/Downloads/jogamp-all-platforms/jar/jogl-all.jar
7fd91858a000-7fd91858b000 ---p 00000000 00:00 0 
7fd91858b000-7fd91868b000 rw-p 00000000 00:00 0                          [stack:4174]
7fd91868b000-7fd91868e000 ---p 00000000 00:00 0 
7fd91868e000-7fd91878c000 rw-p 00000000 00:00 0                          [stack:4173]
7fd91878c000-7fd91878f000 ---p 00000000 00:00 0 
7fd91878f000-7fd91888d000 rw-p 00000000 00:00 0                          [stack:4172]
7fd91888d000-7fd918890000 ---p 00000000 00:00 0 
7fd918890000-7fd91898e000 rw-p 00000000 00:00 0                          [stack:4171]
7fd91898e000-7fd918991000 ---p 00000000 00:00 0 
7fd918991000-7fd918a8f000 rw-p 00000000 00:00 0                          [stack:4170]
7fd918a8f000-7fd919172000 r--p 00000000 08:06 1973080                    /usr/lib/locale/locale-archive
7fd919172000-7fd919175000 ---p 00000000 00:00 0 
7fd919175000-7fd919273000 rw-p 00000000 00:00 0                          [stack:4169]
7fd919273000-7fd919276000 ---p 00000000 00:00 0 
7fd919276000-7fd919374000 rw-p 00000000 00:00 0                          [stack:4168]
7fd919374000-7fd919375000 ---p 00000000 00:00 0 
7fd919375000-7fd91c000000 rw-p 00000000 00:00 0                          [stack:4167]
7fd91c000000-7fd91c021000 rw-p 00000000 00:00 0 
7fd91c021000-7fd920000000 ---p 00000000 00:00 0 
7fd92000b000-7fd920012000 rw-s 37fbc000 00:05 1917                       /dev/nvidia0
7fd920012000-7fd920013000 rw-s 37fbb000 00:05 1917                       /dev/nvidia0
7fd920013000-7fd9205e7000 rw-p 00000000 00:00 0 
7fd9205e7000-7fd9207a4000 r--s 039bf000 08:06 1989547                    /usr/lib/jvm/java-7-oracle/jre/lib/rt.jar
7fd9207a4000-7fd920ab3000 rw-p 00000000 00:00 0 
7fd920ab3000-7fd920ab4000 ---p 00000000 00:00 0 
7fd920ab4000-7fd920bb4000 rw-p 00000000 00:00 0                          [stack:4166]
7fd920bb4000-7fd920bb5000 ---p 00000000 00:00 0 
7fd920bb5000-7fd920cb5000 rw-p 00000000 00:00 0                          [stack:4165]
7fd920cb5000-7fd920cb6000 ---p 00000000 00:00 0 
7fd920cb6000-7fd920db6000 rw-p 00000000 00:00 0                          [stack:4164]
7fd920db6000-7fd920db7000 ---p 00000000 00:00 0 
7fd920db7000-7fd920ecc000 rw-p 00000000 00:00 0                          [stack:4163]
7fd920ecc000-7fd921000000 rw-p 00000000 00:00 0 
7fd921000000-7fd921270000 rwxp 00000000 00:00 0 
7fd921270000-7fd924832000 rw-p 00000000 00:00 0 
7fd924832000-7fd928000000 ---p 00000000 00:00 0 
7fd928000000-7fd928001000 rw-s dfd61000 00:05 1917                       /dev/nvidia0
7fd928001000-7fd928002000 rw-s dfd61000 00:05 1917                       /dev/nvidia0
7fd928002000-7fd928003000 rw-s fa641000 00:05 1917                       /dev/nvidia0
7fd928003000-7fd928004000 rw-s b58c8000 00:05 1917                       /dev/nvidia0
7fd928004000-7fd928005000 rw-s 21d15000 00:05 1917                       /dev/nvidia0
7fd928011000-7fd928013000 rw-p 00000000 00:00 0 
7fd928013000-7fd928015000 rw-s 00000000 08:06 3805554                    /tmp/gl5trg4H (deleted)
7fd928015000-7fd92801c000 rw-s 37d59000 00:05 1917                       /dev/nvidia0
7fd92801c000-7fd928027000 rw-p 00000000 00:00 0 
7fd928027000-7fd928045000 rw-p 00000000 00:00 0 
7fd928045000-7fd928050000 rw-p 00000000 00:00 0 
7fd928050000-7fd92806e000 rw-p 00000000 00:00 0 
7fd92806e000-7fd928083000 rw-p 00000000 00:00 0 
7fd928083000-7fd9281b6000 rw-p 00000000 00:00 0 
7fd9281b6000-7fd9281c1000 rw-p 00000000 00:00 0 
7fd9281c1000-7fd92825b000 rw-p 00000000 00:00 0 
7fd92825b000-7fd92825c000 rw-p 00000000 00:00 0 
7fd92825c000-7fd928276000 r-xp 00000000 08:06 1988866                    /usr/lib/jvm/java-7-oracle/jre/lib/amd64/libzip.so
7fd928276000-7fd928476000 ---p 0001a000 08:06 1988866                    /usr/lib/jvm/java-7-oracle/jre/lib/amd64/libzip.so
7fd928476000-7fd928477000 rw-p 0001a000 08:06 1988866                    /usr/lib/jvm/java-7-oracle/jre/lib/amd64/libzip.so
7fd928477000-7fd928483000 r-xp 00000000 08:06 2101205                    /lib/x86_64-linux-gnu/libnss_files-2.17.so
7fd928483000-7fd928682000 ---p 0000c000 08:06 2101205                    /lib/x86_64-linux-gnu/libnss_files-2.17.so
7fd928682000-7fd928683000 r--p 0000b000 08:06 2101205                    /lib/x86_64-linux-gnu/libnss_files-2.17.so
7fd928683000-7fd928684000 rw-p 0000c000 08:06 2101205                    /lib/x86_64-linux-gnu/libnss_files-2.17.so
7fd928684000-7fd92868f000 r-xp 00000000 08:06 2101209                    /lib/x86_64-linux-gnu/libnss_nis-2.17.so
7fd92868f000-7fd92888e000 ---p 0000b000 08:06 2101209                    /lib/x86_64-linux-gnu/libnss_nis-2.17.so
7fd92888e000-7fd92888f000 r--p 0000a000 08:06 2101209                    /lib/x86_64-linux-gnu/libnss_nis-2.17.so
7fd92888f000-7fd928890000 rw-p 0000b000 08:06 2101209                    /lib/x86_64-linux-gnu/libnss_nis-2.17.so
7fd928890000-7fd9288a7000 r-xp 00000000 08:06 2101199                    /lib/x86_64-linux-gnu/libnsl-2.17.so
7fd9288a7000-7fd928aa6000 ---p 00017000 08:06 2101199                    /lib/x86_64-linux-gnu/libnsl-2.17.so
7fd928aa6000-7fd928aa7000 r--p 00016000 08:06 2101199                    /lib/x86_64-linux-gnu/libnsl-2.17.so
7fd928aa7000-7fd928aa8000 rw-p 00017000 08:06 2101199                    /lib/x86_64-linux-gnu/libnsl-2.17.so
7fd928aa8000-7fd928aaa000 rw-p 00000000 00:00 0 
7fd928aaa000-7fd928ab2000 r-xp 00000000 08:06 2101201                    /lib/x86_64-linux-gnu/libnss_compat-2.17.so
7fd928ab2000-7fd928cb1000 ---p 00008000 08:06 2101201                    /lib/x86_64-linux-gnu/libnss_compat-2.17.so
7fd928cb1000-7fd928cb2000 r--p 00007000 08:06 2101201                    /lib/x86_64-linux-gnu/libnss_compat-2.17.so
7fd928cb2000-7fd928cb3000 rw-p 00008000 08:06 2101201                    /lib/x86_64-linux-gnu/libnss_compat-2.17.so
7fd928cb3000-7fd928cdc000 r-xp 00000000 08:06 1988920                    /usr/lib/jvm/java-7-oracle/jre/lib/amd64/libjava.so
7fd928cdc000-7fd928edc000 ---p 00029000 08:06 1988920                    /usr/lib/jvm/java-7-oracle/jre/lib/amd64/libjava.so
7fd928edc000-7fd928ede000 rw-p 00029000 08:06 1988920                    /usr/lib/jvm/java-7-oracle/jre/lib/amd64/libjava.so
7fd928ede000-7fd928eeb000 r-xp 00000000 08:06 1988852                    /usr/lib/jvm/java-7-oracle/jre/lib/amd64/libverify.so
7fd928eeb000-7fd9290ea000 ---p 0000d000 08:06 1988852                    /usr/lib/jvm/java-7-oracle/jre/lib/amd64/libverify.so
7fd9290ea000-7fd9290ec000 rw-p 0000c000 08:06 1988852                    /usr/lib/jvm/java-7-oracle/jre/lib/amd64/libverify.so
7fd9290ec000-7fd9290f3000 r-xp 00000000 08:06 2101252                    /lib/x86_64-linux-gnu/librt-2.17.so
7fd9290f3000-7fd9292f2000 ---p 00007000 08:06 2101252                    /lib/x86_64-linux-gnu/librt-2.17.so
7fd9292f2000-7fd9292f3000 r--p 00006000 08:06 2101252                    /lib/x86_64-linux-gnu/librt-2.17.so
7fd9292f3000-7fd9292f4000 rw-p 00007000 08:06 2101252                    /lib/x86_64-linux-gnu/librt-2.17.so
7fd9292f4000-7fd9293f7000 r-xp 00000000 08:06 2101180                    /lib/x86_64-linux-gnu/libm-2.17.so
7fd9293f7000-7fd9295f6000 ---p 00103000 08:06 2101180                    /lib/x86_64-linux-gnu/libm-2.17.so
7fd9295f6000-7fd9295f7000 r--p 00102000 08:06 2101180                    /lib/x86_64-linux-gnu/libm-2.17.so
7fd9295f7000-7fd9295f8000 rw-p 00103000 08:06 2101180                    /lib/x86_64-linux-gnu/libm-2.17.so
7fd9295f8000-7fd92a15a000 r-xp 00000000 08:06 1988912                    /usr/lib/jvm/java-7-oracle/jre/lib/amd64/server/libjvm.so
7fd92a15a000-7fd92a35a000 ---p 00b62000 08:06 1988912                    /usr/lib/jvm/java-7-oracle/jre/lib/amd64/server/libjvm.so
7fd92a35a000-7fd92a41d000 rw-p 00b62000 08:06 1988912                    /usr/lib/jvm/java-7-oracle/jre/lib/amd64/server/libjvm.so
7fd92a41d000-7fd92a45e000 rw-p 00000000 00:00 0 
7fd92a45e000-7fd92a61b000 r-xp 00000000 08:06 2101129                    /lib/x86_64-linux-gnu/libc-2.17.so
7fd92a61b000-7fd92a81b000 ---p 001bd000 08:06 2101129                    /lib/x86_64-linux-gnu/libc-2.17.so
7fd92a81b000-7fd92a81f000 r--p 001bd000 08:06 2101129                    /lib/x86_64-linux-gnu/libc-2.17.so
7fd92a81f000-7fd92a821000 rw-p 001c1000 08:06 2101129                    /lib/x86_64-linux-gnu/libc-2.17.so
7fd92a821000-7fd92a826000 rw-p 00000000 00:00 0 
7fd92a826000-7fd92a829000 r-xp 00000000 08:06 2101144                    /lib/x86_64-linux-gnu/libdl-2.17.so
7fd92a829000-7fd92aa28000 ---p 00003000 08:06 2101144                    /lib/x86_64-linux-gnu/libdl-2.17.so
7fd92aa28000-7fd92aa29000 r--p 00002000 08:06 2101144                    /lib/x86_64-linux-gnu/libdl-2.17.so
7fd92aa29000-7fd92aa2a000 rw-p 00003000 08:06 2101144                    /lib/x86_64-linux-gnu/libdl-2.17.so
7fd92aa2a000-7fd92aa40000 r-xp 00000000 08:06 2110336                    /usr/lib/jvm/java-7-oracle/lib/amd64/jli/libjli.so
7fd92aa40000-7fd92ac40000 ---p 00016000 08:06 2110336                    /usr/lib/jvm/java-7-oracle/lib/amd64/jli/libjli.so
7fd92ac40000-7fd92ac41000 rw-p 00016000 08:06 2110336                    /usr/lib/jvm/java-7-oracle/lib/amd64/jli/libjli.so
7fd92ac41000-7fd92ac58000 r-xp 00000000 08:06 2101244                    /lib/x86_64-linux-gnu/libpthread-2.17.so
7fd92ac58000-7fd92ae58000 ---p 00017000 08:06 2101244                    /lib/x86_64-linux-gnu/libpthread-2.17.so
7fd92ae58000-7fd92ae59000 r--p 00017000 08:06 2101244                    /lib/x86_64-linux-gnu/libpthread-2.17.so
7fd92ae59000-7fd92ae5a000 rw-p 00018000 08:06 2101244                    /lib/x86_64-linux-gnu/libpthread-2.17.so
7fd92ae5a000-7fd92ae5e000 rw-p 00000000 00:00 0 
7fd92ae5e000-7fd92ae81000 r-xp 00000000 08:06 2101105                    /lib/x86_64-linux-gnu/ld-2.17.so
7fd92ae81000-7fd92ae82000 rw-p 00000000 00:00 0 
7fd92ae82000-7fd92ae83000 rw-s 37d58000 00:05 1917                       /dev/nvidia0
7fd92ae83000-7fd92ae87000 rw-s 386b6000 00:05 1917                       /dev/nvidia0
7fd92ae87000-7fd92ae88000 rw-s dfd61000 00:05 1917                       /dev/nvidia0
7fd92ae88000-7fd92aea7000 rw-p 00000000 00:00 0 
7fd92aea7000-7fd92af5d000 rw-p 00000000 00:00 0 
7fd92af5d000-7fd92af60000 ---p 00000000 00:00 0 
7fd92af60000-7fd92b062000 rw-p 00000000 00:00 0                          [stack:4162]
7fd92b062000-7fd92b063000 rw-s dfd60000 00:05 1917                       /dev/nvidia0
7fd92b063000-7fd92b064000 rw-s fa641000 00:05 1917                       /dev/nvidia0
7fd92b064000-7fd92b065000 rw-s b58c8000 00:05 1917                       /dev/nvidia0
7fd92b065000-7fd92b066000 rw-s 802d3000 00:05 1917                       /dev/nvidia0
7fd92b066000-7fd92b067000 rw-s fa060000 00:05 1917                       /dev/nvidia0
7fd92b067000-7fd92b068000 rwxp 00000000 00:00 0 
7fd92b068000-7fd92b069000 r--s 00031000 08:06 4068185                    /home/elect/Downloads/jogamp-all-platforms/jar/jogl-all-natives-linux-amd64.jar
7fd92b069000-7fd92b06a000 r--s 00000000 08:06 4068143                    /home/elect/Downloads/jogamp-all-platforms/jar/gluegen-rt-natives-linux-amd64.jar
7fd92b06a000-7fd92b06b000 r--p 00000000 00:00 0 
7fd92b06b000-7fd92b06f000 r--s 0008a000 08:06 1988734                    /usr/lib/jvm/java-7-oracle/jre/lib/jsse.jar
7fd92b06f000-7fd92b074000 r--s 0003e000 08:06 4068152                    /home/elect/Downloads/jogamp-all-platforms/jar/gluegen-rt.jar
7fd92b074000-7fd92b07c000 rw-s 00000000 08:06 4068213                    /tmp/hsperfdata_elect/4158
7fd92b07c000-7fd92b07d000 rw-p 00000000 00:00 0 
7fd92b07d000-7fd92b07e000 r--p 00000000 00:00 0 
7fd92b07e000-7fd92b080000 rw-p 00000000 00:00 0 
7fd92b080000-7fd92b081000 r--p 00022000 08:06 2101105                    /lib/x86_64-linux-gnu/ld-2.17.so
7fd92b081000-7fd92b083000 rw-p 00023000 08:06 2101105                    /lib/x86_64-linux-gnu/ld-2.17.so
7fffec8e1000-7fffec902000 rw-p 00000000 00:00 0                          [stack]
7fffec9fe000-7fffeca00000 r-xp 00000000 00:00 0                          [vdso]
ffffffffff600000-ffffffffff601000 r-xp 00000000 00:00 0                  [vsyscall]

VM Arguments:
jvm_args: -Dfile.encoding=UTF-8 
java_command: ogldevtutorials.tutorial04.Tutorial04
Launcher Type: SUN_STANDARD

Environment Variables:
PATH=/usr/lib/lightdm/lightdm:/usr/local/sbin:/usr/local/bin:/usr/sbin:/usr/bin:/sbin:/bin:/usr/games:/usr/local/games
LD_LIBRARY_PATH=/usr/lib/jvm/java-7-oracle/jre/lib/amd64:/usr/lib/jvm/java-7-oracle/jre/lib/i386:
SHELL=/bin/bash
DISPLAY=:0

Signal Handlers:
SIGSEGV: [libjvm.so+0x993870], sa_mask[0]=0x7ffbfeff, sa_flags=0x10000004
SIGBUS: [libjvm.so+0x993870], sa_mask[0]=0x7ffbfeff, sa_flags=0x10000004
SIGFPE: [libjvm.so+0x8105b0], sa_mask[0]=0x7ffbfeff, sa_flags=0x10000004
SIGPIPE: [libjvm.so+0x8105b0], sa_mask[0]=0x7ffbfeff, sa_flags=0x10000004
SIGXFSZ: [libjvm.so+0x8105b0], sa_mask[0]=0x7ffbfeff, sa_flags=0x10000004
SIGILL: [libjvm.so+0x8105b0], sa_mask[0]=0x7ffbfeff, sa_flags=0x10000004
SIGUSR1: SIG_DFL, sa_mask[0]=0x00000000, sa_flags=0x00000000
SIGUSR2: [libjvm.so+0x811aa0], sa_mask[0]=0x00000004, sa_flags=0x10000004
SIGHUP: [libjvm.so+0x812a10], sa_mask[0]=0x7ffbfeff, sa_flags=0x10000004
SIGINT: SIG_IGN, sa_mask[0]=0x00000000, sa_flags=0x00000000
SIGTERM: [libjvm.so+0x812a10], sa_mask[0]=0x7ffbfeff, sa_flags=0x10000004
SIGQUIT: [libjvm.so+0x812a10], sa_mask[0]=0x7ffbfeff, sa_flags=0x10000004


---------------  S Y S T E M  ---------------

OS:wheezy/sid

uname:Linux 3.11.0-13-generic #20-Ubuntu SMP Wed Oct 23 07:38:26 UTC 2013 x86_64
libc:glibc 2.17 NPTL 2.17 
rlimit: STACK 8192k, CORE 0k, NPROC 31383, NOFILE 4096, AS infinity
load average:0,42 0,54 0,67

/proc/meminfo:
MemTotal:        4037260 kB
MemFree:          363404 kB
Buffers:           73568 kB
Cached:          1561784 kB
SwapCached:            0 kB
Active:          2250468 kB
Inactive:        1190504 kB
Active(anon):    1794684 kB
Inactive(anon):    29328 kB
Active(file):     455784 kB
Inactive(file):  1161176 kB
Unevictable:          32 kB
Mlocked:              32 kB
SwapTotal:        123900 kB
SwapFree:         123900 kB
Dirty:              2324 kB
Writeback:             0 kB
AnonPages:       1805744 kB
Mapped:           240832 kB
Shmem:             18392 kB
Slab:              94144 kB
SReclaimable:      62668 kB
SUnreclaim:        31476 kB
KernelStack:        4248 kB
PageTables:        30904 kB
NFS_Unstable:          0 kB
Bounce:                0 kB
WritebackTmp:          0 kB
CommitLimit:     2142528 kB
Committed_AS:    5183500 kB
VmallocTotal:   34359738367 kB
VmallocUsed:      321704 kB
VmallocChunk:   34359413116 kB
HardwareCorrupted:     0 kB
AnonHugePages:         0 kB
HugePages_Total:       0
HugePages_Free:        0
HugePages_Rsvd:        0
HugePages_Surp:        0
Hugepagesize:       2048 kB
DirectMap4k:      165312 kB
DirectMap2M:     4020224 kB


CPU:total 4 (4 cores per cpu, 1 threads per core) family 6 model 30 stepping 5, cmov, cx8, fxsr, mmx, sse, sse2, sse3, ssse3, sse4.1, sse4.2, popcnt, tsc, tscinvbit

/proc/cpuinfo:
processor	: 0
vendor_id	: GenuineIntel
cpu family	: 6
model		: 30
model name	: Intel(R) Core(TM) i5 CPU         750  @ 2.67GHz
stepping	: 5
microcode	: 0x3
cpu MHz		: 1200.000
cache size	: 8192 KB
physical id	: 0
siblings	: 4
core id		: 0
cpu cores	: 4
apicid		: 0
initial apicid	: 0
fpu		: yes
fpu_exception	: yes
cpuid level	: 11
wp		: yes
flags		: fpu vme de pse tsc msr pae mce cx8 apic sep mtrr pge mca cmov pat pse36 clflush dts acpi mmx fxsr sse sse2 ss ht tm pbe syscall nx rdtscp lm constant_tsc arch_perfmon pebs bts rep_good nopl xtopology nonstop_tsc aperfmperf pni dtes64 monitor ds_cpl vmx smx est tm2 ssse3 cx16 xtpr pdcm sse4_1 sse4_2 popcnt lahf_lm ida dtherm tpr_shadow vnmi flexpriority ept vpid
bogomips	: 5352.23
clflush size	: 64
cache_alignment	: 64
address sizes	: 36 bits physical, 48 bits virtual
power management:

processor	: 1
vendor_id	: GenuineIntel
cpu family	: 6
model		: 30
model name	: Intel(R) Core(TM) i5 CPU         750  @ 2.67GHz
stepping	: 5
microcode	: 0x3
cpu MHz		: 1200.000
cache size	: 8192 KB
physical id	: 0
siblings	: 4
core id		: 1
cpu cores	: 4
apicid		: 2
initial apicid	: 2
fpu		: yes
fpu_exception	: yes
cpuid level	: 11
wp		: yes
flags		: fpu vme de pse tsc msr pae mce cx8 apic sep mtrr pge mca cmov pat pse36 clflush dts acpi mmx fxsr sse sse2 ss ht tm pbe syscall nx rdtscp lm constant_tsc arch_perfmon pebs bts rep_good nopl xtopology nonstop_tsc aperfmperf pni dtes64 monitor ds_cpl vmx smx est tm2 ssse3 cx16 xtpr pdcm sse4_1 sse4_2 popcnt lahf_lm ida dtherm tpr_shadow vnmi flexpriority ept vpid
bogomips	: 5352.23
clflush size	: 64
cache_alignment	: 64
address sizes	: 36 bits physical, 48 bits virtual
power management:

processor	: 2
vendor_id	: GenuineIntel
cpu family	: 6
model		: 30
model name	: Intel(R) Core(TM) i5 CPU         750  @ 2.67GHz
stepping	: 5
microcode	: 0x3
cpu MHz		: 2668.000
cache size	: 8192 KB
physical id	: 0
siblings	: 4
core id		: 2
cpu cores	: 4
apicid		: 4
initial apicid	: 4
fpu		: yes
fpu_exception	: yes
cpuid level	: 11
wp		: yes
flags		: fpu vme de pse tsc msr pae mce cx8 apic sep mtrr pge mca cmov pat pse36 clflush dts acpi mmx fxsr sse sse2 ss ht tm pbe syscall nx rdtscp lm constant_tsc arch_perfmon pebs bts rep_good nopl xtopology nonstop_tsc aperfmperf pni dtes64 monitor ds_cpl vmx smx est tm2 ssse3 cx16 xtpr pdcm sse4_1 sse4_2 popcnt lahf_lm ida dtherm tpr_shadow vnmi flexpriority ept vpid
bogomips	: 5352.23
clflush size	: 64
cache_alignment	: 64
address sizes	: 36 bits physical, 48 bits virtual
power management:

processor	: 3
vendor_id	: GenuineIntel
cpu family	: 6
model		: 30
model name	: Intel(R) Core(TM) i5 CPU         750  @ 2.67GHz
stepping	: 5
microcode	: 0x3
cpu MHz		: 2668.000
cache size	: 8192 KB
physical id	: 0
siblings	: 4
core id		: 3
cpu cores	: 4
apicid		: 6
initial apicid	: 6
fpu		: yes
fpu_exception	: yes
cpuid level	: 11
wp		: yes
flags		: fpu vme de pse tsc msr pae mce cx8 apic sep mtrr pge mca cmov pat pse36 clflush dts acpi mmx fxsr sse sse2 ss ht tm pbe syscall nx rdtscp lm constant_tsc arch_perfmon pebs bts rep_good nopl xtopology nonstop_tsc aperfmperf pni dtes64 monitor ds_cpl vmx smx est tm2 ssse3 cx16 xtpr pdcm sse4_1 sse4_2 popcnt lahf_lm ida dtherm tpr_shadow vnmi flexpriority ept vpid
bogomips	: 5352.23
clflush size	: 64
cache_alignment	: 64
address sizes	: 36 bits physical, 48 bits virtual
power management:



Memory: 4k page, physical 4037260k(363404k free), swap 123900k(123900k free)

vm_info: Java HotSpot(TM) 64-Bit Server VM (24.51-b03) for linux-amd64 JRE (1.7.0_51-b13), built on Dec 18 2013 18:48:01 by "java_re" with gcc 4.3.0 20080428 (Red Hat 4.3.0-8)

time: Sat Feb  8 11:24:06 2014
elapsed time: 2 seconds

