#
# A fatal error has been detected by the Java Runtime Environment:
#
#  SIGSEGV (0xb) at pc=0x00007fdf8f443736, pid=4357, tid=140598164023040
#
# JRE version: Java(TM) SE Runtime Environment (7.0_51-b13) (build 1.7.0_51-b13)
# Java VM: Java HotSpot(TM) 64-Bit Server VM (24.51-b03 mixed mode linux-amd64 compressed oops)
# Problematic frame:
# C  [libGL.so.1+0x87736]  glXCreateNewContext+0x4956
#
# Failed to write core dump. Core dumps have been disabled. To enable core dumping, try "ulimit -c unlimited" before starting Java again
#
# If you would like to submit a bug report, please visit:
#   http://bugreport.sun.com/bugreport/crash.jsp
# The crash happened outside the Java Virtual Machine in native code.
# See problematic frame for where to report the bug.
#

---------------  T H R E A D  ---------------

Current thread (0x00007fdfa021e000):  JavaThread "AWT-EventQueue-0" [_thread_in_native, id=4386, stack(0x00007fdf8f8f6000,0x00007fdf8f9f7000)]

siginfo:si_signo=SIGSEGV: si_errno=0, si_code=1 (SEGV_MAPERR), si_addr=0x0000000000000068

Registers:
RAX=0x0000000000000000, RBX=0x00007fdfa0557050, RCX=0x00007fdfa0000030, RDX=0x0000000000000000
RSP=0x00007fdf8f9f30c0, RBP=0x00007fdfa054be50, RSI=0x00007fdfa054be58, RDI=0x00007fdfa0557050
R8 =0x0000000000000000, R9 =0x0000000000000000, R10=0x0000000000000000, R11=0x00007fdfa87a4720
R12=0x00007fdfa0557050, R13=0x00000000bdbebe40, R14=0x00007fdf8f9f31e0, R15=0x00007fdfa021e000
RIP=0x00007fdf8f443736, EFLAGS=0x0000000000010246, CSGSFS=0x0000000000000033, ERR=0x0000000000000004
  TRAPNO=0x000000000000000e

Top of Stack: (sp=0x00007fdf8f9f30c0)
0x00007fdf8f9f30c0:   00007fdfa0557050 00007fdfa0557050
0x00007fdf8f9f30d0:   00007fdfa054be50 0000000000000080
0x00007fdf8f9f30e0:   00000000bdbebe40 00007fdf8f9f31e0
0x00007fdf8f9f30f0:   00007fdfa021e000 00007fdf9544c4f2
0x00007fdf8f9f3100:   00000000bdbebe40 00007fdf8f9f3150
0x00007fdf8f9f3110:   0000000000000000 00007fdf8f6f3232
0x00007fdf8f9f3120:   00007fdfa021e000 00007fdfa0557050
0x00007fdf8f9f3130:   00007fdf8f9f31c8 00007fdfa021e1e8
0x00007fdf8f9f3140:   0000000000000000 00007fdfa0557050
0x00007fdf8f9f3150:   00007fdf8f9f31b8 00007fdf9d012738
0x00007fdf8f9f3160:   00007fdf8f9f3160 0000000000000001
0x00007fdf8f9f3170:   0000000000000000 00007fdf8f9f3178
0x00007fdf8f9f3180:   0000000000000000 00007fdf8f9f31e0
0x00007fdf8f9f3190:   00000000bdbec438 0000000000000000
0x00007fdf8f9f31a0:   00000000bdbebe40 0000000000000000
0x00007fdf8f9f31b0:   00007fdf8f9f31d8 00007fdf8f9f3228
0x00007fdf8f9f31c0:   00007fdf9d0061d4 00000000ec86d8f8
0x00007fdf8f9f31d0:   00007fdf9d00ecd6 00007fdfa0557050
0x00007fdf8f9f31e0:   0000000000000000 00007fdf8f9f31e8
0x00007fdf8f9f31f0:   00000000bdbe2ef3 00007fdf8f9f3250
0x00007fdf8f9f3200:   00000000bdbe3b80 0000000000000000
0x00007fdf8f9f3210:   00000000bdbe2f28 00007fdf8f9f31d8
0x00007fdf8f9f3220:   00007fdf8f9f3248 00007fdf8f9f32a8
0x00007fdf8f9f3230:   00007fdf9d0061d4 0000000000000000
0x00007fdf8f9f3240:   00000000ffffffff 00007fdfa0557050
0x00007fdf8f9f3250:   00000000ebaf3568 0000000000000009
0x00007fdf8f9f3260:   00000000ec856fd8 00007fdf8f9f3258
0x00007fdf8f9f3270:   00000000bdbe28ff 00007fdf8f9f32d8
0x00007fdf8f9f3280:   00000000bdbe3b80 0000000000000000
0x00007fdf8f9f3290:   00000000bdbe29a8 00007fdf8f9f3248
0x00007fdf8f9f32a0:   00007fdf8f9f32d0 00007fdf8f9f3320
0x00007fdf8f9f32b0:   00007fdf9d006058 0000000000000000 

Instructions: (pc=0x00007fdf8f443736)
0x00007fdf8f443716:   66 2e 0f 1f 84 00 00 00 00 00 41 57 41 56 41 55
0x00007fdf8f443726:   41 54 49 89 fc 55 53 48 83 ec 08 e8 2a bd ff ff
0x00007fdf8f443736:   4c 39 60 68 0f 84 32 02 00 00 4c 8b 2d 29 ec 26
0x00007fdf8f443746:   00 41 8b 85 38 08 00 00 ff c0 41 89 85 38 08 00 

Register to memory mapping:

RAX=0x0000000000000000 is an unknown value
RBX=0x00007fdfa0557050 is an unknown value
RCX=0x00007fdfa0000030 is an unknown value
RDX=0x0000000000000000 is an unknown value
RSP=0x00007fdf8f9f30c0 is pointing into the stack for thread: 0x00007fdfa021e000
RBP=0x00007fdfa054be50 is an unknown value
RSI=0x00007fdfa054be58 is an unknown value
RDI=0x00007fdfa0557050 is an unknown value
R8 =0x0000000000000000 is an unknown value
R9 =0x0000000000000000 is an unknown value
R10=0x0000000000000000 is an unknown value
R11=0x00007fdfa87a4720: <offset 0x18d720> in /lib/x86_64-linux-gnu/libc.so.6 at 0x00007fdfa8617000
R12=0x00007fdfa0557050 is an unknown value
R13=0x00000000bdbebe40 is an oop
{method} 
 - klass: {other class}
R14=0x00007fdf8f9f31e0 is pointing into the stack for thread: 0x00007fdfa021e000
R15=0x00007fdfa021e000 is a thread


Stack: [0x00007fdf8f8f6000,0x00007fdf8f9f7000],  sp=0x00007fdf8f9f30c0,  free space=1012k
Native frames: (J=compiled Java code, j=interpreted, Vv=VM code, C=native code)
C  [libGL.so.1+0x87736]  glXCreateNewContext+0x4956

Java frames: (J=compiled Java code, j=interpreted, Vv=VM code)
j  jogamp.nativewindow.x11.X11Lib.XCloseDisplay(J)I+0
j  jogamp.nativewindow.x11.X11Util.XCloseDisplay(J)I+43
j  jogamp.nativewindow.x11.X11Util.closeDisplay(J)V+199
j  com.jogamp.nativewindow.x11.X11GraphicsDevice.close()Z+60
j  jogamp.newt.awt.NewtFactoryAWT.destroyNativeWindow(Lcom/jogamp/nativewindow/awt/JAWTWindow;)V+20
j  com.jogamp.newt.awt.NewtCanvasAWT.destroyImpl(ZZ)V+306
j  com.jogamp.newt.awt.NewtCanvasAWT.removeNotify()V+77
j  java.awt.Container.removeNotify()V+47
j  java.awt.Window.removeNotify()V+32
j  java.awt.Frame.removeNotify()V+51
j  java.awt.Window$1DisposeAction.run()V+146
j  java.awt.Window.doDispose()V+16
j  java.awt.Window.dispose()V+1
j  ogldevtutorials.tutorial04.Tutorial04$1.windowClosing(Ljava/awt/event/WindowEvent;)V+14
j  java.awt.AWTEventMulticaster.windowClosing(Ljava/awt/event/WindowEvent;)V+8
j  java.awt.AWTEventMulticaster.windowClosing(Ljava/awt/event/WindowEvent;)V+8
j  java.awt.Window.processWindowEvent(Ljava/awt/event/WindowEvent;)V+68
j  java.awt.Window.processEvent(Ljava/awt/AWTEvent;)V+69
j  java.awt.Component.dispatchEventImpl(Ljava/awt/AWTEvent;)V+581
j  java.awt.Container.dispatchEventImpl(Ljava/awt/AWTEvent;)V+42
j  java.awt.Window.dispatchEventImpl(Ljava/awt/AWTEvent;)V+19
j  java.awt.Component.dispatchEvent(Ljava/awt/AWTEvent;)V+2
j  java.awt.EventQueue.dispatchEventImpl(Ljava/awt/AWTEvent;Ljava/lang/Object;)V+41
j  java.awt.EventQueue.access$200(Ljava/awt/EventQueue;Ljava/awt/AWTEvent;Ljava/lang/Object;)V+3
j  java.awt.EventQueue$3.run()Ljava/lang/Void;+12
j  java.awt.EventQueue$3.run()Ljava/lang/Object;+1
v  ~StubRoutines::call_stub
j  java.security.AccessController.doPrivileged(Ljava/security/PrivilegedAction;Ljava/security/AccessControlContext;)Ljava/lang/Object;+0
j  java.security.ProtectionDomain$1.doIntersectionPrivilege(Ljava/security/PrivilegedAction;Ljava/security/AccessControlContext;Ljava/security/AccessControlContext;)Ljava/lang/Object;+28
j  java.security.ProtectionDomain$1.doIntersectionPrivilege(Ljava/security/PrivilegedAction;Ljava/security/AccessControlContext;)Ljava/lang/Object;+6
j  java.awt.EventQueue$4.run()Ljava/lang/Void;+11
j  java.awt.EventQueue$4.run()Ljava/lang/Object;+1
v  ~StubRoutines::call_stub
j  java.security.AccessController.doPrivileged(Ljava/security/PrivilegedAction;Ljava/security/AccessControlContext;)Ljava/lang/Object;+0
j  java.security.ProtectionDomain$1.doIntersectionPrivilege(Ljava/security/PrivilegedAction;Ljava/security/AccessControlContext;Ljava/security/AccessControlContext;)Ljava/lang/Object;+28
j  java.awt.EventQueue.dispatchEvent(Ljava/awt/AWTEvent;)V+73
j  java.awt.EventDispatchThread.pumpOneEventForFilters(I)V+245
j  java.awt.EventDispatchThread.pumpEventsForFilter(ILjava/awt/Conditional;Ljava/awt/EventFilter;)V+35
j  java.awt.EventDispatchThread.pumpEventsForHierarchy(ILjava/awt/Conditional;Ljava/awt/Component;)V+11
j  java.awt.EventDispatchThread.pumpEvents(ILjava/awt/Conditional;)V+4
j  java.awt.EventDispatchThread.pumpEvents(Ljava/awt/Conditional;)V+3
j  java.awt.EventDispatchThread.run()V+9
v  ~StubRoutines::call_stub

---------------  P R O C E S S  ---------------

Java Threads: ( => current thread )
  0x00007fdf48010000 JavaThread "main-Display-.x11_:0-1-EDT-2" daemon [_thread_blocked, id=4393, stack(0x00007fdf3fd35000,0x00007fdf3fe36000)]
  0x00007fdfa000a000 JavaThread "DestroyJavaVM" [_thread_blocked, id=4361, stack(0x00007fdfa9116000,0x00007fdfa9217000)]
  0x00007fdfa025b000 JavaThread "main-SharedResourceRunner" daemon [_thread_blocked, id=4387, stack(0x00007fdf8c603000,0x00007fdf8c704000)]
=>0x00007fdfa021e000 JavaThread "AWT-EventQueue-0" [_thread_in_native, id=4386, stack(0x00007fdf8f8f6000,0x00007fdf8f9f7000)]
  0x00007fdfa020e000 JavaThread "AWT-Shutdown" [_thread_blocked, id=4385, stack(0x00007fdf940d7000,0x00007fdf941d8000)]
  0x00007fdfa0207000 JavaThread "AWT-XAWT" daemon [_thread_in_native, id=4384, stack(0x00007fdf941d8000,0x00007fdf942d9000)]
  0x00007fdfa01e6800 JavaThread "Java2D Disposer" daemon [_thread_blocked, id=4383, stack(0x00007fdf946e9000,0x00007fdf947ea000)]
  0x00007fdfa016e800 JavaThread "process reaper" daemon [_thread_blocked, id=4377, stack(0x00007fdfa405b000,0x00007fdfa4094000)]
  0x00007fdfa0097000 JavaThread "Service Thread" daemon [_thread_blocked, id=4372, stack(0x00007fdfa40b6000,0x00007fdfa41b7000)]
  0x00007fdfa0095000 JavaThread "C2 CompilerThread1" daemon [_thread_blocked, id=4371, stack(0x00007fdfa41b7000,0x00007fdfa42b8000)]
  0x00007fdfa0092000 JavaThread "C2 CompilerThread0" daemon [_thread_blocked, id=4370, stack(0x00007fdfa42b8000,0x00007fdfa43b9000)]
  0x00007fdfa0087800 JavaThread "Signal Dispatcher" daemon [_thread_blocked, id=4369, stack(0x00007fdfa43b9000,0x00007fdfa44ba000)]
  0x00007fdfa006f800 JavaThread "Finalizer" daemon [_thread_blocked, id=4368, stack(0x00007fdfa44ba000,0x00007fdfa45bb000)]
  0x00007fdfa006c000 JavaThread "Reference Handler" daemon [_thread_blocked, id=4367, stack(0x00007fdfa45bb000,0x00007fdfa46bc000)]

Other Threads:
  0x00007fdfa0069800 VMThread [stack: 0x00007fdfa46bc000,0x00007fdfa47bd000] [id=4366]
  0x00007fdfa00a1800 WatcherThread [stack: 0x00007fdf9c81c000,0x00007fdf9c91d000] [id=4373]

VM state:not at safepoint (normal execution)

VM Mutex/Monitor currently owned by a thread: None

Heap
 PSYoungGen      total 18432K, used 7810K [0x00000000eb700000, 0x00000000ecb80000, 0x0000000100000000)
  eden space 15872K, 33% used [0x00000000eb700000,0x00000000ebc28430,0x00000000ec680000)
  from space 2560K, 98% used [0x00000000ec680000,0x00000000ec8f8750,0x00000000ec900000)
  to   space 2560K, 0% used [0x00000000ec900000,0x00000000ec900000,0x00000000ecb80000)
 ParOldGen       total 41984K, used 2143K [0x00000000c2600000, 0x00000000c4f00000, 0x00000000eb700000)
  object space 41984K, 5% used [0x00000000c2600000,0x00000000c2817c50,0x00000000c4f00000)
 PSPermGen       total 21504K, used 14729K [0x00000000bd400000, 0x00000000be900000, 0x00000000c2600000)
  object space 21504K, 68% used [0x00000000bd400000,0x00000000be2624c0,0x00000000be900000)

Card table byte_map: [0x00007fdfa61fe000,0x00007fdfa6415000] byte_map_base: 0x00007fdfa5c14000

Polling page: 0x00007fdfa9236000

Code Cache  [0x00007fdf9d000000, 0x00007fdf9d270000, 0x00007fdfa0000000)
 total_blobs=842 nmethods=44 adapters=752 free_code_cache=48367Kb largest_free_block=49512128

Compilation events (10 events):
Event: 0,755 Thread 0x00007fdfa0095000   40             java.nio.Buffer::checkIndex (22 bytes)
Event: 0,755 Thread 0x00007fdfa0095000 nmethod 40 0x00007fdf9d0b9310 code [0x00007fdf9d0b9440, 0x00007fdf9d0b94b8]
Event: 0,757 Thread 0x00007fdfa0092000   41             java.nio.HeapByteBuffer::ix (7 bytes)
Event: 0,758 Thread 0x00007fdfa0092000 nmethod 41 0x00007fdf9d0b9110 code [0x00007fdf9d0b9240, 0x00007fdf9d0b9298]
Event: 0,763 Thread 0x00007fdfa0095000   42             sun.misc.MetaIndex::mayContain (51 bytes)
Event: 0,767 Thread 0x00007fdfa0095000 nmethod 42 0x00007fdf9d0b5950 code [0x00007fdf9d0b5aa0, 0x00007fdf9d0b5cf8]
Event: 0,810 Thread 0x00007fdfa0092000   43             sun.java2d.loops.GraphicsPrimitive::getUniqueID (5 bytes)
Event: 0,810 Thread 0x00007fdfa0092000 nmethod 43 0x00007fdf9d0c4cd0 code [0x00007fdf9d0c4e00, 0x00007fdf9d0c4e58]
Event: 2,599 Thread 0x00007fdfa0095000   44             java.lang.Enum::ordinal (5 bytes)
Event: 2,600 Thread 0x00007fdfa0095000 nmethod 44 0x00007fdf9d0c7f50 code [0x00007fdf9d0c8080, 0x00007fdf9d0c80d8]

GC Heap History (2 events):
Event: 0,687 GC heap before
{Heap before GC invocations=1 (full 0):
 PSYoungGen      total 18432K, used 15872K [0x00000000eb700000, 0x00000000ecb80000, 0x0000000100000000)
  eden space 15872K, 100% used [0x00000000eb700000,0x00000000ec680000,0x00000000ec680000)
  from space 2560K, 0% used [0x00000000ec900000,0x00000000ec900000,0x00000000ecb80000)
  to   space 2560K, 0% used [0x00000000ec680000,0x00000000ec680000,0x00000000ec900000)
 ParOldGen       total 41984K, used 0K [0x00000000c2600000, 0x00000000c4f00000, 0x00000000eb700000)
  object space 41984K, 0% used [0x00000000c2600000,0x00000000c2600000,0x00000000c4f00000)
 PSPermGen       total 21504K, used 11467K [0x00000000bd400000, 0x00000000be900000, 0x00000000c2600000)
  object space 21504K, 53% used [0x00000000bd400000,0x00000000bdf32c50,0x00000000be900000)
Event: 0,693 GC heap after
Heap after GC invocations=1 (full 0):
 PSYoungGen      total 18432K, used 2529K [0x00000000eb700000, 0x00000000ecb80000, 0x0000000100000000)
  eden space 15872K, 0% used [0x00000000eb700000,0x00000000eb700000,0x00000000ec680000)
  from space 2560K, 98% used [0x00000000ec680000,0x00000000ec8f8750,0x00000000ec900000)
  to   space 2560K, 0% used [0x00000000ec900000,0x00000000ec900000,0x00000000ecb80000)
 ParOldGen       total 41984K, used 2143K [0x00000000c2600000, 0x00000000c4f00000, 0x00000000eb700000)
  object space 41984K, 5% used [0x00000000c2600000,0x00000000c2817c50,0x00000000c4f00000)
 PSPermGen       total 21504K, used 11467K [0x00000000bd400000, 0x00000000be900000, 0x00000000c2600000)
  object space 21504K, 53% used [0x00000000bd400000,0x00000000bdf32c50,0x00000000be900000)
}

Deoptimization events (6 events):
Event: 0,196 Thread 0x00007fdfa000a000 Uncommon trap: reason=null_check action=make_not_entrant pc=0x00007fdf9d069618 method=java.lang.String.equals(Ljava/lang/Object;)Z @ 8
Event: 0,642 Thread 0x00007fdfa025b000 Uncommon trap: reason=unreached action=reinterpret pc=0x00007fdf9d0a8d58 method=java.lang.Class.searchFields([Ljava/lang/reflect/Field;Ljava/lang/String;)Ljava/lang/reflect/Field; @ 23
Event: 0,709 Thread 0x00007fdfa000a000 Uncommon trap: reason=bimorphic action=maybe_recompile pc=0x00007fdf9d0b0d20 method=java.util.HashMap.getEntry(Ljava/lang/Object;)Ljava/util/HashMap$Entry; @ 68
Event: 0,709 Thread 0x00007fdfa000a000 Uncommon trap: reason=bimorphic action=maybe_recompile pc=0x00007fdf9d0b0d20 method=java.util.HashMap.getEntry(Ljava/lang/Object;)Ljava/util/HashMap$Entry; @ 68
Event: 0,709 Thread 0x00007fdfa000a000 Uncommon trap: reason=bimorphic action=maybe_recompile pc=0x00007fdf9d0b0d20 method=java.util.HashMap.getEntry(Ljava/lang/Object;)Ljava/util/HashMap$Entry; @ 68
Event: 0,709 Thread 0x00007fdfa000a000 Uncommon trap: reason=bimorphic action=maybe_recompile pc=0x00007fdf9d0b0d20 method=java.util.HashMap.getEntry(Ljava/lang/Object;)Ljava/util/HashMap$Entry; @ 68

Internal exceptions (10 events):
Event: 1,070 Thread 0x00007fdfa000a000 Threw 0x00000000ebb54320 at /HUDSON/workspace/7u-2-build-linux-amd64@2/jdk7u51/527/hotspot/src/share/vm/prims/jvm.cpp:1244
Event: 1,087 Thread 0x00007fdfa021e000 Threw 0x00000000ebb24bf0 at /HUDSON/workspace/7u-2-build-linux-amd64@2/jdk7u51/527/hotspot/src/share/vm/prims/jvm.cpp:1244
Event: 1,088 Thread 0x00007fdfa021e000 Threw 0x00000000ebb275a0 at /HUDSON/workspace/7u-2-build-linux-amd64@2/jdk7u51/527/hotspot/src/share/vm/prims/jvm.cpp:1244
Event: 1,255 Thread 0x00007fdfa021e000 Threw 0x00000000ebb30870 at /HUDSON/workspace/7u-2-build-linux-amd64@2/jdk7u51/527/hotspot/src/share/vm/prims/jni.cpp:743
Event: 1,263 Thread 0x00007fdfa0537800 Threw 0x00000000ebbebdd0 at /HUDSON/workspace/7u-2-build-linux-amd64@2/jdk7u51/527/hotspot/src/share/vm/prims/jvm.cpp:1244
Event: 1,282 Thread 0x00007fdfa021e000 Threw 0x00000000ebb34700 at /HUDSON/workspace/7u-2-build-linux-amd64@2/jdk7u51/527/hotspot/src/share/vm/prims/jvm.cpp:1244
Event: 2,588 Thread 0x00007fdfa0537800 Threw 0x00000000ebc03320 at /HUDSON/workspace/7u-2-build-linux-amd64@2/jdk7u51/527/hotspot/src/share/vm/prims/jvm.cpp:1244
Event: 2,593 Thread 0x00007fdf48010000 Threw 0x00000000ebc147e0 at /HUDSON/workspace/7u-2-build-linux-amd64@2/jdk7u51/527/hotspot/src/share/vm/runtime/reflection.cpp:1030
Event: 2,594 Thread 0x00007fdf48010000 Threw 0x00000000ebc14c90 at /HUDSON/workspace/7u-2-build-linux-amd64@2/jdk7u51/527/hotspot/src/share/vm/runtime/reflection.cpp:1030
Event: 2,594 Thread 0x00007fdfa021e000 Threw 0x00000000ebb380f0 at /HUDSON/workspace/7u-2-build-linux-amd64@2/jdk7u51/527/hotspot/src/share/vm/prims/jvm.cpp:1244

Events (10 events):
Event: 2,587 loading class 0x00007fdfa07029f0
Event: 2,588 loading class 0x00007fdfa07029f0 done
Event: 2,590 Thread 0x00007fdfa0537800 Thread exited: 0x00007fdfa0537800
Event: 2,590 loading class 0x00007fdf7401d340
Event: 2,591 loading class 0x00007fdf7401d340 done
Event: 2,591 loading class 0x00007fdf7409da60
Event: 2,591 loading class 0x00007fdf7409da60 done
Event: 2,592 Thread 0x00007fdf48010000 Thread added: 0x00007fdf48010000
Event: 2,594 loading class 0x00007fdfa056f220
Event: 2,594 loading class 0x00007fdfa056f220 done


Dynamic libraries:
00400000-00401000 r-xp 00000000 08:06 1989570                            /usr/lib/jvm/java-7-oracle/bin/java
00600000-00601000 rw-p 00000000 08:06 1989570                            /usr/lib/jvm/java-7-oracle/bin/java
021d9000-021fa000 rw-p 00000000 00:00 0                                  [heap]
4141c000-4141e000 r-xs 00000000 08:06 3805557                            /tmp/gllJS2Uh (deleted)
41d85000-41e23000 rw-p 00000000 00:00 0 
bd400000-be900000 rw-p 00000000 00:00 0 
be900000-c2600000 rw-p 00000000 00:00 0 
c2600000-c4f00000 rw-p 00000000 00:00 0 
c4f00000-eb700000 rw-p 00000000 00:00 0 
eb700000-ecb80000 rw-p 00000000 00:00 0 
ecb80000-100000000 rw-p 00000000 00:00 0 
7fdf38000000-7fdf38021000 rw-p 00000000 00:00 0 
7fdf38021000-7fdf3c000000 ---p 00000000 00:00 0 
7fdf3fd35000-7fdf3fd38000 ---p 00000000 00:00 0 
7fdf3fd38000-7fdf3fe36000 rw-p 00000000 00:00 0                          [stack:4393]
7fdf3fe36000-7fdf3ff36000 rw-s 37e4e000 00:05 1917                       /dev/nvidia0
7fdf3ff36000-7fdf3ff56000 rw-s d8160000 00:05 1917                       /dev/nvidia0
7fdf3ff56000-7fdf3ff96000 rw-s 21dc6000 00:05 1917                       /dev/nvidia0
7fdf3ff96000-7fdf3ffb6000 rw-s 38506000 00:05 1917                       /dev/nvidia0
7fdf3ffb6000-7fdf3fff6000 rw-s 21fc6000 00:05 1917                       /dev/nvidia0
7fdf3fff6000-7fdf400f6000 rw-s 2088a000 00:05 1917                       /dev/nvidia0
7fdf400f6000-7fdf400ff000 r-xp 00000000 08:06 1974181                    /usr/lib/x86_64-linux-gnu/libXrandr.so.2.2.0
7fdf400ff000-7fdf402fe000 ---p 00009000 08:06 1974181                    /usr/lib/x86_64-linux-gnu/libXrandr.so.2.2.0
7fdf402fe000-7fdf402ff000 r--p 00008000 08:06 1974181                    /usr/lib/x86_64-linux-gnu/libXrandr.so.2.2.0
7fdf402ff000-7fdf40300000 rw-p 00009000 08:06 1974181                    /usr/lib/x86_64-linux-gnu/libXrandr.so.2.2.0
7fdf40300000-7fdf4030e000 r-xp 00000000 08:06 926483                     /tmp/jogamp_0000/file_cache/jln84442837993040806/jln3322075506445841018/libnewt.so
7fdf4030e000-7fdf4050d000 ---p 0000e000 08:06 926483                     /tmp/jogamp_0000/file_cache/jln84442837993040806/jln3322075506445841018/libnewt.so
7fdf4050d000-7fdf4050e000 rw-p 0000d000 08:06 926483                     /tmp/jogamp_0000/file_cache/jln84442837993040806/jln3322075506445841018/libnewt.so
7fdf4050e000-7fdf4070e000 rw-s 20bb0000 00:05 1917                       /dev/nvidia0
7fdf4070e000-7fdf4090e000 rw-s 1812e000 00:05 1917                       /dev/nvidia0
7fdf4090e000-7fdf40b0e000 rw-s 387e0000 00:05 1917                       /dev/nvidia0
7fdf40b0e000-7fdf40b10000 r-xp 00000000 08:06 1974171                    /usr/lib/x86_64-linux-gnu/libXinerama.so.1.0.0
7fdf40b10000-7fdf40d0f000 ---p 00002000 08:06 1974171                    /usr/lib/x86_64-linux-gnu/libXinerama.so.1.0.0
7fdf40d0f000-7fdf40d10000 r--p 00001000 08:06 1974171                    /usr/lib/x86_64-linux-gnu/libXinerama.so.1.0.0
7fdf40d10000-7fdf40d11000 rw-p 00002000 08:06 1974171                    /usr/lib/x86_64-linux-gnu/libXinerama.so.1.0.0
7fdf40d11000-7fdf40d43000 r-xp 00000000 08:06 1975001                    /usr/lib/x86_64-linux-gnu/libtxc_dxtn_s2tc.so.0.0.0
7fdf40d43000-7fdf40f42000 ---p 00032000 08:06 1975001                    /usr/lib/x86_64-linux-gnu/libtxc_dxtn_s2tc.so.0.0.0
7fdf40f42000-7fdf40f43000 r--p 00031000 08:06 1975001                    /usr/lib/x86_64-linux-gnu/libtxc_dxtn_s2tc.so.0.0.0
7fdf40f43000-7fdf40f44000 rw-p 00032000 08:06 1975001                    /usr/lib/x86_64-linux-gnu/libtxc_dxtn_s2tc.so.0.0.0
7fdf40f44000-7fdf40f45000 ---p 00000000 00:00 0 
7fdf40f45000-7fdf41745000 rw-p 00000000 00:00 0                          [stack:4391]
7fdf41745000-7fdf41746000 ---p 00000000 00:00 0 
7fdf41746000-7fdf41f46000 rw-p 00000000 00:00 0                          [stack:4390]
7fdf41f46000-7fdf41f47000 ---p 00000000 00:00 0 
7fdf41f47000-7fdf42747000 rw-p 00000000 00:00 0                          [stack:4389]
7fdf42747000-7fdf42748000 ---p 00000000 00:00 0 
7fdf42748000-7fdf42f48000 rw-p 00000000 00:00 0                          [stack:4388]
7fdf42f48000-7fdf42f6f000 r-xp 00000000 08:06 2101149                    /lib/x86_64-linux-gnu/libexpat.so.1.6.0
7fdf42f6f000-7fdf4316f000 ---p 00027000 08:06 2101149                    /lib/x86_64-linux-gnu/libexpat.so.1.6.0
7fdf4316f000-7fdf43171000 r--p 00027000 08:06 2101149                    /lib/x86_64-linux-gnu/libexpat.so.1.6.0
7fdf43171000-7fdf43172000 rw-p 00029000 08:06 2101149                    /lib/x86_64-linux-gnu/libexpat.so.1.6.0
7fdf43172000-7fdf431df000 r-xp 00000000 08:06 2492117                    /usr/lib/x86_64-linux-gnu/dri/swrast_dri.so
7fdf431df000-7fdf433df000 ---p 0006d000 08:06 2492117                    /usr/lib/x86_64-linux-gnu/dri/swrast_dri.so
7fdf433df000-7fdf433e0000 r--p 0006d000 08:06 2492117                    /usr/lib/x86_64-linux-gnu/dri/swrast_dri.so
7fdf433e0000-7fdf433e1000 rw-p 0006e000 08:06 2492117                    /usr/lib/x86_64-linux-gnu/dri/swrast_dri.so
7fdf433e1000-7fdf433e8000 rw-p 00000000 00:00 0 
7fdf433e8000-7fdf433fd000 r-xp 00000000 08:06 2098090                    /lib/x86_64-linux-gnu/libgcc_s.so.1
7fdf433fd000-7fdf435fc000 ---p 00015000 08:06 2098090                    /lib/x86_64-linux-gnu/libgcc_s.so.1
7fdf435fc000-7fdf435fd000 r--p 00014000 08:06 2098090                    /lib/x86_64-linux-gnu/libgcc_s.so.1
7fdf435fd000-7fdf435fe000 rw-p 00015000 08:06 2098090                    /lib/x86_64-linux-gnu/libgcc_s.so.1
7fdf435fe000-7fdf436e4000 r-xp 00000000 08:06 1983501                    /usr/lib/x86_64-linux-gnu/libstdc++.so.6.0.18
7fdf436e4000-7fdf438e3000 ---p 000e6000 08:06 1983501                    /usr/lib/x86_64-linux-gnu/libstdc++.so.6.0.18
7fdf438e3000-7fdf438eb000 r--p 000e5000 08:06 1983501                    /usr/lib/x86_64-linux-gnu/libstdc++.so.6.0.18
7fdf438eb000-7fdf438ed000 rw-p 000ed000 08:06 1983501                    /usr/lib/x86_64-linux-gnu/libstdc++.so.6.0.18
7fdf438ed000-7fdf43902000 rw-p 00000000 00:00 0 
7fdf43902000-7fdf44e45000 r-xp 00000000 08:06 1974024                    /usr/lib/x86_64-linux-gnu/libLLVM-3.3.so.1
7fdf44e45000-7fdf44e46000 ---p 01543000 08:06 1974024                    /usr/lib/x86_64-linux-gnu/libLLVM-3.3.so.1
7fdf44e46000-7fdf44f5b000 r--p 01543000 08:06 1974024                    /usr/lib/x86_64-linux-gnu/libLLVM-3.3.so.1
7fdf44f5b000-7fdf44f5d000 rw-p 01658000 08:06 1974024                    /usr/lib/x86_64-linux-gnu/libLLVM-3.3.so.1
7fdf44f5d000-7fdf44f70000 rw-p 00000000 00:00 0 
7fdf44f70000-7fdf44f7b000 r-xp 00000000 08:06 1968290                    /usr/lib/x86_64-linux-gnu/libdrm_radeon.so.1.0.1
7fdf44f7b000-7fdf4517b000 ---p 0000b000 08:06 1968290                    /usr/lib/x86_64-linux-gnu/libdrm_radeon.so.1.0.1
7fdf4517b000-7fdf4517c000 r--p 0000b000 08:06 1968290                    /usr/lib/x86_64-linux-gnu/libdrm_radeon.so.1.0.1
7fdf4517c000-7fdf4517d000 rw-p 0000c000 08:06 1968290                    /usr/lib/x86_64-linux-gnu/libdrm_radeon.so.1.0.1
7fdf4517d000-7fdf45192000 r-xp 00000000 08:06 1974373                    /usr/lib/x86_64-linux-gnu/libelf-0.157.so
7fdf45192000-7fdf45391000 ---p 00015000 08:06 1974373                    /usr/lib/x86_64-linux-gnu/libelf-0.157.so
7fdf45391000-7fdf45392000 r--p 00014000 08:06 1974373                    /usr/lib/x86_64-linux-gnu/libelf-0.157.so
7fdf45392000-7fdf45393000 rw-p 00015000 08:06 1974373                    /usr/lib/x86_64-linux-gnu/libelf-0.157.so
7fdf45393000-7fdf45398000 r-xp 00000000 08:06 1968294                    /usr/lib/x86_64-linux-gnu/libdrm_nouveau.so.2.0.0
7fdf45398000-7fdf45597000 ---p 00005000 08:06 1968294                    /usr/lib/x86_64-linux-gnu/libdrm_nouveau.so.2.0.0
7fdf45597000-7fdf45598000 r--p 00004000 08:06 1968294                    /usr/lib/x86_64-linux-gnu/libdrm_nouveau.so.2.0.0
7fdf45598000-7fdf45599000 rw-p 00005000 08:06 1968294                    /usr/lib/x86_64-linux-gnu/libdrm_nouveau.so.2.0.0
7fdf45599000-7fdf455a0000 r-xp 00000000 08:06 2493217                    /usr/lib/x86_64-linux-gnu/mesa-egl/libOpenVG.so.1.0.0
7fdf455a0000-7fdf4579f000 ---p 00007000 08:06 2493217                    /usr/lib/x86_64-linux-gnu/mesa-egl/libOpenVG.so.1.0.0
7fdf4579f000-7fdf457a0000 r--p 00006000 08:06 2493217                    /usr/lib/x86_64-linux-gnu/mesa-egl/libOpenVG.so.1.0.0
7fdf457a0000-7fdf457a1000 rw-p 00007000 08:06 2493217                    /usr/lib/x86_64-linux-gnu/mesa-egl/libOpenVG.so.1.0.0
7fdf457a1000-7fdf457a3000 rw-p 00000000 00:00 0 
7fdf457a3000-7fdf45b61000 r-xp 00000000 08:06 1974360                    /usr/lib/x86_64-linux-gnu/libdricore9.2.1.so.1.0.0
7fdf45b61000-7fdf45d60000 ---p 003be000 08:06 1974360                    /usr/lib/x86_64-linux-gnu/libdricore9.2.1.so.1.0.0
7fdf45d60000-7fdf45d70000 r--p 003bd000 08:06 1974360                    /usr/lib/x86_64-linux-gnu/libdricore9.2.1.so.1.0.0
7fdf45d70000-7fdf45d78000 rw-p 003cd000 08:06 1974360                    /usr/lib/x86_64-linux-gnu/libdricore9.2.1.so.1.0.0
7fdf45d78000-7fdf45d90000 rw-p 00000000 00:00 0 
7fdf45d90000-7fdf45fae000 r-xp 00000000 08:06 1974449                    /usr/lib/x86_64-linux-gnu/libgallium.so.0.0.0
7fdf45fae000-7fdf461ad000 ---p 0021e000 08:06 1974449                    /usr/lib/x86_64-linux-gnu/libgallium.so.0.0.0
7fdf461ad000-7fdf461be000 r--p 0021d000 08:06 1974449                    /usr/lib/x86_64-linux-gnu/libgallium.so.0.0.0
7fdf461be000-7fdf461c1000 rw-p 0022e000 08:06 1974449                    /usr/lib/x86_64-linux-gnu/libgallium.so.0.0.0
7fdf461c1000-7fdf46389000 rw-p 00000000 00:00 0 
7fdf46389000-7fdf466f7000 r-xp 00000000 08:06 2492119                    /usr/lib/x86_64-linux-gnu/egl/egl_gallium.so
7fdf466f7000-7fdf468f7000 ---p 0036e000 08:06 2492119                    /usr/lib/x86_64-linux-gnu/egl/egl_gallium.so
7fdf468f7000-7fdf46928000 r--p 0036e000 08:06 2492119                    /usr/lib/x86_64-linux-gnu/egl/egl_gallium.so
7fdf46928000-7fdf4692f000 rw-p 0039f000 08:06 2492119                    /usr/lib/x86_64-linux-gnu/egl/egl_gallium.so
7fdf4692f000-7fdf46936000 rw-p 00000000 00:00 0 
7fdf46936000-7fdf46957000 r-xp 00000000 08:06 1974503                    /usr/lib/x86_64-linux-gnu/libglapi.so.0.0.0
7fdf46957000-7fdf46b57000 ---p 00021000 08:06 1974503                    /usr/lib/x86_64-linux-gnu/libglapi.so.0.0.0
7fdf46b57000-7fdf46b5a000 r--p 00021000 08:06 1974503                    /usr/lib/x86_64-linux-gnu/libglapi.so.0.0.0
7fdf46b5a000-7fdf46b5b000 rw-p 00024000 08:06 1974503                    /usr/lib/x86_64-linux-gnu/libglapi.so.0.0.0
7fdf46b5b000-7fdf46b5c000 rw-p 00000000 00:00 0 
7fdf46b5c000-7fdf46b62000 r-xp 00000000 08:06 2491707                    /usr/lib/x86_64-linux-gnu/mesa-egl/libGLESv2.so.2.0.0
7fdf46b62000-7fdf46d62000 ---p 00006000 08:06 2491707                    /usr/lib/x86_64-linux-gnu/mesa-egl/libGLESv2.so.2.0.0
7fdf46d62000-7fdf46d63000 r--p 00006000 08:06 2491707                    /usr/lib/x86_64-linux-gnu/mesa-egl/libGLESv2.so.2.0.0
7fdf46d63000-7fdf46d64000 rw-p 00007000 08:06 2491707                    /usr/lib/x86_64-linux-gnu/mesa-egl/libGLESv2.so.2.0.0
7fdf46d64000-7fdf46daa000 r-xp 00000000 08:06 926480                     /tmp/jogamp_0000/file_cache/jln84442837993040806/jln3322075506445841018/libjogl_mobile.so
7fdf46daa000-7fdf46faa000 ---p 00046000 08:06 926480                     /tmp/jogamp_0000/file_cache/jln84442837993040806/jln3322075506445841018/libjogl_mobile.so
7fdf46faa000-7fdf46fab000 rw-p 00046000 08:06 926480                     /tmp/jogamp_0000/file_cache/jln84442837993040806/jln3322075506445841018/libjogl_mobile.so
7fdf46fab000-7fdf46fb2000 r-xp 00000000 08:06 1974396                    /usr/lib/x86_64-linux-gnu/libffi.so.6.0.1
7fdf46fb2000-7fdf471b1000 ---p 00007000 08:06 1974396                    /usr/lib/x86_64-linux-gnu/libffi.so.6.0.1
7fdf471b1000-7fdf471b2000 r--p 00006000 08:06 1974396                    /usr/lib/x86_64-linux-gnu/libffi.so.6.0.1
7fdf471b2000-7fdf471b3000 rw-p 00007000 08:06 1974396                    /usr/lib/x86_64-linux-gnu/libffi.so.6.0.1
7fdf471b3000-7fdf471be000 r-xp 00000000 08:06 1968288                    /usr/lib/x86_64-linux-gnu/libdrm.so.2.4.0
7fdf471be000-7fdf473bd000 ---p 0000b000 08:06 1968288                    /usr/lib/x86_64-linux-gnu/libdrm.so.2.4.0
7fdf473bd000-7fdf473be000 r--p 0000a000 08:06 1968288                    /usr/lib/x86_64-linux-gnu/libdrm.so.2.4.0
7fdf473be000-7fdf473bf000 rw-p 0000b000 08:06 1968288                    /usr/lib/x86_64-linux-gnu/libdrm.so.2.4.0
7fdf473bf000-7fdf473cf000 r-xp 00000000 08:06 2102041                    /lib/x86_64-linux-gnu/libudev.so.1.3.5
7fdf473cf000-7fdf475ce000 ---p 00010000 08:06 2102041                    /lib/x86_64-linux-gnu/libudev.so.1.3.5
7fdf475ce000-7fdf475cf000 r--p 0000f000 08:06 2102041                    /lib/x86_64-linux-gnu/libudev.so.1.3.5
7fdf475cf000-7fdf475d0000 rw-p 00010000 08:06 2102041                    /lib/x86_64-linux-gnu/libudev.so.1.3.5
7fdf475d0000-7fdf475d6000 r-xp 00000000 08:06 1974451                    /usr/lib/x86_64-linux-gnu/libgbm.so.1.0.0
7fdf475d6000-7fdf477d5000 ---p 00006000 08:06 1974451                    /usr/lib/x86_64-linux-gnu/libgbm.so.1.0.0
7fdf477d5000-7fdf477d6000 r--p 00005000 08:06 1974451                    /usr/lib/x86_64-linux-gnu/libgbm.so.1.0.0
7fdf477d6000-7fdf477d7000 rw-p 00006000 08:06 1974451                    /usr/lib/x86_64-linux-gnu/libgbm.so.1.0.0
7fdf477d7000-7fdf477e6000 r-xp 00000000 08:06 1975059                    /usr/lib/x86_64-linux-gnu/libwayland-server.so.0.0.0
7fdf477e6000-7fdf479e5000 ---p 0000f000 08:06 1975059                    /usr/lib/x86_64-linux-gnu/libwayland-server.so.0.0.0
7fdf479e5000-7fdf479e7000 r--p 0000e000 08:06 1975059                    /usr/lib/x86_64-linux-gnu/libwayland-server.so.0.0.0
7fdf479e7000-7fdf479e8000 rw-p 00010000 08:06 1975059                    /usr/lib/x86_64-linux-gnu/libwayland-server.so.0.0.0
7fdf479e8000-7fdf479f2000 r-xp 00000000 08:06 1975055                    /usr/lib/x86_64-linux-gnu/libwayland-client.so.0.1.0
7fdf479f2000-7fdf47bf1000 ---p 0000a000 08:06 1975055                    /usr/lib/x86_64-linux-gnu/libwayland-client.so.0.1.0
7fdf47bf1000-7fdf47bf3000 r--p 00009000 08:06 1975055                    /usr/lib/x86_64-linux-gnu/libwayland-client.so.0.1.0
7fdf47bf3000-7fdf47bf4000 rw-p 0000b000 08:06 1975055                    /usr/lib/x86_64-linux-gnu/libwayland-client.so.0.1.0
7fdf47bf4000-7fdf47bf9000 r-xp 00000000 08:06 1975098                    /usr/lib/x86_64-linux-gnu/libxcb-xfixes.so.0.0.0
7fdf47bf9000-7fdf47df9000 ---p 00005000 08:06 1975098                    /usr/lib/x86_64-linux-gnu/libxcb-xfixes.so.0.0.0
7fdf47df9000-7fdf47dfa000 r--p 00005000 08:06 1975098                    /usr/lib/x86_64-linux-gnu/libxcb-xfixes.so.0.0.0
7fdf47dfa000-7fdf47dfb000 rw-p 00006000 08:06 1975098                    /usr/lib/x86_64-linux-gnu/libxcb-xfixes.so.0.0.0
7fdf47dfb000-7fdf47dfe000 r-xp 00000000 08:06 1975074                    /usr/lib/x86_64-linux-gnu/libxcb-dri2.so.0.0.0
7fdf47dfe000-7fdf47ffe000 ---p 00003000 08:06 1975074                    /usr/lib/x86_64-linux-gnu/libxcb-dri2.so.0.0.0
7fdf47ffe000-7fdf47fff000 r--p 00003000 08:06 1975074                    /usr/lib/x86_64-linux-gnu/libxcb-dri2.so.0.0.0
7fdf47fff000-7fdf48000000 rw-p 00004000 08:06 1975074                    /usr/lib/x86_64-linux-gnu/libxcb-dri2.so.0.0.0
7fdf48000000-7fdf4802c000 rw-p 00000000 00:00 0 
7fdf4802c000-7fdf4c000000 ---p 00000000 00:00 0 
7fdf4c000000-7fdf4c4cf000 rw-p 00000000 00:00 0 
7fdf4c4cf000-7fdf50000000 ---p 00000000 00:00 0 
7fdf50000000-7fdf50021000 rw-p 00000000 00:00 0 
7fdf50021000-7fdf54000000 ---p 00000000 00:00 0 
7fdf54000000-7fdf54021000 rw-p 00000000 00:00 0 
7fdf54021000-7fdf58000000 ---p 00000000 00:00 0 
7fdf58000000-7fdf58794000 rw-p 00000000 00:00 0 
7fdf58794000-7fdf5c000000 ---p 00000000 00:00 0 
7fdf5c000000-7fdf5c021000 rw-p 00000000 00:00 0 
7fdf5c021000-7fdf60000000 ---p 00000000 00:00 0 
7fdf60000000-7fdf60021000 rw-p 00000000 00:00 0 
7fdf60021000-7fdf64000000 ---p 00000000 00:00 0 
7fdf64000000-7fdf64021000 rw-p 00000000 00:00 0 
7fdf64021000-7fdf68000000 ---p 00000000 00:00 0 
7fdf68000000-7fdf68152000 rw-p 00000000 00:00 0 
7fdf68152000-7fdf6c000000 ---p 00000000 00:00 0 
7fdf6c000000-7fdf6c021000 rw-p 00000000 00:00 0 
7fdf6c021000-7fdf70000000 ---p 00000000 00:00 0 
7fdf70000000-7fdf70021000 rw-p 00000000 00:00 0 
7fdf70021000-7fdf74000000 ---p 00000000 00:00 0 
7fdf74000000-7fdf74209000 rw-p 00000000 00:00 0 
7fdf74209000-7fdf78000000 ---p 00000000 00:00 0 
7fdf78000000-7fdf78021000 rw-p 00000000 00:00 0 
7fdf78021000-7fdf7c000000 ---p 00000000 00:00 0 
7fdf7c000000-7fdf7c021000 rw-p 00000000 00:00 0 
7fdf7c021000-7fdf80000000 ---p 00000000 00:00 0 
7fdf80000000-7fdf80021000 rw-p 00000000 00:00 0 
7fdf80021000-7fdf84000000 ---p 00000000 00:00 0 
7fdf84000000-7fdf84021000 rw-p 00000000 00:00 0 
7fdf84021000-7fdf88000000 ---p 00000000 00:00 0 
7fdf88000000-7fdf88021000 rw-p 00000000 00:00 0 
7fdf88021000-7fdf8c000000 ---p 00000000 00:00 0 
7fdf8c01e000-7fdf8c03e000 rw-s 387f3000 00:05 1917                       /dev/nvidia0
7fdf8c0de000-7fdf8c1de000 rw-s 18005000 00:05 1917                       /dev/nvidia0
7fdf8c1de000-7fdf8c1df000 r-xp 00000000 08:06 1974142                    /usr/lib/x86_64-linux-gnu/libX11-xcb.so.1.0.0
7fdf8c1df000-7fdf8c3de000 ---p 00001000 08:06 1974142                    /usr/lib/x86_64-linux-gnu/libX11-xcb.so.1.0.0
7fdf8c3de000-7fdf8c3df000 r--p 00000000 08:06 1974142                    /usr/lib/x86_64-linux-gnu/libX11-xcb.so.1.0.0
7fdf8c3df000-7fdf8c3e0000 rw-p 00001000 08:06 1974142                    /usr/lib/x86_64-linux-gnu/libX11-xcb.so.1.0.0
7fdf8c3e0000-7fdf8c401000 r-xp 00000000 08:06 2493215                    /usr/lib/x86_64-linux-gnu/mesa-egl/libEGL.so.1.0.0
7fdf8c401000-7fdf8c601000 ---p 00021000 08:06 2493215                    /usr/lib/x86_64-linux-gnu/mesa-egl/libEGL.so.1.0.0
7fdf8c601000-7fdf8c602000 r--p 00021000 08:06 2493215                    /usr/lib/x86_64-linux-gnu/mesa-egl/libEGL.so.1.0.0
7fdf8c602000-7fdf8c603000 rw-p 00022000 08:06 2493215                    /usr/lib/x86_64-linux-gnu/mesa-egl/libEGL.so.1.0.0
7fdf8c603000-7fdf8c606000 ---p 00000000 00:00 0 
7fdf8c606000-7fdf8c704000 rw-p 00000000 00:00 0                          [stack:4387]
7fdf8c704000-7fdf8c7ac000 r-xp 00000000 08:06 926479                     /tmp/jogamp_0000/file_cache/jln84442837993040806/jln3322075506445841018/libjogl_desktop.so
7fdf8c7ac000-7fdf8c9ab000 ---p 000a8000 08:06 926479                     /tmp/jogamp_0000/file_cache/jln84442837993040806/jln3322075506445841018/libjogl_desktop.so
7fdf8c9ab000-7fdf8c9ac000 rw-p 000a7000 08:06 926479                     /tmp/jogamp_0000/file_cache/jln84442837993040806/jln3322075506445841018/libjogl_desktop.so
7fdf8c9ac000-7fdf8e512000 r-xp 00000000 08:06 1968209                    /usr/lib/libnvidia-glcore.so.331.20
7fdf8e512000-7fdf8e712000 ---p 01b66000 08:06 1968209                    /usr/lib/libnvidia-glcore.so.331.20
7fdf8e712000-7fdf8f19d000 rwxp 01b66000 08:06 1968209                    /usr/lib/libnvidia-glcore.so.331.20
7fdf8f19d000-7fdf8f1b9000 rwxp 00000000 00:00 0 
7fdf8f1b9000-7fdf8f1bc000 r-xp 00000000 08:06 1970226                    /usr/lib/tls/libnvidia-tls.so.331.20
7fdf8f1bc000-7fdf8f3bb000 ---p 00003000 08:06 1970226                    /usr/lib/tls/libnvidia-tls.so.331.20
7fdf8f3bb000-7fdf8f3bc000 rw-p 00002000 08:06 1970226                    /usr/lib/tls/libnvidia-tls.so.331.20
7fdf8f3bc000-7fdf8f499000 r-xp 00000000 08:06 1970222                    /usr/lib/libGL.so.331.20
7fdf8f499000-7fdf8f698000 ---p 000dd000 08:06 1970222                    /usr/lib/libGL.so.331.20
7fdf8f698000-7fdf8f6d8000 rwxp 000dc000 08:06 1970222                    /usr/lib/libGL.so.331.20
7fdf8f6d8000-7fdf8f6ef000 rwxp 00000000 00:00 0 
7fdf8f6ef000-7fdf8f6f6000 r-xp 00000000 08:06 926482                     /tmp/jogamp_0000/file_cache/jln84442837993040806/jln3322075506445841018/libnativewindow_x11.so
7fdf8f6f6000-7fdf8f8f5000 ---p 00007000 08:06 926482                     /tmp/jogamp_0000/file_cache/jln84442837993040806/jln3322075506445841018/libnativewindow_x11.so
7fdf8f8f5000-7fdf8f8f6000 rw-p 00006000 08:06 926482                     /tmp/jogamp_0000/file_cache/jln84442837993040806/jln3322075506445841018/libnativewindow_x11.so
7fdf8f8f6000-7fdf8f8f9000 ---p 00000000 00:00 0 
7fdf8f8f9000-7fdf8f9f7000 rw-p 00000000 00:00 0                          [stack:4386]
7fdf8f9f7000-7fdf8f9fb000 r-xp 00000000 08:06 1974193                    /usr/lib/x86_64-linux-gnu/libXxf86vm.so.1.0.0
7fdf8f9fb000-7fdf8fbfb000 ---p 00004000 08:06 1974193                    /usr/lib/x86_64-linux-gnu/libXxf86vm.so.1.0.0
7fdf8fbfb000-7fdf8fbfc000 r--p 00004000 08:06 1974193                    /usr/lib/x86_64-linux-gnu/libXxf86vm.so.1.0.0
7fdf8fbfc000-7fdf8fbfd000 rw-p 00005000 08:06 1974193                    /usr/lib/x86_64-linux-gnu/libXxf86vm.so.1.0.0
7fdf8fbfd000-7fdf8fbff000 r-xp 00000000 08:06 926481                     /tmp/jogamp_0000/file_cache/jln84442837993040806/jln3322075506445841018/libnativewindow_awt.so
7fdf8fbff000-7fdf8fdfe000 ---p 00002000 08:06 926481                     /tmp/jogamp_0000/file_cache/jln84442837993040806/jln3322075506445841018/libnativewindow_awt.so
7fdf8fdfe000-7fdf8fdff000 rw-p 00001000 08:06 926481                     /tmp/jogamp_0000/file_cache/jln84442837993040806/jln3322075506445841018/libnativewindow_awt.so
7fdf8fdff000-7fdf8fe00000 r-xp 00000000 08:06 1988898                    /usr/lib/jvm/java-7-oracle/jre/lib/amd64/libjawt.so
7fdf8fe00000-7fdf8ffff000 ---p 00001000 08:06 1988898                    /usr/lib/jvm/java-7-oracle/jre/lib/amd64/libjawt.so
7fdf8ffff000-7fdf90000000 rw-p 00000000 08:06 1988898                    /usr/lib/jvm/java-7-oracle/jre/lib/amd64/libjawt.so
7fdf90000000-7fdf90021000 rw-p 00000000 00:00 0 
7fdf90021000-7fdf94000000 ---p 00000000 00:00 0 
7fdf94057000-7fdf94077000 rw-s d80e0000 00:05 1917                       /dev/nvidia0
7fdf94077000-7fdf940b7000 rw-s 180b0000 00:05 1917                       /dev/nvidia0
7fdf940b7000-7fdf940d7000 rw-s 21ebe000 00:05 1917                       /dev/nvidia0
7fdf940d7000-7fdf940da000 ---p 00000000 00:00 0 
7fdf940da000-7fdf941d8000 rw-p 00000000 00:00 0                          [stack:4385]
7fdf941d8000-7fdf941db000 ---p 00000000 00:00 0 
7fdf941db000-7fdf942d9000 rw-p 00000000 00:00 0                          [stack:4384]
7fdf942d9000-7fdf942de000 r-xp 00000000 08:06 1974163                    /usr/lib/x86_64-linux-gnu/libXfixes.so.3.1.0
7fdf942de000-7fdf944dd000 ---p 00005000 08:06 1974163                    /usr/lib/x86_64-linux-gnu/libXfixes.so.3.1.0
7fdf944dd000-7fdf944de000 r--p 00004000 08:06 1974163                    /usr/lib/x86_64-linux-gnu/libXfixes.so.3.1.0
7fdf944de000-7fdf944df000 rw-p 00005000 08:06 1974163                    /usr/lib/x86_64-linux-gnu/libXfixes.so.3.1.0
7fdf944df000-7fdf944e8000 r-xp 00000000 08:06 1974155                    /usr/lib/x86_64-linux-gnu/libXcursor.so.1.0.2
7fdf944e8000-7fdf946e7000 ---p 00009000 08:06 1974155                    /usr/lib/x86_64-linux-gnu/libXcursor.so.1.0.2
7fdf946e7000-7fdf946e8000 r--p 00008000 08:06 1974155                    /usr/lib/x86_64-linux-gnu/libXcursor.so.1.0.2
7fdf946e8000-7fdf946e9000 rw-p 00009000 08:06 1974155                    /usr/lib/x86_64-linux-gnu/libXcursor.so.1.0.2
7fdf946e9000-7fdf946ec000 ---p 00000000 00:00 0 
7fdf946ec000-7fdf947ea000 rw-p 00000000 00:00 0                          [stack:4383]
7fdf947ea000-7fdf947ef000 r-xp 00000000 08:06 1974159                    /usr/lib/x86_64-linux-gnu/libXdmcp.so.6.0.0
7fdf947ef000-7fdf949ee000 ---p 00005000 08:06 1974159                    /usr/lib/x86_64-linux-gnu/libXdmcp.so.6.0.0
7fdf949ee000-7fdf949ef000 r--p 00004000 08:06 1974159                    /usr/lib/x86_64-linux-gnu/libXdmcp.so.6.0.0
7fdf949ef000-7fdf949f0000 rw-p 00005000 08:06 1974159                    /usr/lib/x86_64-linux-gnu/libXdmcp.so.6.0.0
7fdf949f0000-7fdf949f2000 r-xp 00000000 08:06 1974148                    /usr/lib/x86_64-linux-gnu/libXau.so.6.0.0
7fdf949f2000-7fdf94bf2000 ---p 00002000 08:06 1974148                    /usr/lib/x86_64-linux-gnu/libXau.so.6.0.0
7fdf94bf2000-7fdf94bf3000 r--p 00002000 08:06 1974148                    /usr/lib/x86_64-linux-gnu/libXau.so.6.0.0
7fdf94bf3000-7fdf94bf4000 rw-p 00003000 08:06 1974148                    /usr/lib/x86_64-linux-gnu/libXau.so.6.0.0
7fdf94bf4000-7fdf94c11000 r-xp 00000000 08:06 1975100                    /usr/lib/x86_64-linux-gnu/libxcb.so.1.1.0
7fdf94c11000-7fdf94e10000 ---p 0001d000 08:06 1975100                    /usr/lib/x86_64-linux-gnu/libxcb.so.1.1.0
7fdf94e10000-7fdf94e11000 r--p 0001c000 08:06 1975100                    /usr/lib/x86_64-linux-gnu/libxcb.so.1.1.0
7fdf94e11000-7fdf94e12000 rw-p 0001d000 08:06 1975100                    /usr/lib/x86_64-linux-gnu/libxcb.so.1.1.0
7fdf94e12000-7fdf94e21000 r-xp 00000000 08:06 1974169                    /usr/lib/x86_64-linux-gnu/libXi.so.6.1.0
7fdf94e21000-7fdf95020000 ---p 0000f000 08:06 1974169                    /usr/lib/x86_64-linux-gnu/libXi.so.6.1.0
7fdf95020000-7fdf95021000 r--p 0000e000 08:06 1974169                    /usr/lib/x86_64-linux-gnu/libXi.so.6.1.0
7fdf95021000-7fdf95022000 rw-p 0000f000 08:06 1974169                    /usr/lib/x86_64-linux-gnu/libXi.so.6.1.0
7fdf95022000-7fdf95027000 r-xp 00000000 08:06 1974187                    /usr/lib/x86_64-linux-gnu/libXtst.so.6.1.0
7fdf95027000-7fdf95226000 ---p 00005000 08:06 1974187                    /usr/lib/x86_64-linux-gnu/libXtst.so.6.1.0
7fdf95226000-7fdf95227000 r--p 00004000 08:06 1974187                    /usr/lib/x86_64-linux-gnu/libXtst.so.6.1.0
7fdf95227000-7fdf95228000 rw-p 00005000 08:06 1974187                    /usr/lib/x86_64-linux-gnu/libXtst.so.6.1.0
7fdf95228000-7fdf95231000 r-xp 00000000 08:06 1974183                    /usr/lib/x86_64-linux-gnu/libXrender.so.1.3.0
7fdf95231000-7fdf95430000 ---p 00009000 08:06 1974183                    /usr/lib/x86_64-linux-gnu/libXrender.so.1.3.0
7fdf95430000-7fdf95431000 r--p 00008000 08:06 1974183                    /usr/lib/x86_64-linux-gnu/libXrender.so.1.3.0
7fdf95431000-7fdf95432000 rw-p 00009000 08:06 1974183                    /usr/lib/x86_64-linux-gnu/libXrender.so.1.3.0
7fdf95432000-7fdf95562000 r-xp 00000000 08:06 1974144                    /usr/lib/x86_64-linux-gnu/libX11.so.6.3.0
7fdf95562000-7fdf95762000 ---p 00130000 08:06 1974144                    /usr/lib/x86_64-linux-gnu/libX11.so.6.3.0
7fdf95762000-7fdf95763000 r--p 00130000 08:06 1974144                    /usr/lib/x86_64-linux-gnu/libX11.so.6.3.0
7fdf95763000-7fdf95767000 rw-p 00131000 08:06 1974144                    /usr/lib/x86_64-linux-gnu/libX11.so.6.3.0
7fdf95767000-7fdf95778000 r-xp 00000000 08:06 1974161                    /usr/lib/x86_64-linux-gnu/libXext.so.6.4.0
7fdf95778000-7fdf95977000 ---p 00011000 08:06 1974161                    /usr/lib/x86_64-linux-gnu/libXext.so.6.4.0
7fdf95977000-7fdf95978000 r--p 00010000 08:06 1974161                    /usr/lib/x86_64-linux-gnu/libXext.so.6.4.0
7fdf95978000-7fdf95979000 rw-p 00011000 08:06 1974161                    /usr/lib/x86_64-linux-gnu/libXext.so.6.4.0
7fdf95979000-7fdf959c9000 r-xp 00000000 08:06 1988922                    /usr/lib/jvm/java-7-oracle/jre/lib/amd64/xawt/libmawt.so
7fdf959c9000-7fdf95bc9000 ---p 00050000 08:06 1988922                    /usr/lib/jvm/java-7-oracle/jre/lib/amd64/xawt/libmawt.so
7fdf95bc9000-7fdf95bcd000 rw-p 00050000 08:06 1988922                    /usr/lib/jvm/java-7-oracle/jre/lib/amd64/xawt/libmawt.so
7fdf95bcd000-7fdf95bce000 rw-p 00000000 00:00 0 
7fdf95bce000-7fdf95c70000 r-xp 00000000 08:06 1988855                    /usr/lib/jvm/java-7-oracle/jre/lib/amd64/libawt.so
7fdf95c70000-7fdf95e70000 ---p 000a2000 08:06 1988855                    /usr/lib/jvm/java-7-oracle/jre/lib/amd64/libawt.so
7fdf95e70000-7fdf95e7c000 rw-p 000a2000 08:06 1988855                    /usr/lib/jvm/java-7-oracle/jre/lib/amd64/libawt.so
7fdf95e7c000-7fdf98000000 rw-p 00000000 00:00 0 
7fdf98000000-7fdf98021000 rw-p 00000000 00:00 0 
7fdf98021000-7fdf9c000000 ---p 00000000 00:00 0 
7fdf9c002000-7fdf9c009000 rw-s 37e47000 00:05 1917                       /dev/nvidia0
7fdf9c009000-7fdf9c00a000 rw-s 37e46000 00:05 1917                       /dev/nvidia0
7fdf9c00a000-7fdf9c00b000 rw-s dfd61000 00:05 1917                       /dev/nvidia0
7fdf9c00b000-7fdf9c00c000 rw-s dfd61000 00:05 1917                       /dev/nvidia0
7fdf9c00c000-7fdf9c00d000 rw-s fa641000 00:05 1917                       /dev/nvidia0
7fdf9c00d000-7fdf9c00e000 rw-s b58c8000 00:05 1917                       /dev/nvidia0
7fdf9c00e000-7fdf9c00f000 rw-s 37c26000 00:05 1917                       /dev/nvidia0
7fdf9c01b000-7fdf9c01c000 rw-p 00000000 00:00 0 
7fdf9c01c000-7fdf9c05c000 rw-s 21eac000 00:05 1917                       /dev/nvidia0
7fdf9c05c000-7fdf9c0f0000 rw-s ba38b000 00:05 1917                       /dev/nvidia0
7fdf9c0f0000-7fdf9c0f2000 r-xp 00000000 08:06 926478                     /tmp/jogamp_0000/file_cache/jln84442837993040806/jln3322075506445841018/libgluegen-rt.so
7fdf9c0f2000-7fdf9c2f2000 ---p 00002000 08:06 926478                     /tmp/jogamp_0000/file_cache/jln84442837993040806/jln3322075506445841018/libgluegen-rt.so
7fdf9c2f2000-7fdf9c2f3000 rw-p 00002000 08:06 926478                     /tmp/jogamp_0000/file_cache/jln84442837993040806/jln3322075506445841018/libgluegen-rt.so
7fdf9c2f3000-7fdf9c2f6000 ---p 00000000 00:00 0 
7fdf9c2f6000-7fdf9c3f4000 rw-p 00000000 00:00 0 
7fdf9c3f4000-7fdf9c404000 r-xp 00000000 08:06 1988923                    /usr/lib/jvm/java-7-oracle/jre/lib/amd64/libnio.so
7fdf9c404000-7fdf9c604000 ---p 00010000 08:06 1988923                    /usr/lib/jvm/java-7-oracle/jre/lib/amd64/libnio.so
7fdf9c604000-7fdf9c605000 rw-p 00010000 08:06 1988923                    /usr/lib/jvm/java-7-oracle/jre/lib/amd64/libnio.so
7fdf9c605000-7fdf9c61b000 r-xp 00000000 08:06 1988916                    /usr/lib/jvm/java-7-oracle/jre/lib/amd64/libnet.so
7fdf9c61b000-7fdf9c81b000 ---p 00016000 08:06 1988916                    /usr/lib/jvm/java-7-oracle/jre/lib/amd64/libnet.so
7fdf9c81b000-7fdf9c81c000 rw-p 00016000 08:06 1988916                    /usr/lib/jvm/java-7-oracle/jre/lib/amd64/libnet.so
7fdf9c81c000-7fdf9c81d000 ---p 00000000 00:00 0 
7fdf9c81d000-7fdf9c91d000 rw-p 00000000 00:00 0                          [stack:4373]
7fdf9c91d000-7fdf9d000000 r--p 00000000 08:06 1973080                    /usr/lib/locale/locale-archive
7fdf9d000000-7fdf9d270000 rwxp 00000000 00:00 0 
7fdf9d270000-7fdfa07c7000 rw-p 00000000 00:00 0 
7fdfa07c7000-7fdfa4000000 ---p 00000000 00:00 0 
7fdfa4000000-7fdfa4001000 rw-p 00000000 00:00 0 
7fdfa4001000-7fdfa4003000 rw-s 00000000 08:06 3805557                    /tmp/gllJS2Uh (deleted)
7fdfa4003000-7fdfa400a000 rw-s 180f1000 00:05 1917                       /dev/nvidia0
7fdfa400a000-7fdfa402a000 rw-s 386cb000 00:05 1917                       /dev/nvidia0
7fdfa402a000-7fdfa405b000 rw-p 00000000 00:00 0 
7fdfa405b000-7fdfa405e000 ---p 00000000 00:00 0 
7fdfa405e000-7fdfa4094000 rw-p 00000000 00:00 0                          [stack:4377]
7fdfa4094000-7fdfa40b6000 r--s 002ce000 08:06 4068195                    /home/elect/Downloads/jogamp-all-platforms/jar/jogl-all.jar
7fdfa40b6000-7fdfa40b9000 ---p 00000000 00:00 0 
7fdfa40b9000-7fdfa41b7000 rw-p 00000000 00:00 0                          [stack:4372]
7fdfa41b7000-7fdfa41ba000 ---p 00000000 00:00 0 
7fdfa41ba000-7fdfa42b8000 rw-p 00000000 00:00 0                          [stack:4371]
7fdfa42b8000-7fdfa42bb000 ---p 00000000 00:00 0 
7fdfa42bb000-7fdfa43b9000 rw-p 00000000 00:00 0                          [stack:4370]
7fdfa43b9000-7fdfa43bc000 ---p 00000000 00:00 0 
7fdfa43bc000-7fdfa44ba000 rw-p 00000000 00:00 0                          [stack:4369]
7fdfa44ba000-7fdfa44bd000 ---p 00000000 00:00 0 
7fdfa44bd000-7fdfa45bb000 rw-p 00000000 00:00 0                          [stack:4368]
7fdfa45bb000-7fdfa45be000 ---p 00000000 00:00 0 
7fdfa45be000-7fdfa46bc000 rw-p 00000000 00:00 0                          [stack:4367]
7fdfa46bc000-7fdfa46bd000 ---p 00000000 00:00 0 
7fdfa46bd000-7fdfa57bc000 rw-p 00000000 00:00 0                          [stack:4366]
7fdfa57bc000-7fdfa5979000 r--s 039bf000 08:06 1989547                    /usr/lib/jvm/java-7-oracle/jre/lib/rt.jar
7fdfa5979000-7fdfa5c88000 rw-p 00000000 00:00 0 
7fdfa5c88000-7fdfa5c89000 ---p 00000000 00:00 0 
7fdfa5c89000-7fdfa5d89000 rw-p 00000000 00:00 0                          [stack:4365]
7fdfa5d89000-7fdfa5d8a000 ---p 00000000 00:00 0 
7fdfa5d8a000-7fdfa5e8a000 rw-p 00000000 00:00 0                          [stack:4364]
7fdfa5e8a000-7fdfa5e8b000 ---p 00000000 00:00 0 
7fdfa5e8b000-7fdfa5f8b000 rw-p 00000000 00:00 0                          [stack:4363]
7fdfa5f8b000-7fdfa5f8c000 ---p 00000000 00:00 0 
7fdfa5f8c000-7fdfa6097000 rw-p 00000000 00:00 0                          [stack:4362]
7fdfa6097000-7fdfa60b5000 rw-p 00000000 00:00 0 
7fdfa60b5000-7fdfa60ca000 rw-p 00000000 00:00 0 
7fdfa60ca000-7fdfa61fe000 rw-p 00000000 00:00 0 
7fdfa61fe000-7fdfa6209000 rw-p 00000000 00:00 0 
7fdfa6209000-7fdfa6227000 rw-p 00000000 00:00 0 
7fdfa6227000-7fdfa623c000 rw-p 00000000 00:00 0 
7fdfa623c000-7fdfa636f000 rw-p 00000000 00:00 0 
7fdfa636f000-7fdfa637a000 rw-p 00000000 00:00 0 
7fdfa637a000-7fdfa6414000 rw-p 00000000 00:00 0 
7fdfa6414000-7fdfa6415000 rw-p 00000000 00:00 0 
7fdfa6415000-7fdfa642f000 r-xp 00000000 08:06 1988866                    /usr/lib/jvm/java-7-oracle/jre/lib/amd64/libzip.so
7fdfa642f000-7fdfa662f000 ---p 0001a000 08:06 1988866                    /usr/lib/jvm/java-7-oracle/jre/lib/amd64/libzip.so
7fdfa662f000-7fdfa6630000 rw-p 0001a000 08:06 1988866                    /usr/lib/jvm/java-7-oracle/jre/lib/amd64/libzip.so
7fdfa6630000-7fdfa663c000 r-xp 00000000 08:06 2101205                    /lib/x86_64-linux-gnu/libnss_files-2.17.so
7fdfa663c000-7fdfa683b000 ---p 0000c000 08:06 2101205                    /lib/x86_64-linux-gnu/libnss_files-2.17.so
7fdfa683b000-7fdfa683c000 r--p 0000b000 08:06 2101205                    /lib/x86_64-linux-gnu/libnss_files-2.17.so
7fdfa683c000-7fdfa683d000 rw-p 0000c000 08:06 2101205                    /lib/x86_64-linux-gnu/libnss_files-2.17.so
7fdfa683d000-7fdfa6848000 r-xp 00000000 08:06 2101209                    /lib/x86_64-linux-gnu/libnss_nis-2.17.so
7fdfa6848000-7fdfa6a47000 ---p 0000b000 08:06 2101209                    /lib/x86_64-linux-gnu/libnss_nis-2.17.so
7fdfa6a47000-7fdfa6a48000 r--p 0000a000 08:06 2101209                    /lib/x86_64-linux-gnu/libnss_nis-2.17.so
7fdfa6a48000-7fdfa6a49000 rw-p 0000b000 08:06 2101209                    /lib/x86_64-linux-gnu/libnss_nis-2.17.so
7fdfa6a49000-7fdfa6a60000 r-xp 00000000 08:06 2101199                    /lib/x86_64-linux-gnu/libnsl-2.17.so
7fdfa6a60000-7fdfa6c5f000 ---p 00017000 08:06 2101199                    /lib/x86_64-linux-gnu/libnsl-2.17.so
7fdfa6c5f000-7fdfa6c60000 r--p 00016000 08:06 2101199                    /lib/x86_64-linux-gnu/libnsl-2.17.so
7fdfa6c60000-7fdfa6c61000 rw-p 00017000 08:06 2101199                    /lib/x86_64-linux-gnu/libnsl-2.17.so
7fdfa6c61000-7fdfa6c63000 rw-p 00000000 00:00 0 
7fdfa6c63000-7fdfa6c6b000 r-xp 00000000 08:06 2101201                    /lib/x86_64-linux-gnu/libnss_compat-2.17.so
7fdfa6c6b000-7fdfa6e6a000 ---p 00008000 08:06 2101201                    /lib/x86_64-linux-gnu/libnss_compat-2.17.so
7fdfa6e6a000-7fdfa6e6b000 r--p 00007000 08:06 2101201                    /lib/x86_64-linux-gnu/libnss_compat-2.17.so
7fdfa6e6b000-7fdfa6e6c000 rw-p 00008000 08:06 2101201                    /lib/x86_64-linux-gnu/libnss_compat-2.17.so
7fdfa6e6c000-7fdfa6e95000 r-xp 00000000 08:06 1988920                    /usr/lib/jvm/java-7-oracle/jre/lib/amd64/libjava.so
7fdfa6e95000-7fdfa7095000 ---p 00029000 08:06 1988920                    /usr/lib/jvm/java-7-oracle/jre/lib/amd64/libjava.so
7fdfa7095000-7fdfa7097000 rw-p 00029000 08:06 1988920                    /usr/lib/jvm/java-7-oracle/jre/lib/amd64/libjava.so
7fdfa7097000-7fdfa70a4000 r-xp 00000000 08:06 1988852                    /usr/lib/jvm/java-7-oracle/jre/lib/amd64/libverify.so
7fdfa70a4000-7fdfa72a3000 ---p 0000d000 08:06 1988852                    /usr/lib/jvm/java-7-oracle/jre/lib/amd64/libverify.so
7fdfa72a3000-7fdfa72a5000 rw-p 0000c000 08:06 1988852                    /usr/lib/jvm/java-7-oracle/jre/lib/amd64/libverify.so
7fdfa72a5000-7fdfa72ac000 r-xp 00000000 08:06 2101252                    /lib/x86_64-linux-gnu/librt-2.17.so
7fdfa72ac000-7fdfa74ab000 ---p 00007000 08:06 2101252                    /lib/x86_64-linux-gnu/librt-2.17.so
7fdfa74ab000-7fdfa74ac000 r--p 00006000 08:06 2101252                    /lib/x86_64-linux-gnu/librt-2.17.so
7fdfa74ac000-7fdfa74ad000 rw-p 00007000 08:06 2101252                    /lib/x86_64-linux-gnu/librt-2.17.so
7fdfa74ad000-7fdfa75b0000 r-xp 00000000 08:06 2101180                    /lib/x86_64-linux-gnu/libm-2.17.so
7fdfa75b0000-7fdfa77af000 ---p 00103000 08:06 2101180                    /lib/x86_64-linux-gnu/libm-2.17.so
7fdfa77af000-7fdfa77b0000 r--p 00102000 08:06 2101180                    /lib/x86_64-linux-gnu/libm-2.17.so
7fdfa77b0000-7fdfa77b1000 rw-p 00103000 08:06 2101180                    /lib/x86_64-linux-gnu/libm-2.17.so
7fdfa77b1000-7fdfa8313000 r-xp 00000000 08:06 1988912                    /usr/lib/jvm/java-7-oracle/jre/lib/amd64/server/libjvm.so
7fdfa8313000-7fdfa8513000 ---p 00b62000 08:06 1988912                    /usr/lib/jvm/java-7-oracle/jre/lib/amd64/server/libjvm.so
7fdfa8513000-7fdfa85d6000 rw-p 00b62000 08:06 1988912                    /usr/lib/jvm/java-7-oracle/jre/lib/amd64/server/libjvm.so
7fdfa85d6000-7fdfa8617000 rw-p 00000000 00:00 0 
7fdfa8617000-7fdfa87d4000 r-xp 00000000 08:06 2101129                    /lib/x86_64-linux-gnu/libc-2.17.so
7fdfa87d4000-7fdfa89d4000 ---p 001bd000 08:06 2101129                    /lib/x86_64-linux-gnu/libc-2.17.so
7fdfa89d4000-7fdfa89d8000 r--p 001bd000 08:06 2101129                    /lib/x86_64-linux-gnu/libc-2.17.so
7fdfa89d8000-7fdfa89da000 rw-p 001c1000 08:06 2101129                    /lib/x86_64-linux-gnu/libc-2.17.so
7fdfa89da000-7fdfa89df000 rw-p 00000000 00:00 0 
7fdfa89df000-7fdfa89e2000 r-xp 00000000 08:06 2101144                    /lib/x86_64-linux-gnu/libdl-2.17.so
7fdfa89e2000-7fdfa8be1000 ---p 00003000 08:06 2101144                    /lib/x86_64-linux-gnu/libdl-2.17.so
7fdfa8be1000-7fdfa8be2000 r--p 00002000 08:06 2101144                    /lib/x86_64-linux-gnu/libdl-2.17.so
7fdfa8be2000-7fdfa8be3000 rw-p 00003000 08:06 2101144                    /lib/x86_64-linux-gnu/libdl-2.17.so
7fdfa8be3000-7fdfa8bf9000 r-xp 00000000 08:06 2110336                    /usr/lib/jvm/java-7-oracle/lib/amd64/jli/libjli.so
7fdfa8bf9000-7fdfa8df9000 ---p 00016000 08:06 2110336                    /usr/lib/jvm/java-7-oracle/lib/amd64/jli/libjli.so
7fdfa8df9000-7fdfa8dfa000 rw-p 00016000 08:06 2110336                    /usr/lib/jvm/java-7-oracle/lib/amd64/jli/libjli.so
7fdfa8dfa000-7fdfa8e11000 r-xp 00000000 08:06 2101244                    /lib/x86_64-linux-gnu/libpthread-2.17.so
7fdfa8e11000-7fdfa9011000 ---p 00017000 08:06 2101244                    /lib/x86_64-linux-gnu/libpthread-2.17.so
7fdfa9011000-7fdfa9012000 r--p 00017000 08:06 2101244                    /lib/x86_64-linux-gnu/libpthread-2.17.so
7fdfa9012000-7fdfa9013000 rw-p 00018000 08:06 2101244                    /lib/x86_64-linux-gnu/libpthread-2.17.so
7fdfa9013000-7fdfa9017000 rw-p 00000000 00:00 0 
7fdfa9017000-7fdfa903a000 r-xp 00000000 08:06 2101105                    /lib/x86_64-linux-gnu/ld-2.17.so
7fdfa903a000-7fdfa903b000 rw-p 00000000 00:00 0 
7fdfa903b000-7fdfa903c000 rw-s 21fe3000 00:05 1917                       /dev/nvidia0
7fdfa903c000-7fdfa9040000 rw-s 37c45000 00:05 1917                       /dev/nvidia0
7fdfa9040000-7fdfa9041000 rw-s dfd61000 00:05 1917                       /dev/nvidia0
7fdfa9041000-7fdfa9060000 rw-p 00000000 00:00 0 
7fdfa9060000-7fdfa9116000 rw-p 00000000 00:00 0 
7fdfa9116000-7fdfa9119000 ---p 00000000 00:00 0 
7fdfa9119000-7fdfa921b000 rw-p 00000000 00:00 0                          [stack:4361]
7fdfa921b000-7fdfa921c000 rw-s dfd60000 00:05 1917                       /dev/nvidia0
7fdfa921c000-7fdfa921d000 rw-s fa641000 00:05 1917                       /dev/nvidia0
7fdfa921d000-7fdfa921e000 rw-s b58c8000 00:05 1917                       /dev/nvidia0
7fdfa921e000-7fdfa921f000 rw-s 386fb000 00:05 1917                       /dev/nvidia0
7fdfa921f000-7fdfa9220000 rw-s fa060000 00:05 1917                       /dev/nvidia0
7fdfa9220000-7fdfa9221000 rwxp 00000000 00:00 0 
7fdfa9221000-7fdfa9222000 r--s 00031000 08:06 4068185                    /home/elect/Downloads/jogamp-all-platforms/jar/jogl-all-natives-linux-amd64.jar
7fdfa9222000-7fdfa9223000 r--s 00000000 08:06 4068143                    /home/elect/Downloads/jogamp-all-platforms/jar/gluegen-rt-natives-linux-amd64.jar
7fdfa9223000-7fdfa9224000 r--p 00000000 00:00 0 
7fdfa9224000-7fdfa9228000 r--s 0008a000 08:06 1988734                    /usr/lib/jvm/java-7-oracle/jre/lib/jsse.jar
7fdfa9228000-7fdfa922d000 r--s 0003e000 08:06 4068152                    /home/elect/Downloads/jogamp-all-platforms/jar/gluegen-rt.jar
7fdfa922d000-7fdfa9235000 rw-s 00000000 08:06 4068213                    /tmp/hsperfdata_elect/4357
7fdfa9235000-7fdfa9236000 rw-p 00000000 00:00 0 
7fdfa9236000-7fdfa9237000 r--p 00000000 00:00 0 
7fdfa9237000-7fdfa9239000 rw-p 00000000 00:00 0 
7fdfa9239000-7fdfa923a000 r--p 00022000 08:06 2101105                    /lib/x86_64-linux-gnu/ld-2.17.so
7fdfa923a000-7fdfa923c000 rw-p 00023000 08:06 2101105                    /lib/x86_64-linux-gnu/ld-2.17.so
7fffbd4a7000-7fffbd4c8000 rw-p 00000000 00:00 0                          [stack]
7fffbd5fe000-7fffbd600000 r-xp 00000000 00:00 0                          [vdso]
ffffffffff600000-ffffffffff601000 r-xp 00000000 00:00 0                  [vsyscall]

VM Arguments:
jvm_args: -Dfile.encoding=UTF-8 
java_command: ogldevtutorials.tutorial04.Tutorial04
Launcher Type: SUN_STANDARD

Environment Variables:
PATH=/usr/lib/lightdm/lightdm:/usr/local/sbin:/usr/local/bin:/usr/sbin:/usr/bin:/sbin:/bin:/usr/games:/usr/local/games
LD_LIBRARY_PATH=/usr/lib/jvm/java-7-oracle/jre/lib/amd64:/usr/lib/jvm/java-7-oracle/jre/lib/i386:
SHELL=/bin/bash
DISPLAY=:0

Signal Handlers:
SIGSEGV: [libjvm.so+0x993870], sa_mask[0]=0x7ffbfeff, sa_flags=0x10000004
SIGBUS: [libjvm.so+0x993870], sa_mask[0]=0x7ffbfeff, sa_flags=0x10000004
SIGFPE: [libjvm.so+0x8105b0], sa_mask[0]=0x7ffbfeff, sa_flags=0x10000004
SIGPIPE: [libjvm.so+0x8105b0], sa_mask[0]=0x7ffbfeff, sa_flags=0x10000004
SIGXFSZ: [libjvm.so+0x8105b0], sa_mask[0]=0x7ffbfeff, sa_flags=0x10000004
SIGILL: [libjvm.so+0x8105b0], sa_mask[0]=0x7ffbfeff, sa_flags=0x10000004
SIGUSR1: SIG_DFL, sa_mask[0]=0x00000000, sa_flags=0x00000000
SIGUSR2: [libjvm.so+0x811aa0], sa_mask[0]=0x00000004, sa_flags=0x10000004
SIGHUP: [libjvm.so+0x812a10], sa_mask[0]=0x7ffbfeff, sa_flags=0x10000004
SIGINT: SIG_IGN, sa_mask[0]=0x00000000, sa_flags=0x00000000
SIGTERM: [libjvm.so+0x812a10], sa_mask[0]=0x7ffbfeff, sa_flags=0x10000004
SIGQUIT: [libjvm.so+0x812a10], sa_mask[0]=0x7ffbfeff, sa_flags=0x10000004


---------------  S Y S T E M  ---------------

OS:wheezy/sid

uname:Linux 3.11.0-13-generic #20-Ubuntu SMP Wed Oct 23 07:38:26 UTC 2013 x86_64
libc:glibc 2.17 NPTL 2.17 
rlimit: STACK 8192k, CORE 0k, NPROC 31383, NOFILE 4096, AS infinity
load average:0,42 0,45 0,60

/proc/meminfo:
MemTotal:        4037260 kB
MemFree:          353680 kB
Buffers:           74104 kB
Cached:          1564224 kB
SwapCached:            0 kB
Active:          2256248 kB
Inactive:        1193176 kB
Active(anon):    1800160 kB
Inactive(anon):    29376 kB
Active(file):     456088 kB
Inactive(file):  1163800 kB
Unevictable:          32 kB
Mlocked:              32 kB
SwapTotal:        123900 kB
SwapFree:         123900 kB
Dirty:              1508 kB
Writeback:             0 kB
AnonPages:       1811184 kB
Mapped:           241900 kB
Shmem:             18440 kB
Slab:              94240 kB
SReclaimable:      62856 kB
SUnreclaim:        31384 kB
KernelStack:        4216 kB
PageTables:        30888 kB
NFS_Unstable:          0 kB
Bounce:                0 kB
WritebackTmp:          0 kB
CommitLimit:     2142528 kB
Committed_AS:    5169124 kB
VmallocTotal:   34359738367 kB
VmallocUsed:      321704 kB
VmallocChunk:   34359413116 kB
HardwareCorrupted:     0 kB
AnonHugePages:         0 kB
HugePages_Total:       0
HugePages_Free:        0
HugePages_Rsvd:        0
HugePages_Surp:        0
Hugepagesize:       2048 kB
DirectMap4k:      165312 kB
DirectMap2M:     4020224 kB


CPU:total 4 (4 cores per cpu, 1 threads per core) family 6 model 30 stepping 5, cmov, cx8, fxsr, mmx, sse, sse2, sse3, ssse3, sse4.1, sse4.2, popcnt, tsc, tscinvbit

/proc/cpuinfo:
processor	: 0
vendor_id	: GenuineIntel
cpu family	: 6
model		: 30
model name	: Intel(R) Core(TM) i5 CPU         750  @ 2.67GHz
stepping	: 5
microcode	: 0x3
cpu MHz		: 1200.000
cache size	: 8192 KB
physical id	: 0
siblings	: 4
core id		: 0
cpu cores	: 4
apicid		: 0
initial apicid	: 0
fpu		: yes
fpu_exception	: yes
cpuid level	: 11
wp		: yes
flags		: fpu vme de pse tsc msr pae mce cx8 apic sep mtrr pge mca cmov pat pse36 clflush dts acpi mmx fxsr sse sse2 ss ht tm pbe syscall nx rdtscp lm constant_tsc arch_perfmon pebs bts rep_good nopl xtopology nonstop_tsc aperfmperf pni dtes64 monitor ds_cpl vmx smx est tm2 ssse3 cx16 xtpr pdcm sse4_1 sse4_2 popcnt lahf_lm ida dtherm tpr_shadow vnmi flexpriority ept vpid
bogomips	: 5352.23
clflush size	: 64
cache_alignment	: 64
address sizes	: 36 bits physical, 48 bits virtual
power management:

processor	: 1
vendor_id	: GenuineIntel
cpu family	: 6
model		: 30
model name	: Intel(R) Core(TM) i5 CPU         750  @ 2.67GHz
stepping	: 5
microcode	: 0x3
cpu MHz		: 1200.000
cache size	: 8192 KB
physical id	: 0
siblings	: 4
core id		: 1
cpu cores	: 4
apicid		: 2
initial apicid	: 2
fpu		: yes
fpu_exception	: yes
cpuid level	: 11
wp		: yes
flags		: fpu vme de pse tsc msr pae mce cx8 apic sep mtrr pge mca cmov pat pse36 clflush dts acpi mmx fxsr sse sse2 ss ht tm pbe syscall nx rdtscp lm constant_tsc arch_perfmon pebs bts rep_good nopl xtopology nonstop_tsc aperfmperf pni dtes64 monitor ds_cpl vmx smx est tm2 ssse3 cx16 xtpr pdcm sse4_1 sse4_2 popcnt lahf_lm ida dtherm tpr_shadow vnmi flexpriority ept vpid
bogomips	: 5352.23
clflush size	: 64
cache_alignment	: 64
address sizes	: 36 bits physical, 48 bits virtual
power management:

processor	: 2
vendor_id	: GenuineIntel
cpu family	: 6
model		: 30
model name	: Intel(R) Core(TM) i5 CPU         750  @ 2.67GHz
stepping	: 5
microcode	: 0x3
cpu MHz		: 2668.000
cache size	: 8192 KB
physical id	: 0
siblings	: 4
core id		: 2
cpu cores	: 4
apicid		: 4
initial apicid	: 4
fpu		: yes
fpu_exception	: yes
cpuid level	: 11
wp		: yes
flags		: fpu vme de pse tsc msr pae mce cx8 apic sep mtrr pge mca cmov pat pse36 clflush dts acpi mmx fxsr sse sse2 ss ht tm pbe syscall nx rdtscp lm constant_tsc arch_perfmon pebs bts rep_good nopl xtopology nonstop_tsc aperfmperf pni dtes64 monitor ds_cpl vmx smx est tm2 ssse3 cx16 xtpr pdcm sse4_1 sse4_2 popcnt lahf_lm ida dtherm tpr_shadow vnmi flexpriority ept vpid
bogomips	: 5352.23
clflush size	: 64
cache_alignment	: 64
address sizes	: 36 bits physical, 48 bits virtual
power management:

processor	: 3
vendor_id	: GenuineIntel
cpu family	: 6
model		: 30
model name	: Intel(R) Core(TM) i5 CPU         750  @ 2.67GHz
stepping	: 5
microcode	: 0x3
cpu MHz		: 1200.000
cache size	: 8192 KB
physical id	: 0
siblings	: 4
core id		: 3
cpu cores	: 4
apicid		: 6
initial apicid	: 6
fpu		: yes
fpu_exception	: yes
cpuid level	: 11
wp		: yes
flags		: fpu vme de pse tsc msr pae mce cx8 apic sep mtrr pge mca cmov pat pse36 clflush dts acpi mmx fxsr sse sse2 ss ht tm pbe syscall nx rdtscp lm constant_tsc arch_perfmon pebs bts rep_good nopl xtopology nonstop_tsc aperfmperf pni dtes64 monitor ds_cpl vmx smx est tm2 ssse3 cx16 xtpr pdcm sse4_1 sse4_2 popcnt lahf_lm ida dtherm tpr_shadow vnmi flexpriority ept vpid
bogomips	: 5352.23
clflush size	: 64
cache_alignment	: 64
address sizes	: 36 bits physical, 48 bits virtual
power management:



Memory: 4k page, physical 4037260k(353680k free), swap 123900k(123900k free)

vm_info: Java HotSpot(TM) 64-Bit Server VM (24.51-b03) for linux-amd64 JRE (1.7.0_51-b13), built on Dec 18 2013 18:48:01 by "java_re" with gcc 4.3.0 20080428 (Red Hat 4.3.0-8)

time: Sat Feb  8 11:28:25 2014
elapsed time: 2 seconds

