#
# A fatal error has been detected by the Java Runtime Environment:
#
#  SIGSEGV (0xb) at pc=0x00007f9e25eb4736, pid=4400, tid=140317223712512
#
# JRE version: Java(TM) SE Runtime Environment (7.0_51-b13) (build 1.7.0_51-b13)
# Java VM: Java HotSpot(TM) 64-Bit Server VM (24.51-b03 mixed mode linux-amd64 compressed oops)
# Problematic frame:
# C  [libGL.so.1+0x87736]  glXCreateNewContext+0x4956
#
# Failed to write core dump. Core dumps have been disabled. To enable core dumping, try "ulimit -c unlimited" before starting Java again
#
# If you would like to submit a bug report, please visit:
#   http://bugreport.sun.com/bugreport/crash.jsp
# The crash happened outside the Java Virtual Machine in native code.
# See problematic frame for where to report the bug.
#

---------------  T H R E A D  ---------------

Current thread (0x00007f9e68236000):  JavaThread "AWT-EventQueue-0" [_thread_in_native, id=4429, stack(0x00007f9e26367000,0x00007f9e26468000)]

siginfo:si_signo=SIGSEGV: si_errno=0, si_code=1 (SEGV_MAPERR), si_addr=0x0000000000000068

Registers:
RAX=0x0000000000000000, RBX=0x00007f9e684d3350, RCX=0x00007f9e68000030, RDX=0x0000000000000000
RSP=0x00007f9e26464340, RBP=0x00007f9e684c8040, RSI=0x00007f9e684c8048, RDI=0x00007f9e684d3350
R8 =0x0000000000000000, R9 =0x0000000000000000, R10=0x0000000000000000, R11=0x00007f9e6f1bf960
R12=0x00007f9e684d3350, R13=0x00000000bdd4fc18, R14=0x00007f9e26464460, R15=0x00007f9e68236000
RIP=0x00007f9e25eb4736, EFLAGS=0x0000000000010246, CSGSFS=0x0000000000000033, ERR=0x0000000000000004
  TRAPNO=0x000000000000000e

Top of Stack: (sp=0x00007f9e26464340)
0x00007f9e26464340:   00007f9e684d3350 00007f9e684d3350
0x00007f9e26464350:   00007f9e684c8040 0000000000000080
0x00007f9e26464360:   00000000bdd4fc18 00007f9e26464460
0x00007f9e26464370:   00007f9e68236000 00007f9e27ce54f2
0x00007f9e26464380:   00000000bdd4fc18 00007f9e264643d0
0x00007f9e26464390:   0000000000000000 00007f9e26164232
0x00007f9e264643a0:   00007f9e68236000 00007f9e684d3350
0x00007f9e264643b0:   00007f9e26464448 00007f9e682361e8
0x00007f9e264643c0:   0000000000000000 00007f9e684d3350
0x00007f9e264643d0:   00007f9e26464438 00007f9e65012738
0x00007f9e264643e0:   00007f9e264643e0 0000000000000001
0x00007f9e264643f0:   0000000000000000 00007f9e264643f8
0x00007f9e26464400:   0000000000000000 00007f9e26464460
0x00007f9e26464410:   00000000bdd50210 0000000000000000
0x00007f9e26464420:   00000000bdd4fc18 0000000000000000
0x00007f9e26464430:   00007f9e26464458 00007f9e264644a8
0x00007f9e26464440:   00007f9e650061d4 00000000ec84b6e0
0x00007f9e26464450:   00007f9e6500ecd6 00007f9e684d3350
0x00007f9e26464460:   0000000000000000 00007f9e26464468
0x00007f9e26464470:   00000000bdd46c6b 00007f9e264644d0
0x00007f9e26464480:   00000000bdd47918 0000000000000000
0x00007f9e26464490:   00000000bdd46ca0 00007f9e26464458
0x00007f9e264644a0:   00007f9e264644c8 00007f9e26464528
0x00007f9e264644b0:   00007f9e650061d4 0000000000000000
0x00007f9e264644c0:   00000000ffffffff 00007f9e684d3350
0x00007f9e264644d0:   00000000ebaf6f30 0000000000000009
0x00007f9e264644e0:   00000000ec691b80 00007f9e264644d8
0x00007f9e264644f0:   00000000bdd46677 00007f9e26464558
0x00007f9e26464500:   00000000bdd47918 0000000000000000
0x00007f9e26464510:   00000000bdd46720 00007f9e264644c8
0x00007f9e26464520:   00007f9e26464550 00007f9e264645a0
0x00007f9e26464530:   00007f9e65006058 0000000000000000 

Instructions: (pc=0x00007f9e25eb4736)
0x00007f9e25eb4716:   66 2e 0f 1f 84 00 00 00 00 00 41 57 41 56 41 55
0x00007f9e25eb4726:   41 54 49 89 fc 55 53 48 83 ec 08 e8 2a bd ff ff
0x00007f9e25eb4736:   4c 39 60 68 0f 84 32 02 00 00 4c 8b 2d 29 ec 26
0x00007f9e25eb4746:   00 41 8b 85 38 08 00 00 ff c0 41 89 85 38 08 00 

Register to memory mapping:

RAX=0x0000000000000000 is an unknown value
RBX=0x00007f9e684d3350 is an unknown value
RCX=0x00007f9e68000030 is an unknown value
RDX=0x0000000000000000 is an unknown value
RSP=0x00007f9e26464340 is pointing into the stack for thread: 0x00007f9e68236000
RBP=0x00007f9e684c8040 is an unknown value
RSI=0x00007f9e684c8048 is an unknown value
RDI=0x00007f9e684d3350 is an unknown value
R8 =0x0000000000000000 is an unknown value
R9 =0x0000000000000000 is an unknown value
R10=0x0000000000000000 is an unknown value
R11=0x00007f9e6f1bf960: <offset 0x18d960> in /lib/x86_64-linux-gnu/libc.so.6 at 0x00007f9e6f032000
R12=0x00007f9e684d3350 is an unknown value
R13=0x00000000bdd4fc18 is an oop
{method} 
 - klass: {other class}
R14=0x00007f9e26464460 is pointing into the stack for thread: 0x00007f9e68236000
R15=0x00007f9e68236000 is a thread


Stack: [0x00007f9e26367000,0x00007f9e26468000],  sp=0x00007f9e26464340,  free space=1012k
Native frames: (J=compiled Java code, j=interpreted, Vv=VM code, C=native code)
C  [libGL.so.1+0x87736]  glXCreateNewContext+0x4956

Java frames: (J=compiled Java code, j=interpreted, Vv=VM code)
j  jogamp.nativewindow.x11.X11Lib.XCloseDisplay(J)I+0
j  jogamp.nativewindow.x11.X11Util.XCloseDisplay(J)I+43
j  jogamp.nativewindow.x11.X11Util.closeDisplay(J)V+199
j  com.jogamp.nativewindow.x11.X11GraphicsDevice.close()Z+60
j  jogamp.newt.awt.NewtFactoryAWT.destroyNativeWindow(Lcom/jogamp/nativewindow/awt/JAWTWindow;)V+20
j  com.jogamp.newt.awt.NewtCanvasAWT.destroyImpl(ZZ)V+306
j  com.jogamp.newt.awt.NewtCanvasAWT.removeNotify()V+77
j  java.awt.Container.removeNotify()V+47
j  java.awt.Window.removeNotify()V+32
j  java.awt.Frame.removeNotify()V+51
j  java.awt.Window$1DisposeAction.run()V+146
j  java.awt.Window.doDispose()V+16
j  java.awt.Window.dispose()V+1
j  ogldevtutorials.tutorial04.Tutorial04$1.windowClosing(Ljava/awt/event/WindowEvent;)V+14
j  java.awt.AWTEventMulticaster.windowClosing(Ljava/awt/event/WindowEvent;)V+8
j  java.awt.AWTEventMulticaster.windowClosing(Ljava/awt/event/WindowEvent;)V+8
j  java.awt.Window.processWindowEvent(Ljava/awt/event/WindowEvent;)V+68
j  java.awt.Window.processEvent(Ljava/awt/AWTEvent;)V+69
j  java.awt.Component.dispatchEventImpl(Ljava/awt/AWTEvent;)V+581
j  java.awt.Container.dispatchEventImpl(Ljava/awt/AWTEvent;)V+42
j  java.awt.Window.dispatchEventImpl(Ljava/awt/AWTEvent;)V+19
j  java.awt.Component.dispatchEvent(Ljava/awt/AWTEvent;)V+2
j  java.awt.EventQueue.dispatchEventImpl(Ljava/awt/AWTEvent;Ljava/lang/Object;)V+41
j  java.awt.EventQueue.access$200(Ljava/awt/EventQueue;Ljava/awt/AWTEvent;Ljava/lang/Object;)V+3
j  java.awt.EventQueue$3.run()Ljava/lang/Void;+12
j  java.awt.EventQueue$3.run()Ljava/lang/Object;+1
v  ~StubRoutines::call_stub
j  java.security.AccessController.doPrivileged(Ljava/security/PrivilegedAction;Ljava/security/AccessControlContext;)Ljava/lang/Object;+0
j  java.security.ProtectionDomain$1.doIntersectionPrivilege(Ljava/security/PrivilegedAction;Ljava/security/AccessControlContext;Ljava/security/AccessControlContext;)Ljava/lang/Object;+28
j  java.security.ProtectionDomain$1.doIntersectionPrivilege(Ljava/security/PrivilegedAction;Ljava/security/AccessControlContext;)Ljava/lang/Object;+6
j  java.awt.EventQueue$4.run()Ljava/lang/Void;+11
j  java.awt.EventQueue$4.run()Ljava/lang/Object;+1
v  ~StubRoutines::call_stub
j  java.security.AccessController.doPrivileged(Ljava/security/PrivilegedAction;Ljava/security/AccessControlContext;)Ljava/lang/Object;+0
j  java.security.ProtectionDomain$1.doIntersectionPrivilege(Ljava/security/PrivilegedAction;Ljava/security/AccessControlContext;Ljava/security/AccessControlContext;)Ljava/lang/Object;+28
j  java.awt.EventQueue.dispatchEvent(Ljava/awt/AWTEvent;)V+73
j  java.awt.EventDispatchThread.pumpOneEventForFilters(I)V+245
j  java.awt.EventDispatchThread.pumpEventsForFilter(ILjava/awt/Conditional;Ljava/awt/EventFilter;)V+35
j  java.awt.EventDispatchThread.pumpEventsForHierarchy(ILjava/awt/Conditional;Ljava/awt/Component;)V+11
j  java.awt.EventDispatchThread.pumpEvents(ILjava/awt/Conditional;)V+4
j  java.awt.EventDispatchThread.pumpEvents(Ljava/awt/Conditional;)V+3
j  java.awt.EventDispatchThread.run()V+9
v  ~StubRoutines::call_stub

---------------  P R O C E S S  ---------------

Java Threads: ( => current thread )
  0x00007f9e10014000 JavaThread "main-Display-.x11_:0-1-EDT-2" daemon [_thread_blocked, id=4436, stack(0x00007f9e0677c000,0x00007f9e0687d000)]
  0x00007f9e6800a000 JavaThread "DestroyJavaVM" [_thread_blocked, id=4402, stack(0x00007f9e6fb31000,0x00007f9e6fc32000)]
  0x00007f9e6826f000 JavaThread "main-SharedResourceRunner" daemon [_thread_blocked, id=4430, stack(0x00007f9e25881000,0x00007f9e25982000)]
=>0x00007f9e68236000 JavaThread "AWT-EventQueue-0" [_thread_in_native, id=4429, stack(0x00007f9e26367000,0x00007f9e26468000)]
  0x00007f9e68226000 JavaThread "AWT-Shutdown" [_thread_blocked, id=4428, stack(0x00007f9e26468000,0x00007f9e26569000)]
  0x00007f9e6821f000 JavaThread "AWT-XAWT" daemon [_thread_in_native, id=4427, stack(0x00007f9e26b72000,0x00007f9e26c73000)]
  0x00007f9e681fe800 JavaThread "Java2D Disposer" daemon [_thread_blocked, id=4426, stack(0x00007f9e5c093000,0x00007f9e5c194000)]
  0x00007f9e6817e800 JavaThread "process reaper" daemon [_thread_blocked, id=4420, stack(0x00007f9e64075000,0x00007f9e640ae000)]
  0x00007f9e68097000 JavaThread "Service Thread" daemon [_thread_blocked, id=4415, stack(0x00007f9e5d1b7000,0x00007f9e5d2b8000)]
  0x00007f9e68095000 JavaThread "C2 CompilerThread1" daemon [_thread_blocked, id=4414, stack(0x00007f9e5d2b8000,0x00007f9e5d3b9000)]
  0x00007f9e68092000 JavaThread "C2 CompilerThread0" daemon [_thread_blocked, id=4413, stack(0x00007f9e5d3b9000,0x00007f9e5d4ba000)]
  0x00007f9e68087800 JavaThread "Signal Dispatcher" daemon [_thread_blocked, id=4412, stack(0x00007f9e5d4ba000,0x00007f9e5d5bb000)]
  0x00007f9e6806f800 JavaThread "Finalizer" daemon [_thread_blocked, id=4411, stack(0x00007f9e5dc9e000,0x00007f9e5dd9f000)]
  0x00007f9e6806c000 JavaThread "Reference Handler" daemon [_thread_blocked, id=4410, stack(0x00007f9e5dd9f000,0x00007f9e5dea0000)]

Other Threads:
  0x00007f9e68069800 VMThread [stack: 0x00007f9e640d0000,0x00007f9e641d1000] [id=4409]
  0x00007f9e680a2000 WatcherThread [stack: 0x00007f9e5d0b6000,0x00007f9e5d1b7000] [id=4416]

VM state:not at safepoint (normal execution)

VM Mutex/Monitor currently owned by a thread: None

Heap
 PSYoungGen      total 18432K, used 7826K [0x00000000eb700000, 0x00000000edb00000, 0x0000000100000000)
  eden space 15872K, 33% used [0x00000000eb700000,0x00000000ebc2c268,0x00000000ec680000)
  from space 2560K, 98% used [0x00000000ec680000,0x00000000ec8f8750,0x00000000ec900000)
  to   space 2560K, 0% used [0x00000000ed880000,0x00000000ed880000,0x00000000edb00000)
 ParOldGen       total 41984K, used 2161K [0x00000000c2600000, 0x00000000c4f00000, 0x00000000eb700000)
  object space 41984K, 5% used [0x00000000c2600000,0x00000000c281c7f8,0x00000000c4f00000)
 PSPermGen       total 21504K, used 14729K [0x00000000bd400000, 0x00000000be900000, 0x00000000c2600000)
  object space 21504K, 68% used [0x00000000bd400000,0x00000000be2627e0,0x00000000be900000)

Card table byte_map: [0x00007f9e6cc19000,0x00007f9e6ce30000] byte_map_base: 0x00007f9e6c62f000

Polling page: 0x00007f9e6fc51000

Code Cache  [0x00007f9e65000000, 0x00007f9e65270000, 0x00007f9e68000000)
 total_blobs=842 nmethods=44 adapters=752 free_code_cache=48366Kb largest_free_block=49524608

Compilation events (10 events):
Event: 0,711 Thread 0x00007f9e68095000   39             java.lang.Class::searchMethods (90 bytes)
Event: 0,716 Thread 0x00007f9e68095000 nmethod 39 0x00007f9e650b8c10 code [0x00007f9e650b8da0, 0x00007f9e650b90a0]
Event: 0,768 Thread 0x00007f9e68092000   40             java.nio.Buffer::checkIndex (22 bytes)
Event: 0,769 Thread 0x00007f9e68092000 nmethod 40 0x00007f9e650b74d0 code [0x00007f9e650b7600, 0x00007f9e650b7678]
Event: 0,771 Thread 0x00007f9e68095000   41             java.nio.HeapByteBuffer::ix (7 bytes)
Event: 0,772 Thread 0x00007f9e68095000 nmethod 41 0x00007f9e650b72d0 code [0x00007f9e650b7400, 0x00007f9e650b7458]
Event: 0,777 Thread 0x00007f9e68092000   42             sun.misc.MetaIndex::mayContain (51 bytes)
Event: 0,781 Thread 0x00007f9e68092000 nmethod 42 0x00007f9e650b9f10 code [0x00007f9e650ba060, 0x00007f9e650ba2b8]
Event: 0,825 Thread 0x00007f9e68095000   43             sun.java2d.loops.GraphicsPrimitive::getUniqueID (5 bytes)
Event: 0,825 Thread 0x00007f9e68095000 nmethod 43 0x00007f9e650c46d0 code [0x00007f9e650c4800, 0x00007f9e650c4858]

GC Heap History (2 events):
Event: 0,691 GC heap before
{Heap before GC invocations=1 (full 0):
 PSYoungGen      total 18432K, used 15872K [0x00000000eb700000, 0x00000000ecb80000, 0x0000000100000000)
  eden space 15872K, 100% used [0x00000000eb700000,0x00000000ec680000,0x00000000ec680000)
  from space 2560K, 0% used [0x00000000ec900000,0x00000000ec900000,0x00000000ecb80000)
  to   space 2560K, 0% used [0x00000000ec680000,0x00000000ec680000,0x00000000ec900000)
 ParOldGen       total 41984K, used 0K [0x00000000c2600000, 0x00000000c4f00000, 0x00000000eb700000)
  object space 41984K, 0% used [0x00000000c2600000,0x00000000c2600000,0x00000000c4f00000)
 PSPermGen       total 21504K, used 11467K [0x00000000bd400000, 0x00000000be900000, 0x00000000c2600000)
  object space 21504K, 53% used [0x00000000bd400000,0x00000000bdf32c50,0x00000000be900000)
Event: 0,699 GC heap after
Heap after GC invocations=1 (full 0):
 PSYoungGen      total 18432K, used 2529K [0x00000000eb700000, 0x00000000edb00000, 0x0000000100000000)
  eden space 15872K, 0% used [0x00000000eb700000,0x00000000eb700000,0x00000000ec680000)
  from space 2560K, 98% used [0x00000000ec680000,0x00000000ec8f8750,0x00000000ec900000)
  to   space 2560K, 0% used [0x00000000ed880000,0x00000000ed880000,0x00000000edb00000)
 ParOldGen       total 41984K, used 2161K [0x00000000c2600000, 0x00000000c4f00000, 0x00000000eb700000)
  object space 41984K, 5% used [0x00000000c2600000,0x00000000c281c7f8,0x00000000c4f00000)
 PSPermGen       total 21504K, used 11467K [0x00000000bd400000, 0x00000000be900000, 0x00000000c2600000)
  object space 21504K, 53% used [0x00000000bd400000,0x00000000bdf32c50,0x00000000be900000)
}

Deoptimization events (6 events):
Event: 0,200 Thread 0x00007f9e6800a000 Uncommon trap: reason=null_check action=make_not_entrant pc=0x00007f9e6506b5d8 method=java.lang.String.equals(Ljava/lang/Object;)Z @ 8
Event: 0,647 Thread 0x00007f9e6826f000 Uncommon trap: reason=unreached action=reinterpret pc=0x00007f9e650a8a98 method=java.lang.Class.searchFields([Ljava/lang/reflect/Field;Ljava/lang/String;)Ljava/lang/reflect/Field; @ 23
Event: 0,726 Thread 0x00007f9e6800a000 Uncommon trap: reason=bimorphic action=maybe_recompile pc=0x00007f9e650b0a60 method=java.util.HashMap.getEntry(Ljava/lang/Object;)Ljava/util/HashMap$Entry; @ 68
Event: 0,726 Thread 0x00007f9e6800a000 Uncommon trap: reason=bimorphic action=maybe_recompile pc=0x00007f9e650b0a60 method=java.util.HashMap.getEntry(Ljava/lang/Object;)Ljava/util/HashMap$Entry; @ 68
Event: 0,726 Thread 0x00007f9e6800a000 Uncommon trap: reason=bimorphic action=maybe_recompile pc=0x00007f9e650b0a60 method=java.util.HashMap.getEntry(Ljava/lang/Object;)Ljava/util/HashMap$Entry; @ 68
Event: 0,726 Thread 0x00007f9e6800a000 Uncommon trap: reason=bimorphic action=maybe_recompile pc=0x00007f9e650b0a60 method=java.util.HashMap.getEntry(Ljava/lang/Object;)Ljava/util/HashMap$Entry; @ 68

Internal exceptions (10 events):
Event: 1,090 Thread 0x00007f9e6800a000 Threw 0x00000000ebb57ce8 at /HUDSON/workspace/7u-2-build-linux-amd64@2/jdk7u51/527/hotspot/src/share/vm/prims/jvm.cpp:1244
Event: 1,109 Thread 0x00007f9e68236000 Threw 0x00000000ebb285b8 at /HUDSON/workspace/7u-2-build-linux-amd64@2/jdk7u51/527/hotspot/src/share/vm/prims/jvm.cpp:1244
Event: 1,109 Thread 0x00007f9e68236000 Threw 0x00000000ebb2af68 at /HUDSON/workspace/7u-2-build-linux-amd64@2/jdk7u51/527/hotspot/src/share/vm/prims/jvm.cpp:1244
Event: 1,228 Thread 0x00007f9e68236000 Threw 0x00000000ebb34228 at /HUDSON/workspace/7u-2-build-linux-amd64@2/jdk7u51/527/hotspot/src/share/vm/prims/jni.cpp:743
Event: 1,233 Thread 0x00007f9e68236000 Threw 0x00000000ebb380c0 at /HUDSON/workspace/7u-2-build-linux-amd64@2/jdk7u51/527/hotspot/src/share/vm/prims/jvm.cpp:1244
Event: 1,235 Thread 0x00007f9e684b4000 Threw 0x00000000ebbee738 at /HUDSON/workspace/7u-2-build-linux-amd64@2/jdk7u51/527/hotspot/src/share/vm/prims/jvm.cpp:1244
Event: 3,305 Thread 0x00007f9e684b4000 Threw 0x00000000ebc08830 at /HUDSON/workspace/7u-2-build-linux-amd64@2/jdk7u51/527/hotspot/src/share/vm/prims/jvm.cpp:1244
Event: 3,325 Thread 0x00007f9e10014000 Threw 0x00000000ebc18618 at /HUDSON/workspace/7u-2-build-linux-amd64@2/jdk7u51/527/hotspot/src/share/vm/runtime/reflection.cpp:1030
Event: 3,328 Thread 0x00007f9e10014000 Threw 0x00000000ebc18ac8 at /HUDSON/workspace/7u-2-build-linux-amd64@2/jdk7u51/527/hotspot/src/share/vm/runtime/reflection.cpp:1030
Event: 3,330 Thread 0x00007f9e68236000 Threw 0x00000000ebb3bae0 at /HUDSON/workspace/7u-2-build-linux-amd64@2/jdk7u51/527/hotspot/src/share/vm/prims/jvm.cpp:1244

Events (10 events):
Event: 3,305 loading class 0x00007f9e681fda00
Event: 3,305 loading class 0x00007f9e681fda00 done
Event: 3,322 loading class 0x00007f9e3802ec30
Event: 3,323 Thread 0x00007f9e684b4000 Thread exited: 0x00007f9e684b4000
Event: 3,323 loading class 0x00007f9e3802ec30 done
Event: 3,323 loading class 0x00007f9e3805b5b0
Event: 3,323 loading class 0x00007f9e3805b5b0 done
Event: 3,324 Thread 0x00007f9e10014000 Thread added: 0x00007f9e10014000
Event: 3,330 loading class 0x00007f9e684eb4e0
Event: 3,330 loading class 0x00007f9e684eb4e0 done


Dynamic libraries:
00400000-00401000 r-xp 00000000 08:06 1989570                            /usr/lib/jvm/java-7-oracle/bin/java
00600000-00601000 rw-p 00000000 08:06 1989570                            /usr/lib/jvm/java-7-oracle/bin/java
01eb6000-01ed7000 rw-p 00000000 00:00 0                                  [heap]
4048f000-4052d000 rw-p 00000000 00:00 0 
40c98000-40c9a000 r-xs 00000000 08:06 3805405                            /tmp/glaTVKoL (deleted)
bd400000-be900000 rw-p 00000000 00:00 0 
be900000-c2600000 rw-p 00000000 00:00 0 
c2600000-c4f00000 rw-p 00000000 00:00 0 
c4f00000-eb700000 rw-p 00000000 00:00 0 
eb700000-edb00000 rw-p 00000000 00:00 0 
edb00000-100000000 rw-p 00000000 00:00 0 
7f9e00000000-7f9e00021000 rw-p 00000000 00:00 0 
7f9e00021000-7f9e04000000 ---p 00000000 00:00 0 
7f9e0677c000-7f9e0677f000 ---p 00000000 00:00 0 
7f9e0677f000-7f9e0687d000 rw-p 00000000 00:00 0                          [stack:4436]
7f9e0687d000-7f9e0697d000 rw-s 18032000 00:05 1917                       /dev/nvidia0
7f9e0697d000-7f9e0699d000 rw-s d8160000 00:05 1917                       /dev/nvidia0
7f9e0699d000-7f9e069dd000 rw-s 1805e000 00:05 1917                       /dev/nvidia0
7f9e069dd000-7f9e069fd000 rw-s 37e5e000 00:05 1917                       /dev/nvidia0
7f9e069fd000-7f9e06a3d000 rw-s 3847d000 00:05 1917                       /dev/nvidia0
7f9e06a3d000-7f9e06a5d000 rw-s 21dbd000 00:05 1917                       /dev/nvidia0
7f9e06a5d000-7f9e06b5d000 rw-s 37e9a000 00:05 1917                       /dev/nvidia0
7f9e06b5d000-7f9e06b66000 r-xp 00000000 08:06 1974181                    /usr/lib/x86_64-linux-gnu/libXrandr.so.2.2.0
7f9e06b66000-7f9e06d65000 ---p 00009000 08:06 1974181                    /usr/lib/x86_64-linux-gnu/libXrandr.so.2.2.0
7f9e06d65000-7f9e06d66000 r--p 00008000 08:06 1974181                    /usr/lib/x86_64-linux-gnu/libXrandr.so.2.2.0
7f9e06d66000-7f9e06d67000 rw-p 00009000 08:06 1974181                    /usr/lib/x86_64-linux-gnu/libXrandr.so.2.2.0
7f9e06d67000-7f9e06d75000 r-xp 00000000 08:06 1444992                    /tmp/jogamp_0000/file_cache/jln9150744946527164505/jln8938117979078757554/libnewt.so
7f9e06d75000-7f9e06f74000 ---p 0000e000 08:06 1444992                    /tmp/jogamp_0000/file_cache/jln9150744946527164505/jln8938117979078757554/libnewt.so
7f9e06f74000-7f9e06f75000 rw-p 0000d000 08:06 1444992                    /tmp/jogamp_0000/file_cache/jln9150744946527164505/jln8938117979078757554/libnewt.so
7f9e06f75000-7f9e07175000 rw-s b9923000 00:05 1917                       /dev/nvidia0
7f9e07175000-7f9e07375000 rw-s 21ca6000 00:05 1917                       /dev/nvidia0
7f9e07375000-7f9e07575000 rw-s 37d5d000 00:05 1917                       /dev/nvidia0
7f9e07575000-7f9e07577000 r-xp 00000000 08:06 1974171                    /usr/lib/x86_64-linux-gnu/libXinerama.so.1.0.0
7f9e07577000-7f9e07776000 ---p 00002000 08:06 1974171                    /usr/lib/x86_64-linux-gnu/libXinerama.so.1.0.0
7f9e07776000-7f9e07777000 r--p 00001000 08:06 1974171                    /usr/lib/x86_64-linux-gnu/libXinerama.so.1.0.0
7f9e07777000-7f9e07778000 rw-p 00002000 08:06 1974171                    /usr/lib/x86_64-linux-gnu/libXinerama.so.1.0.0
7f9e07778000-7f9e077aa000 r-xp 00000000 08:06 1975001                    /usr/lib/x86_64-linux-gnu/libtxc_dxtn_s2tc.so.0.0.0
7f9e077aa000-7f9e079a9000 ---p 00032000 08:06 1975001                    /usr/lib/x86_64-linux-gnu/libtxc_dxtn_s2tc.so.0.0.0
7f9e079a9000-7f9e079aa000 r--p 00031000 08:06 1975001                    /usr/lib/x86_64-linux-gnu/libtxc_dxtn_s2tc.so.0.0.0
7f9e079aa000-7f9e079ab000 rw-p 00032000 08:06 1975001                    /usr/lib/x86_64-linux-gnu/libtxc_dxtn_s2tc.so.0.0.0
7f9e079ab000-7f9e079ac000 ---p 00000000 00:00 0 
7f9e079ac000-7f9e081ac000 rw-p 00000000 00:00 0                          [stack:4434]
7f9e081ac000-7f9e081ad000 ---p 00000000 00:00 0 
7f9e081ad000-7f9e089ad000 rw-p 00000000 00:00 0                          [stack:4433]
7f9e089ad000-7f9e089ae000 ---p 00000000 00:00 0 
7f9e089ae000-7f9e091ae000 rw-p 00000000 00:00 0                          [stack:4432]
7f9e091ae000-7f9e091af000 ---p 00000000 00:00 0 
7f9e091af000-7f9e099af000 rw-p 00000000 00:00 0                          [stack:4431]
7f9e099af000-7f9e099d6000 r-xp 00000000 08:06 2101149                    /lib/x86_64-linux-gnu/libexpat.so.1.6.0
7f9e099d6000-7f9e09bd6000 ---p 00027000 08:06 2101149                    /lib/x86_64-linux-gnu/libexpat.so.1.6.0
7f9e09bd6000-7f9e09bd8000 r--p 00027000 08:06 2101149                    /lib/x86_64-linux-gnu/libexpat.so.1.6.0
7f9e09bd8000-7f9e09bd9000 rw-p 00029000 08:06 2101149                    /lib/x86_64-linux-gnu/libexpat.so.1.6.0
7f9e09bd9000-7f9e09c46000 r-xp 00000000 08:06 2492117                    /usr/lib/x86_64-linux-gnu/dri/swrast_dri.so
7f9e09c46000-7f9e09e46000 ---p 0006d000 08:06 2492117                    /usr/lib/x86_64-linux-gnu/dri/swrast_dri.so
7f9e09e46000-7f9e09e47000 r--p 0006d000 08:06 2492117                    /usr/lib/x86_64-linux-gnu/dri/swrast_dri.so
7f9e09e47000-7f9e09e48000 rw-p 0006e000 08:06 2492117                    /usr/lib/x86_64-linux-gnu/dri/swrast_dri.so
7f9e09e48000-7f9e09e4f000 rw-p 00000000 00:00 0 
7f9e09e4f000-7f9e09e64000 r-xp 00000000 08:06 2098090                    /lib/x86_64-linux-gnu/libgcc_s.so.1
7f9e09e64000-7f9e0a063000 ---p 00015000 08:06 2098090                    /lib/x86_64-linux-gnu/libgcc_s.so.1
7f9e0a063000-7f9e0a064000 r--p 00014000 08:06 2098090                    /lib/x86_64-linux-gnu/libgcc_s.so.1
7f9e0a064000-7f9e0a065000 rw-p 00015000 08:06 2098090                    /lib/x86_64-linux-gnu/libgcc_s.so.1
7f9e0a065000-7f9e0a14b000 r-xp 00000000 08:06 1983501                    /usr/lib/x86_64-linux-gnu/libstdc++.so.6.0.18
7f9e0a14b000-7f9e0a34a000 ---p 000e6000 08:06 1983501                    /usr/lib/x86_64-linux-gnu/libstdc++.so.6.0.18
7f9e0a34a000-7f9e0a352000 r--p 000e5000 08:06 1983501                    /usr/lib/x86_64-linux-gnu/libstdc++.so.6.0.18
7f9e0a352000-7f9e0a354000 rw-p 000ed000 08:06 1983501                    /usr/lib/x86_64-linux-gnu/libstdc++.so.6.0.18
7f9e0a354000-7f9e0a369000 rw-p 00000000 00:00 0 
7f9e0a369000-7f9e0b8ac000 r-xp 00000000 08:06 1974024                    /usr/lib/x86_64-linux-gnu/libLLVM-3.3.so.1
7f9e0b8ac000-7f9e0b8ad000 ---p 01543000 08:06 1974024                    /usr/lib/x86_64-linux-gnu/libLLVM-3.3.so.1
7f9e0b8ad000-7f9e0b9c2000 r--p 01543000 08:06 1974024                    /usr/lib/x86_64-linux-gnu/libLLVM-3.3.so.1
7f9e0b9c2000-7f9e0b9c4000 rw-p 01658000 08:06 1974024                    /usr/lib/x86_64-linux-gnu/libLLVM-3.3.so.1
7f9e0b9c4000-7f9e0b9d7000 rw-p 00000000 00:00 0 
7f9e0b9d7000-7f9e0b9e2000 r-xp 00000000 08:06 1968290                    /usr/lib/x86_64-linux-gnu/libdrm_radeon.so.1.0.1
7f9e0b9e2000-7f9e0bbe2000 ---p 0000b000 08:06 1968290                    /usr/lib/x86_64-linux-gnu/libdrm_radeon.so.1.0.1
7f9e0bbe2000-7f9e0bbe3000 r--p 0000b000 08:06 1968290                    /usr/lib/x86_64-linux-gnu/libdrm_radeon.so.1.0.1
7f9e0bbe3000-7f9e0bbe4000 rw-p 0000c000 08:06 1968290                    /usr/lib/x86_64-linux-gnu/libdrm_radeon.so.1.0.1
7f9e0bbe4000-7f9e0bbf9000 r-xp 00000000 08:06 1974373                    /usr/lib/x86_64-linux-gnu/libelf-0.157.so
7f9e0bbf9000-7f9e0bdf8000 ---p 00015000 08:06 1974373                    /usr/lib/x86_64-linux-gnu/libelf-0.157.so
7f9e0bdf8000-7f9e0bdf9000 r--p 00014000 08:06 1974373                    /usr/lib/x86_64-linux-gnu/libelf-0.157.so
7f9e0bdf9000-7f9e0bdfa000 rw-p 00015000 08:06 1974373                    /usr/lib/x86_64-linux-gnu/libelf-0.157.so
7f9e0bdfa000-7f9e0bdff000 r-xp 00000000 08:06 1968294                    /usr/lib/x86_64-linux-gnu/libdrm_nouveau.so.2.0.0
7f9e0bdff000-7f9e0bffe000 ---p 00005000 08:06 1968294                    /usr/lib/x86_64-linux-gnu/libdrm_nouveau.so.2.0.0
7f9e0bffe000-7f9e0bfff000 r--p 00004000 08:06 1968294                    /usr/lib/x86_64-linux-gnu/libdrm_nouveau.so.2.0.0
7f9e0bfff000-7f9e0c000000 rw-p 00005000 08:06 1968294                    /usr/lib/x86_64-linux-gnu/libdrm_nouveau.so.2.0.0
7f9e0c000000-7f9e0c4cf000 rw-p 00000000 00:00 0 
7f9e0c4cf000-7f9e10000000 ---p 00000000 00:00 0 
7f9e10000000-7f9e1002f000 rw-p 00000000 00:00 0 
7f9e1002f000-7f9e14000000 ---p 00000000 00:00 0 
7f9e14028000-7f9e1402f000 r-xp 00000000 08:06 2493217                    /usr/lib/x86_64-linux-gnu/mesa-egl/libOpenVG.so.1.0.0
7f9e1402f000-7f9e1422e000 ---p 00007000 08:06 2493217                    /usr/lib/x86_64-linux-gnu/mesa-egl/libOpenVG.so.1.0.0
7f9e1422e000-7f9e1422f000 r--p 00006000 08:06 2493217                    /usr/lib/x86_64-linux-gnu/mesa-egl/libOpenVG.so.1.0.0
7f9e1422f000-7f9e14230000 rw-p 00007000 08:06 2493217                    /usr/lib/x86_64-linux-gnu/mesa-egl/libOpenVG.so.1.0.0
7f9e14230000-7f9e14232000 rw-p 00000000 00:00 0 
7f9e14232000-7f9e145f0000 r-xp 00000000 08:06 1974360                    /usr/lib/x86_64-linux-gnu/libdricore9.2.1.so.1.0.0
7f9e145f0000-7f9e147ef000 ---p 003be000 08:06 1974360                    /usr/lib/x86_64-linux-gnu/libdricore9.2.1.so.1.0.0
7f9e147ef000-7f9e147ff000 r--p 003bd000 08:06 1974360                    /usr/lib/x86_64-linux-gnu/libdricore9.2.1.so.1.0.0
7f9e147ff000-7f9e14807000 rw-p 003cd000 08:06 1974360                    /usr/lib/x86_64-linux-gnu/libdricore9.2.1.so.1.0.0
7f9e14807000-7f9e1481f000 rw-p 00000000 00:00 0 
7f9e1481f000-7f9e14a3d000 r-xp 00000000 08:06 1974449                    /usr/lib/x86_64-linux-gnu/libgallium.so.0.0.0
7f9e14a3d000-7f9e14c3c000 ---p 0021e000 08:06 1974449                    /usr/lib/x86_64-linux-gnu/libgallium.so.0.0.0
7f9e14c3c000-7f9e14c4d000 r--p 0021d000 08:06 1974449                    /usr/lib/x86_64-linux-gnu/libgallium.so.0.0.0
7f9e14c4d000-7f9e14c50000 rw-p 0022e000 08:06 1974449                    /usr/lib/x86_64-linux-gnu/libgallium.so.0.0.0
7f9e14c50000-7f9e14e18000 rw-p 00000000 00:00 0 
7f9e14e18000-7f9e15186000 r-xp 00000000 08:06 2492119                    /usr/lib/x86_64-linux-gnu/egl/egl_gallium.so
7f9e15186000-7f9e15386000 ---p 0036e000 08:06 2492119                    /usr/lib/x86_64-linux-gnu/egl/egl_gallium.so
7f9e15386000-7f9e153b7000 r--p 0036e000 08:06 2492119                    /usr/lib/x86_64-linux-gnu/egl/egl_gallium.so
7f9e153b7000-7f9e153be000 rw-p 0039f000 08:06 2492119                    /usr/lib/x86_64-linux-gnu/egl/egl_gallium.so
7f9e153be000-7f9e153c5000 rw-p 00000000 00:00 0 
7f9e153c5000-7f9e153e6000 r-xp 00000000 08:06 1974503                    /usr/lib/x86_64-linux-gnu/libglapi.so.0.0.0
7f9e153e6000-7f9e155e6000 ---p 00021000 08:06 1974503                    /usr/lib/x86_64-linux-gnu/libglapi.so.0.0.0
7f9e155e6000-7f9e155e9000 r--p 00021000 08:06 1974503                    /usr/lib/x86_64-linux-gnu/libglapi.so.0.0.0
7f9e155e9000-7f9e155ea000 rw-p 00024000 08:06 1974503                    /usr/lib/x86_64-linux-gnu/libglapi.so.0.0.0
7f9e155ea000-7f9e155eb000 rw-p 00000000 00:00 0 
7f9e155eb000-7f9e155f1000 r-xp 00000000 08:06 2491707                    /usr/lib/x86_64-linux-gnu/mesa-egl/libGLESv2.so.2.0.0
7f9e155f1000-7f9e157f1000 ---p 00006000 08:06 2491707                    /usr/lib/x86_64-linux-gnu/mesa-egl/libGLESv2.so.2.0.0
7f9e157f1000-7f9e157f2000 r--p 00006000 08:06 2491707                    /usr/lib/x86_64-linux-gnu/mesa-egl/libGLESv2.so.2.0.0
7f9e157f2000-7f9e157f3000 rw-p 00007000 08:06 2491707                    /usr/lib/x86_64-linux-gnu/mesa-egl/libGLESv2.so.2.0.0
7f9e157f3000-7f9e17359000 r-xp 00000000 08:06 1968209                    /usr/lib/libnvidia-glcore.so.331.20
7f9e17359000-7f9e17559000 ---p 01b66000 08:06 1968209                    /usr/lib/libnvidia-glcore.so.331.20
7f9e17559000-7f9e17fe4000 rwxp 01b66000 08:06 1968209                    /usr/lib/libnvidia-glcore.so.331.20
7f9e17fe4000-7f9e18000000 rwxp 00000000 00:00 0 
7f9e18000000-7f9e18021000 rw-p 00000000 00:00 0 
7f9e18021000-7f9e1c000000 ---p 00000000 00:00 0 
7f9e1c000000-7f9e1c021000 rw-p 00000000 00:00 0 
7f9e1c021000-7f9e20000000 ---p 00000000 00:00 0 
7f9e20000000-7f9e20021000 rw-p 00000000 00:00 0 
7f9e20021000-7f9e24000000 ---p 00000000 00:00 0 
7f9e240c0000-7f9e241c0000 rw-s 20ab7000 00:05 1917                       /dev/nvidia0
7f9e241c0000-7f9e24206000 r-xp 00000000 08:06 1444989                    /tmp/jogamp_0000/file_cache/jln9150744946527164505/jln8938117979078757554/libjogl_mobile.so
7f9e24206000-7f9e24406000 ---p 00046000 08:06 1444989                    /tmp/jogamp_0000/file_cache/jln9150744946527164505/jln8938117979078757554/libjogl_mobile.so
7f9e24406000-7f9e24407000 rw-p 00046000 08:06 1444989                    /tmp/jogamp_0000/file_cache/jln9150744946527164505/jln8938117979078757554/libjogl_mobile.so
7f9e24407000-7f9e2440e000 r-xp 00000000 08:06 1974396                    /usr/lib/x86_64-linux-gnu/libffi.so.6.0.1
7f9e2440e000-7f9e2460d000 ---p 00007000 08:06 1974396                    /usr/lib/x86_64-linux-gnu/libffi.so.6.0.1
7f9e2460d000-7f9e2460e000 r--p 00006000 08:06 1974396                    /usr/lib/x86_64-linux-gnu/libffi.so.6.0.1
7f9e2460e000-7f9e2460f000 rw-p 00007000 08:06 1974396                    /usr/lib/x86_64-linux-gnu/libffi.so.6.0.1
7f9e2460f000-7f9e2461a000 r-xp 00000000 08:06 1968288                    /usr/lib/x86_64-linux-gnu/libdrm.so.2.4.0
7f9e2461a000-7f9e24819000 ---p 0000b000 08:06 1968288                    /usr/lib/x86_64-linux-gnu/libdrm.so.2.4.0
7f9e24819000-7f9e2481a000 r--p 0000a000 08:06 1968288                    /usr/lib/x86_64-linux-gnu/libdrm.so.2.4.0
7f9e2481a000-7f9e2481b000 rw-p 0000b000 08:06 1968288                    /usr/lib/x86_64-linux-gnu/libdrm.so.2.4.0
7f9e2481b000-7f9e2482b000 r-xp 00000000 08:06 2102041                    /lib/x86_64-linux-gnu/libudev.so.1.3.5
7f9e2482b000-7f9e24a2a000 ---p 00010000 08:06 2102041                    /lib/x86_64-linux-gnu/libudev.so.1.3.5
7f9e24a2a000-7f9e24a2b000 r--p 0000f000 08:06 2102041                    /lib/x86_64-linux-gnu/libudev.so.1.3.5
7f9e24a2b000-7f9e24a2c000 rw-p 00010000 08:06 2102041                    /lib/x86_64-linux-gnu/libudev.so.1.3.5
7f9e24a2c000-7f9e24a32000 r-xp 00000000 08:06 1974451                    /usr/lib/x86_64-linux-gnu/libgbm.so.1.0.0
7f9e24a32000-7f9e24c31000 ---p 00006000 08:06 1974451                    /usr/lib/x86_64-linux-gnu/libgbm.so.1.0.0
7f9e24c31000-7f9e24c32000 r--p 00005000 08:06 1974451                    /usr/lib/x86_64-linux-gnu/libgbm.so.1.0.0
7f9e24c32000-7f9e24c33000 rw-p 00006000 08:06 1974451                    /usr/lib/x86_64-linux-gnu/libgbm.so.1.0.0
7f9e24c33000-7f9e24c42000 r-xp 00000000 08:06 1975059                    /usr/lib/x86_64-linux-gnu/libwayland-server.so.0.0.0
7f9e24c42000-7f9e24e41000 ---p 0000f000 08:06 1975059                    /usr/lib/x86_64-linux-gnu/libwayland-server.so.0.0.0
7f9e24e41000-7f9e24e43000 r--p 0000e000 08:06 1975059                    /usr/lib/x86_64-linux-gnu/libwayland-server.so.0.0.0
7f9e24e43000-7f9e24e44000 rw-p 00010000 08:06 1975059                    /usr/lib/x86_64-linux-gnu/libwayland-server.so.0.0.0
7f9e24e44000-7f9e24e4e000 r-xp 00000000 08:06 1975055                    /usr/lib/x86_64-linux-gnu/libwayland-client.so.0.1.0
7f9e24e4e000-7f9e2504d000 ---p 0000a000 08:06 1975055                    /usr/lib/x86_64-linux-gnu/libwayland-client.so.0.1.0
7f9e2504d000-7f9e2504f000 r--p 00009000 08:06 1975055                    /usr/lib/x86_64-linux-gnu/libwayland-client.so.0.1.0
7f9e2504f000-7f9e25050000 rw-p 0000b000 08:06 1975055                    /usr/lib/x86_64-linux-gnu/libwayland-client.so.0.1.0
7f9e25050000-7f9e25055000 r-xp 00000000 08:06 1975098                    /usr/lib/x86_64-linux-gnu/libxcb-xfixes.so.0.0.0
7f9e25055000-7f9e25255000 ---p 00005000 08:06 1975098                    /usr/lib/x86_64-linux-gnu/libxcb-xfixes.so.0.0.0
7f9e25255000-7f9e25256000 r--p 00005000 08:06 1975098                    /usr/lib/x86_64-linux-gnu/libxcb-xfixes.so.0.0.0
7f9e25256000-7f9e25257000 rw-p 00006000 08:06 1975098                    /usr/lib/x86_64-linux-gnu/libxcb-xfixes.so.0.0.0
7f9e25257000-7f9e2525a000 r-xp 00000000 08:06 1975074                    /usr/lib/x86_64-linux-gnu/libxcb-dri2.so.0.0.0
7f9e2525a000-7f9e2545a000 ---p 00003000 08:06 1975074                    /usr/lib/x86_64-linux-gnu/libxcb-dri2.so.0.0.0
7f9e2545a000-7f9e2545b000 r--p 00003000 08:06 1975074                    /usr/lib/x86_64-linux-gnu/libxcb-dri2.so.0.0.0
7f9e2545b000-7f9e2545c000 rw-p 00004000 08:06 1975074                    /usr/lib/x86_64-linux-gnu/libxcb-dri2.so.0.0.0
7f9e2545c000-7f9e2545d000 r-xp 00000000 08:06 1974142                    /usr/lib/x86_64-linux-gnu/libX11-xcb.so.1.0.0
7f9e2545d000-7f9e2565c000 ---p 00001000 08:06 1974142                    /usr/lib/x86_64-linux-gnu/libX11-xcb.so.1.0.0
7f9e2565c000-7f9e2565d000 r--p 00000000 08:06 1974142                    /usr/lib/x86_64-linux-gnu/libX11-xcb.so.1.0.0
7f9e2565d000-7f9e2565e000 rw-p 00001000 08:06 1974142                    /usr/lib/x86_64-linux-gnu/libX11-xcb.so.1.0.0
7f9e2565e000-7f9e2567f000 r-xp 00000000 08:06 2493215                    /usr/lib/x86_64-linux-gnu/mesa-egl/libEGL.so.1.0.0
7f9e2567f000-7f9e2587f000 ---p 00021000 08:06 2493215                    /usr/lib/x86_64-linux-gnu/mesa-egl/libEGL.so.1.0.0
7f9e2587f000-7f9e25880000 r--p 00021000 08:06 2493215                    /usr/lib/x86_64-linux-gnu/mesa-egl/libEGL.so.1.0.0
7f9e25880000-7f9e25881000 rw-p 00022000 08:06 2493215                    /usr/lib/x86_64-linux-gnu/mesa-egl/libEGL.so.1.0.0
7f9e25881000-7f9e25884000 ---p 00000000 00:00 0 
7f9e25884000-7f9e25982000 rw-p 00000000 00:00 0                          [stack:4430]
7f9e25982000-7f9e25a2a000 r-xp 00000000 08:06 1444988                    /tmp/jogamp_0000/file_cache/jln9150744946527164505/jln8938117979078757554/libjogl_desktop.so
7f9e25a2a000-7f9e25c29000 ---p 000a8000 08:06 1444988                    /tmp/jogamp_0000/file_cache/jln9150744946527164505/jln8938117979078757554/libjogl_desktop.so
7f9e25c29000-7f9e25c2a000 rw-p 000a7000 08:06 1444988                    /tmp/jogamp_0000/file_cache/jln9150744946527164505/jln8938117979078757554/libjogl_desktop.so
7f9e25c2a000-7f9e25c2d000 r-xp 00000000 08:06 1970226                    /usr/lib/tls/libnvidia-tls.so.331.20
7f9e25c2d000-7f9e25e2c000 ---p 00003000 08:06 1970226                    /usr/lib/tls/libnvidia-tls.so.331.20
7f9e25e2c000-7f9e25e2d000 rw-p 00002000 08:06 1970226                    /usr/lib/tls/libnvidia-tls.so.331.20
7f9e25e2d000-7f9e25f0a000 r-xp 00000000 08:06 1970222                    /usr/lib/libGL.so.331.20
7f9e25f0a000-7f9e26109000 ---p 000dd000 08:06 1970222                    /usr/lib/libGL.so.331.20
7f9e26109000-7f9e26149000 rwxp 000dc000 08:06 1970222                    /usr/lib/libGL.so.331.20
7f9e26149000-7f9e26160000 rwxp 00000000 00:00 0 
7f9e26160000-7f9e26167000 r-xp 00000000 08:06 1444991                    /tmp/jogamp_0000/file_cache/jln9150744946527164505/jln8938117979078757554/libnativewindow_x11.so
7f9e26167000-7f9e26366000 ---p 00007000 08:06 1444991                    /tmp/jogamp_0000/file_cache/jln9150744946527164505/jln8938117979078757554/libnativewindow_x11.so
7f9e26366000-7f9e26367000 rw-p 00006000 08:06 1444991                    /tmp/jogamp_0000/file_cache/jln9150744946527164505/jln8938117979078757554/libnativewindow_x11.so
7f9e26367000-7f9e2636a000 ---p 00000000 00:00 0 
7f9e2636a000-7f9e26468000 rw-p 00000000 00:00 0                          [stack:4429]
7f9e26468000-7f9e2646b000 ---p 00000000 00:00 0 
7f9e2646b000-7f9e26569000 rw-p 00000000 00:00 0                          [stack:4428]
7f9e26569000-7f9e2656d000 r-xp 00000000 08:06 1974193                    /usr/lib/x86_64-linux-gnu/libXxf86vm.so.1.0.0
7f9e2656d000-7f9e2676d000 ---p 00004000 08:06 1974193                    /usr/lib/x86_64-linux-gnu/libXxf86vm.so.1.0.0
7f9e2676d000-7f9e2676e000 r--p 00004000 08:06 1974193                    /usr/lib/x86_64-linux-gnu/libXxf86vm.so.1.0.0
7f9e2676e000-7f9e2676f000 rw-p 00005000 08:06 1974193                    /usr/lib/x86_64-linux-gnu/libXxf86vm.so.1.0.0
7f9e2676f000-7f9e26771000 r-xp 00000000 08:06 1444990                    /tmp/jogamp_0000/file_cache/jln9150744946527164505/jln8938117979078757554/libnativewindow_awt.so
7f9e26771000-7f9e26970000 ---p 00002000 08:06 1444990                    /tmp/jogamp_0000/file_cache/jln9150744946527164505/jln8938117979078757554/libnativewindow_awt.so
7f9e26970000-7f9e26971000 rw-p 00001000 08:06 1444990                    /tmp/jogamp_0000/file_cache/jln9150744946527164505/jln8938117979078757554/libnativewindow_awt.so
7f9e26971000-7f9e26972000 r-xp 00000000 08:06 1988898                    /usr/lib/jvm/java-7-oracle/jre/lib/amd64/libjawt.so
7f9e26972000-7f9e26b71000 ---p 00001000 08:06 1988898                    /usr/lib/jvm/java-7-oracle/jre/lib/amd64/libjawt.so
7f9e26b71000-7f9e26b72000 rw-p 00000000 08:06 1988898                    /usr/lib/jvm/java-7-oracle/jre/lib/amd64/libjawt.so
7f9e26b72000-7f9e26b75000 ---p 00000000 00:00 0 
7f9e26b75000-7f9e26c73000 rw-p 00000000 00:00 0                          [stack:4427]
7f9e26c73000-7f9e26c78000 r-xp 00000000 08:06 1974163                    /usr/lib/x86_64-linux-gnu/libXfixes.so.3.1.0
7f9e26c78000-7f9e26e77000 ---p 00005000 08:06 1974163                    /usr/lib/x86_64-linux-gnu/libXfixes.so.3.1.0
7f9e26e77000-7f9e26e78000 r--p 00004000 08:06 1974163                    /usr/lib/x86_64-linux-gnu/libXfixes.so.3.1.0
7f9e26e78000-7f9e26e79000 rw-p 00005000 08:06 1974163                    /usr/lib/x86_64-linux-gnu/libXfixes.so.3.1.0
7f9e26e79000-7f9e26e82000 r-xp 00000000 08:06 1974155                    /usr/lib/x86_64-linux-gnu/libXcursor.so.1.0.2
7f9e26e82000-7f9e27081000 ---p 00009000 08:06 1974155                    /usr/lib/x86_64-linux-gnu/libXcursor.so.1.0.2
7f9e27081000-7f9e27082000 r--p 00008000 08:06 1974155                    /usr/lib/x86_64-linux-gnu/libXcursor.so.1.0.2
7f9e27082000-7f9e27083000 rw-p 00009000 08:06 1974155                    /usr/lib/x86_64-linux-gnu/libXcursor.so.1.0.2
7f9e27083000-7f9e27088000 r-xp 00000000 08:06 1974159                    /usr/lib/x86_64-linux-gnu/libXdmcp.so.6.0.0
7f9e27088000-7f9e27287000 ---p 00005000 08:06 1974159                    /usr/lib/x86_64-linux-gnu/libXdmcp.so.6.0.0
7f9e27287000-7f9e27288000 r--p 00004000 08:06 1974159                    /usr/lib/x86_64-linux-gnu/libXdmcp.so.6.0.0
7f9e27288000-7f9e27289000 rw-p 00005000 08:06 1974159                    /usr/lib/x86_64-linux-gnu/libXdmcp.so.6.0.0
7f9e27289000-7f9e2728b000 r-xp 00000000 08:06 1974148                    /usr/lib/x86_64-linux-gnu/libXau.so.6.0.0
7f9e2728b000-7f9e2748b000 ---p 00002000 08:06 1974148                    /usr/lib/x86_64-linux-gnu/libXau.so.6.0.0
7f9e2748b000-7f9e2748c000 r--p 00002000 08:06 1974148                    /usr/lib/x86_64-linux-gnu/libXau.so.6.0.0
7f9e2748c000-7f9e2748d000 rw-p 00003000 08:06 1974148                    /usr/lib/x86_64-linux-gnu/libXau.so.6.0.0
7f9e2748d000-7f9e274aa000 r-xp 00000000 08:06 1975100                    /usr/lib/x86_64-linux-gnu/libxcb.so.1.1.0
7f9e274aa000-7f9e276a9000 ---p 0001d000 08:06 1975100                    /usr/lib/x86_64-linux-gnu/libxcb.so.1.1.0
7f9e276a9000-7f9e276aa000 r--p 0001c000 08:06 1975100                    /usr/lib/x86_64-linux-gnu/libxcb.so.1.1.0
7f9e276aa000-7f9e276ab000 rw-p 0001d000 08:06 1975100                    /usr/lib/x86_64-linux-gnu/libxcb.so.1.1.0
7f9e276ab000-7f9e276ba000 r-xp 00000000 08:06 1974169                    /usr/lib/x86_64-linux-gnu/libXi.so.6.1.0
7f9e276ba000-7f9e278b9000 ---p 0000f000 08:06 1974169                    /usr/lib/x86_64-linux-gnu/libXi.so.6.1.0
7f9e278b9000-7f9e278ba000 r--p 0000e000 08:06 1974169                    /usr/lib/x86_64-linux-gnu/libXi.so.6.1.0
7f9e278ba000-7f9e278bb000 rw-p 0000f000 08:06 1974169                    /usr/lib/x86_64-linux-gnu/libXi.so.6.1.0
7f9e278bb000-7f9e278c0000 r-xp 00000000 08:06 1974187                    /usr/lib/x86_64-linux-gnu/libXtst.so.6.1.0
7f9e278c0000-7f9e27abf000 ---p 00005000 08:06 1974187                    /usr/lib/x86_64-linux-gnu/libXtst.so.6.1.0
7f9e27abf000-7f9e27ac0000 r--p 00004000 08:06 1974187                    /usr/lib/x86_64-linux-gnu/libXtst.so.6.1.0
7f9e27ac0000-7f9e27ac1000 rw-p 00005000 08:06 1974187                    /usr/lib/x86_64-linux-gnu/libXtst.so.6.1.0
7f9e27ac1000-7f9e27aca000 r-xp 00000000 08:06 1974183                    /usr/lib/x86_64-linux-gnu/libXrender.so.1.3.0
7f9e27aca000-7f9e27cc9000 ---p 00009000 08:06 1974183                    /usr/lib/x86_64-linux-gnu/libXrender.so.1.3.0
7f9e27cc9000-7f9e27cca000 r--p 00008000 08:06 1974183                    /usr/lib/x86_64-linux-gnu/libXrender.so.1.3.0
7f9e27cca000-7f9e27ccb000 rw-p 00009000 08:06 1974183                    /usr/lib/x86_64-linux-gnu/libXrender.so.1.3.0
7f9e27ccb000-7f9e27dfb000 r-xp 00000000 08:06 1974144                    /usr/lib/x86_64-linux-gnu/libX11.so.6.3.0
7f9e27dfb000-7f9e27ffb000 ---p 00130000 08:06 1974144                    /usr/lib/x86_64-linux-gnu/libX11.so.6.3.0
7f9e27ffb000-7f9e27ffc000 r--p 00130000 08:06 1974144                    /usr/lib/x86_64-linux-gnu/libX11.so.6.3.0
7f9e27ffc000-7f9e28000000 rw-p 00131000 08:06 1974144                    /usr/lib/x86_64-linux-gnu/libX11.so.6.3.0
7f9e28000000-7f9e28021000 rw-p 00000000 00:00 0 
7f9e28021000-7f9e2c000000 ---p 00000000 00:00 0 
7f9e2c000000-7f9e2c77c000 rw-p 00000000 00:00 0 
7f9e2c77c000-7f9e30000000 ---p 00000000 00:00 0 
7f9e30000000-7f9e30021000 rw-p 00000000 00:00 0 
7f9e30021000-7f9e34000000 ---p 00000000 00:00 0 
7f9e34000000-7f9e34021000 rw-p 00000000 00:00 0 
7f9e34021000-7f9e38000000 ---p 00000000 00:00 0 
7f9e38000000-7f9e381b2000 rw-p 00000000 00:00 0 
7f9e381b2000-7f9e3c000000 ---p 00000000 00:00 0 
7f9e3c000000-7f9e3c1db000 rw-p 00000000 00:00 0 
7f9e3c1db000-7f9e40000000 ---p 00000000 00:00 0 
7f9e40000000-7f9e40021000 rw-p 00000000 00:00 0 
7f9e40021000-7f9e44000000 ---p 00000000 00:00 0 
7f9e44000000-7f9e44021000 rw-p 00000000 00:00 0 
7f9e44021000-7f9e48000000 ---p 00000000 00:00 0 
7f9e48000000-7f9e48021000 rw-p 00000000 00:00 0 
7f9e48021000-7f9e4c000000 ---p 00000000 00:00 0 
7f9e4c000000-7f9e4c021000 rw-p 00000000 00:00 0 
7f9e4c021000-7f9e50000000 ---p 00000000 00:00 0 
7f9e50000000-7f9e50021000 rw-p 00000000 00:00 0 
7f9e50021000-7f9e54000000 ---p 00000000 00:00 0 
7f9e54000000-7f9e54021000 rw-p 00000000 00:00 0 
7f9e54021000-7f9e58000000 ---p 00000000 00:00 0 
7f9e58000000-7f9e58021000 rw-p 00000000 00:00 0 
7f9e58021000-7f9e5c000000 ---p 00000000 00:00 0 
7f9e5c003000-7f9e5c00a000 rw-s 18027000 00:05 1917                       /dev/nvidia0
7f9e5c00a000-7f9e5c00b000 rw-s 18026000 00:05 1917                       /dev/nvidia0
7f9e5c00b000-7f9e5c00c000 rw-s dfd61000 00:05 1917                       /dev/nvidia0
7f9e5c013000-7f9e5c053000 rw-s 37d6b000 00:05 1917                       /dev/nvidia0
7f9e5c053000-7f9e5c093000 rw-s 387b7000 00:05 1917                       /dev/nvidia0
7f9e5c093000-7f9e5c096000 ---p 00000000 00:00 0 
7f9e5c096000-7f9e5c194000 rw-p 00000000 00:00 0                          [stack:4426]
7f9e5c194000-7f9e5c1a5000 r-xp 00000000 08:06 1974161                    /usr/lib/x86_64-linux-gnu/libXext.so.6.4.0
7f9e5c1a5000-7f9e5c3a4000 ---p 00011000 08:06 1974161                    /usr/lib/x86_64-linux-gnu/libXext.so.6.4.0
7f9e5c3a4000-7f9e5c3a5000 r--p 00010000 08:06 1974161                    /usr/lib/x86_64-linux-gnu/libXext.so.6.4.0
7f9e5c3a5000-7f9e5c3a6000 rw-p 00011000 08:06 1974161                    /usr/lib/x86_64-linux-gnu/libXext.so.6.4.0
7f9e5c3a6000-7f9e5c3f6000 r-xp 00000000 08:06 1988922                    /usr/lib/jvm/java-7-oracle/jre/lib/amd64/xawt/libmawt.so
7f9e5c3f6000-7f9e5c5f6000 ---p 00050000 08:06 1988922                    /usr/lib/jvm/java-7-oracle/jre/lib/amd64/xawt/libmawt.so
7f9e5c5f6000-7f9e5c5fa000 rw-p 00050000 08:06 1988922                    /usr/lib/jvm/java-7-oracle/jre/lib/amd64/xawt/libmawt.so
7f9e5c5fa000-7f9e5c5fb000 rw-p 00000000 00:00 0 
7f9e5c5fb000-7f9e5c69d000 r-xp 00000000 08:06 1988855                    /usr/lib/jvm/java-7-oracle/jre/lib/amd64/libawt.so
7f9e5c69d000-7f9e5c89d000 ---p 000a2000 08:06 1988855                    /usr/lib/jvm/java-7-oracle/jre/lib/amd64/libawt.so
7f9e5c89d000-7f9e5c8a9000 rw-p 000a2000 08:06 1988855                    /usr/lib/jvm/java-7-oracle/jre/lib/amd64/libawt.so
7f9e5c8a9000-7f9e5c8cd000 rw-p 00000000 00:00 0 
7f9e5c8cd000-7f9e5c8ce000 rw-s dfd61000 00:05 1917                       /dev/nvidia0
7f9e5c8ce000-7f9e5c8cf000 rw-s fa641000 00:05 1917                       /dev/nvidia0
7f9e5c8cf000-7f9e5c8d0000 rw-s b58c8000 00:05 1917                       /dev/nvidia0
7f9e5c8d0000-7f9e5c8d1000 rw-s 209a5000 00:05 1917                       /dev/nvidia0
7f9e5c8d6000-7f9e5c8f6000 rw-s d80e0000 00:05 1917                       /dev/nvidia0
7f9e5c8f6000-7f9e5c98a000 rw-s ba38b000 00:05 1917                       /dev/nvidia0
7f9e5c98a000-7f9e5c98c000 r-xp 00000000 08:06 1444987                    /tmp/jogamp_0000/file_cache/jln9150744946527164505/jln8938117979078757554/libgluegen-rt.so
7f9e5c98c000-7f9e5cb8c000 ---p 00002000 08:06 1444987                    /tmp/jogamp_0000/file_cache/jln9150744946527164505/jln8938117979078757554/libgluegen-rt.so
7f9e5cb8c000-7f9e5cb8d000 rw-p 00002000 08:06 1444987                    /tmp/jogamp_0000/file_cache/jln9150744946527164505/jln8938117979078757554/libgluegen-rt.so
7f9e5cb8d000-7f9e5cb90000 ---p 00000000 00:00 0 
7f9e5cb90000-7f9e5cc8e000 rw-p 00000000 00:00 0 
7f9e5cc8e000-7f9e5cc9e000 r-xp 00000000 08:06 1988923                    /usr/lib/jvm/java-7-oracle/jre/lib/amd64/libnio.so
7f9e5cc9e000-7f9e5ce9e000 ---p 00010000 08:06 1988923                    /usr/lib/jvm/java-7-oracle/jre/lib/amd64/libnio.so
7f9e5ce9e000-7f9e5ce9f000 rw-p 00010000 08:06 1988923                    /usr/lib/jvm/java-7-oracle/jre/lib/amd64/libnio.so
7f9e5ce9f000-7f9e5ceb5000 r-xp 00000000 08:06 1988916                    /usr/lib/jvm/java-7-oracle/jre/lib/amd64/libnet.so
7f9e5ceb5000-7f9e5d0b5000 ---p 00016000 08:06 1988916                    /usr/lib/jvm/java-7-oracle/jre/lib/amd64/libnet.so
7f9e5d0b5000-7f9e5d0b6000 rw-p 00016000 08:06 1988916                    /usr/lib/jvm/java-7-oracle/jre/lib/amd64/libnet.so
7f9e5d0b6000-7f9e5d0b7000 ---p 00000000 00:00 0 
7f9e5d0b7000-7f9e5d1b7000 rw-p 00000000 00:00 0                          [stack:4416]
7f9e5d1b7000-7f9e5d1ba000 ---p 00000000 00:00 0 
7f9e5d1ba000-7f9e5d2b8000 rw-p 00000000 00:00 0                          [stack:4415]
7f9e5d2b8000-7f9e5d2bb000 ---p 00000000 00:00 0 
7f9e5d2bb000-7f9e5d3b9000 rw-p 00000000 00:00 0                          [stack:4414]
7f9e5d3b9000-7f9e5d3bc000 ---p 00000000 00:00 0 
7f9e5d3bc000-7f9e5d4ba000 rw-p 00000000 00:00 0                          [stack:4413]
7f9e5d4ba000-7f9e5d4bd000 ---p 00000000 00:00 0 
7f9e5d4bd000-7f9e5d5bb000 rw-p 00000000 00:00 0                          [stack:4412]
7f9e5d5bb000-7f9e5dc9e000 r--p 00000000 08:06 1973080                    /usr/lib/locale/locale-archive
7f9e5dc9e000-7f9e5dca1000 ---p 00000000 00:00 0 
7f9e5dca1000-7f9e5dd9f000 rw-p 00000000 00:00 0                          [stack:4411]
7f9e5dd9f000-7f9e5dda2000 ---p 00000000 00:00 0 
7f9e5dda2000-7f9e60000000 rw-p 00000000 00:00 0                          [stack:4410]
7f9e60000000-7f9e60021000 rw-p 00000000 00:00 0 
7f9e60021000-7f9e64000000 ---p 00000000 00:00 0 
7f9e64000000-7f9e64002000 rw-p 00000000 00:00 0 
7f9e64002000-7f9e64004000 rw-s 00000000 08:06 3805405                    /tmp/glaTVKoL (deleted)
7f9e64004000-7f9e64024000 rw-s 37c95000 00:05 1917                       /dev/nvidia0
7f9e64024000-7f9e64044000 rw-s 209bc000 00:05 1917                       /dev/nvidia0
7f9e64044000-7f9e64075000 rw-p 00000000 00:00 0 
7f9e64075000-7f9e64078000 ---p 00000000 00:00 0 
7f9e64078000-7f9e640ae000 rw-p 00000000 00:00 0                          [stack:4420]
7f9e640ae000-7f9e640d0000 r--s 002ce000 08:06 4068195                    /home/elect/Downloads/jogamp-all-platforms/jar/jogl-all.jar
7f9e640d0000-7f9e640d1000 ---p 00000000 00:00 0 
7f9e640d1000-7f9e65000000 rw-p 00000000 00:00 0                          [stack:4409]
7f9e65000000-7f9e65270000 rwxp 00000000 00:00 0 
7f9e65270000-7f9e68743000 rw-p 00000000 00:00 0 
7f9e68743000-7f9e6c000000 ---p 00000000 00:00 0 
7f9e6c000000-7f9e6c007000 rw-s 180b0000 00:05 1917                       /dev/nvidia0
7f9e6c007000-7f9e6c1d7000 rw-p 00000000 00:00 0 
7f9e6c1d7000-7f9e6c394000 r--s 039bf000 08:06 1989547                    /usr/lib/jvm/java-7-oracle/jre/lib/rt.jar
7f9e6c394000-7f9e6c6a3000 rw-p 00000000 00:00 0 
7f9e6c6a3000-7f9e6c6a4000 ---p 00000000 00:00 0 
7f9e6c6a4000-7f9e6c7a4000 rw-p 00000000 00:00 0                          [stack:4406]
7f9e6c7a4000-7f9e6c7a5000 ---p 00000000 00:00 0 
7f9e6c7a5000-7f9e6c8a5000 rw-p 00000000 00:00 0                          [stack:4405]
7f9e6c8a5000-7f9e6c8a6000 ---p 00000000 00:00 0 
7f9e6c8a6000-7f9e6c9a6000 rw-p 00000000 00:00 0                          [stack:4404]
7f9e6c9a6000-7f9e6c9a7000 ---p 00000000 00:00 0 
7f9e6c9a7000-7f9e6cab2000 rw-p 00000000 00:00 0                          [stack:4403]
7f9e6cab2000-7f9e6cad0000 rw-p 00000000 00:00 0 
7f9e6cad0000-7f9e6cae5000 rw-p 00000000 00:00 0 
7f9e6cae5000-7f9e6cc19000 rw-p 00000000 00:00 0 
7f9e6cc19000-7f9e6cc24000 rw-p 00000000 00:00 0 
7f9e6cc24000-7f9e6cc42000 rw-p 00000000 00:00 0 
7f9e6cc42000-7f9e6cc57000 rw-p 00000000 00:00 0 
7f9e6cc57000-7f9e6cd8a000 rw-p 00000000 00:00 0 
7f9e6cd8a000-7f9e6cd9d000 rw-p 00000000 00:00 0 
7f9e6cd9d000-7f9e6ce2f000 rw-p 00000000 00:00 0 
7f9e6ce2f000-7f9e6ce30000 rw-p 00000000 00:00 0 
7f9e6ce30000-7f9e6ce4a000 r-xp 00000000 08:06 1988866                    /usr/lib/jvm/java-7-oracle/jre/lib/amd64/libzip.so
7f9e6ce4a000-7f9e6d04a000 ---p 0001a000 08:06 1988866                    /usr/lib/jvm/java-7-oracle/jre/lib/amd64/libzip.so
7f9e6d04a000-7f9e6d04b000 rw-p 0001a000 08:06 1988866                    /usr/lib/jvm/java-7-oracle/jre/lib/amd64/libzip.so
7f9e6d04b000-7f9e6d057000 r-xp 00000000 08:06 2101205                    /lib/x86_64-linux-gnu/libnss_files-2.17.so
7f9e6d057000-7f9e6d256000 ---p 0000c000 08:06 2101205                    /lib/x86_64-linux-gnu/libnss_files-2.17.so
7f9e6d256000-7f9e6d257000 r--p 0000b000 08:06 2101205                    /lib/x86_64-linux-gnu/libnss_files-2.17.so
7f9e6d257000-7f9e6d258000 rw-p 0000c000 08:06 2101205                    /lib/x86_64-linux-gnu/libnss_files-2.17.so
7f9e6d258000-7f9e6d263000 r-xp 00000000 08:06 2101209                    /lib/x86_64-linux-gnu/libnss_nis-2.17.so
7f9e6d263000-7f9e6d462000 ---p 0000b000 08:06 2101209                    /lib/x86_64-linux-gnu/libnss_nis-2.17.so
7f9e6d462000-7f9e6d463000 r--p 0000a000 08:06 2101209                    /lib/x86_64-linux-gnu/libnss_nis-2.17.so
7f9e6d463000-7f9e6d464000 rw-p 0000b000 08:06 2101209                    /lib/x86_64-linux-gnu/libnss_nis-2.17.so
7f9e6d464000-7f9e6d47b000 r-xp 00000000 08:06 2101199                    /lib/x86_64-linux-gnu/libnsl-2.17.so
7f9e6d47b000-7f9e6d67a000 ---p 00017000 08:06 2101199                    /lib/x86_64-linux-gnu/libnsl-2.17.so
7f9e6d67a000-7f9e6d67b000 r--p 00016000 08:06 2101199                    /lib/x86_64-linux-gnu/libnsl-2.17.so
7f9e6d67b000-7f9e6d67c000 rw-p 00017000 08:06 2101199                    /lib/x86_64-linux-gnu/libnsl-2.17.so
7f9e6d67c000-7f9e6d67e000 rw-p 00000000 00:00 0 
7f9e6d67e000-7f9e6d686000 r-xp 00000000 08:06 2101201                    /lib/x86_64-linux-gnu/libnss_compat-2.17.so
7f9e6d686000-7f9e6d885000 ---p 00008000 08:06 2101201                    /lib/x86_64-linux-gnu/libnss_compat-2.17.so
7f9e6d885000-7f9e6d886000 r--p 00007000 08:06 2101201                    /lib/x86_64-linux-gnu/libnss_compat-2.17.so
7f9e6d886000-7f9e6d887000 rw-p 00008000 08:06 2101201                    /lib/x86_64-linux-gnu/libnss_compat-2.17.so
7f9e6d887000-7f9e6d8b0000 r-xp 00000000 08:06 1988920                    /usr/lib/jvm/java-7-oracle/jre/lib/amd64/libjava.so
7f9e6d8b0000-7f9e6dab0000 ---p 00029000 08:06 1988920                    /usr/lib/jvm/java-7-oracle/jre/lib/amd64/libjava.so
7f9e6dab0000-7f9e6dab2000 rw-p 00029000 08:06 1988920                    /usr/lib/jvm/java-7-oracle/jre/lib/amd64/libjava.so
7f9e6dab2000-7f9e6dabf000 r-xp 00000000 08:06 1988852                    /usr/lib/jvm/java-7-oracle/jre/lib/amd64/libverify.so
7f9e6dabf000-7f9e6dcbe000 ---p 0000d000 08:06 1988852                    /usr/lib/jvm/java-7-oracle/jre/lib/amd64/libverify.so
7f9e6dcbe000-7f9e6dcc0000 rw-p 0000c000 08:06 1988852                    /usr/lib/jvm/java-7-oracle/jre/lib/amd64/libverify.so
7f9e6dcc0000-7f9e6dcc7000 r-xp 00000000 08:06 2101252                    /lib/x86_64-linux-gnu/librt-2.17.so
7f9e6dcc7000-7f9e6dec6000 ---p 00007000 08:06 2101252                    /lib/x86_64-linux-gnu/librt-2.17.so
7f9e6dec6000-7f9e6dec7000 r--p 00006000 08:06 2101252                    /lib/x86_64-linux-gnu/librt-2.17.so
7f9e6dec7000-7f9e6dec8000 rw-p 00007000 08:06 2101252                    /lib/x86_64-linux-gnu/librt-2.17.so
7f9e6dec8000-7f9e6dfcb000 r-xp 00000000 08:06 2101180                    /lib/x86_64-linux-gnu/libm-2.17.so
7f9e6dfcb000-7f9e6e1ca000 ---p 00103000 08:06 2101180                    /lib/x86_64-linux-gnu/libm-2.17.so
7f9e6e1ca000-7f9e6e1cb000 r--p 00102000 08:06 2101180                    /lib/x86_64-linux-gnu/libm-2.17.so
7f9e6e1cb000-7f9e6e1cc000 rw-p 00103000 08:06 2101180                    /lib/x86_64-linux-gnu/libm-2.17.so
7f9e6e1cc000-7f9e6ed2e000 r-xp 00000000 08:06 1988912                    /usr/lib/jvm/java-7-oracle/jre/lib/amd64/server/libjvm.so
7f9e6ed2e000-7f9e6ef2e000 ---p 00b62000 08:06 1988912                    /usr/lib/jvm/java-7-oracle/jre/lib/amd64/server/libjvm.so
7f9e6ef2e000-7f9e6eff1000 rw-p 00b62000 08:06 1988912                    /usr/lib/jvm/java-7-oracle/jre/lib/amd64/server/libjvm.so
7f9e6eff1000-7f9e6f032000 rw-p 00000000 00:00 0 
7f9e6f032000-7f9e6f1ef000 r-xp 00000000 08:06 2101129                    /lib/x86_64-linux-gnu/libc-2.17.so
7f9e6f1ef000-7f9e6f3ef000 ---p 001bd000 08:06 2101129                    /lib/x86_64-linux-gnu/libc-2.17.so
7f9e6f3ef000-7f9e6f3f3000 r--p 001bd000 08:06 2101129                    /lib/x86_64-linux-gnu/libc-2.17.so
7f9e6f3f3000-7f9e6f3f5000 rw-p 001c1000 08:06 2101129                    /lib/x86_64-linux-gnu/libc-2.17.so
7f9e6f3f5000-7f9e6f3fa000 rw-p 00000000 00:00 0 
7f9e6f3fa000-7f9e6f3fd000 r-xp 00000000 08:06 2101144                    /lib/x86_64-linux-gnu/libdl-2.17.so
7f9e6f3fd000-7f9e6f5fc000 ---p 00003000 08:06 2101144                    /lib/x86_64-linux-gnu/libdl-2.17.so
7f9e6f5fc000-7f9e6f5fd000 r--p 00002000 08:06 2101144                    /lib/x86_64-linux-gnu/libdl-2.17.so
7f9e6f5fd000-7f9e6f5fe000 rw-p 00003000 08:06 2101144                    /lib/x86_64-linux-gnu/libdl-2.17.so
7f9e6f5fe000-7f9e6f614000 r-xp 00000000 08:06 2110336                    /usr/lib/jvm/java-7-oracle/lib/amd64/jli/libjli.so
7f9e6f614000-7f9e6f814000 ---p 00016000 08:06 2110336                    /usr/lib/jvm/java-7-oracle/lib/amd64/jli/libjli.so
7f9e6f814000-7f9e6f815000 rw-p 00016000 08:06 2110336                    /usr/lib/jvm/java-7-oracle/lib/amd64/jli/libjli.so
7f9e6f815000-7f9e6f82c000 r-xp 00000000 08:06 2101244                    /lib/x86_64-linux-gnu/libpthread-2.17.so
7f9e6f82c000-7f9e6fa2c000 ---p 00017000 08:06 2101244                    /lib/x86_64-linux-gnu/libpthread-2.17.so
7f9e6fa2c000-7f9e6fa2d000 r--p 00017000 08:06 2101244                    /lib/x86_64-linux-gnu/libpthread-2.17.so
7f9e6fa2d000-7f9e6fa2e000 rw-p 00018000 08:06 2101244                    /lib/x86_64-linux-gnu/libpthread-2.17.so
7f9e6fa2e000-7f9e6fa32000 rw-p 00000000 00:00 0 
7f9e6fa32000-7f9e6fa55000 r-xp 00000000 08:06 2101105                    /lib/x86_64-linux-gnu/ld-2.17.so
7f9e6fa55000-7f9e6fa56000 rw-p 00000000 00:00 0 
7f9e6fa56000-7f9e6fa57000 rw-s 209bf000 00:05 1917                       /dev/nvidia0
7f9e6fa57000-7f9e6fa5b000 rw-s 37f4d000 00:05 1917                       /dev/nvidia0
7f9e6fa5b000-7f9e6fa5c000 rw-s dfd61000 00:05 1917                       /dev/nvidia0
7f9e6fa5c000-7f9e6fa7b000 rw-p 00000000 00:00 0 
7f9e6fa7b000-7f9e6fb31000 rw-p 00000000 00:00 0 
7f9e6fb31000-7f9e6fb34000 ---p 00000000 00:00 0 
7f9e6fb34000-7f9e6fc36000 rw-p 00000000 00:00 0                          [stack:4402]
7f9e6fc36000-7f9e6fc37000 rw-s dfd60000 00:05 1917                       /dev/nvidia0
7f9e6fc37000-7f9e6fc38000 rw-s fa641000 00:05 1917                       /dev/nvidia0
7f9e6fc38000-7f9e6fc39000 rw-s b58c8000 00:05 1917                       /dev/nvidia0
7f9e6fc39000-7f9e6fc3a000 rw-s 18277000 00:05 1917                       /dev/nvidia0
7f9e6fc3a000-7f9e6fc3b000 rw-s fa060000 00:05 1917                       /dev/nvidia0
7f9e6fc3b000-7f9e6fc3c000 rwxp 00000000 00:00 0 
7f9e6fc3c000-7f9e6fc3d000 r--s 00031000 08:06 4068185                    /home/elect/Downloads/jogamp-all-platforms/jar/jogl-all-natives-linux-amd64.jar
7f9e6fc3d000-7f9e6fc3e000 r--s 00000000 08:06 4068143                    /home/elect/Downloads/jogamp-all-platforms/jar/gluegen-rt-natives-linux-amd64.jar
7f9e6fc3e000-7f9e6fc3f000 r--p 00000000 00:00 0 
7f9e6fc3f000-7f9e6fc43000 r--s 0008a000 08:06 1988734                    /usr/lib/jvm/java-7-oracle/jre/lib/jsse.jar
7f9e6fc43000-7f9e6fc48000 r--s 0003e000 08:06 4068152                    /home/elect/Downloads/jogamp-all-platforms/jar/gluegen-rt.jar
7f9e6fc48000-7f9e6fc50000 rw-s 00000000 08:06 4068213                    /tmp/hsperfdata_elect/4400
7f9e6fc50000-7f9e6fc51000 rw-p 00000000 00:00 0 
7f9e6fc51000-7f9e6fc52000 r--p 00000000 00:00 0 
7f9e6fc52000-7f9e6fc54000 rw-p 00000000 00:00 0 
7f9e6fc54000-7f9e6fc55000 r--p 00022000 08:06 2101105                    /lib/x86_64-linux-gnu/ld-2.17.so
7f9e6fc55000-7f9e6fc57000 rw-p 00023000 08:06 2101105                    /lib/x86_64-linux-gnu/ld-2.17.so
7ffff31c6000-7ffff31e7000 rw-p 00000000 00:00 0                          [stack]
7ffff31fe000-7ffff3200000 r-xp 00000000 00:00 0                          [vdso]
ffffffffff600000-ffffffffff601000 r-xp 00000000 00:00 0                  [vsyscall]

VM Arguments:
jvm_args: -Dfile.encoding=UTF-8 
java_command: ogldevtutorials.tutorial04.Tutorial04
Launcher Type: SUN_STANDARD

Environment Variables:
PATH=/usr/lib/lightdm/lightdm:/usr/local/sbin:/usr/local/bin:/usr/sbin:/usr/bin:/sbin:/bin:/usr/games:/usr/local/games
LD_LIBRARY_PATH=/usr/lib/jvm/java-7-oracle/jre/lib/amd64:/usr/lib/jvm/java-7-oracle/jre/lib/i386:
SHELL=/bin/bash
DISPLAY=:0

Signal Handlers:
SIGSEGV: [libjvm.so+0x993870], sa_mask[0]=0x7ffbfeff, sa_flags=0x10000004
SIGBUS: [libjvm.so+0x993870], sa_mask[0]=0x7ffbfeff, sa_flags=0x10000004
SIGFPE: [libjvm.so+0x8105b0], sa_mask[0]=0x7ffbfeff, sa_flags=0x10000004
SIGPIPE: [libjvm.so+0x8105b0], sa_mask[0]=0x7ffbfeff, sa_flags=0x10000004
SIGXFSZ: [libjvm.so+0x8105b0], sa_mask[0]=0x7ffbfeff, sa_flags=0x10000004
SIGILL: [libjvm.so+0x8105b0], sa_mask[0]=0x7ffbfeff, sa_flags=0x10000004
SIGUSR1: SIG_DFL, sa_mask[0]=0x00000000, sa_flags=0x00000000
SIGUSR2: [libjvm.so+0x811aa0], sa_mask[0]=0x00000004, sa_flags=0x10000004
SIGHUP: [libjvm.so+0x812a10], sa_mask[0]=0x7ffbfeff, sa_flags=0x10000004
SIGINT: SIG_IGN, sa_mask[0]=0x00000000, sa_flags=0x00000000
SIGTERM: [libjvm.so+0x812a10], sa_mask[0]=0x7ffbfeff, sa_flags=0x10000004
SIGQUIT: [libjvm.so+0x812a10], sa_mask[0]=0x7ffbfeff, sa_flags=0x10000004


---------------  S Y S T E M  ---------------

OS:wheezy/sid

uname:Linux 3.11.0-13-generic #20-Ubuntu SMP Wed Oct 23 07:38:26 UTC 2013 x86_64
libc:glibc 2.17 NPTL 2.17 
rlimit: STACK 8192k, CORE 0k, NPROC 31383, NOFILE 4096, AS infinity
load average:0,51 0,47 0,60

/proc/meminfo:
MemTotal:        4037260 kB
MemFree:          345580 kB
Buffers:           74112 kB
Cached:          1564296 kB
SwapCached:            0 kB
Active:          2264436 kB
Inactive:        1193168 kB
Active(anon):    1808260 kB
Inactive(anon):    29376 kB
Active(file):     456176 kB
Inactive(file):  1163792 kB
Unevictable:          32 kB
Mlocked:              32 kB
SwapTotal:        123900 kB
SwapFree:         123900 kB
Dirty:              1612 kB
Writeback:             0 kB
AnonPages:       1819228 kB
Mapped:           241900 kB
Shmem:             18440 kB
Slab:              94300 kB
SReclaimable:      62776 kB
SUnreclaim:        31524 kB
KernelStack:        4216 kB
PageTables:        30896 kB
NFS_Unstable:          0 kB
Bounce:                0 kB
WritebackTmp:          0 kB
CommitLimit:     2142528 kB
Committed_AS:    5183600 kB
VmallocTotal:   34359738367 kB
VmallocUsed:      321704 kB
VmallocChunk:   34359413116 kB
HardwareCorrupted:     0 kB
AnonHugePages:         0 kB
HugePages_Total:       0
HugePages_Free:        0
HugePages_Rsvd:        0
HugePages_Surp:        0
Hugepagesize:       2048 kB
DirectMap4k:      165312 kB
DirectMap2M:     4020224 kB


CPU:total 4 (4 cores per cpu, 1 threads per core) family 6 model 30 stepping 5, cmov, cx8, fxsr, mmx, sse, sse2, sse3, ssse3, sse4.1, sse4.2, popcnt, tsc, tscinvbit

/proc/cpuinfo:
processor	: 0
vendor_id	: GenuineIntel
cpu family	: 6
model		: 30
model name	: Intel(R) Core(TM) i5 CPU         750  @ 2.67GHz
stepping	: 5
microcode	: 0x3
cpu MHz		: 2668.000
cache size	: 8192 KB
physical id	: 0
siblings	: 4
core id		: 0
cpu cores	: 4
apicid		: 0
initial apicid	: 0
fpu		: yes
fpu_exception	: yes
cpuid level	: 11
wp		: yes
flags		: fpu vme de pse tsc msr pae mce cx8 apic sep mtrr pge mca cmov pat pse36 clflush dts acpi mmx fxsr sse sse2 ss ht tm pbe syscall nx rdtscp lm constant_tsc arch_perfmon pebs bts rep_good nopl xtopology nonstop_tsc aperfmperf pni dtes64 monitor ds_cpl vmx smx est tm2 ssse3 cx16 xtpr pdcm sse4_1 sse4_2 popcnt lahf_lm ida dtherm tpr_shadow vnmi flexpriority ept vpid
bogomips	: 5352.23
clflush size	: 64
cache_alignment	: 64
address sizes	: 36 bits physical, 48 bits virtual
power management:

processor	: 1
vendor_id	: GenuineIntel
cpu family	: 6
model		: 30
model name	: Intel(R) Core(TM) i5 CPU         750  @ 2.67GHz
stepping	: 5
microcode	: 0x3
cpu MHz		: 2668.000
cache size	: 8192 KB
physical id	: 0
siblings	: 4
core id		: 1
cpu cores	: 4
apicid		: 2
initial apicid	: 2
fpu		: yes
fpu_exception	: yes
cpuid level	: 11
wp		: yes
flags		: fpu vme de pse tsc msr pae mce cx8 apic sep mtrr pge mca cmov pat pse36 clflush dts acpi mmx fxsr sse sse2 ss ht tm pbe syscall nx rdtscp lm constant_tsc arch_perfmon pebs bts rep_good nopl xtopology nonstop_tsc aperfmperf pni dtes64 monitor ds_cpl vmx smx est tm2 ssse3 cx16 xtpr pdcm sse4_1 sse4_2 popcnt lahf_lm ida dtherm tpr_shadow vnmi flexpriority ept vpid
bogomips	: 5352.23
clflush size	: 64
cache_alignment	: 64
address sizes	: 36 bits physical, 48 bits virtual
power management:

processor	: 2
vendor_id	: GenuineIntel
cpu family	: 6
model		: 30
model name	: Intel(R) Core(TM) i5 CPU         750  @ 2.67GHz
stepping	: 5
microcode	: 0x3
cpu MHz		: 2668.000
cache size	: 8192 KB
physical id	: 0
siblings	: 4
core id		: 2
cpu cores	: 4
apicid		: 4
initial apicid	: 4
fpu		: yes
fpu_exception	: yes
cpuid level	: 11
wp		: yes
flags		: fpu vme de pse tsc msr pae mce cx8 apic sep mtrr pge mca cmov pat pse36 clflush dts acpi mmx fxsr sse sse2 ss ht tm pbe syscall nx rdtscp lm constant_tsc arch_perfmon pebs bts rep_good nopl xtopology nonstop_tsc aperfmperf pni dtes64 monitor ds_cpl vmx smx est tm2 ssse3 cx16 xtpr pdcm sse4_1 sse4_2 popcnt lahf_lm ida dtherm tpr_shadow vnmi flexpriority ept vpid
bogomips	: 5352.23
clflush size	: 64
cache_alignment	: 64
address sizes	: 36 bits physical, 48 bits virtual
power management:

processor	: 3
vendor_id	: GenuineIntel
cpu family	: 6
model		: 30
model name	: Intel(R) Core(TM) i5 CPU         750  @ 2.67GHz
stepping	: 5
microcode	: 0x3
cpu MHz		: 2668.000
cache size	: 8192 KB
physical id	: 0
siblings	: 4
core id		: 3
cpu cores	: 4
apicid		: 6
initial apicid	: 6
fpu		: yes
fpu_exception	: yes
cpuid level	: 11
wp		: yes
flags		: fpu vme de pse tsc msr pae mce cx8 apic sep mtrr pge mca cmov pat pse36 clflush dts acpi mmx fxsr sse sse2 ss ht tm pbe syscall nx rdtscp lm constant_tsc arch_perfmon pebs bts rep_good nopl xtopology nonstop_tsc aperfmperf pni dtes64 monitor ds_cpl vmx smx est tm2 ssse3 cx16 xtpr pdcm sse4_1 sse4_2 popcnt lahf_lm ida dtherm tpr_shadow vnmi flexpriority ept vpid
bogomips	: 5352.23
clflush size	: 64
cache_alignment	: 64
address sizes	: 36 bits physical, 48 bits virtual
power management:



Memory: 4k page, physical 4037260k(345580k free), swap 123900k(123900k free)

vm_info: Java HotSpot(TM) 64-Bit Server VM (24.51-b03) for linux-amd64 JRE (1.7.0_51-b13), built on Dec 18 2013 18:48:01 by "java_re" with gcc 4.3.0 20080428 (Red Hat 4.3.0-8)

time: Sat Feb  8 11:28:32 2014
elapsed time: 3 seconds

