#
# A fatal error has been detected by the Java Runtime Environment:
#
#  SIGSEGV (0xb) at pc=0x00007f31e0c8f736, pid=3486, tid=139852207367936
#
# JRE version: Java(TM) SE Runtime Environment (7.0_51-b13) (build 1.7.0_51-b13)
# Java VM: Java HotSpot(TM) 64-Bit Server VM (24.51-b03 mixed mode linux-amd64 compressed oops)
# Problematic frame:
# C  [libGL.so.1+0x87736]  glXCreateNewContext+0x4956
#
# Failed to write core dump. Core dumps have been disabled. To enable core dumping, try "ulimit -c unlimited" before starting Java again
#
# If you would like to submit a bug report, please visit:
#   http://bugreport.sun.com/bugreport/crash.jsp
# The crash happened outside the Java Virtual Machine in native code.
# See problematic frame for where to report the bug.
#

---------------  T H R E A D  ---------------

Current thread (0x00007f3214211800):  JavaThread "AWT-EventQueue-0" [_thread_in_native, id=3516, stack(0x00007f31e1142000,0x00007f31e1243000)]

siginfo:si_signo=SIGSEGV: si_errno=0, si_code=1 (SEGV_MAPERR), si_addr=0x0000000000000068

Registers:
RAX=0x0000000000000000, RBX=0x00007f321459ae40, RCX=0x00007f3214000030, RDX=0x0000000000000000
RSP=0x00007f31e123f240, RBP=0x00007f3214590cc0, RSI=0x00007f3214590cc8, RDI=0x00007f321459ae40
R8 =0x0000000000000000, R9 =0x0000000000000000, R10=0x00007f31e123f000, R11=0x00007f31e2be5a30
R12=0x00007f321459ae40, R13=0x00000000bdc04c38, R14=0x00007f31e123f360, R15=0x00007f3214211800
RIP=0x00007f31e0c8f736, EFLAGS=0x0000000000010246, CSGSFS=0x0000000000000033, ERR=0x0000000000000004
  TRAPNO=0x000000000000000e

Top of Stack: (sp=0x00007f31e123f240)
0x00007f31e123f240:   00007f321459ae40 00007f321459ae40
0x00007f31e123f250:   00007f3214590cc0 0000000000000080
0x00007f31e123f260:   00000000bdc04c38 00007f31e123f360
0x00007f31e123f270:   00007f3214211800 00007f31e2bc14f2
0x00007f31e123f280:   00000000bdc04c38 00007f31e123f2d0
0x00007f31e123f290:   0000000000000000 00007f31e0f3f232
0x00007f31e123f2a0:   00007f3214211800 00007f321459ae40
0x00007f31e123f2b0:   00007f31e123f348 00007f32142119e8
0x00007f31e123f2c0:   00007f31e123f348 00007f32109d2058
0x00007f31e123f2d0:   00007f31e123f338 00007f32109de738
0x00007f31e123f2e0:   0000000000000002 0000000000000003
0x00007f31e123f2f0:   0000000000000000 00007f31e123f2f8
0x00007f31e123f300:   0000000000000000 00007f31e123f360
0x00007f31e123f310:   00000000bdc16280 0000000000000000
0x00007f31e123f320:   00000000bdc04c38 0000000000000000
0x00007f31e123f330:   00007f31e123f358 00007f31e123f3a8
0x00007f31e123f340:   00007f32109d21d4 00000000ec86b988
0x00007f31e123f350:   00007f32109dacd6 00007f321459ae40
0x00007f31e123f360:   0000000000000000 00007f31e123f368
0x00007f31e123f370:   00000000bdbe2ef3 00007f31e123f3d0
0x00007f31e123f380:   00000000bdbe3b80 0000000000000000
0x00007f31e123f390:   00000000bdbe2f28 00007f31e123f358
0x00007f31e123f3a0:   00007f31e123f3c8 00007f31e123f428
0x00007f31e123f3b0:   00007f32109d21d4 0000000000000000
0x00007f31e123f3c0:   00000000ffffffff 00007f321459ae40
0x00007f31e123f3d0:   00000000ebaee078 0000000000000009
0x00007f31e123f3e0:   00000000ec797648 00007f31e123f3d8
0x00007f31e123f3f0:   00000000bdbe28ff 00007f31e123f458
0x00007f31e123f400:   00000000bdbe3b80 0000000000000000
0x00007f31e123f410:   00000000bdbe29a8 00007f31e123f3c8
0x00007f31e123f420:   00007f31e123f450 00007f31e123f4a0
0x00007f31e123f430:   00007f32109d2058 0000000000000000 

Instructions: (pc=0x00007f31e0c8f736)
0x00007f31e0c8f716:   66 2e 0f 1f 84 00 00 00 00 00 41 57 41 56 41 55
0x00007f31e0c8f726:   41 54 49 89 fc 55 53 48 83 ec 08 e8 2a bd ff ff
0x00007f31e0c8f736:   4c 39 60 68 0f 84 32 02 00 00 4c 8b 2d 29 ec 26
0x00007f31e0c8f746:   00 41 8b 85 38 08 00 00 ff c0 41 89 85 38 08 00 

Register to memory mapping:

RAX=0x0000000000000000 is an unknown value
RBX=0x00007f321459ae40 is an unknown value
RCX=0x00007f3214000030 is an unknown value
RDX=0x0000000000000000 is an unknown value
RSP=0x00007f31e123f240 is pointing into the stack for thread: 0x00007f3214211800
RBP=0x00007f3214590cc0 is an unknown value
RSI=0x00007f3214590cc8 is an unknown value
RDI=0x00007f321459ae40 is an unknown value
R8 =0x0000000000000000 is an unknown value
R9 =0x0000000000000000 is an unknown value
R10=0x00007f31e123f000 is pointing into the stack for thread: 0x00007f3214211800
R11=0x00007f31e2be5a30: XFree+0 in /usr/lib/x86_64-linux-gnu/libX11.so.6 at 0x00007f31e2ba7000
R12=0x00007f321459ae40 is an unknown value
R13=0x00000000bdc04c38 is an oop
{method} 
 - klass: {other class}
R14=0x00007f31e123f360 is pointing into the stack for thread: 0x00007f3214211800
R15=0x00007f3214211800 is a thread


Stack: [0x00007f31e1142000,0x00007f31e1243000],  sp=0x00007f31e123f240,  free space=1012k
Native frames: (J=compiled Java code, j=interpreted, Vv=VM code, C=native code)
C  [libGL.so.1+0x87736]  glXCreateNewContext+0x4956

Java frames: (J=compiled Java code, j=interpreted, Vv=VM code)
j  jogamp.nativewindow.x11.X11Lib.XCloseDisplay(J)I+0
j  jogamp.nativewindow.x11.X11Util.XCloseDisplay(J)I+43
j  jogamp.nativewindow.x11.X11Util.closeDisplay(J)V+199
j  com.jogamp.nativewindow.x11.X11GraphicsDevice.close()Z+60
j  jogamp.newt.awt.NewtFactoryAWT.destroyNativeWindow(Lcom/jogamp/nativewindow/awt/JAWTWindow;)V+20
j  com.jogamp.newt.awt.NewtCanvasAWT.destroyImpl(ZZ)V+306
j  com.jogamp.newt.awt.NewtCanvasAWT.removeNotify()V+77
j  java.awt.Container.removeNotify()V+47
j  java.awt.Window.removeNotify()V+32
j  java.awt.Frame.removeNotify()V+51
j  java.awt.Window$1DisposeAction.run()V+146
j  java.awt.Window.doDispose()V+16
j  java.awt.Window.dispose()V+1
j  ogldevtutorials.tutorial04.Tutorial04$1.windowClosing(Ljava/awt/event/WindowEvent;)V+4
j  java.awt.AWTEventMulticaster.windowClosing(Ljava/awt/event/WindowEvent;)V+8
j  java.awt.AWTEventMulticaster.windowClosing(Ljava/awt/event/WindowEvent;)V+8
j  java.awt.Window.processWindowEvent(Ljava/awt/event/WindowEvent;)V+68
j  java.awt.Window.processEvent(Ljava/awt/AWTEvent;)V+69
j  java.awt.Component.dispatchEventImpl(Ljava/awt/AWTEvent;)V+581
j  java.awt.Container.dispatchEventImpl(Ljava/awt/AWTEvent;)V+42
j  java.awt.Window.dispatchEventImpl(Ljava/awt/AWTEvent;)V+19
j  java.awt.Component.dispatchEvent(Ljava/awt/AWTEvent;)V+2
j  java.awt.EventQueue.dispatchEventImpl(Ljava/awt/AWTEvent;Ljava/lang/Object;)V+41
j  java.awt.EventQueue.access$200(Ljava/awt/EventQueue;Ljava/awt/AWTEvent;Ljava/lang/Object;)V+3
j  java.awt.EventQueue$3.run()Ljava/lang/Void;+12
j  java.awt.EventQueue$3.run()Ljava/lang/Object;+1
v  ~StubRoutines::call_stub
j  java.security.AccessController.doPrivileged(Ljava/security/PrivilegedAction;Ljava/security/AccessControlContext;)Ljava/lang/Object;+0
j  java.security.ProtectionDomain$1.doIntersectionPrivilege(Ljava/security/PrivilegedAction;Ljava/security/AccessControlContext;Ljava/security/AccessControlContext;)Ljava/lang/Object;+28
j  java.security.ProtectionDomain$1.doIntersectionPrivilege(Ljava/security/PrivilegedAction;Ljava/security/AccessControlContext;)Ljava/lang/Object;+6
j  java.awt.EventQueue$4.run()Ljava/lang/Void;+11
j  java.awt.EventQueue$4.run()Ljava/lang/Object;+1
v  ~StubRoutines::call_stub
j  java.security.AccessController.doPrivileged(Ljava/security/PrivilegedAction;Ljava/security/AccessControlContext;)Ljava/lang/Object;+0
j  java.security.ProtectionDomain$1.doIntersectionPrivilege(Ljava/security/PrivilegedAction;Ljava/security/AccessControlContext;Ljava/security/AccessControlContext;)Ljava/lang/Object;+28
j  java.awt.EventQueue.dispatchEvent(Ljava/awt/AWTEvent;)V+73
j  java.awt.EventDispatchThread.pumpOneEventForFilters(I)V+245
j  java.awt.EventDispatchThread.pumpEventsForFilter(ILjava/awt/Conditional;Ljava/awt/EventFilter;)V+35
j  java.awt.EventDispatchThread.pumpEventsForHierarchy(ILjava/awt/Conditional;Ljava/awt/Component;)V+11
j  java.awt.EventDispatchThread.pumpEvents(ILjava/awt/Conditional;)V+4
j  java.awt.EventDispatchThread.pumpEvents(Ljava/awt/Conditional;)V+3
j  java.awt.EventDispatchThread.run()V+9
v  ~StubRoutines::call_stub

---------------  P R O C E S S  ---------------

Java Threads: ( => current thread )
  0x00007f321400a000 JavaThread "DestroyJavaVM" [_thread_blocked, id=3490, stack(0x00007f321a88b000,0x00007f321a98c000)]
  0x00007f321457b800 JavaThread "main-Display-.x11_:0-1-EDT-1" daemon [_thread_blocked, id=3522, stack(0x00007f31e38d5000,0x00007f31e39d6000)]
  0x00007f32142b2800 JavaThread "main-SharedResourceRunner" daemon [_thread_blocked, id=3517, stack(0x00007f31e065c000,0x00007f31e075d000)]
=>0x00007f3214211800 JavaThread "AWT-EventQueue-0" [_thread_in_native, id=3516, stack(0x00007f31e1142000,0x00007f31e1243000)]
  0x00007f3214201800 JavaThread "AWT-Shutdown" [_thread_blocked, id=3515, stack(0x00007f31e1243000,0x00007f31e1344000)]
  0x00007f32141fb000 JavaThread "AWT-XAWT" daemon [_thread_in_native, id=3514, stack(0x00007f31e194d000,0x00007f31e1a4e000)]
  0x00007f32141d8000 JavaThread "Java2D Disposer" daemon [_thread_blocked, id=3513, stack(0x00007f31e1e5e000,0x00007f31e1f5f000)]
  0x00007f321415e000 JavaThread "process reaper" daemon [_thread_blocked, id=3507, stack(0x00007f320806f000,0x00007f32080a8000)]
  0x00007f3214097000 JavaThread "Service Thread" daemon [_thread_blocked, id=3502, stack(0x00007f31e3eff000,0x00007f31e4000000)]
  0x00007f3214095000 JavaThread "C2 CompilerThread1" daemon [_thread_blocked, id=3501, stack(0x00007f32080ca000,0x00007f32081cb000)]
  0x00007f3214092000 JavaThread "C2 CompilerThread0" daemon [_thread_blocked, id=3500, stack(0x00007f32081cb000,0x00007f32082cc000)]
  0x00007f3214087800 JavaThread "Signal Dispatcher" daemon [_thread_blocked, id=3499, stack(0x00007f32082cc000,0x00007f32083cd000)]
  0x00007f321406f800 JavaThread "Finalizer" daemon [_thread_blocked, id=3498, stack(0x00007f3208ab0000,0x00007f3208bb1000)]
  0x00007f321406c000 JavaThread "Reference Handler" daemon [_thread_blocked, id=3497, stack(0x00007f3208bb1000,0x00007f3208cb2000)]

Other Threads:
  0x00007f3214069800 VMThread [stack: 0x00007f3208cb2000,0x00007f3208db3000] [id=3496]
  0x00007f32140a2000 WatcherThread [stack: 0x00007f31e3dfe000,0x00007f31e3eff000] [id=3503]

VM state:not at safepoint (normal execution)

VM Mutex/Monitor currently owned by a thread: None

Heap
 PSYoungGen      total 18432K, used 7671K [0x00000000eb700000, 0x00000000ecb80000, 0x0000000100000000)
  eden space 15872K, 32% used [0x00000000eb700000,0x00000000ebc01d48,0x00000000ec680000)
  from space 2560K, 99% used [0x00000000ec680000,0x00000000ec8fc010,0x00000000ec900000)
  to   space 2560K, 0% used [0x00000000ec900000,0x00000000ec900000,0x00000000ecb80000)
 ParOldGen       total 41984K, used 2150K [0x00000000c2600000, 0x00000000c4f00000, 0x00000000eb700000)
  object space 41984K, 5% used [0x00000000c2600000,0x00000000c28199d8,0x00000000c4f00000)
 PSPermGen       total 21504K, used 14730K [0x00000000bd400000, 0x00000000be900000, 0x00000000c2600000)
  object space 21504K, 68% used [0x00000000bd400000,0x00000000be262900,0x00000000be900000)

Card table byte_map: [0x00007f32107b5000,0x00007f32109cc000] byte_map_base: 0x00007f32101cb000

Polling page: 0x00007f321a9ab000

Code Cache  [0x00007f32109cc000, 0x00007f3210c3c000, 0x00007f32139cc000)
 total_blobs=843 nmethods=45 adapters=752 free_code_cache=48366Kb largest_free_block=49513152

Compilation events (10 events):
Event: 0,779 Thread 0x00007f3214095000   40             java.nio.Buffer::checkIndex (22 bytes)
Event: 0,780 Thread 0x00007f3214095000 nmethod 40 0x00007f3210a84810 code [0x00007f3210a84940, 0x00007f3210a849b8]
Event: 0,782 Thread 0x00007f3214092000   41             java.nio.HeapByteBuffer::ix (7 bytes)
Event: 0,782 Thread 0x00007f3214092000 nmethod 41 0x00007f3210a84610 code [0x00007f3210a84740, 0x00007f3210a84798]
Event: 0,787 Thread 0x00007f3214095000   42             sun.misc.MetaIndex::mayContain (51 bytes)
Event: 0,792 Thread 0x00007f3214095000 nmethod 42 0x00007f3210a84010 code [0x00007f3210a84160, 0x00007f3210a843b8]
Event: 0,839 Thread 0x00007f3214092000   43             sun.java2d.loops.GraphicsPrimitive::getUniqueID (5 bytes)
Event: 0,839 Thread 0x00007f3214092000 nmethod 43 0x00007f3210a90a50 code [0x00007f3210a90b80, 0x00007f3210a90bd8]
Event: 2,186 Thread 0x00007f3214095000   44             java.lang.Enum::ordinal (5 bytes)
Event: 2,186 Thread 0x00007f3214095000 nmethod 44 0x00007f3210a93b50 code [0x00007f3210a93c80, 0x00007f3210a93cd8]

GC Heap History (2 events):
Event: 0,709 GC heap before
{Heap before GC invocations=1 (full 0):
 PSYoungGen      total 18432K, used 15872K [0x00000000eb700000, 0x00000000ecb80000, 0x0000000100000000)
  eden space 15872K, 100% used [0x00000000eb700000,0x00000000ec680000,0x00000000ec680000)
  from space 2560K, 0% used [0x00000000ec900000,0x00000000ec900000,0x00000000ecb80000)
  to   space 2560K, 0% used [0x00000000ec680000,0x00000000ec680000,0x00000000ec900000)
 ParOldGen       total 41984K, used 0K [0x00000000c2600000, 0x00000000c4f00000, 0x00000000eb700000)
  object space 41984K, 0% used [0x00000000c2600000,0x00000000c2600000,0x00000000c4f00000)
 PSPermGen       total 21504K, used 11467K [0x00000000bd400000, 0x00000000be900000, 0x00000000c2600000)
  object space 21504K, 53% used [0x00000000bd400000,0x00000000bdf32c50,0x00000000be900000)
Event: 0,716 GC heap after
Heap after GC invocations=1 (full 0):
 PSYoungGen      total 18432K, used 2544K [0x00000000eb700000, 0x00000000ecb80000, 0x0000000100000000)
  eden space 15872K, 0% used [0x00000000eb700000,0x00000000eb700000,0x00000000ec680000)
  from space 2560K, 99% used [0x00000000ec680000,0x00000000ec8fc010,0x00000000ec900000)
  to   space 2560K, 0% used [0x00000000ec900000,0x00000000ec900000,0x00000000ecb80000)
 ParOldGen       total 41984K, used 2150K [0x00000000c2600000, 0x00000000c4f00000, 0x00000000eb700000)
  object space 41984K, 5% used [0x00000000c2600000,0x00000000c28199d8,0x00000000c4f00000)
 PSPermGen       total 21504K, used 11467K [0x00000000bd400000, 0x00000000be900000, 0x00000000c2600000)
  object space 21504K, 53% used [0x00000000bd400000,0x00000000bdf32c50,0x00000000be900000)
}

Deoptimization events (6 events):
Event: 0,195 Thread 0x00007f321400a000 Uncommon trap: reason=null_check action=make_not_entrant pc=0x00007f3210a34c58 method=java.lang.String.equals(Ljava/lang/Object;)Z @ 8
Event: 0,654 Thread 0x00007f32142b2800 Uncommon trap: reason=unreached action=reinterpret pc=0x00007f3210a74e18 method=java.lang.Class.searchFields([Ljava/lang/reflect/Field;Ljava/lang/String;)Ljava/lang/reflect/Field; @ 23
Event: 0,734 Thread 0x00007f321400a000 Uncommon trap: reason=bimorphic action=maybe_recompile pc=0x00007f3210a7cddc method=java.util.HashMap.getEntry(Ljava/lang/Object;)Ljava/util/HashMap$Entry; @ 68
Event: 0,734 Thread 0x00007f321400a000 Uncommon trap: reason=bimorphic action=maybe_recompile pc=0x00007f3210a7cddc method=java.util.HashMap.getEntry(Ljava/lang/Object;)Ljava/util/HashMap$Entry; @ 68
Event: 0,734 Thread 0x00007f321400a000 Uncommon trap: reason=bimorphic action=maybe_recompile pc=0x00007f3210a7cddc method=java.util.HashMap.getEntry(Ljava/lang/Object;)Ljava/util/HashMap$Entry; @ 68
Event: 0,734 Thread 0x00007f321400a000 Uncommon trap: reason=bimorphic action=maybe_recompile pc=0x00007f3210a7cddc method=java.util.HashMap.getEntry(Ljava/lang/Object;)Ljava/util/HashMap$Entry; @ 68

Internal exceptions (10 events):
Event: 0,897 Thread 0x00007f321457b800 Threw 0x00000000ebbd28a8 at /HUDSON/workspace/7u-2-build-linux-amd64@2/jdk7u51/527/hotspot/src/share/vm/runtime/reflection.cpp:1030
Event: 0,897 Thread 0x00007f321457b800 Threw 0x00000000ebbd2e48 at /HUDSON/workspace/7u-2-build-linux-amd64@2/jdk7u51/527/hotspot/src/share/vm/prims/jvm.cpp:1244
Event: 1,130 Thread 0x00007f321400a000 Threw 0x00000000ebb26558 at /HUDSON/workspace/7u-2-build-linux-amd64@2/jdk7u51/527/hotspot/src/share/vm/prims/jvm.cpp:1244
Event: 1,136 Thread 0x00007f3214211800 Threw 0x00000000ebb4d740 at /HUDSON/workspace/7u-2-build-linux-amd64@2/jdk7u51/527/hotspot/src/share/vm/prims/jvm.cpp:1244
Event: 1,137 Thread 0x00007f3214211800 Threw 0x00000000ebb500f0 at /HUDSON/workspace/7u-2-build-linux-amd64@2/jdk7u51/527/hotspot/src/share/vm/prims/jvm.cpp:1244
Event: 1,276 Thread 0x00007f3214211800 Threw 0x00000000ebb593c0 at /HUDSON/workspace/7u-2-build-linux-amd64@2/jdk7u51/527/hotspot/src/share/vm/prims/jni.cpp:743
Event: 1,284 Thread 0x00007f321457b800 Threw 0x00000000ebbd8318 at /HUDSON/workspace/7u-2-build-linux-amd64@2/jdk7u51/527/hotspot/src/share/vm/prims/jvm.cpp:1244
Event: 1,293 Thread 0x00007f3214211800 Threw 0x00000000ebb60ab8 at /HUDSON/workspace/7u-2-build-linux-amd64@2/jdk7u51/527/hotspot/src/share/vm/prims/jvm.cpp:1244
Event: 3,196 Thread 0x00007f321457b800 Threw 0x00000000ebbf1700 at /HUDSON/workspace/7u-2-build-linux-amd64@2/jdk7u51/527/hotspot/src/share/vm/prims/jvm.cpp:1244
Event: 3,200 Thread 0x00007f3214211800 Threw 0x00000000ebb63ed0 at /HUDSON/workspace/7u-2-build-linux-amd64@2/jdk7u51/527/hotspot/src/share/vm/prims/jvm.cpp:1244

Events (10 events):
Event: 1,293 loading class 0x00007f321474d2f0
Event: 1,293 loading class 0x00007f321474d2f0 done
Event: 3,193 loading class 0x00007f3214100e50
Event: 3,193 loading class 0x00007f3214100e50 done
Event: 3,193 loading class 0x00007f31e405b820
Event: 3,194 loading class 0x00007f31e405b820 done
Event: 3,196 loading class 0x00007f321452c440
Event: 3,196 loading class 0x00007f321452c440 done
Event: 3,200 loading class 0x00007f32145b2de0
Event: 3,200 loading class 0x00007f32145b2de0 done


Dynamic libraries:
00400000-00401000 r-xp 00000000 08:06 1989570                            /usr/lib/jvm/java-7-oracle/bin/java
00600000-00601000 rw-p 00000000 08:06 1989570                            /usr/lib/jvm/java-7-oracle/bin/java
02093000-020b4000 rw-p 00000000 00:00 0                                  [heap]
40510000-405ae000 rw-p 00000000 00:00 0 
40722000-40724000 r-xs 00000000 08:06 3806541                            /tmp/glIztrnV (deleted)
41984000-41a22000 rw-p 00000000 00:00 0 
bd400000-be900000 rw-p 00000000 00:00 0 
be900000-c2600000 rw-p 00000000 00:00 0 
c2600000-c4f00000 rw-p 00000000 00:00 0 
c4f00000-eb700000 rw-p 00000000 00:00 0 
eb700000-ecb80000 rw-p 00000000 00:00 0 
ecb80000-100000000 rw-p 00000000 00:00 0 
7f31b15aa000-7f31b16aa000 rw-s 37fc2000 00:05 1917                       /dev/nvidia0
7f31b16aa000-7f31b16ca000 rw-s d8160000 00:05 1917                       /dev/nvidia0
7f31b16ca000-7f31b170a000 rw-s 21ff8000 00:05 1917                       /dev/nvidia0
7f31b170a000-7f31b172a000 rw-s 2085b000 00:05 1917                       /dev/nvidia0
7f31b172a000-7f31b176a000 rw-s 21cda000 00:05 1917                       /dev/nvidia0
7f31b176a000-7f31b178a000 rw-s 2089c000 00:05 1917                       /dev/nvidia0
7f31b178a000-7f31b188a000 rw-s 37cd5000 00:05 1917                       /dev/nvidia0
7f31b188a000-7f31b18ca000 rw-s 37c31000 00:05 1917                       /dev/nvidia0
7f31b18ca000-7f31b18d3000 r-xp 00000000 08:06 1974181                    /usr/lib/x86_64-linux-gnu/libXrandr.so.2.2.0
7f31b18d3000-7f31b1ad2000 ---p 00009000 08:06 1974181                    /usr/lib/x86_64-linux-gnu/libXrandr.so.2.2.0
7f31b1ad2000-7f31b1ad3000 r--p 00008000 08:06 1974181                    /usr/lib/x86_64-linux-gnu/libXrandr.so.2.2.0
7f31b1ad3000-7f31b1ad4000 rw-p 00009000 08:06 1974181                    /usr/lib/x86_64-linux-gnu/libXrandr.so.2.2.0
7f31b1ad4000-7f31b1ae2000 r-xp 00000000 08:06 926483                     /tmp/jogamp_0000/file_cache/jln8982668519183517715/jln5514232387308449021/libnewt.so
7f31b1ae2000-7f31b1ce1000 ---p 0000e000 08:06 926483                     /tmp/jogamp_0000/file_cache/jln8982668519183517715/jln5514232387308449021/libnewt.so
7f31b1ce1000-7f31b1ce2000 rw-p 0000d000 08:06 926483                     /tmp/jogamp_0000/file_cache/jln8982668519183517715/jln5514232387308449021/libnewt.so
7f31b1ce2000-7f31b1ee2000 rw-s 208ba000 00:05 1917                       /dev/nvidia0
7f31b1ee2000-7f31b20e2000 rw-s 21e70000 00:05 1917                       /dev/nvidia0
7f31b20e2000-7f31b22e2000 rw-s 387f5000 00:05 1917                       /dev/nvidia0
7f31b22e2000-7f31b23e2000 rw-s 387e1000 00:05 1917                       /dev/nvidia0
7f31b23e2000-7f31b23e4000 r-xp 00000000 08:06 1974171                    /usr/lib/x86_64-linux-gnu/libXinerama.so.1.0.0
7f31b23e4000-7f31b25e3000 ---p 00002000 08:06 1974171                    /usr/lib/x86_64-linux-gnu/libXinerama.so.1.0.0
7f31b25e3000-7f31b25e4000 r--p 00001000 08:06 1974171                    /usr/lib/x86_64-linux-gnu/libXinerama.so.1.0.0
7f31b25e4000-7f31b25e5000 rw-p 00002000 08:06 1974171                    /usr/lib/x86_64-linux-gnu/libXinerama.so.1.0.0
7f31b25e5000-7f31b2617000 r-xp 00000000 08:06 1975001                    /usr/lib/x86_64-linux-gnu/libtxc_dxtn_s2tc.so.0.0.0
7f31b2617000-7f31b2816000 ---p 00032000 08:06 1975001                    /usr/lib/x86_64-linux-gnu/libtxc_dxtn_s2tc.so.0.0.0
7f31b2816000-7f31b2817000 r--p 00031000 08:06 1975001                    /usr/lib/x86_64-linux-gnu/libtxc_dxtn_s2tc.so.0.0.0
7f31b2817000-7f31b2818000 rw-p 00032000 08:06 1975001                    /usr/lib/x86_64-linux-gnu/libtxc_dxtn_s2tc.so.0.0.0
7f31b2818000-7f31b2819000 ---p 00000000 00:00 0 
7f31b2819000-7f31b3019000 rw-p 00000000 00:00 0                          [stack:3521]
7f31b3019000-7f31b301a000 ---p 00000000 00:00 0 
7f31b301a000-7f31b381a000 rw-p 00000000 00:00 0                          [stack:3520]
7f31b381a000-7f31b381b000 ---p 00000000 00:00 0 
7f31b381b000-7f31b401b000 rw-p 00000000 00:00 0                          [stack:3519]
7f31b401b000-7f31b401c000 ---p 00000000 00:00 0 
7f31b401c000-7f31b481c000 rw-p 00000000 00:00 0                          [stack:3518]
7f31b481c000-7f31b4843000 r-xp 00000000 08:06 2101149                    /lib/x86_64-linux-gnu/libexpat.so.1.6.0
7f31b4843000-7f31b4a43000 ---p 00027000 08:06 2101149                    /lib/x86_64-linux-gnu/libexpat.so.1.6.0
7f31b4a43000-7f31b4a45000 r--p 00027000 08:06 2101149                    /lib/x86_64-linux-gnu/libexpat.so.1.6.0
7f31b4a45000-7f31b4a46000 rw-p 00029000 08:06 2101149                    /lib/x86_64-linux-gnu/libexpat.so.1.6.0
7f31b4a46000-7f31b4ab3000 r-xp 00000000 08:06 2492117                    /usr/lib/x86_64-linux-gnu/dri/swrast_dri.so
7f31b4ab3000-7f31b4cb3000 ---p 0006d000 08:06 2492117                    /usr/lib/x86_64-linux-gnu/dri/swrast_dri.so
7f31b4cb3000-7f31b4cb4000 r--p 0006d000 08:06 2492117                    /usr/lib/x86_64-linux-gnu/dri/swrast_dri.so
7f31b4cb4000-7f31b4cb5000 rw-p 0006e000 08:06 2492117                    /usr/lib/x86_64-linux-gnu/dri/swrast_dri.so
7f31b4cb5000-7f31b4cbc000 rw-p 00000000 00:00 0 
7f31b4cbc000-7f31b4cd1000 r-xp 00000000 08:06 2098090                    /lib/x86_64-linux-gnu/libgcc_s.so.1
7f31b4cd1000-7f31b4ed0000 ---p 00015000 08:06 2098090                    /lib/x86_64-linux-gnu/libgcc_s.so.1
7f31b4ed0000-7f31b4ed1000 r--p 00014000 08:06 2098090                    /lib/x86_64-linux-gnu/libgcc_s.so.1
7f31b4ed1000-7f31b4ed2000 rw-p 00015000 08:06 2098090                    /lib/x86_64-linux-gnu/libgcc_s.so.1
7f31b4ed2000-7f31b4fb8000 r-xp 00000000 08:06 1983501                    /usr/lib/x86_64-linux-gnu/libstdc++.so.6.0.18
7f31b4fb8000-7f31b51b7000 ---p 000e6000 08:06 1983501                    /usr/lib/x86_64-linux-gnu/libstdc++.so.6.0.18
7f31b51b7000-7f31b51bf000 r--p 000e5000 08:06 1983501                    /usr/lib/x86_64-linux-gnu/libstdc++.so.6.0.18
7f31b51bf000-7f31b51c1000 rw-p 000ed000 08:06 1983501                    /usr/lib/x86_64-linux-gnu/libstdc++.so.6.0.18
7f31b51c1000-7f31b51d6000 rw-p 00000000 00:00 0 
7f31b51d6000-7f31b6719000 r-xp 00000000 08:06 1974024                    /usr/lib/x86_64-linux-gnu/libLLVM-3.3.so.1
7f31b6719000-7f31b671a000 ---p 01543000 08:06 1974024                    /usr/lib/x86_64-linux-gnu/libLLVM-3.3.so.1
7f31b671a000-7f31b682f000 r--p 01543000 08:06 1974024                    /usr/lib/x86_64-linux-gnu/libLLVM-3.3.so.1
7f31b682f000-7f31b6831000 rw-p 01658000 08:06 1974024                    /usr/lib/x86_64-linux-gnu/libLLVM-3.3.so.1
7f31b6831000-7f31b6844000 rw-p 00000000 00:00 0 
7f31b6844000-7f31b684f000 r-xp 00000000 08:06 1968290                    /usr/lib/x86_64-linux-gnu/libdrm_radeon.so.1.0.1
7f31b684f000-7f31b6a4f000 ---p 0000b000 08:06 1968290                    /usr/lib/x86_64-linux-gnu/libdrm_radeon.so.1.0.1
7f31b6a4f000-7f31b6a50000 r--p 0000b000 08:06 1968290                    /usr/lib/x86_64-linux-gnu/libdrm_radeon.so.1.0.1
7f31b6a50000-7f31b6a51000 rw-p 0000c000 08:06 1968290                    /usr/lib/x86_64-linux-gnu/libdrm_radeon.so.1.0.1
7f31b6a51000-7f31b6a66000 r-xp 00000000 08:06 1974373                    /usr/lib/x86_64-linux-gnu/libelf-0.157.so
7f31b6a66000-7f31b6c65000 ---p 00015000 08:06 1974373                    /usr/lib/x86_64-linux-gnu/libelf-0.157.so
7f31b6c65000-7f31b6c66000 r--p 00014000 08:06 1974373                    /usr/lib/x86_64-linux-gnu/libelf-0.157.so
7f31b6c66000-7f31b6c67000 rw-p 00015000 08:06 1974373                    /usr/lib/x86_64-linux-gnu/libelf-0.157.so
7f31b6c67000-7f31b6c6c000 r-xp 00000000 08:06 1968294                    /usr/lib/x86_64-linux-gnu/libdrm_nouveau.so.2.0.0
7f31b6c6c000-7f31b6e6b000 ---p 00005000 08:06 1968294                    /usr/lib/x86_64-linux-gnu/libdrm_nouveau.so.2.0.0
7f31b6e6b000-7f31b6e6c000 r--p 00004000 08:06 1968294                    /usr/lib/x86_64-linux-gnu/libdrm_nouveau.so.2.0.0
7f31b6e6c000-7f31b6e6d000 rw-p 00005000 08:06 1968294                    /usr/lib/x86_64-linux-gnu/libdrm_nouveau.so.2.0.0
7f31b6e6d000-7f31b722b000 r-xp 00000000 08:06 1974360                    /usr/lib/x86_64-linux-gnu/libdricore9.2.1.so.1.0.0
7f31b722b000-7f31b742a000 ---p 003be000 08:06 1974360                    /usr/lib/x86_64-linux-gnu/libdricore9.2.1.so.1.0.0
7f31b742a000-7f31b743a000 r--p 003bd000 08:06 1974360                    /usr/lib/x86_64-linux-gnu/libdricore9.2.1.so.1.0.0
7f31b743a000-7f31b7442000 rw-p 003cd000 08:06 1974360                    /usr/lib/x86_64-linux-gnu/libdricore9.2.1.so.1.0.0
7f31b7442000-7f31b745a000 rw-p 00000000 00:00 0 
7f31b745a000-7f31b7678000 r-xp 00000000 08:06 1974449                    /usr/lib/x86_64-linux-gnu/libgallium.so.0.0.0
7f31b7678000-7f31b7877000 ---p 0021e000 08:06 1974449                    /usr/lib/x86_64-linux-gnu/libgallium.so.0.0.0
7f31b7877000-7f31b7888000 r--p 0021d000 08:06 1974449                    /usr/lib/x86_64-linux-gnu/libgallium.so.0.0.0
7f31b7888000-7f31b788b000 rw-p 0022e000 08:06 1974449                    /usr/lib/x86_64-linux-gnu/libgallium.so.0.0.0
7f31b788b000-7f31b7a53000 rw-p 00000000 00:00 0 
7f31b7a53000-7f31b7dc1000 r-xp 00000000 08:06 2492119                    /usr/lib/x86_64-linux-gnu/egl/egl_gallium.so
7f31b7dc1000-7f31b7fc1000 ---p 0036e000 08:06 2492119                    /usr/lib/x86_64-linux-gnu/egl/egl_gallium.so
7f31b7fc1000-7f31b7ff2000 r--p 0036e000 08:06 2492119                    /usr/lib/x86_64-linux-gnu/egl/egl_gallium.so
7f31b7ff2000-7f31b7ff9000 rw-p 0039f000 08:06 2492119                    /usr/lib/x86_64-linux-gnu/egl/egl_gallium.so
7f31b7ff9000-7f31b8000000 rw-p 00000000 00:00 0 
7f31b8000000-7f31b84cf000 rw-p 00000000 00:00 0 
7f31b84cf000-7f31bc000000 ---p 00000000 00:00 0 
7f31bc000000-7f31bc02a000 rw-p 00000000 00:00 0 
7f31bc02a000-7f31c0000000 ---p 00000000 00:00 0 
7f31c0004000-7f31c0024000 rw-s d8120000 00:05 1917                       /dev/nvidia0
7f31c0024000-7f31c0044000 rw-s 20b32000 00:05 1917                       /dev/nvidia0
7f31c0044000-7f31c0084000 rw-s 21dd2000 00:05 1917                       /dev/nvidia0
7f31c0084000-7f31c00a4000 rw-s 37d45000 00:05 1917                       /dev/nvidia0
7f31c00a4000-7f31c00e4000 rw-s 37d5c000 00:05 1917                       /dev/nvidia0
7f31c00e4000-7f31c0124000 rw-s 37d1e000 00:05 1917                       /dev/nvidia0
7f31c0124000-7f31c012b000 r-xp 00000000 08:06 2493217                    /usr/lib/x86_64-linux-gnu/mesa-egl/libOpenVG.so.1.0.0
7f31c012b000-7f31c032a000 ---p 00007000 08:06 2493217                    /usr/lib/x86_64-linux-gnu/mesa-egl/libOpenVG.so.1.0.0
7f31c032a000-7f31c032b000 r--p 00006000 08:06 2493217                    /usr/lib/x86_64-linux-gnu/mesa-egl/libOpenVG.so.1.0.0
7f31c032b000-7f31c032c000 rw-p 00007000 08:06 2493217                    /usr/lib/x86_64-linux-gnu/mesa-egl/libOpenVG.so.1.0.0
7f31c032c000-7f31c032e000 rw-p 00000000 00:00 0 
7f31c032e000-7f31c034f000 r-xp 00000000 08:06 1974503                    /usr/lib/x86_64-linux-gnu/libglapi.so.0.0.0
7f31c034f000-7f31c054f000 ---p 00021000 08:06 1974503                    /usr/lib/x86_64-linux-gnu/libglapi.so.0.0.0
7f31c054f000-7f31c0552000 r--p 00021000 08:06 1974503                    /usr/lib/x86_64-linux-gnu/libglapi.so.0.0.0
7f31c0552000-7f31c0553000 rw-p 00024000 08:06 1974503                    /usr/lib/x86_64-linux-gnu/libglapi.so.0.0.0
7f31c0553000-7f31c0554000 rw-p 00000000 00:00 0 
7f31c0554000-7f31c055a000 r-xp 00000000 08:06 2491707                    /usr/lib/x86_64-linux-gnu/mesa-egl/libGLESv2.so.2.0.0
7f31c055a000-7f31c075a000 ---p 00006000 08:06 2491707                    /usr/lib/x86_64-linux-gnu/mesa-egl/libGLESv2.so.2.0.0
7f31c075a000-7f31c075b000 r--p 00006000 08:06 2491707                    /usr/lib/x86_64-linux-gnu/mesa-egl/libGLESv2.so.2.0.0
7f31c075b000-7f31c075c000 rw-p 00007000 08:06 2491707                    /usr/lib/x86_64-linux-gnu/mesa-egl/libGLESv2.so.2.0.0
7f31c075c000-7f31c07a2000 r-xp 00000000 08:06 926480                     /tmp/jogamp_0000/file_cache/jln8982668519183517715/jln5514232387308449021/libjogl_mobile.so
7f31c07a2000-7f31c09a2000 ---p 00046000 08:06 926480                     /tmp/jogamp_0000/file_cache/jln8982668519183517715/jln5514232387308449021/libjogl_mobile.so
7f31c09a2000-7f31c09a3000 rw-p 00046000 08:06 926480                     /tmp/jogamp_0000/file_cache/jln8982668519183517715/jln5514232387308449021/libjogl_mobile.so
7f31c09a3000-7f31c09aa000 r-xp 00000000 08:06 1974396                    /usr/lib/x86_64-linux-gnu/libffi.so.6.0.1
7f31c09aa000-7f31c0ba9000 ---p 00007000 08:06 1974396                    /usr/lib/x86_64-linux-gnu/libffi.so.6.0.1
7f31c0ba9000-7f31c0baa000 r--p 00006000 08:06 1974396                    /usr/lib/x86_64-linux-gnu/libffi.so.6.0.1
7f31c0baa000-7f31c0bab000 rw-p 00007000 08:06 1974396                    /usr/lib/x86_64-linux-gnu/libffi.so.6.0.1
7f31c0bab000-7f31c0bb6000 r-xp 00000000 08:06 1968288                    /usr/lib/x86_64-linux-gnu/libdrm.so.2.4.0
7f31c0bb6000-7f31c0db5000 ---p 0000b000 08:06 1968288                    /usr/lib/x86_64-linux-gnu/libdrm.so.2.4.0
7f31c0db5000-7f31c0db6000 r--p 0000a000 08:06 1968288                    /usr/lib/x86_64-linux-gnu/libdrm.so.2.4.0
7f31c0db6000-7f31c0db7000 rw-p 0000b000 08:06 1968288                    /usr/lib/x86_64-linux-gnu/libdrm.so.2.4.0
7f31c0db7000-7f31c0dc7000 r-xp 00000000 08:06 2102041                    /lib/x86_64-linux-gnu/libudev.so.1.3.5
7f31c0dc7000-7f31c0fc6000 ---p 00010000 08:06 2102041                    /lib/x86_64-linux-gnu/libudev.so.1.3.5
7f31c0fc6000-7f31c0fc7000 r--p 0000f000 08:06 2102041                    /lib/x86_64-linux-gnu/libudev.so.1.3.5
7f31c0fc7000-7f31c0fc8000 rw-p 00010000 08:06 2102041                    /lib/x86_64-linux-gnu/libudev.so.1.3.5
7f31c0fc8000-7f31c0fce000 r-xp 00000000 08:06 1974451                    /usr/lib/x86_64-linux-gnu/libgbm.so.1.0.0
7f31c0fce000-7f31c11cd000 ---p 00006000 08:06 1974451                    /usr/lib/x86_64-linux-gnu/libgbm.so.1.0.0
7f31c11cd000-7f31c11ce000 r--p 00005000 08:06 1974451                    /usr/lib/x86_64-linux-gnu/libgbm.so.1.0.0
7f31c11ce000-7f31c11cf000 rw-p 00006000 08:06 1974451                    /usr/lib/x86_64-linux-gnu/libgbm.so.1.0.0
7f31c11cf000-7f31c11de000 r-xp 00000000 08:06 1975059                    /usr/lib/x86_64-linux-gnu/libwayland-server.so.0.0.0
7f31c11de000-7f31c13dd000 ---p 0000f000 08:06 1975059                    /usr/lib/x86_64-linux-gnu/libwayland-server.so.0.0.0
7f31c13dd000-7f31c13df000 r--p 0000e000 08:06 1975059                    /usr/lib/x86_64-linux-gnu/libwayland-server.so.0.0.0
7f31c13df000-7f31c13e0000 rw-p 00010000 08:06 1975059                    /usr/lib/x86_64-linux-gnu/libwayland-server.so.0.0.0
7f31c13e0000-7f31c13ea000 r-xp 00000000 08:06 1975055                    /usr/lib/x86_64-linux-gnu/libwayland-client.so.0.1.0
7f31c13ea000-7f31c15e9000 ---p 0000a000 08:06 1975055                    /usr/lib/x86_64-linux-gnu/libwayland-client.so.0.1.0
7f31c15e9000-7f31c15eb000 r--p 00009000 08:06 1975055                    /usr/lib/x86_64-linux-gnu/libwayland-client.so.0.1.0
7f31c15eb000-7f31c15ec000 rw-p 0000b000 08:06 1975055                    /usr/lib/x86_64-linux-gnu/libwayland-client.so.0.1.0
7f31c15ec000-7f31c15f1000 r-xp 00000000 08:06 1975098                    /usr/lib/x86_64-linux-gnu/libxcb-xfixes.so.0.0.0
7f31c15f1000-7f31c17f1000 ---p 00005000 08:06 1975098                    /usr/lib/x86_64-linux-gnu/libxcb-xfixes.so.0.0.0
7f31c17f1000-7f31c17f2000 r--p 00005000 08:06 1975098                    /usr/lib/x86_64-linux-gnu/libxcb-xfixes.so.0.0.0
7f31c17f2000-7f31c17f3000 rw-p 00006000 08:06 1975098                    /usr/lib/x86_64-linux-gnu/libxcb-xfixes.so.0.0.0
7f31c17f3000-7f31c3359000 r-xp 00000000 08:06 1968209                    /usr/lib/libnvidia-glcore.so.331.20
7f31c3359000-7f31c3559000 ---p 01b66000 08:06 1968209                    /usr/lib/libnvidia-glcore.so.331.20
7f31c3559000-7f31c3fe4000 rwxp 01b66000 08:06 1968209                    /usr/lib/libnvidia-glcore.so.331.20
7f31c3fe4000-7f31c4000000 rwxp 00000000 00:00 0 
7f31c4000000-7f31c4021000 rw-p 00000000 00:00 0 
7f31c4021000-7f31c8000000 ---p 00000000 00:00 0 
7f31c8000000-7f31c8021000 rw-p 00000000 00:00 0 
7f31c8021000-7f31cc000000 ---p 00000000 00:00 0 
7f31cc000000-7f31cc762000 rw-p 00000000 00:00 0 
7f31cc762000-7f31d0000000 ---p 00000000 00:00 0 
7f31d0000000-7f31d0021000 rw-p 00000000 00:00 0 
7f31d0021000-7f31d4000000 ---p 00000000 00:00 0 
7f31d4000000-7f31d4021000 rw-p 00000000 00:00 0 
7f31d4021000-7f31d8000000 ---p 00000000 00:00 0 
7f31d8000000-7f31d8021000 rw-p 00000000 00:00 0 
7f31d8021000-7f31dc000000 ---p 00000000 00:00 0 
7f31dc000000-7f31dc021000 rw-p 00000000 00:00 0 
7f31dc021000-7f31e0000000 ---p 00000000 00:00 0 
7f31e0012000-7f31e0032000 rw-s d80e0000 00:05 1917                       /dev/nvidia0
7f31e0032000-7f31e0035000 r-xp 00000000 08:06 1975074                    /usr/lib/x86_64-linux-gnu/libxcb-dri2.so.0.0.0
7f31e0035000-7f31e0235000 ---p 00003000 08:06 1975074                    /usr/lib/x86_64-linux-gnu/libxcb-dri2.so.0.0.0
7f31e0235000-7f31e0236000 r--p 00003000 08:06 1975074                    /usr/lib/x86_64-linux-gnu/libxcb-dri2.so.0.0.0
7f31e0236000-7f31e0237000 rw-p 00004000 08:06 1975074                    /usr/lib/x86_64-linux-gnu/libxcb-dri2.so.0.0.0
7f31e0237000-7f31e0238000 r-xp 00000000 08:06 1974142                    /usr/lib/x86_64-linux-gnu/libX11-xcb.so.1.0.0
7f31e0238000-7f31e0437000 ---p 00001000 08:06 1974142                    /usr/lib/x86_64-linux-gnu/libX11-xcb.so.1.0.0
7f31e0437000-7f31e0438000 r--p 00000000 08:06 1974142                    /usr/lib/x86_64-linux-gnu/libX11-xcb.so.1.0.0
7f31e0438000-7f31e0439000 rw-p 00001000 08:06 1974142                    /usr/lib/x86_64-linux-gnu/libX11-xcb.so.1.0.0
7f31e0439000-7f31e045a000 r-xp 00000000 08:06 2493215                    /usr/lib/x86_64-linux-gnu/mesa-egl/libEGL.so.1.0.0
7f31e045a000-7f31e065a000 ---p 00021000 08:06 2493215                    /usr/lib/x86_64-linux-gnu/mesa-egl/libEGL.so.1.0.0
7f31e065a000-7f31e065b000 r--p 00021000 08:06 2493215                    /usr/lib/x86_64-linux-gnu/mesa-egl/libEGL.so.1.0.0
7f31e065b000-7f31e065c000 rw-p 00022000 08:06 2493215                    /usr/lib/x86_64-linux-gnu/mesa-egl/libEGL.so.1.0.0
7f31e065c000-7f31e065f000 ---p 00000000 00:00 0 
7f31e065f000-7f31e075d000 rw-p 00000000 00:00 0                          [stack:3517]
7f31e075d000-7f31e0805000 r-xp 00000000 08:06 926479                     /tmp/jogamp_0000/file_cache/jln8982668519183517715/jln5514232387308449021/libjogl_desktop.so
7f31e0805000-7f31e0a04000 ---p 000a8000 08:06 926479                     /tmp/jogamp_0000/file_cache/jln8982668519183517715/jln5514232387308449021/libjogl_desktop.so
7f31e0a04000-7f31e0a05000 rw-p 000a7000 08:06 926479                     /tmp/jogamp_0000/file_cache/jln8982668519183517715/jln5514232387308449021/libjogl_desktop.so
7f31e0a05000-7f31e0a08000 r-xp 00000000 08:06 1970226                    /usr/lib/tls/libnvidia-tls.so.331.20
7f31e0a08000-7f31e0c07000 ---p 00003000 08:06 1970226                    /usr/lib/tls/libnvidia-tls.so.331.20
7f31e0c07000-7f31e0c08000 rw-p 00002000 08:06 1970226                    /usr/lib/tls/libnvidia-tls.so.331.20
7f31e0c08000-7f31e0ce5000 r-xp 00000000 08:06 1970222                    /usr/lib/libGL.so.331.20
7f31e0ce5000-7f31e0ee4000 ---p 000dd000 08:06 1970222                    /usr/lib/libGL.so.331.20
7f31e0ee4000-7f31e0f24000 rwxp 000dc000 08:06 1970222                    /usr/lib/libGL.so.331.20
7f31e0f24000-7f31e0f3b000 rwxp 00000000 00:00 0 
7f31e0f3b000-7f31e0f42000 r-xp 00000000 08:06 926482                     /tmp/jogamp_0000/file_cache/jln8982668519183517715/jln5514232387308449021/libnativewindow_x11.so
7f31e0f42000-7f31e1141000 ---p 00007000 08:06 926482                     /tmp/jogamp_0000/file_cache/jln8982668519183517715/jln5514232387308449021/libnativewindow_x11.so
7f31e1141000-7f31e1142000 rw-p 00006000 08:06 926482                     /tmp/jogamp_0000/file_cache/jln8982668519183517715/jln5514232387308449021/libnativewindow_x11.so
7f31e1142000-7f31e1145000 ---p 00000000 00:00 0 
7f31e1145000-7f31e1243000 rw-p 00000000 00:00 0                          [stack:3516]
7f31e1243000-7f31e1246000 ---p 00000000 00:00 0 
7f31e1246000-7f31e1344000 rw-p 00000000 00:00 0                          [stack:3515]
7f31e1344000-7f31e1348000 r-xp 00000000 08:06 1974193                    /usr/lib/x86_64-linux-gnu/libXxf86vm.so.1.0.0
7f31e1348000-7f31e1548000 ---p 00004000 08:06 1974193                    /usr/lib/x86_64-linux-gnu/libXxf86vm.so.1.0.0
7f31e1548000-7f31e1549000 r--p 00004000 08:06 1974193                    /usr/lib/x86_64-linux-gnu/libXxf86vm.so.1.0.0
7f31e1549000-7f31e154a000 rw-p 00005000 08:06 1974193                    /usr/lib/x86_64-linux-gnu/libXxf86vm.so.1.0.0
7f31e154a000-7f31e154c000 r-xp 00000000 08:06 926481                     /tmp/jogamp_0000/file_cache/jln8982668519183517715/jln5514232387308449021/libnativewindow_awt.so
7f31e154c000-7f31e174b000 ---p 00002000 08:06 926481                     /tmp/jogamp_0000/file_cache/jln8982668519183517715/jln5514232387308449021/libnativewindow_awt.so
7f31e174b000-7f31e174c000 rw-p 00001000 08:06 926481                     /tmp/jogamp_0000/file_cache/jln8982668519183517715/jln5514232387308449021/libnativewindow_awt.so
7f31e174c000-7f31e174d000 r-xp 00000000 08:06 1988898                    /usr/lib/jvm/java-7-oracle/jre/lib/amd64/libjawt.so
7f31e174d000-7f31e194c000 ---p 00001000 08:06 1988898                    /usr/lib/jvm/java-7-oracle/jre/lib/amd64/libjawt.so
7f31e194c000-7f31e194d000 rw-p 00000000 08:06 1988898                    /usr/lib/jvm/java-7-oracle/jre/lib/amd64/libjawt.so
7f31e194d000-7f31e1950000 ---p 00000000 00:00 0 
7f31e1950000-7f31e1a4e000 rw-p 00000000 00:00 0                          [stack:3514]
7f31e1a4e000-7f31e1a53000 r-xp 00000000 08:06 1974163                    /usr/lib/x86_64-linux-gnu/libXfixes.so.3.1.0
7f31e1a53000-7f31e1c52000 ---p 00005000 08:06 1974163                    /usr/lib/x86_64-linux-gnu/libXfixes.so.3.1.0
7f31e1c52000-7f31e1c53000 r--p 00004000 08:06 1974163                    /usr/lib/x86_64-linux-gnu/libXfixes.so.3.1.0
7f31e1c53000-7f31e1c54000 rw-p 00005000 08:06 1974163                    /usr/lib/x86_64-linux-gnu/libXfixes.so.3.1.0
7f31e1c54000-7f31e1c5d000 r-xp 00000000 08:06 1974155                    /usr/lib/x86_64-linux-gnu/libXcursor.so.1.0.2
7f31e1c5d000-7f31e1e5c000 ---p 00009000 08:06 1974155                    /usr/lib/x86_64-linux-gnu/libXcursor.so.1.0.2
7f31e1e5c000-7f31e1e5d000 r--p 00008000 08:06 1974155                    /usr/lib/x86_64-linux-gnu/libXcursor.so.1.0.2
7f31e1e5d000-7f31e1e5e000 rw-p 00009000 08:06 1974155                    /usr/lib/x86_64-linux-gnu/libXcursor.so.1.0.2
7f31e1e5e000-7f31e1e61000 ---p 00000000 00:00 0 
7f31e1e61000-7f31e1f5f000 rw-p 00000000 00:00 0                          [stack:3513]
7f31e1f5f000-7f31e1f64000 r-xp 00000000 08:06 1974159                    /usr/lib/x86_64-linux-gnu/libXdmcp.so.6.0.0
7f31e1f64000-7f31e2163000 ---p 00005000 08:06 1974159                    /usr/lib/x86_64-linux-gnu/libXdmcp.so.6.0.0
7f31e2163000-7f31e2164000 r--p 00004000 08:06 1974159                    /usr/lib/x86_64-linux-gnu/libXdmcp.so.6.0.0
7f31e2164000-7f31e2165000 rw-p 00005000 08:06 1974159                    /usr/lib/x86_64-linux-gnu/libXdmcp.so.6.0.0
7f31e2165000-7f31e2167000 r-xp 00000000 08:06 1974148                    /usr/lib/x86_64-linux-gnu/libXau.so.6.0.0
7f31e2167000-7f31e2367000 ---p 00002000 08:06 1974148                    /usr/lib/x86_64-linux-gnu/libXau.so.6.0.0
7f31e2367000-7f31e2368000 r--p 00002000 08:06 1974148                    /usr/lib/x86_64-linux-gnu/libXau.so.6.0.0
7f31e2368000-7f31e2369000 rw-p 00003000 08:06 1974148                    /usr/lib/x86_64-linux-gnu/libXau.so.6.0.0
7f31e2369000-7f31e2386000 r-xp 00000000 08:06 1975100                    /usr/lib/x86_64-linux-gnu/libxcb.so.1.1.0
7f31e2386000-7f31e2585000 ---p 0001d000 08:06 1975100                    /usr/lib/x86_64-linux-gnu/libxcb.so.1.1.0
7f31e2585000-7f31e2586000 r--p 0001c000 08:06 1975100                    /usr/lib/x86_64-linux-gnu/libxcb.so.1.1.0
7f31e2586000-7f31e2587000 rw-p 0001d000 08:06 1975100                    /usr/lib/x86_64-linux-gnu/libxcb.so.1.1.0
7f31e2587000-7f31e2596000 r-xp 00000000 08:06 1974169                    /usr/lib/x86_64-linux-gnu/libXi.so.6.1.0
7f31e2596000-7f31e2795000 ---p 0000f000 08:06 1974169                    /usr/lib/x86_64-linux-gnu/libXi.so.6.1.0
7f31e2795000-7f31e2796000 r--p 0000e000 08:06 1974169                    /usr/lib/x86_64-linux-gnu/libXi.so.6.1.0
7f31e2796000-7f31e2797000 rw-p 0000f000 08:06 1974169                    /usr/lib/x86_64-linux-gnu/libXi.so.6.1.0
7f31e2797000-7f31e279c000 r-xp 00000000 08:06 1974187                    /usr/lib/x86_64-linux-gnu/libXtst.so.6.1.0
7f31e279c000-7f31e299b000 ---p 00005000 08:06 1974187                    /usr/lib/x86_64-linux-gnu/libXtst.so.6.1.0
7f31e299b000-7f31e299c000 r--p 00004000 08:06 1974187                    /usr/lib/x86_64-linux-gnu/libXtst.so.6.1.0
7f31e299c000-7f31e299d000 rw-p 00005000 08:06 1974187                    /usr/lib/x86_64-linux-gnu/libXtst.so.6.1.0
7f31e299d000-7f31e29a6000 r-xp 00000000 08:06 1974183                    /usr/lib/x86_64-linux-gnu/libXrender.so.1.3.0
7f31e29a6000-7f31e2ba5000 ---p 00009000 08:06 1974183                    /usr/lib/x86_64-linux-gnu/libXrender.so.1.3.0
7f31e2ba5000-7f31e2ba6000 r--p 00008000 08:06 1974183                    /usr/lib/x86_64-linux-gnu/libXrender.so.1.3.0
7f31e2ba6000-7f31e2ba7000 rw-p 00009000 08:06 1974183                    /usr/lib/x86_64-linux-gnu/libXrender.so.1.3.0
7f31e2ba7000-7f31e2cd7000 r-xp 00000000 08:06 1974144                    /usr/lib/x86_64-linux-gnu/libX11.so.6.3.0
7f31e2cd7000-7f31e2ed7000 ---p 00130000 08:06 1974144                    /usr/lib/x86_64-linux-gnu/libX11.so.6.3.0
7f31e2ed7000-7f31e2ed8000 r--p 00130000 08:06 1974144                    /usr/lib/x86_64-linux-gnu/libX11.so.6.3.0
7f31e2ed8000-7f31e2edc000 rw-p 00131000 08:06 1974144                    /usr/lib/x86_64-linux-gnu/libX11.so.6.3.0
7f31e2edc000-7f31e2eed000 r-xp 00000000 08:06 1974161                    /usr/lib/x86_64-linux-gnu/libXext.so.6.4.0
7f31e2eed000-7f31e30ec000 ---p 00011000 08:06 1974161                    /usr/lib/x86_64-linux-gnu/libXext.so.6.4.0
7f31e30ec000-7f31e30ed000 r--p 00010000 08:06 1974161                    /usr/lib/x86_64-linux-gnu/libXext.so.6.4.0
7f31e30ed000-7f31e30ee000 rw-p 00011000 08:06 1974161                    /usr/lib/x86_64-linux-gnu/libXext.so.6.4.0
7f31e30ee000-7f31e313e000 r-xp 00000000 08:06 1988922                    /usr/lib/jvm/java-7-oracle/jre/lib/amd64/xawt/libmawt.so
7f31e313e000-7f31e333e000 ---p 00050000 08:06 1988922                    /usr/lib/jvm/java-7-oracle/jre/lib/amd64/xawt/libmawt.so
7f31e333e000-7f31e3342000 rw-p 00050000 08:06 1988922                    /usr/lib/jvm/java-7-oracle/jre/lib/amd64/xawt/libmawt.so
7f31e3342000-7f31e3343000 rw-p 00000000 00:00 0 
7f31e3343000-7f31e33e5000 r-xp 00000000 08:06 1988855                    /usr/lib/jvm/java-7-oracle/jre/lib/amd64/libawt.so
7f31e33e5000-7f31e35e5000 ---p 000a2000 08:06 1988855                    /usr/lib/jvm/java-7-oracle/jre/lib/amd64/libawt.so
7f31e35e5000-7f31e35f1000 rw-p 000a2000 08:06 1988855                    /usr/lib/jvm/java-7-oracle/jre/lib/amd64/libawt.so
7f31e35f1000-7f31e3615000 rw-p 00000000 00:00 0 
7f31e361e000-7f31e363e000 rw-s 38578000 00:05 1917                       /dev/nvidia0
7f31e363e000-7f31e36d2000 rw-s ba38b000 00:05 1917                       /dev/nvidia0
7f31e36d2000-7f31e36d4000 r-xp 00000000 08:06 926478                     /tmp/jogamp_0000/file_cache/jln8982668519183517715/jln5514232387308449021/libgluegen-rt.so
7f31e36d4000-7f31e38d4000 ---p 00002000 08:06 926478                     /tmp/jogamp_0000/file_cache/jln8982668519183517715/jln5514232387308449021/libgluegen-rt.so
7f31e38d4000-7f31e38d5000 rw-p 00002000 08:06 926478                     /tmp/jogamp_0000/file_cache/jln8982668519183517715/jln5514232387308449021/libgluegen-rt.so
7f31e38d5000-7f31e38d8000 ---p 00000000 00:00 0 
7f31e38d8000-7f31e39d6000 rw-p 00000000 00:00 0                          [stack:3522]
7f31e39d6000-7f31e39e6000 r-xp 00000000 08:06 1988923                    /usr/lib/jvm/java-7-oracle/jre/lib/amd64/libnio.so
7f31e39e6000-7f31e3be6000 ---p 00010000 08:06 1988923                    /usr/lib/jvm/java-7-oracle/jre/lib/amd64/libnio.so
7f31e3be6000-7f31e3be7000 rw-p 00010000 08:06 1988923                    /usr/lib/jvm/java-7-oracle/jre/lib/amd64/libnio.so
7f31e3be7000-7f31e3bfd000 r-xp 00000000 08:06 1988916                    /usr/lib/jvm/java-7-oracle/jre/lib/amd64/libnet.so
7f31e3bfd000-7f31e3dfd000 ---p 00016000 08:06 1988916                    /usr/lib/jvm/java-7-oracle/jre/lib/amd64/libnet.so
7f31e3dfd000-7f31e3dfe000 rw-p 00016000 08:06 1988916                    /usr/lib/jvm/java-7-oracle/jre/lib/amd64/libnet.so
7f31e3dfe000-7f31e3dff000 ---p 00000000 00:00 0 
7f31e3dff000-7f31e3eff000 rw-p 00000000 00:00 0                          [stack:3503]
7f31e3eff000-7f31e3f02000 ---p 00000000 00:00 0 
7f31e3f02000-7f31e4000000 rw-p 00000000 00:00 0                          [stack:3502]
7f31e4000000-7f31e41d8000 rw-p 00000000 00:00 0 
7f31e41d8000-7f31e8000000 ---p 00000000 00:00 0 
7f31e8000000-7f31e8175000 rw-p 00000000 00:00 0 
7f31e8175000-7f31ec000000 ---p 00000000 00:00 0 
7f31ec000000-7f31ec021000 rw-p 00000000 00:00 0 
7f31ec021000-7f31f0000000 ---p 00000000 00:00 0 
7f31f0000000-7f31f0021000 rw-p 00000000 00:00 0 
7f31f0021000-7f31f4000000 ---p 00000000 00:00 0 
7f31f4000000-7f31f4021000 rw-p 00000000 00:00 0 
7f31f4021000-7f31f8000000 ---p 00000000 00:00 0 
7f31f8000000-7f31f8021000 rw-p 00000000 00:00 0 
7f31f8021000-7f31fc000000 ---p 00000000 00:00 0 
7f31fc000000-7f31fc021000 rw-p 00000000 00:00 0 
7f31fc021000-7f3200000000 ---p 00000000 00:00 0 
7f3200000000-7f3200021000 rw-p 00000000 00:00 0 
7f3200021000-7f3204000000 ---p 00000000 00:00 0 
7f3204000000-7f3204021000 rw-p 00000000 00:00 0 
7f3204021000-7f3208000000 ---p 00000000 00:00 0 
7f3208017000-7f320801e000 rw-s 21db5000 00:05 1917                       /dev/nvidia0
7f320801e000-7f320803e000 rw-s 21e64000 00:05 1917                       /dev/nvidia0
7f320803e000-7f320806f000 rw-p 00000000 00:00 0 
7f320806f000-7f3208072000 ---p 00000000 00:00 0 
7f3208072000-7f32080a8000 rw-p 00000000 00:00 0                          [stack:3507]
7f32080a8000-7f32080ca000 r--s 002ce000 08:06 4068195                    /home/elect/Downloads/jogamp-all-platforms/jar/jogl-all.jar
7f32080ca000-7f32080cd000 ---p 00000000 00:00 0 
7f32080cd000-7f32081cb000 rw-p 00000000 00:00 0                          [stack:3501]
7f32081cb000-7f32081ce000 ---p 00000000 00:00 0 
7f32081ce000-7f32082cc000 rw-p 00000000 00:00 0                          [stack:3500]
7f32082cc000-7f32082cf000 ---p 00000000 00:00 0 
7f32082cf000-7f32083cd000 rw-p 00000000 00:00 0                          [stack:3499]
7f32083cd000-7f3208ab0000 r--p 00000000 08:06 1973080                    /usr/lib/locale/locale-archive
7f3208ab0000-7f3208ab3000 ---p 00000000 00:00 0 
7f3208ab3000-7f3208bb1000 rw-p 00000000 00:00 0                          [stack:3498]
7f3208bb1000-7f3208bb4000 ---p 00000000 00:00 0 
7f3208bb4000-7f3208cb2000 rw-p 00000000 00:00 0                          [stack:3497]
7f3208cb2000-7f3208cb3000 ---p 00000000 00:00 0 
7f3208cb3000-7f3209ce3000 rw-p 00000000 00:00 0                          [stack:3496]
7f3209ce3000-7f3209ea0000 r--s 039bf000 08:06 1989547                    /usr/lib/jvm/java-7-oracle/jre/lib/rt.jar
7f3209ea0000-7f320c000000 rw-p 00000000 00:00 0 
7f320c000000-7f320c021000 rw-p 00000000 00:00 0 
7f320c021000-7f3210000000 ---p 00000000 00:00 0 
7f3210001000-7f3210002000 rw-p 00000000 00:00 0 
7f3210002000-7f3210003000 rw-s 21db4000 00:05 1917                       /dev/nvidia0
7f3210003000-7f3210004000 rw-s dfd61000 00:05 1917                       /dev/nvidia0
7f3210004000-7f3210005000 rw-s dfd61000 00:05 1917                       /dev/nvidia0
7f3210005000-7f3210006000 rw-s fa641000 00:05 1917                       /dev/nvidia0
7f3210006000-7f3210007000 rw-s b58c8000 00:05 1917                       /dev/nvidia0
7f3210007000-7f3210008000 rw-s 37ded000 00:05 1917                       /dev/nvidia0
7f3210008000-7f321000f000 rw-s 37cd3000 00:05 1917                       /dev/nvidia0
7f321000f000-7f3210010000 rw-s 37cd2000 00:05 1917                       /dev/nvidia0
7f3210010000-7f3210011000 rw-s dfd61000 00:05 1917                       /dev/nvidia0
7f3210011000-7f3210012000 rw-s dfd61000 00:05 1917                       /dev/nvidia0
7f3210012000-7f3210013000 rw-s fa641000 00:05 1917                       /dev/nvidia0
7f3210013000-7f3210014000 rw-s b58c8000 00:05 1917                       /dev/nvidia0
7f3210014000-7f3210015000 rw-s 37d44000 00:05 1917                       /dev/nvidia0
7f3210015000-7f321001c000 rw-s 37c2e000 00:05 1917                       /dev/nvidia0
7f321001c000-7f32103b1000 rw-p 00000000 00:00 0 
7f32103b1000-7f32103b2000 ---p 00000000 00:00 0 
7f32103b2000-7f32104b2000 rw-p 00000000 00:00 0                          [stack:3495]
7f32104b2000-7f32104b3000 ---p 00000000 00:00 0 
7f32104b3000-7f32105b3000 rw-p 00000000 00:00 0                          [stack:3494]
7f32105b3000-7f32105b4000 ---p 00000000 00:00 0 
7f32105b4000-7f32106b4000 rw-p 00000000 00:00 0                          [stack:3493]
7f32106b4000-7f32106b5000 ---p 00000000 00:00 0 
7f32106b5000-7f32107c0000 rw-p 00000000 00:00 0                          [stack:3492]
7f32107c0000-7f32107de000 rw-p 00000000 00:00 0 
7f32107de000-7f32107f3000 rw-p 00000000 00:00 0 
7f32107f3000-7f3210926000 rw-p 00000000 00:00 0 
7f3210926000-7f3210931000 rw-p 00000000 00:00 0 
7f3210931000-7f32109cb000 rw-p 00000000 00:00 0 
7f32109cb000-7f32109cc000 rw-p 00000000 00:00 0 
7f32109cc000-7f3210c3c000 rwxp 00000000 00:00 0 
7f3210c3c000-7f32139cc000 rw-p 00000000 00:00 0 
7f32139cc000-7f32139e6000 r-xp 00000000 08:06 1988866                    /usr/lib/jvm/java-7-oracle/jre/lib/amd64/libzip.so
7f32139e6000-7f3213be6000 ---p 0001a000 08:06 1988866                    /usr/lib/jvm/java-7-oracle/jre/lib/amd64/libzip.so
7f3213be6000-7f3213be7000 rw-p 0001a000 08:06 1988866                    /usr/lib/jvm/java-7-oracle/jre/lib/amd64/libzip.so
7f3213be7000-7f3213bf3000 r-xp 00000000 08:06 2101205                    /lib/x86_64-linux-gnu/libnss_files-2.17.so
7f3213bf3000-7f3213df2000 ---p 0000c000 08:06 2101205                    /lib/x86_64-linux-gnu/libnss_files-2.17.so
7f3213df2000-7f3213df3000 r--p 0000b000 08:06 2101205                    /lib/x86_64-linux-gnu/libnss_files-2.17.so
7f3213df3000-7f3213df4000 rw-p 0000c000 08:06 2101205                    /lib/x86_64-linux-gnu/libnss_files-2.17.so
7f3213df4000-7f3213dff000 r-xp 00000000 08:06 2101209                    /lib/x86_64-linux-gnu/libnss_nis-2.17.so
7f3213dff000-7f3213ffe000 ---p 0000b000 08:06 2101209                    /lib/x86_64-linux-gnu/libnss_nis-2.17.so
7f3213ffe000-7f3213fff000 r--p 0000a000 08:06 2101209                    /lib/x86_64-linux-gnu/libnss_nis-2.17.so
7f3213fff000-7f3214000000 rw-p 0000b000 08:06 2101209                    /lib/x86_64-linux-gnu/libnss_nis-2.17.so
7f3214000000-7f32148e0000 rw-p 00000000 00:00 0 
7f32148e0000-7f3218000000 ---p 00000000 00:00 0 
7f3218000000-7f3218001000 rw-p 00000000 00:00 0 
7f3218001000-7f3218003000 rw-s 00000000 08:06 3806541                    /tmp/glIztrnV (deleted)
7f3218003000-7f3218057000 rw-p 00000000 00:00 0 
7f3218057000-7f3218075000 rw-p 00000000 00:00 0 
7f3218075000-7f321808a000 rw-p 00000000 00:00 0 
7f321808a000-7f32181be000 rw-p 00000000 00:00 0 
7f32181be000-7f32181d5000 r-xp 00000000 08:06 2101199                    /lib/x86_64-linux-gnu/libnsl-2.17.so
7f32181d5000-7f32183d4000 ---p 00017000 08:06 2101199                    /lib/x86_64-linux-gnu/libnsl-2.17.so
7f32183d4000-7f32183d5000 r--p 00016000 08:06 2101199                    /lib/x86_64-linux-gnu/libnsl-2.17.so
7f32183d5000-7f32183d6000 rw-p 00017000 08:06 2101199                    /lib/x86_64-linux-gnu/libnsl-2.17.so
7f32183d6000-7f32183d8000 rw-p 00000000 00:00 0 
7f32183d8000-7f32183e0000 r-xp 00000000 08:06 2101201                    /lib/x86_64-linux-gnu/libnss_compat-2.17.so
7f32183e0000-7f32185df000 ---p 00008000 08:06 2101201                    /lib/x86_64-linux-gnu/libnss_compat-2.17.so
7f32185df000-7f32185e0000 r--p 00007000 08:06 2101201                    /lib/x86_64-linux-gnu/libnss_compat-2.17.so
7f32185e0000-7f32185e1000 rw-p 00008000 08:06 2101201                    /lib/x86_64-linux-gnu/libnss_compat-2.17.so
7f32185e1000-7f321860a000 r-xp 00000000 08:06 1988920                    /usr/lib/jvm/java-7-oracle/jre/lib/amd64/libjava.so
7f321860a000-7f321880a000 ---p 00029000 08:06 1988920                    /usr/lib/jvm/java-7-oracle/jre/lib/amd64/libjava.so
7f321880a000-7f321880c000 rw-p 00029000 08:06 1988920                    /usr/lib/jvm/java-7-oracle/jre/lib/amd64/libjava.so
7f321880c000-7f3218819000 r-xp 00000000 08:06 1988852                    /usr/lib/jvm/java-7-oracle/jre/lib/amd64/libverify.so
7f3218819000-7f3218a18000 ---p 0000d000 08:06 1988852                    /usr/lib/jvm/java-7-oracle/jre/lib/amd64/libverify.so
7f3218a18000-7f3218a1a000 rw-p 0000c000 08:06 1988852                    /usr/lib/jvm/java-7-oracle/jre/lib/amd64/libverify.so
7f3218a1a000-7f3218a21000 r-xp 00000000 08:06 2101252                    /lib/x86_64-linux-gnu/librt-2.17.so
7f3218a21000-7f3218c20000 ---p 00007000 08:06 2101252                    /lib/x86_64-linux-gnu/librt-2.17.so
7f3218c20000-7f3218c21000 r--p 00006000 08:06 2101252                    /lib/x86_64-linux-gnu/librt-2.17.so
7f3218c21000-7f3218c22000 rw-p 00007000 08:06 2101252                    /lib/x86_64-linux-gnu/librt-2.17.so
7f3218c22000-7f3218d25000 r-xp 00000000 08:06 2101180                    /lib/x86_64-linux-gnu/libm-2.17.so
7f3218d25000-7f3218f24000 ---p 00103000 08:06 2101180                    /lib/x86_64-linux-gnu/libm-2.17.so
7f3218f24000-7f3218f25000 r--p 00102000 08:06 2101180                    /lib/x86_64-linux-gnu/libm-2.17.so
7f3218f25000-7f3218f26000 rw-p 00103000 08:06 2101180                    /lib/x86_64-linux-gnu/libm-2.17.so
7f3218f26000-7f3219a88000 r-xp 00000000 08:06 1988912                    /usr/lib/jvm/java-7-oracle/jre/lib/amd64/server/libjvm.so
7f3219a88000-7f3219c88000 ---p 00b62000 08:06 1988912                    /usr/lib/jvm/java-7-oracle/jre/lib/amd64/server/libjvm.so
7f3219c88000-7f3219d4b000 rw-p 00b62000 08:06 1988912                    /usr/lib/jvm/java-7-oracle/jre/lib/amd64/server/libjvm.so
7f3219d4b000-7f3219d8c000 rw-p 00000000 00:00 0 
7f3219d8c000-7f3219f49000 r-xp 00000000 08:06 2101129                    /lib/x86_64-linux-gnu/libc-2.17.so
7f3219f49000-7f321a149000 ---p 001bd000 08:06 2101129                    /lib/x86_64-linux-gnu/libc-2.17.so
7f321a149000-7f321a14d000 r--p 001bd000 08:06 2101129                    /lib/x86_64-linux-gnu/libc-2.17.so
7f321a14d000-7f321a14f000 rw-p 001c1000 08:06 2101129                    /lib/x86_64-linux-gnu/libc-2.17.so
7f321a14f000-7f321a154000 rw-p 00000000 00:00 0 
7f321a154000-7f321a157000 r-xp 00000000 08:06 2101144                    /lib/x86_64-linux-gnu/libdl-2.17.so
7f321a157000-7f321a356000 ---p 00003000 08:06 2101144                    /lib/x86_64-linux-gnu/libdl-2.17.so
7f321a356000-7f321a357000 r--p 00002000 08:06 2101144                    /lib/x86_64-linux-gnu/libdl-2.17.so
7f321a357000-7f321a358000 rw-p 00003000 08:06 2101144                    /lib/x86_64-linux-gnu/libdl-2.17.so
7f321a358000-7f321a36e000 r-xp 00000000 08:06 2110336                    /usr/lib/jvm/java-7-oracle/lib/amd64/jli/libjli.so
7f321a36e000-7f321a56e000 ---p 00016000 08:06 2110336                    /usr/lib/jvm/java-7-oracle/lib/amd64/jli/libjli.so
7f321a56e000-7f321a56f000 rw-p 00016000 08:06 2110336                    /usr/lib/jvm/java-7-oracle/lib/amd64/jli/libjli.so
7f321a56f000-7f321a586000 r-xp 00000000 08:06 2101244                    /lib/x86_64-linux-gnu/libpthread-2.17.so
7f321a586000-7f321a786000 ---p 00017000 08:06 2101244                    /lib/x86_64-linux-gnu/libpthread-2.17.so
7f321a786000-7f321a787000 r--p 00017000 08:06 2101244                    /lib/x86_64-linux-gnu/libpthread-2.17.so
7f321a787000-7f321a788000 rw-p 00018000 08:06 2101244                    /lib/x86_64-linux-gnu/libpthread-2.17.so
7f321a788000-7f321a78c000 rw-p 00000000 00:00 0 
7f321a78c000-7f321a7af000 r-xp 00000000 08:06 2101105                    /lib/x86_64-linux-gnu/ld-2.17.so
7f321a7af000-7f321a7b0000 rw-p 00000000 00:00 0 
7f321a7b0000-7f321a7b1000 rw-s 37c2d000 00:05 1917                       /dev/nvidia0
7f321a7b1000-7f321a7b5000 rw-s 385f4000 00:05 1917                       /dev/nvidia0
7f321a7b5000-7f321a7b6000 rw-s dfd61000 00:05 1917                       /dev/nvidia0
7f321a7b6000-7f321a7d5000 rw-p 00000000 00:00 0 
7f321a7d5000-7f321a88b000 rw-p 00000000 00:00 0 
7f321a88b000-7f321a88e000 ---p 00000000 00:00 0 
7f321a88e000-7f321a990000 rw-p 00000000 00:00 0                          [stack:3490]
7f321a990000-7f321a991000 rw-s dfd60000 00:05 1917                       /dev/nvidia0
7f321a991000-7f321a992000 rw-s fa641000 00:05 1917                       /dev/nvidia0
7f321a992000-7f321a993000 rw-s b58c8000 00:05 1917                       /dev/nvidia0
7f321a993000-7f321a994000 rw-s 7f8a3000 00:05 1917                       /dev/nvidia0
7f321a994000-7f321a995000 rw-s fa060000 00:05 1917                       /dev/nvidia0
7f321a995000-7f321a996000 rwxp 00000000 00:00 0 
7f321a996000-7f321a997000 r--s 00031000 08:06 4068185                    /home/elect/Downloads/jogamp-all-platforms/jar/jogl-all-natives-linux-amd64.jar
7f321a997000-7f321a998000 r--s 00000000 08:06 4068143                    /home/elect/Downloads/jogamp-all-platforms/jar/gluegen-rt-natives-linux-amd64.jar
7f321a998000-7f321a999000 r--p 00000000 00:00 0 
7f321a999000-7f321a99d000 r--s 0008a000 08:06 1988734                    /usr/lib/jvm/java-7-oracle/jre/lib/jsse.jar
7f321a99d000-7f321a9a2000 r--s 0003e000 08:06 4068152                    /home/elect/Downloads/jogamp-all-platforms/jar/gluegen-rt.jar
7f321a9a2000-7f321a9aa000 rw-s 00000000 08:06 4068126                    /tmp/hsperfdata_elect/3486
7f321a9aa000-7f321a9ab000 rw-p 00000000 00:00 0 
7f321a9ab000-7f321a9ac000 r--p 00000000 00:00 0 
7f321a9ac000-7f321a9ae000 rw-p 00000000 00:00 0 
7f321a9ae000-7f321a9af000 r--p 00022000 08:06 2101105                    /lib/x86_64-linux-gnu/ld-2.17.so
7f321a9af000-7f321a9b1000 rw-p 00023000 08:06 2101105                    /lib/x86_64-linux-gnu/ld-2.17.so
7fff3f429000-7fff3f44a000 rw-p 00000000 00:00 0                          [stack]
7fff3f5fe000-7fff3f600000 r-xp 00000000 00:00 0                          [vdso]
ffffffffff600000-ffffffffff601000 r-xp 00000000 00:00 0                  [vsyscall]

VM Arguments:
jvm_args: -Dfile.encoding=UTF-8 
java_command: ogldevtutorials.tutorial04.Tutorial04
Launcher Type: SUN_STANDARD

Environment Variables:
PATH=/usr/lib/lightdm/lightdm:/usr/local/sbin:/usr/local/bin:/usr/sbin:/usr/bin:/sbin:/bin:/usr/games:/usr/local/games
LD_LIBRARY_PATH=/usr/lib/jvm/java-7-oracle/jre/lib/amd64:/usr/lib/jvm/java-7-oracle/jre/lib/i386:
SHELL=/bin/bash
DISPLAY=:0

Signal Handlers:
SIGSEGV: [libjvm.so+0x993870], sa_mask[0]=0x7ffbfeff, sa_flags=0x10000004
SIGBUS: [libjvm.so+0x993870], sa_mask[0]=0x7ffbfeff, sa_flags=0x10000004
SIGFPE: [libjvm.so+0x8105b0], sa_mask[0]=0x7ffbfeff, sa_flags=0x10000004
SIGPIPE: [libjvm.so+0x8105b0], sa_mask[0]=0x7ffbfeff, sa_flags=0x10000004
SIGXFSZ: [libjvm.so+0x8105b0], sa_mask[0]=0x7ffbfeff, sa_flags=0x10000004
SIGILL: [libjvm.so+0x8105b0], sa_mask[0]=0x7ffbfeff, sa_flags=0x10000004
SIGUSR1: SIG_DFL, sa_mask[0]=0x00000000, sa_flags=0x00000000
SIGUSR2: [libjvm.so+0x811aa0], sa_mask[0]=0x00000004, sa_flags=0x10000004
SIGHUP: [libjvm.so+0x812a10], sa_mask[0]=0x7ffbfeff, sa_flags=0x10000004
SIGINT: SIG_IGN, sa_mask[0]=0x00000000, sa_flags=0x00000000
SIGTERM: [libjvm.so+0x812a10], sa_mask[0]=0x7ffbfeff, sa_flags=0x10000004
SIGQUIT: [libjvm.so+0x812a10], sa_mask[0]=0x7ffbfeff, sa_flags=0x10000004


---------------  S Y S T E M  ---------------

OS:wheezy/sid

uname:Linux 3.11.0-13-generic #20-Ubuntu SMP Wed Oct 23 07:38:26 UTC 2013 x86_64
libc:glibc 2.17 NPTL 2.17 
rlimit: STACK 8192k, CORE 0k, NPROC 31383, NOFILE 4096, AS infinity
load average:0,23 0,36 0,40

/proc/meminfo:
MemTotal:        4037260 kB
MemFree:          375176 kB
Buffers:           77148 kB
Cached:          1639484 kB
SwapCached:            0 kB
Active:          2096152 kB
Inactive:        1335452 kB
Active(anon):    1715908 kB
Inactive(anon):    17340 kB
Active(file):     380244 kB
Inactive(file):  1318112 kB
Unevictable:          32 kB
Mlocked:              32 kB
SwapTotal:        123900 kB
SwapFree:         123900 kB
Dirty:              2132 kB
Writeback:             0 kB
AnonPages:       1715020 kB
Mapped:           240756 kB
Shmem:             18280 kB
Slab:              89844 kB
SReclaimable:      58816 kB
SUnreclaim:        31028 kB
KernelStack:        4264 kB
PageTables:        30624 kB
NFS_Unstable:          0 kB
Bounce:                0 kB
WritebackTmp:          0 kB
CommitLimit:     2142528 kB
Committed_AS:    5096804 kB
VmallocTotal:   34359738367 kB
VmallocUsed:      321836 kB
VmallocChunk:   34359413116 kB
HardwareCorrupted:     0 kB
AnonHugePages:         0 kB
HugePages_Total:       0
HugePages_Free:        0
HugePages_Rsvd:        0
HugePages_Surp:        0
Hugepagesize:       2048 kB
DirectMap4k:      157120 kB
DirectMap2M:     4028416 kB


CPU:total 4 (4 cores per cpu, 1 threads per core) family 6 model 30 stepping 5, cmov, cx8, fxsr, mmx, sse, sse2, sse3, ssse3, sse4.1, sse4.2, popcnt, tsc, tscinvbit

/proc/cpuinfo:
processor	: 0
vendor_id	: GenuineIntel
cpu family	: 6
model		: 30
model name	: Intel(R) Core(TM) i5 CPU         750  @ 2.67GHz
stepping	: 5
microcode	: 0x3
cpu MHz		: 1200.000
cache size	: 8192 KB
physical id	: 0
siblings	: 4
core id		: 0
cpu cores	: 4
apicid		: 0
initial apicid	: 0
fpu		: yes
fpu_exception	: yes
cpuid level	: 11
wp		: yes
flags		: fpu vme de pse tsc msr pae mce cx8 apic sep mtrr pge mca cmov pat pse36 clflush dts acpi mmx fxsr sse sse2 ss ht tm pbe syscall nx rdtscp lm constant_tsc arch_perfmon pebs bts rep_good nopl xtopology nonstop_tsc aperfmperf pni dtes64 monitor ds_cpl vmx smx est tm2 ssse3 cx16 xtpr pdcm sse4_1 sse4_2 popcnt lahf_lm ida dtherm tpr_shadow vnmi flexpriority ept vpid
bogomips	: 5352.23
clflush size	: 64
cache_alignment	: 64
address sizes	: 36 bits physical, 48 bits virtual
power management:

processor	: 1
vendor_id	: GenuineIntel
cpu family	: 6
model		: 30
model name	: Intel(R) Core(TM) i5 CPU         750  @ 2.67GHz
stepping	: 5
microcode	: 0x3
cpu MHz		: 1200.000
cache size	: 8192 KB
physical id	: 0
siblings	: 4
core id		: 1
cpu cores	: 4
apicid		: 2
initial apicid	: 2
fpu		: yes
fpu_exception	: yes
cpuid level	: 11
wp		: yes
flags		: fpu vme de pse tsc msr pae mce cx8 apic sep mtrr pge mca cmov pat pse36 clflush dts acpi mmx fxsr sse sse2 ss ht tm pbe syscall nx rdtscp lm constant_tsc arch_perfmon pebs bts rep_good nopl xtopology nonstop_tsc aperfmperf pni dtes64 monitor ds_cpl vmx smx est tm2 ssse3 cx16 xtpr pdcm sse4_1 sse4_2 popcnt lahf_lm ida dtherm tpr_shadow vnmi flexpriority ept vpid
bogomips	: 5352.23
clflush size	: 64
cache_alignment	: 64
address sizes	: 36 bits physical, 48 bits virtual
power management:

processor	: 2
vendor_id	: GenuineIntel
cpu family	: 6
model		: 30
model name	: Intel(R) Core(TM) i5 CPU         750  @ 2.67GHz
stepping	: 5
microcode	: 0x3
cpu MHz		: 2668.000
cache size	: 8192 KB
physical id	: 0
siblings	: 4
core id		: 2
cpu cores	: 4
apicid		: 4
initial apicid	: 4
fpu		: yes
fpu_exception	: yes
cpuid level	: 11
wp		: yes
flags		: fpu vme de pse tsc msr pae mce cx8 apic sep mtrr pge mca cmov pat pse36 clflush dts acpi mmx fxsr sse sse2 ss ht tm pbe syscall nx rdtscp lm constant_tsc arch_perfmon pebs bts rep_good nopl xtopology nonstop_tsc aperfmperf pni dtes64 monitor ds_cpl vmx smx est tm2 ssse3 cx16 xtpr pdcm sse4_1 sse4_2 popcnt lahf_lm ida dtherm tpr_shadow vnmi flexpriority ept vpid
bogomips	: 5352.23
clflush size	: 64
cache_alignment	: 64
address sizes	: 36 bits physical, 48 bits virtual
power management:

processor	: 3
vendor_id	: GenuineIntel
cpu family	: 6
model		: 30
model name	: Intel(R) Core(TM) i5 CPU         750  @ 2.67GHz
stepping	: 5
microcode	: 0x3
cpu MHz		: 1200.000
cache size	: 8192 KB
physical id	: 0
siblings	: 4
core id		: 3
cpu cores	: 4
apicid		: 6
initial apicid	: 6
fpu		: yes
fpu_exception	: yes
cpuid level	: 11
wp		: yes
flags		: fpu vme de pse tsc msr pae mce cx8 apic sep mtrr pge mca cmov pat pse36 clflush dts acpi mmx fxsr sse sse2 ss ht tm pbe syscall nx rdtscp lm constant_tsc arch_perfmon pebs bts rep_good nopl xtopology nonstop_tsc aperfmperf pni dtes64 monitor ds_cpl vmx smx est tm2 ssse3 cx16 xtpr pdcm sse4_1 sse4_2 popcnt lahf_lm ida dtherm tpr_shadow vnmi flexpriority ept vpid
bogomips	: 5352.23
clflush size	: 64
cache_alignment	: 64
address sizes	: 36 bits physical, 48 bits virtual
power management:



Memory: 4k page, physical 4037260k(375176k free), swap 123900k(123900k free)

vm_info: Java HotSpot(TM) 64-Bit Server VM (24.51-b03) for linux-amd64 JRE (1.7.0_51-b13), built on Dec 18 2013 18:48:01 by "java_re" with gcc 4.3.0 20080428 (Red Hat 4.3.0-8)

time: Sat Feb  8 11:10:15 2014
elapsed time: 3 seconds

